Found opportunities: 37
Success: opportunity 'Opp-"B/UNION BANCAIRE PRIVEE-2013 Q4-1' successfully updated with 'Q4 2013'
Success: opportunity 'Opp-+330.01 ETH ZH CHEM.-DEPART-2013 Q2-1' successfully updated with 'Q2 2013'
Success: opportunity 'Opp-+340.00 EPFL P DIT-GE-2013 Q3-1' successfully updated with 'Q3 2013'
Success: opportunity 'Opp-A/VS/PROPHYLAXIE DENT-2013 Q3-1' successfully updated with 'Q3 2013'
Success: opportunity 'Opp-ABILITA AG-2013 Q3-1' successfully updated with 'Q3 2013'
Success: opportunity 'Opp-ABRAXAS INFORMATIK AG-2013 Q2-2' successfully updated with 'Q2 2013'
Success: opportunity 'Opp-ADUNO SA-2013 Q2-1' successfully updated with 'Q2 2013'
Success: opportunity 'Opp-ADUNO SA-2013 Q3-1' successfully updated with 'Q3 2013'
Success: opportunity 'Opp-AG HALLENSTADION-2013 Q2-1' successfully updated with 'Q2 2013'
Success: opportunity 'Opp-ALOWAG AG-2013 Q4-1' successfully updated with 'Q4 2013'
Success: opportunity 'Opp-ALPORIT AG-2013 Q3-1' successfully updated with 'Q3 2013'
Success: opportunity 'Opp-ALSTOM (SCHWEIZ) AG-2013 Q3-2' successfully updated with 'Q3 2013'
Success: opportunity 'Opp-ALTENRHEIN AVIATION AG-2013 Q4-1' successfully updated with 'Q4 2013'
Success: opportunity 'Opp-ALTERSZENTRUM LINDENHOF-2013 Q2-1' successfully updated with 'Q2 2013'
Success: opportunity 'Opp-AMS ANALYSES MEDICALES-2013 Q3-1' successfully updated with 'Q3 2013'
Success: opportunity 'Opp-ANDRITZ HYDRO AG-2013 Q2-1' successfully updated with 'Q2 2013'
Success: opportunity 'Opp-APPENZELLER ALPENBITTER AG-2013 Q3-1' successfully updated with 'Q3 2013'
Success: opportunity 'Opp-AUDEMARS PIGUET (MARKETING) SA-2013 Q3-1' successfully updated with 'Q3 2013'
Success: opportunity 'Opp-AUDEMARS PIGUET (MARKETING) SA-2013 Q3-2' successfully updated with 'Q3 2013'
Success: opportunity 'Opp-AVESTRA CHEMICAL (SUISEE) SA-2013 Q2-1' successfully updated with 'Q2 2013'
Success: opportunity 'Opp-B-SOURCE SA-2013 Q2-1' successfully updated with 'Q2 2013'
Success: opportunity 'Opp-B-SOURCE SA-2013 Q3-1' successfully updated with 'Q3 2013'
Success: opportunity 'Opp-B-SOURCE SA-2013 Q3-2' successfully updated with 'Q3 2013'
Success: opportunity 'Opp-B-SOURCE SA-2013 Q3-3' successfully updated with 'Q3 2013'
Success: opportunity 'Opp-B/AXION SWISS BANK SA-2013 Q2-1' successfully updated with 'Q2 2013'
Success: opportunity 'Opp-B/BAER JULIUS & CO. AG-2013 Q4-2' successfully updated with 'Q4 2013'
Success: opportunity 'Opp-B/BANQUE BAUER (SUISSE) SA-2013 Q3-1' successfully updated with 'Q3 2013'
Success: opportunity 'Opp-B/BANQUE BAUER (SUISSE) SA-2013 Q3-2' successfully updated with 'Q3 2013'
Success: opportunity 'Opp-B/BARCLAYS BANK (SUISSE) SA-2013 Q2-1' successfully updated with 'Q2 2013'
Success: opportunity 'Opp-B/BONHOTE ET CIE SA-2013 Q3-1' successfully updated with 'Q3 2013'
Success: opportunity 'Opp-B/BORDIER & CIE BANQUIERS-2013 Q3-1' successfully updated with 'Q3 2013'
Success: opportunity 'Opp-B/COMMERCE PLACEMENT-2013 Q3-1' successfully updated with 'Q3 2013'
Success: opportunity 'Opp-B/CREDIT AGRICOLE (SUISSE)-2013 Q3-1' successfully updated with 'Q3 2013'
Success: opportunity 'Opp-B/DEUTSCHE BANK-2013 Q3-1' successfully updated with 'Q3 2013'
Success: opportunity 'Opp-B/DREYFUS SOEHNE & CIE. AG-2013 Q4-1' successfully updated with 'Q4 2013'
Success: opportunity 'Opp-B/ERI BANCAIRE S.A.-2013 Q2-1' successfully updated with 'Q2 2013'
Success: opportunity 'Opp-B/ERI BANCAIRE S.A.-2013 Q2-2' successfully updated with 'Q2 2013'
Updated Opportunities: 37
