Found opportunities: 817
Success: opportunity 'Opp-B/DZ PRIVATBANK (SCHWEIZ) AG-2013 Q3-1' successfully updated with 'Q3 2013'
Success: opportunity 'Opp-B/BAER JULIUS & CO. AG-2013 Q4-1' successfully updated with 'Q4 2013'
Success: opportunity 'Opp-UBS AG SAP BWA-2013 Q3-1' successfully updated with 'Q3 2013'
Success: opportunity 'Opp-B/ZKB-2013 Q2-2' successfully updated with 'Q2 2013'
Success: opportunity 'Opp-"B/LOMBARD-2013 Q4-2' successfully updated with 'Q4 2013'
Success: opportunity 'Opp-"B/LOMBARD-2013 Q4-1' successfully updated with 'Q4 2013'
Success: opportunity 'Opp-SAG INFORMATIK AG-2013 Q4-1' successfully updated with 'Q4 2013'
Success: opportunity 'Opp-I/STRAUMANN AG-2013 Q4-1' successfully updated with 'Q4 2013'
Success: opportunity 'Opp-TRU/MODE DIFFUSION SYSTEM (MDS-2013 Q4-2' successfully updated with 'Q4 2013'
Success: opportunity 'Opp-TRU/POMAK SA-2013 Q3-1' successfully updated with 'Q3 2013'
Success: opportunity 'Opp-B/ZKB-2013 Q2-4' successfully updated with 'Q2 2013'
Success: opportunity 'Opp-JAEGER-LECOULTRE MANUFACTURE-2013 Q3-1' successfully updated with 'Q3 2013'
Success: opportunity 'Opp-"TRU/TIFFANY & CO.-2013 Q3-1' successfully updated with 'Q3 2013'
Success: opportunity 'Opp-TRU/MODE DIFFUSION SYSTEM (MDS-2013 Q4-3' successfully updated with 'Q4 2013'
Success: opportunity 'Opp-TRU/MODE DIFFUSION SYSTEM (MDS-2013 Q4-1' successfully updated with 'Q4 2013'
Success: opportunity 'Opp-ETH ZUERICH DEPARTEMENT BAU-2013 Q3-1' successfully updated with 'Q3 2013'
Success: opportunity 'Opp-TRU/PIMKIE / MODE DIFFUSION SY-2013 Q4-1' successfully updated with 'Q4 2013'
Success: opportunity 'Opp-TRU/ZARA SUISSE SARL-2013 Q4-1' successfully updated with 'Q4 2013'
Success: opportunity 'Opp-B-SOURCE SA-2013 Q3-4' successfully updated with 'Q3 2013'
Success: opportunity 'Opp-"TRU/LUFTHANSA WORLDSHOP GMBH-2013 Q2-1' successfully updated with 'Q2 2013'
Success: opportunity 'Opp-B/BS/KANTONALBANK-2013 Q3-1' successfully updated with 'Q3 2013'
Success: opportunity 'Opp-TRU/MASSIMO DUTTI SUISSE-2013 Q3-1' successfully updated with 'Q3 2013'
Success: opportunity 'Opp-PLANZER TRANSPORT AG-2013 Q2-1' successfully updated with 'Q2 2013'
Success: opportunity 'Opp-TRU/BELL SA DIRECTION-2013 Q2-1' successfully updated with 'Q2 2013'
Success: opportunity 'Opp-"Lloyds TSB Bank plc-2013 Q2-1' successfully updated with 'Q2 2013'
Success: opportunity 'Opp-"TIFFANY & CO.-2013 Q3-1' successfully updated with 'Q3 2013'
Success: opportunity 'Opp-TRU/JOSEF SIDLER AG-2013 Q2-1' successfully updated with 'Q2 2013'
Success: opportunity 'Opp-FIRST ADVISORY GROUP-2013 Q2-1' successfully updated with 'Q2 2013'
Success: opportunity 'Opp-TRU/OEKO PLANET GMBH-2013 Q3-1' successfully updated with 'Q3 2013'
Success: opportunity 'Opp-BA/SCS COMPUTER SYSTEMS AG-2013 Q2-1' successfully updated with 'Q2 2013'
Success: opportunity 'Opp-MUNDIPHARMA IT SERVICES GMBH-2013 Q3-1' successfully updated with 'Q3 2013'
Success: opportunity 'Opp-PRISME C/O MJLC-2013 Q2-1' successfully updated with 'Q2 2013'
Success: opportunity 'Opp-B/ZKB-2013 Q2-1' successfully updated with 'Q2 2013'
Success: opportunity 'Opp-SCHERLER AG EL.UNTERNE-2013 Q3-1' successfully updated with 'Q3 2013'
Success: opportunity 'Opp-ONAIR SWITZERLAND SARL-2013 Q2-1' successfully updated with 'Q2 2013'
Success: opportunity 'Opp-TRU/ODERI HOME DESIGN GMBH-2013 Q2-1' successfully updated with 'Q2 2013'
Success: opportunity 'Opp-SICPA SA FABR. D'ENCRES-2013 Q3-1' successfully updated with 'Q3 2013'
Success: opportunity 'Opp-LINDT & SPRUENGLI (SCHWEIZ) AG-2013 Q2-1' successfully updated with 'Q2 2013'
Success: opportunity 'Opp-P. HIRSCHI FILTRES SA-2013 Q3-1' successfully updated with 'Q3 2013'
Success: opportunity 'Opp-DFI SERVICE SA-2013 Q3-1' successfully updated with 'Q3 2013'
Success: opportunity 'Opp-B/UBS CARD CENTER AG-2013 Q3-1' successfully updated with 'Q3 2013'
Success: opportunity 'Opp-TRU/LIMMAT DESIGN GMBH-2013 Q3-1' successfully updated with 'Q3 2013'
Success: opportunity 'Opp-GILAI-2013 Q2-1' successfully updated with 'Q2 2013'
Success: opportunity 'Opp-DIGITEC AG-2013 Q2-1' successfully updated with 'Q2 2013'
Success: opportunity 'Opp-HUCO AG LEUCHTENFABRIK-2013 Q3-1' successfully updated with 'Q3 2013'
Success: opportunity 'Opp-KUONI REISEN AG-2013 Q3-1' successfully updated with 'Q3 2013'
Success: opportunity 'Opp-3A COMPOSITES INTERNATIONAL AG-2013 Q2-1' successfully updated with 'Q2 2013'
Success: opportunity 'Opp-B/BAER JULIUS & CO. AG-2013 Q4-3' successfully updated with 'Q4 2013'
Success: opportunity 'Opp-FISCHBACHER CHRISTIAN & CO. AG-2013 Q2-1' successfully updated with 'Q2 2013'
Success: opportunity 'Opp-VNSP/PIT INFORMATIONSSYSTEME-2013 Q3-1' successfully updated with 'Q3 2013'
Success: opportunity 'Opp-STOECKLI SWISS SPORTS AG-2013 Q2-1' successfully updated with 'Q2 2013'
Success: opportunity 'Opp-PRISME C/O MJLC-2013 Q2-1' successfully updated with 'Q2 2013'
Success: opportunity 'Opp-ORGEXPO-2013 Q2-1' successfully updated with 'Q2 2013'
Success: opportunity 'Opp-LABORATOIRE MGD SA-2013 Q3-2' successfully updated with 'Q3 2013'
Success: opportunity 'Opp-WASER + CO AG SCHREIBWAREN-2013 Q4-1' successfully updated with 'Q4 2013'
Success: opportunity 'Opp-KETO AUTOCENTER AG-2013 Q3-1' successfully updated with 'Q3 2013'
Success: opportunity 'Opp-INTERDISCOUNT DIV. DER COOP-2013 Q3-1' successfully updated with 'Q3 2013'
Success: opportunity 'Opp-MUSIK-MEYER AG-2013 Q2-1' successfully updated with 'Q2 2013'
Success: opportunity 'Opp-AUTRONIC AG-2013 Q3-1' successfully updated with 'Q3 2013'
Success: opportunity 'Opp-VNSP/ODYS INFORMATIQUE SA-2013 Q2-1' successfully updated with 'Q2 2013'
Success: opportunity 'Opp-UNISTO AG-2013 Q2-1' successfully updated with 'Q2 2013'
Success: opportunity 'Opp-BAUMATERIAL GIBA AG-2013 Q2-1' successfully updated with 'Q2 2013'
Success: opportunity 'Opp-GERAMA S.A.-2013 Q2-2' successfully updated with 'Q2 2013'
Success: opportunity 'Opp-CHRISTEN + CIE. AG-2013 Q3-1' successfully updated with 'Q3 2013'
Success: opportunity 'Opp-HILTI AG-2013 Q2-1' successfully updated with 'Q2 2013'
Success: opportunity 'Opp-ZUERICHSEE MEDIEN AG-2013 Q3-1' successfully updated with 'Q3 2013'
Success: opportunity 'Opp-SGG WASER AG-2013 Q2-2' successfully updated with 'Q2 2013'
Success: opportunity 'Opp-TI/UNIVERSITA' SVIZZERA ITAL.-2013 Q2-1' successfully updated with 'Q2 2013'
Success: opportunity 'Opp-BROADRIDGE (SUISSE) SA-2013 Q3-2' successfully updated with 'Q3 2013'
Success: opportunity 'Opp-SG/STADTVERWALTUNG-2013 Q2-1' successfully updated with 'Q2 2013'
Success: opportunity 'Opp-SPIRELLA SA-2013 Q2-1' successfully updated with 'Q2 2013'
Success: opportunity 'Opp-ELKAWE TRANSPORTE AG-2013 Q2-1' successfully updated with 'Q2 2013'
Success: opportunity 'Opp-PLANZER TRANSPORT AG-2013 Q3-1' successfully updated with 'Q3 2013'
Success: opportunity 'Opp-MIGROS VERTEILBETRIEBE (MVN)-2013 Q3-1' successfully updated with 'Q3 2013'
Success: opportunity 'Opp-HILCONA AG-2013 Q3-1' successfully updated with 'Q3 2013'
Success: opportunity 'Opp-BANQUE SYZ & CO SA-2013 Q3-1' successfully updated with 'Q3 2013'
Success: opportunity 'Opp-B/ECONIS AG 'SAENTIS BANKEN'-2013 Q3-1' successfully updated with 'Q3 2013'
Success: opportunity 'Opp-HAENSELER AG-2013 Q2-1' successfully updated with 'Q2 2013'
Success: opportunity 'Opp-SWAROVSKI AG-2013 Q2-1' successfully updated with 'Q2 2013'
Success: opportunity 'Opp-B/PICTET & CIE-2013 Q4-1' successfully updated with 'Q4 2013'
Success: opportunity 'Opp-SCHWAB VERKEHRSTECHNIK AG-2013 Q2-1' successfully updated with 'Q2 2013'
Success: opportunity 'Opp-VNSP/ISYS BANKING SOFTWARE SA-2013 Q3-1' successfully updated with 'Q3 2013'
Success: opportunity 'Opp-A.H. MEYER & CIE AG-2013 Q3-1' successfully updated with 'Q3 2013'
Success: opportunity 'Opp-WIBERG AG-2013 Q4-2' successfully updated with 'Q4 2013'
Success: opportunity 'Opp-ELECTROLUX PROFESSIONAL AG-2013 Q3-1' successfully updated with 'Q3 2013'
Success: opportunity 'Opp-BENASSO LAVARELLO S.A.-2013 Q3-1' successfully updated with 'Q3 2013'
Success: opportunity 'Opp-GROUPE MUTUEL ASSURANCES GMA-2013 Q3-2' successfully updated with 'Q3 2013'
Success: opportunity 'Opp-KULL-LAUBE AG-2013 Q2-1' successfully updated with 'Q2 2013'
Success: opportunity 'Opp-LABORATOIRE EDGAR BOILLAT-2013 Q2-2' successfully updated with 'Q2 2013'
Success: opportunity 'Opp-ATLANTIC SPEDITIONS AG-2013 Q2-1' successfully updated with 'Q2 2013'
Success: opportunity 'Opp-SEVINO SA-2013 Q2-1' successfully updated with 'Q2 2013'
Success: opportunity 'Opp-BS/BASLER BILDUNGSGRUPPE-2013 Q3-2' successfully updated with 'Q3 2013'
Success: opportunity 'Opp-B/HSBC PRIVATE BANK (SUISSE)SA-2013 Q4-2' successfully updated with 'Q4 2013'
Success: opportunity 'Opp-BERNHARD ROTHFOS INTERCAFE AG-2013 Q3-1' successfully updated with 'Q3 2013'
Success: opportunity 'Opp-HAPIMAG / HAVAG-2013 Q2-1' successfully updated with 'Q2 2013'
Success: opportunity 'Opp-CONSITEX SA-2013 Q2-1' successfully updated with 'Q2 2013'
Success: opportunity 'Opp-NESTLE INSTITUTE OF HEALTH-2013 Q4-1' successfully updated with 'Q4 2013'
Success: opportunity 'Opp-BE/UNI BERN INFORMATIKDIENSTE-2013 Q2-1' successfully updated with 'Q2 2013'
Success: opportunity 'Opp-NESTLE OPERATIONAL SERVICES-2013 Q2-1' successfully updated with 'Q2 2013'
Success: opportunity 'Opp-FERRUM AG-2013 Q2-1' successfully updated with 'Q2 2013'
Success: opportunity 'Opp-PRESIDA TREUHAND AG-2013 Q3-1' successfully updated with 'Q3 2013'
Success: opportunity 'Opp-BANAG IMMOBILIEN AG-2013 Q2-2' successfully updated with 'Q2 2013'
Success: opportunity 'Opp-CSC SWITZERLAND GMBH-2013 Q3-1' successfully updated with 'Q3 2013'
Success: opportunity 'Opp-VRSG-2013 Q2-1' successfully updated with 'Q2 2013'
Success: opportunity 'Opp-ADEON AG-2013 Q3-1' successfully updated with 'Q3 2013'
Success: opportunity 'Opp-MOBAU PARTNER AG-2013 Q3-2' successfully updated with 'Q3 2013'
Success: opportunity 'Opp-HOLENSTEIN AG-2013 Q2-1' successfully updated with 'Q2 2013'
Success: opportunity 'Opp-SWAROVSKI AG-2013 Q2-2' successfully updated with 'Q2 2013'
Success: opportunity 'Opp-LOMBARDI SA-2013 Q2-1' successfully updated with 'Q2 2013'
Success: opportunity 'Opp-HOLCIM GROUP SUPPORT LTD.-2013 Q3-2' successfully updated with 'Q3 2013'
Success: opportunity 'Opp-FIDUCIARIA MEGA SA-2013 Q2-1' successfully updated with 'Q2 2013'
Success: opportunity 'Opp-RICHEMONT INTERNATIONAL CLIENT-2013 Q2-1' successfully updated with 'Q2 2013'
Success: opportunity 'Opp-RICARDO.CH AG-2013 Q2-1' successfully updated with 'Q2 2013'
Success: opportunity 'Opp-GIVAUDAN SUISSE SA      CLIENT-2013 Q3-1' successfully updated with 'Q3 2013'
Success: opportunity 'Opp-ALTEME LICHT AG-2013 Q4-1' successfully updated with 'Q4 2013'
Success: opportunity 'Opp-HELITING SA-2013 Q2-1' successfully updated with 'Q2 2013'
Success: opportunity 'Opp-OLCONA VERWALTUNGS AG-2013 Q2-1' successfully updated with 'Q2 2013'
Success: opportunity 'Opp-PICCADILLY SA-2013 Q2-1' successfully updated with 'Q2 2013'
Success: opportunity 'Opp-SCHOENENBERGER & GROLIMUND-2013 Q2-1' successfully updated with 'Q2 2013'
Success: opportunity 'Opp-SYMOTECH AG-2013 Q3-1' successfully updated with 'Q3 2013'
Success: opportunity 'Opp-COOP-2013 Q2-1' successfully updated with 'Q2 2013'
Success: opportunity 'Opp-MCDONALD'S SUISSE RESTAURANTS-2013 Q2-1' successfully updated with 'Q2 2013'
Success: opportunity 'Opp-BRAECKER AG-2013 Q4-1' successfully updated with 'Q4 2013'
Success: opportunity 'Opp-GIVAUDAN SUISSE SA  GS-2013 Q3-1' successfully updated with 'Q3 2013'
Success: opportunity 'Opp-FRUEH VERPACKUNGSTECHNIK AG-2013 Q3-1' successfully updated with 'Q3 2013'
Success: opportunity 'Opp-GENEVA PALEXPO-2013 Q2-1' successfully updated with 'Q2 2013'
Success: opportunity 'Opp-K/SWICA GESUNDHEITSORGANISATIO-2013 Q2-1' successfully updated with 'Q2 2013'
Success: opportunity 'Opp-B/CENTRUM BANK AG-2013 Q2-1' successfully updated with 'Q2 2013'
Success: opportunity 'Opp-LEASWARE GMBH-2013 Q3-1' successfully updated with 'Q3 2013'
Success: opportunity 'Opp-B/ECONIS AG 'SAENTIS BANKEN'-2013 Q3-2' successfully updated with 'Q3 2013'
Success: opportunity 'Opp-ALSTOM (SCHWEIZ) AG-2013 Q3-1' successfully updated with 'Q3 2013'
Success: opportunity 'Opp-REKA SCHWEIZER REISEKASSE-2013 Q3-1' successfully updated with 'Q3 2013'
Success: opportunity 'Opp-JUMBO-MARKT AG          CLIENT-2013 Q2-1' successfully updated with 'Q2 2013'
Success: opportunity 'Opp-DORBENA AG-2013 Q3-1' successfully updated with 'Q3 2013'
Success: opportunity 'Opp-ASTOR TIME LTD.-2013 Q2-1' successfully updated with 'Q2 2013'
Success: opportunity 'Opp-AGILITY LOGISTICS AG-2013 Q3-1' successfully updated with 'Q3 2013'
Success: opportunity 'Opp-TRU/ERZ ENTSORGUNG        ICN-2013 Q3-1' successfully updated with 'Q3 2013'
Success: opportunity 'Opp-PRO SENECTUTE-2013 Q2-1' successfully updated with 'Q2 2013'
Success: opportunity 'Opp-AKRIS AG-2013 Q2-1' successfully updated with 'Q2 2013'
Success: opportunity 'Opp-B/BANCA STATO BELLINZONA-2013 Q2-1' successfully updated with 'Q2 2013'
Success: opportunity 'Opp-CASINO' MUNICIPALE DI CAMPIONE-2013 Q3-1' successfully updated with 'Q3 2013'
Success: opportunity 'Opp-TRU/GESTIONE STALVEDRO SA-2013 Q3-1' successfully updated with 'Q3 2013'
Success: opportunity 'Opp-TCS RS/6000 VOYAGES-2013 Q2-1' successfully updated with 'Q2 2013'
Success: opportunity 'Opp-IBM ITD HW/SW C-POOL    551057-2013 Q2-2' successfully updated with 'Q2 2013'
Success: opportunity 'Opp-MANNHART INFORMATIK-2013 Q4-1' successfully updated with 'Q4 2013'
Success: opportunity 'Opp-CHEMO SA-2013 Q3-1' successfully updated with 'Q3 2013'
Success: opportunity 'Opp-LAGERHAEUSER AARAU-2013 Q2-1' successfully updated with 'Q2 2013'
Success: opportunity 'Opp-IBM ITD HW/SW C-POOL    524040-2013 Q3-2' successfully updated with 'Q3 2013'
Success: opportunity 'Opp-AEROPORT DE GENEVE-2013 Q3-1' successfully updated with 'Q3 2013'
Success: opportunity 'Opp-B/PRIVATA DE ROTHSCHILD LG-2013 Q2-1' successfully updated with 'Q2 2013'
Success: opportunity 'Opp-PICTET ET CIE BRAINSERVE-2013 Q3-1' successfully updated with 'Q3 2013'
Success: opportunity 'Opp-IKEA LAGER SERVICES-2013 Q2-1' successfully updated with 'Q2 2013'
Success: opportunity 'Opp-SORECO AG-2013 Q2-2' successfully updated with 'Q2 2013'
Success: opportunity 'Opp-IKEA LAGER & SERVICE AG-2013 Q2-1' successfully updated with 'Q2 2013'
Success: opportunity 'Opp-NOVARTIS CONSUMER HEALTH SA-2013 Q2-1' successfully updated with 'Q2 2013'
Success: opportunity 'Opp-SMITH & NEPHEW ORTHOPAEDICS AG-2013 Q2-1' successfully updated with 'Q2 2013'
Success: opportunity 'Opp-IBM STG FTSS POWER      759000-2013 Q3-1' successfully updated with 'Q3 2013'
Success: opportunity 'Opp-OFRAG-2013 Q2-2' successfully updated with 'Q2 2013'
Success: opportunity 'Opp-MIRELIS INVESTRUST SA-2013 Q2-2' successfully updated with 'Q2 2013'
Success: opportunity 'Opp-NESTLE SUISSE SA-2013 Q3-1' successfully updated with 'Q3 2013'
Success: opportunity 'Opp-GESTIONE STALVEDRO SA-2013 Q3-1' successfully updated with 'Q3 2013'
Success: opportunity 'Opp-CHARLES VOEGELE TRADING AG-2013 Q2-1' successfully updated with 'Q2 2013'
Success: opportunity 'Opp-SPRUENGLI AG CONFISERIE-2013 Q2-1' successfully updated with 'Q2 2013'
Success: opportunity 'Opp-ECOLAB EUROPE GMBH-2013 Q2-1' successfully updated with 'Q2 2013'
Success: opportunity 'Opp-NATIONALE SUISSE-2013 Q3-1' successfully updated with 'Q3 2013'
Success: opportunity 'Opp-VD/VILLE DE LAUSANNE SOI-2013 Q2-1' successfully updated with 'Q2 2013'
Success: opportunity 'Opp-B/MIRABAUD & CIE-2013 Q2-1' successfully updated with 'Q2 2013'
Success: opportunity 'Opp-SONCEBOZ SA-2013 Q3-1' successfully updated with 'Q3 2013'
Success: opportunity 'Opp-+330.01 ETH KOMM+NACHR.TECHNIK-2013 Q2-1' successfully updated with 'Q2 2013'
Success: opportunity 'Opp-WAGO CONTACT SA-2013 Q2-1' successfully updated with 'Q2 2013'
Success: opportunity 'Opp-TINEXT SA (EX TINET)-2013 Q3-1' successfully updated with 'Q3 2013'
Success: opportunity 'Opp-NESTLE NESPRESSO SA-2013 Q3-1' successfully updated with 'Q3 2013'
Success: opportunity 'Opp-B/AXION SWISS BANK SA-2013 Q2-2' successfully updated with 'Q2 2013'
Success: opportunity 'Opp-GROUPE MUTUEL ASSURANCES GMA-2013 Q2-1' successfully updated with 'Q2 2013'
Success: opportunity 'Opp-J. LUETHI & CO. AG-2013 Q2-1' successfully updated with 'Q2 2013'
Success: opportunity 'Opp-B/COMMERCE PLACEMENT-2013 Q2-1' successfully updated with 'Q2 2013'
Success: opportunity 'Opp-SPAR MANAGEMENT AG-2013 Q2-1' successfully updated with 'Q2 2013'
Success: opportunity 'Opp-AVNET AG-2013 Q3-1' successfully updated with 'Q3 2013'
Success: opportunity 'Opp-STMICROELECTRONICS NV-2013 Q2-3' successfully updated with 'Q2 2013'
Success: opportunity 'Opp-WELLAUER H. AG STRASSENBAU-2013 Q2-1' successfully updated with 'Q2 2013'
Success: opportunity 'Opp-PHENIX ASSURANCES-2013 Q3-1' successfully updated with 'Q3 2013'
Success: opportunity 'Opp-SPITAL NETZ BERN AG-2013 Q4-1' successfully updated with 'Q4 2013'
Success: opportunity 'Opp-GE/OFFICE DE L'ASSURANCE-INV.-2013 Q3-1' successfully updated with 'Q3 2013'
Success: opportunity 'Opp-STVAR/SYMOTECH AG-2013 Q2-1' successfully updated with 'Q2 2013'
Success: opportunity 'Opp-AUTOMATION INDUSTRIELLE AISA-2013 Q2-1' successfully updated with 'Q2 2013'
Success: opportunity 'Opp-BAFIMA AG-2013 Q3-1' successfully updated with 'Q3 2013'
Success: opportunity 'Opp-ZH/TRIEMLI STADTSPITAL ROENTGE-2013 Q4-2' successfully updated with 'Q4 2013'
Success: opportunity 'Opp-ZH/WAID STADTSPITAL-2013 Q2-1' successfully updated with 'Q2 2013'
Success: opportunity 'Opp-IBM SOD HW C-POOL       524208-2013 Q3-1' successfully updated with 'Q3 2013'
Success: opportunity 'Opp-WTO - OMC-2013 Q4-1' successfully updated with 'Q4 2013'
Success: opportunity 'Opp-VF INTERNATIONAL SAGL-2013 Q3-1' successfully updated with 'Q3 2013'
Success: opportunity 'Opp-GP/ALSO SCHWEIZ AG         SAP-2013 Q3-1' successfully updated with 'Q3 2013'
Success: opportunity 'Opp-B/BANK CIC (SCHWEIZ) AG-2013 Q2-1' successfully updated with 'Q2 2013'
Success: opportunity 'Opp-STVAR/SYMOTECH AG-2013 Q2-2' successfully updated with 'Q2 2013'
Success: opportunity 'Opp-B/BANK J. SAFRA (SCHWEIZ) AG-2013 Q3-1' successfully updated with 'Q3 2013'
Success: opportunity 'Opp-ZH/SCHUTZ & RETTUNG ZUERICH-2013 Q2-1' successfully updated with 'Q2 2013'
Success: opportunity 'Opp-CELGENE INTERNATIONAL SARL-2013 Q3-1' successfully updated with 'Q3 2013'
Success: opportunity 'Opp-TG/KANT VERWALT. AMT FUER INFO-2013 Q2-1' successfully updated with 'Q2 2013'
Success: opportunity 'Opp-PANALPINA MANAGEMENT AG-2013 Q3-2' successfully updated with 'Q3 2013'
Success: opportunity 'Opp-STOERI AG-2013 Q4-1' successfully updated with 'Q4 2013'
Success: opportunity 'Opp-B/MORGAN J.P. (SUISSE) SA-2013 Q3-1' successfully updated with 'Q3 2013'
Success: opportunity 'Opp-ZH/GEBAEUDEVERSICHERUNG KT. ZH-2013 Q2-1' successfully updated with 'Q2 2013'
Success: opportunity 'Opp-EUGSTER/FRISMAG AG-2013 Q3-1' successfully updated with 'Q3 2013'
Success: opportunity 'Opp-B/BONHOTE ET CIE SA-2013 Q2-1' successfully updated with 'Q2 2013'
Success: opportunity 'Opp-TAMOIL SA-2013 Q2-2' successfully updated with 'Q2 2013'
Success: opportunity 'Opp-SUNGARD (SWITZERLAND) SA-2013 Q4-1' successfully updated with 'Q4 2013'
Success: opportunity 'Opp-ING BELGIUM GENEVE-2013 Q2-1' successfully updated with 'Q2 2013'
Success: opportunity 'Opp-BP2I SWITZERLAND-2013 Q3-1' successfully updated with 'Q3 2013'
Success: opportunity 'Opp-STRYKER SA-2013 Q2-1' successfully updated with 'Q2 2013'
Success: opportunity 'Opp-BE/UNI IFIK-2013 Q3-1' successfully updated with 'Q3 2013'
Success: opportunity 'Opp-GP/TECH DATA (SCHWEIZ) GMBH-2013 Q2-1' successfully updated with 'Q2 2013'
Success: opportunity 'Opp-SWICA KRANKENVERSICHERUNG AG-2013 Q3-1' successfully updated with 'Q3 2013'
Success: opportunity 'Opp-B/JCE HOTTINGER & CO.-2013 Q3-1' successfully updated with 'Q3 2013'
Success: opportunity 'Opp-ZH/STADTPOLIZEI ZUERICH-2013 Q2-1' successfully updated with 'Q2 2013'
Success: opportunity 'Opp-MATHYS AG BETTLACH-2013 Q2-1' successfully updated with 'Q2 2013'
Success: opportunity 'Opp-IBM ITD HW/SW C-POOL    524040-2013 Q3-3' successfully updated with 'Q3 2013'
Success: opportunity 'Opp-UPC CABLECOM GMBH-2013 Q3-1' successfully updated with 'Q3 2013'
Success: opportunity 'Opp-SPRUENGLI AG CONFISERIE-2013 Q2-2' successfully updated with 'Q2 2013'
Success: opportunity 'Opp-TNT SWISS POST AG-2013 Q3-2' successfully updated with 'Q4 2013'
Success: opportunity 'Opp-SUNGARD (SWITZERLAND) SA-2013 Q2-1' successfully updated with 'Q2 2013'
Success: opportunity 'Opp-SAFE HOST SA-2013 Q3-2' successfully updated with 'Q3 2013'
Success: opportunity 'Opp-B/CENTRUM BANK AG-2013 Q2-2' successfully updated with 'Q2 2013'
Success: opportunity 'Opp-ADUNO SA-2013 Q2-2' successfully updated with 'Q2 2013'
Success: opportunity 'Opp-IBM RESEARCH GMBH     SYSTEM X-2013 Q2-1' successfully updated with 'Q2 2013'
Success: opportunity 'Opp-FRACHT AG-2013 Q4-1' successfully updated with 'Q4 2013'
Success: opportunity 'Opp-SCHWEIZERICHE MOBILIAR/CLIENT-2013 Q2-1' successfully updated with 'Q2 2013'
Success: opportunity 'Opp-CERN DIV CN M. SILVERMAN-2013 Q2-1' successfully updated with 'Q2 2013'
Success: opportunity 'Opp-ABB SCHWEIZ AG-2013 Q3-3' successfully updated with 'Q3 2013'
Success: opportunity 'Opp-KBA-NOTASYS SA-2013 Q2-2' successfully updated with 'Q2 2013'
Success: opportunity 'Opp-MDA/TECH DATA (SCHWEIZ) GMBH-2013 Q3-1' successfully updated with 'Q3 2013'
Success: opportunity 'Opp-STMICROELECTRONICS NV-2013 Q2-4' successfully updated with 'Q2 2013'
Success: opportunity 'Opp-WUERTH ITENSIS AG-2013 Q2-1' successfully updated with 'Q2 2013'
Success: opportunity 'Opp-B/COUTTS & CO AG-2013 Q2-1' successfully updated with 'Q2 2013'
Success: opportunity 'Opp-FIRMENICH SA-2013 Q2-1' successfully updated with 'Q2 2013'
Success: opportunity 'Opp-ISV/ERI BANCAIRE SA-2013 Q2-1' successfully updated with 'Q2 2013'
Success: opportunity 'Opp-"B/LLOYDS TSB BANK PLC-2013 Q2-1' successfully updated with 'Q2 2013'
Success: opportunity 'Opp-B/BANK HAPOALIM (CH) LTD-2013 Q2-3' successfully updated with 'Q2 2013'
Success: opportunity 'Opp-FISCHER OTTO AG-2013 Q2-1' successfully updated with 'Q2 2013'
Success: opportunity 'Opp-SUVA-2013 Q2-1' successfully updated with 'Q2 2013'
Success: opportunity 'Opp-TRISA AG-2013 Q3-1' successfully updated with 'Q3 2013'
Success: opportunity 'Opp-NESTLE OPERATIONAL SERVICES-2013 Q3-2' successfully updated with 'Q3 2013'
Success: opportunity 'Opp-SWISSLOG AG-2013 Q3-3' successfully updated with 'Q3 2013'
Success: opportunity 'Opp-ING BELGIUM GENEVE-2013 Q2-2' successfully updated with 'Q2 2013'
Success: opportunity 'Opp-FLUGHAFEN ZUERICH AG-2013 Q2-1' successfully updated with 'Q2 2013'
Success: opportunity 'Opp-CIO-2013 Q2-1' successfully updated with 'Q2 2013'
Success: opportunity 'Opp-SPITAL NETZ BERN AG-2013 Q2-1' successfully updated with 'Q2 2013'
Success: opportunity 'Opp-BE/GELAN INFORMATIK-2013 Q3-1' successfully updated with 'Q3 2013'
Success: opportunity 'Opp-UBS AG-2013 Q3-1' successfully updated with 'Q3 2013'
Success: opportunity 'Opp-VRSG-2013 Q4-1' successfully updated with 'Q4 2013'
Success: opportunity 'Opp-B/ZKB-2013 Q2-3' successfully updated with 'Q2 2013'
Success: opportunity 'Opp-GLOBAZ SA-2013 Q2-1' successfully updated with 'Q2 2013'
Success: opportunity 'Opp-B/DREYFUS SOEHNE & CIE. AG-2013 Q2-1' successfully updated with 'Q2 2013'
Success: opportunity 'Opp-+330.01 CSCS SWISS NATIONAL-2013 Q2-1' successfully updated with 'Q2 2013'
Success: opportunity 'Opp-FIRMENICH SA-2013 Q2-3' successfully updated with 'Q2 2013'
Success: opportunity 'Opp-TCS SIEGE CENTRAL-2013 Q2-1' successfully updated with 'Q2 2013'
Success: opportunity 'Opp-OEM/NAGRAVISION SA-2013 Q3-1' successfully updated with 'Q3 2013'
Success: opportunity 'Opp-FIRMENICH SA-2013 Q2-4' successfully updated with 'Q2 2013'
Success: opportunity 'Opp-B/ZKB-2013 Q2-5' successfully updated with 'Q2 2013'
Success: opportunity 'Opp-CSCS                    PHENIX-2013 Q2-1' successfully updated with 'Q2 2013'
Success: opportunity 'Opp-WTO-2013 Q4-1' successfully updated with 'Q4 2013'
Success: opportunity 'Opp-STMICROELECTRONICS INTERNATION-2013 Q2-1' successfully updated with 'Q2 2013'
Success: opportunity 'Opp-B/BANK J. SAFRA (SCHWEIZ) AG-2013 Q3-2' successfully updated with 'Q3 2013'
Success: opportunity 'Opp-ZH/ORGANISATION UND INFORMATIK-2013 Q2-2' successfully updated with 'Q2 2013'
Success: opportunity 'Opp-OIZ                  /INACTIVE-2013 Q2-1' successfully updated with 'Q2 2013'
Success: opportunity 'Opp-SUVA ROESSLIMATT-2013 Q2-1' successfully updated with 'Q2 2013'
Success: opportunity 'Opp-CIO-2013 Q2-2' successfully updated with 'Q2 2013'
Success: opportunity 'Opp-IMTECH ICT AUSTRIA GMB-2013 Q3-1' successfully updated with 'Q3 2013'
Success: opportunity 'Opp-Avnet Technology-2013 Q3-1' successfully updated with 'Q3 2013'
Success: opportunity 'Opp-DPT. 791 0I-2013 Q3-1' successfully updated with 'Q3 2013'
Success: opportunity 'Opp-IKT Linz-2013 Q3-1' successfully updated with 'Q3 2013'
Success: opportunity 'Opp-KBB --2013 Q2-1' successfully updated with 'Q2 2013'
Success: opportunity 'Opp-Merkur Versicherung AG-2013 Q3-1' successfully updated with 'Q3 2013'
Success: opportunity 'Opp-Skidata AG interne IT-2013 Q3-1' successfully updated with 'Q3 2013'
Success: opportunity 'Opp-KBB --2013 Q2-1' successfully updated with 'Q2 2013'
Success: opportunity 'Opp-DPT. 845 00  BCRS-2013 Q3-1' successfully updated with 'Q3 2013'
Success: opportunity 'Opp-DPT. 781 0G SO-2013 Q2-1' successfully updated with 'Q2 2013'
Success: opportunity 'Opp-Gold Plan AVNET GmbH-2013 Q3-1' successfully updated with 'Q3 2013'
Success: opportunity 'Opp-DPT. 0M 889-2013 Q2-1' successfully updated with 'Q2 2013'
Success: opportunity 'Opp-Wüstenrot Datenservice-2013 Q2-1' successfully updated with 'Q2 2013'
Success: opportunity 'Opp-UNIQA Versicherungen-2013 Q3-1' successfully updated with 'Q3 2013'
Success: opportunity 'Opp-MAN TRUCK & BUS ÖSTERR-2013 Q3-1' successfully updated with 'Q3 2013'
Success: opportunity 'Opp-Eni Marketing Aust TRU-2013 Q4-1' successfully updated with 'Q4 2013'
Success: opportunity 'Opp-Felder Johann-2013 Q2-1' successfully updated with 'Q2 2013'
Success: opportunity 'Opp-Privatklinik d.Kreuzs-2013 Q3-1' successfully updated with 'Q3 2013'
Success: opportunity 'Opp-BARRACUDA NETWORKS AG-2013 Q4-1' successfully updated with 'Q4 2013'
Success: opportunity 'Opp-ZID - TU Wien-2013 Q4-1' successfully updated with 'Q4 2013'
Success: opportunity 'Opp-Merkur Versicherung AG-2013 Q3-2' successfully updated with 'Q3 2013'
Success: opportunity 'Opp-undefined-2013 Q3-1' successfully updated with 'Q3 2013'
Success: opportunity 'Opp-Beeline Retail Gmb TRU-2013 Q3-1' successfully updated with 'Q3 2013'
Success: opportunity 'Opp-MVH - Medien Vertr TRU-2013 Q2-1' successfully updated with 'Q2 2013'
Success: opportunity 'Opp-Merkur Vers.-2013 Q3-1' successfully updated with 'Q3 2013'
Success: opportunity 'Opp-Grazer Wechs.Versicher-2013 Q3-1' successfully updated with 'Q3 2013'
Success: opportunity 'Opp-UNIQA Software-Service-2013 Q3-1' successfully updated with 'Q3 2013'
Success: opportunity 'Opp-Loreal Kiehl       TRU-2013 Q3-1' successfully updated with 'Q3 2013'
Success: opportunity 'Opp-Raiffeisen Inf.Zentrum-2013 Q3-1' successfully updated with 'Q3 2013'
Success: opportunity 'Opp-Porr AG Allgemeine-2013 Q2-1' successfully updated with 'Q2 2013'
Success: opportunity 'Opp-Mango-Punto        TRU-2013 Q4-1' successfully updated with 'Q4 2013'
Success: opportunity 'Opp-Wirtschaftsk. Tirol-2013 Q3-1' successfully updated with 'Q3 2013'
Success: opportunity 'Opp-ENI Austria Gmbh   TRU-2013 Q4-1' successfully updated with 'Q4 2013'
Success: opportunity 'Opp-The Sunglass Compa TRU-2013 Q4-1' successfully updated with 'Q4 2013'
Success: opportunity 'Opp-DPT. 781 0F SO-2013 Q2-1' successfully updated with 'Q2 2013'
Success: opportunity 'Opp-ENI Austria Gmbh-2013 Q3-1' successfully updated with 'Q4 2013'
Success: opportunity 'Opp-BAWAG P.S.K. GRUPPE-2013 Q3-1' successfully updated with 'Q3 2013'
Success: opportunity 'Opp-Stadtwerke-2013 Q3-1' successfully updated with 'Q3 2013'
Success: opportunity 'Opp-Tiroler Landestheater-2013 Q3-1' successfully updated with 'Q3 2013'
Success: opportunity 'Opp-Systema-2013 Q2-1' successfully updated with 'Q2 2013'
Success: opportunity 'Opp-IKEA DISTRIBUTION SERV-2013 Q2-1' successfully updated with 'Q2 2013'
Success: opportunity 'Opp-Bundesrechenzentrum-2013 Q2-1' successfully updated with 'Q2 2013'
Success: opportunity 'Opp-G. Hlebaina Hotel  TRU-2013 Q4-1' successfully updated with 'Q4 2013'
Success: opportunity 'Opp-Land Tirol - DVT-2013 Q3-1' successfully updated with 'Q3 2013'
Success: opportunity 'Opp-United Nations Office-2013 Q3-1' successfully updated with 'Q3 2013'
Success: opportunity 'Opp-IBM Project BOMBARDIER-2013 Q2-1' successfully updated with 'Q2 2013'
Success: opportunity 'Opp-REXEL Austria GmbH-2013 Q3-1' successfully updated with 'Q4 2013'
Success: opportunity 'Opp-ATOS IT-2013 Q2-1' successfully updated with 'Q2 2013'
Success: opportunity 'Opp-LORENZ Shoe Group AG-2013 Q2-1' successfully updated with 'Q2 2013'
Success: opportunity 'Opp-Silvrettaseilbahn  TRU-2013 Q3-1' successfully updated with 'Q3 2013'
Success: opportunity 'Opp-ADEG Kienberger Jo TRU-2013 Q3-1' successfully updated with 'Q3 2013'
Success: opportunity 'Opp-Tauern SPA World B TRU-2013 Q4-1' successfully updated with 'Q4 2013'
Success: opportunity 'Opp-Schwarzmüller GmbH-2013 Q2-1' successfully updated with 'Q2 2013'
Success: opportunity 'Opp-Sparda-Bank Linz-2013 Q2-1' successfully updated with 'Q2 2013'
Success: opportunity 'Opp-ENERGIE AG OBERÖSTERRE-2013 Q3-1' successfully updated with 'Q3 2013'
Success: opportunity 'Opp-Simacek Facility Group-2013 Q4-1' successfully updated with 'Q4 2013'
Success: opportunity 'Opp-Gie~wein Walkwaren-2013 Q3-1' successfully updated with 'Q3 2013'
Success: opportunity 'Opp-Ingram Micro-2013 Q2-1' successfully updated with 'Q2 2013'
Success: opportunity 'Opp-SCANPOINT GMBH-2013 Q3-1' successfully updated with 'Q3 2013'
Success: opportunity 'Opp-Landestheater Tirol-2013 Q3-1' successfully updated with 'Q3 2013'
Success: opportunity 'Opp-Merkur Versicherung AG-2013 Q3-3' successfully updated with 'Q3 2013'
Success: opportunity 'Opp-ADEG Ebner Robert  TRU-2013 Q4-1' successfully updated with 'Q4 2013'
Success: opportunity 'Opp-TORTEC Brandschutztor-2013 Q3-1' successfully updated with 'Q3 2013'
Success: opportunity 'Opp-Landesklinik Wiener-2013 Q2-1' successfully updated with 'Q2 2013'
Success: opportunity 'Opp-Kammer Arb NÖ-2013 Q3-1' successfully updated with 'Q3 2013'
Success: opportunity 'Opp-POLLMANN INTERNATIONAL-2013 Q3-1' successfully updated with 'Q3 2013'
Success: opportunity 'Opp-eks informatik gmbh-2013 Q3-1' successfully updated with 'Q3 2013'
Success: opportunity 'Opp-DPT. 362 00-2013 Q2-1' successfully updated with 'Q2 2013'
Success: opportunity 'Opp-REWE INTERNATIONAL TRU-2013 Q3-1' successfully updated with 'Q3 2013'
Success: opportunity 'Opp-SSI Schäfer Peem-2013 Q2-1' successfully updated with 'Q2 2013'
Success: opportunity 'Opp-Erne & Co Rohrbogenw-2013 Q3-1' successfully updated with 'Q3 2013'
Success: opportunity 'Opp-NÜRNBERGER Versicherun-2013 Q2-1' successfully updated with 'Q2 2013'
Success: opportunity 'Opp-Energie AG OÖ Abt. TR-2013 Q3-1' successfully updated with 'Q3 2013'
Success: opportunity 'Opp-Esprit             TRU-2013 Q3-1' successfully updated with 'Q3 2013'
Success: opportunity 'Opp-VEITSCH RADEX-2013 Q2-1' successfully updated with 'Q2 2013'
Success: opportunity 'Opp-KOCH MEDIA GMBH-2013 Q2-1' successfully updated with 'Q2 2013'
Success: opportunity 'Opp-BVS-Brandverhütungsste-2013 Q2-1' successfully updated with 'Q2 2013'
Success: opportunity 'Opp-OÖ. Ferngas Netz GmbH-2013 Q3-1' successfully updated with 'Q3 2013'
Success: opportunity 'Opp-RAIFFEISEN BANK INT. A-2013 Q3-1' successfully updated with 'Q3 2013'
Success: opportunity 'Opp-Brvz GesmbH-2013 Q3-1' successfully updated with 'Q3 2013'
Success: opportunity 'Opp-BM.LV.EDV-2013 Q2-1' successfully updated with 'Q2 2013'
Success: opportunity 'Opp-SSI Schäfer Peem GmbH-2013 Q2-1' successfully updated with 'Q2 2013'
Success: opportunity 'Opp-HAFINA - HANDELS- UND-2013 Q2-1' successfully updated with 'Q2 2013'
Error: Can't find offer for opportunity 'Opp-BM LANDESVERTEIDIGUNG-2013 Q2-1'
