Success: opportunity 'Opp-TRU/ERZ ENTSORGUNG        ICN-2013 Q3-1' successfully updated with salesRep 'Ruedi Fricker'
Success: opportunity 'Opp-TI/ENTE OSPEDALIERO CANTONALE-2013 Q4-1' successfully updated with salesRep 'Ruedi Fricker'
Success: opportunity 'Opp-KIT SOLUTION AG-2013 Q3-1' successfully updated with salesRep 'Ruedi Fricker'
Success: opportunity 'Opp-B/DREYFUS SOEHNE & CIE. AG-2013 Q4-1' successfully updated with salesRep 'Ruedi Fricker'
Success: opportunity 'Opp-HAPIMAG / HAVAG-2013 Q2-1' successfully updated with salesRep 'Ruedi Fricker'
Success: opportunity 'Opp-HOLCIM GROUP SUPPORT LTD.-2013 Q3-2' successfully updated with salesRep 'Ruedi Fricker'
Success: opportunity 'Opp-RICARDO.CH AG-2013 Q2-1' successfully updated with salesRep 'Ruedi Fricker'
Success: opportunity 'Opp-B/CENTRUM BANK AG-2013 Q2-1' successfully updated with salesRep 'Ruedi Fricker'
Success: opportunity 'Opp-ALSTOM (SCHWEIZ) AG-2013 Q3-1' successfully updated with salesRep 'Ruedi Fricker'
Success: opportunity 'Opp-JUMBO-MARKT AG          CLIENT-2013 Q2-1' successfully updated with salesRep 'Ruedi Fricker'
Success: opportunity 'Opp-B/PRIVATA DE ROTHSCHILD LG-2013 Q2-1' successfully updated with salesRep 'Ruedi Fricker'
Success: opportunity 'Opp-CHARLES VOEGELE TRADING AG-2013 Q2-1' successfully updated with salesRep 'Ruedi Fricker'
Success: opportunity 'Opp-+330.01 ETH KOMM+NACHR.TECHNIK-2013 Q2-1' successfully updated with salesRep 'Ruedi Fricker'
Success: opportunity 'Opp-IBM SOD HW C-POOL       524208-2013 Q3-1' successfully updated with salesRep 'Ruedi Fricker'
Success: opportunity 'Opp-B/BANK CIC (SCHWEIZ) AG-2013 Q2-1' successfully updated with salesRep 'Ruedi Fricker'
Success: opportunity 'Opp-TG/KANT VERWALT. AMT FUER INFO-2013 Q2-1' successfully updated with salesRep 'Ruedi Fricker'
Success: opportunity 'Opp-EUGSTER/FRISMAG AG-2013 Q3-1' successfully updated with salesRep 'Ruedi Fricker'
Success: opportunity 'Opp-ZH/STADTPOLIZEI ZUERICH-2013 Q2-1' successfully updated with salesRep 'Ruedi Fricker'
Success: opportunity 'Opp-IBM ITD HW/SW C-POOL    524040-2013 Q3-3' successfully updated with salesRep 'Ruedi Fricker'
Success: opportunity 'Opp-TNT SWISS POST AG-2013 Q3-2' successfully updated with salesRep 'Ruedi Fricker'
Success: opportunity 'Opp-B/CENTRUM BANK AG-2013 Q2-2' successfully updated with salesRep 'Ruedi Fricker'
Success: opportunity 'Opp-SUVA-2013 Q2-1' successfully updated with salesRep 'Ruedi Fricker'
Success: opportunity 'Opp-UBS AG-2013 Q3-1' successfully updated with salesRep 'Ruedi Fricker'
Success: opportunity 'Opp-VRSG-2013 Q4-1' successfully updated with salesRep 'Ruedi Fricker'
Success: opportunity 'Opp-B/ZKB-2013 Q2-3' successfully updated with salesRep 'Ruedi Fricker'
Success: opportunity 'Opp-B/DREYFUS SOEHNE & CIE. AG-2013 Q2-1' successfully updated with salesRep 'Ruedi Fricker'
Success: opportunity 'Opp-B/ZKB-2013 Q2-5' successfully updated with salesRep 'Ruedi Fricker'
Success: opportunity 'Opp-OIZ                  /INACTIVE-2013 Q2-1' successfully updated with salesRep 'Ruedi Fricker'
Success: opportunity 'Opp-SUVA ROESSLIMATT-2013 Q2-1' successfully updated with salesRep 'Ruedi Fricker'
Success: opportunity 'Opp-BS/UNI BIOZENTRUM-2013 Q4-1' successfully updated with salesRep 'Ruedi Fricker'
Success: opportunity 'Opp-TNT SWISS POST AG-2013 Q3-1' successfully updated with salesRep 'Ruedi Fricker'
Success: opportunity 'Opp-ABRAXAS INFORMATIK AG-2013 Q2-2' successfully updated with salesRep 'Ruedi Fricker'
Success: opportunity 'Opp-ZH/VBZ-2013 Q2-1' successfully updated with salesRep 'Ruedi Fricker'
Success: opportunity 'Opp-VRSG-2013 Q2-1' successfully updated with salesRep 'Ruedi Fricker'
Success: opportunity 'Opp-ZH/ORGANISATION UND INFORMATIK-2013 Q2-2' successfully updated with salesRep 'Ruedi Fricker'
Success: opportunity 'Opp-ZH/TRIEMLI STADTSPITAL ROENTGE-2013 Q4-1' successfully updated with salesRep 'Ruedi Fricker'
Success: opportunity 'Opp-+330.01 DIREKTION INFORMATIKD.-2013 Q2-1' successfully updated with salesRep 'Ruedi Fricker'
Success: opportunity 'Opp-ZH/TRIEMLI STADTSPITAL ROENTGE-2013 Q4-2' successfully updated with salesRep 'Ruedi Fricker'
Success: opportunity 'Opp-ABRAXAS INFORMATIK AG-2013 Q2-1' successfully updated with salesRep 'Ruedi Fricker'
Success: opportunity 'Opp-ZH/ORGANISATION UND INFORMATIK-2013 Q2-1' successfully updated with salesRep 'Ruedi Fricker'
Success: opportunity 'Opp-+330.01 ETH ZH CHEM.-DEPART-2013 Q2-1' successfully updated with salesRep 'Ruedi Fricker'
Success: opportunity 'Opp-IBM SOD HW C-POOL       524208-2013 Q2-1' successfully updated with salesRep 'Ruedi Fricker'
Success: opportunity 'Opp-FIELD ENGINEERING DROPOUT POOL-2013 Q3-1' successfully updated with salesRep 'Ruedi Fricker'
Success: opportunity 'Opp-HELVETIA VERSICHERUNGEN CLIENT-2013 Q3-1' successfully updated with salesRep 'Ruedi Fricker'
Success: opportunity 'Opp-IBM ITD HW/SW C-POOL    551050-2013 Q4-1' successfully updated with salesRep 'Ruedi Fricker'
Success: opportunity 'Opp-IBM ITD HW/SW C-POOL    551057-2013 Q2-1' successfully updated with salesRep 'Ruedi Fricker'
Success: opportunity 'Opp-V-ZUG AG-2013 Q3-1' successfully updated with salesRep 'Ruedi Fricker'
Success: opportunity 'Opp-IBM SOD HW C-POOL SSO   524206-2013 Q3-1' successfully updated with salesRep 'Ruedi Fricker'
Success: opportunity 'Opp-IBM ITD HW/SW C-POOL    524040-2013 Q3-1' successfully updated with salesRep 'Ruedi Fricker'
Success: opportunity 'Opp-IBM ITD HW/SW C-POOL    551050-2013 Q4-1' successfully updated with salesRep 'Ruedi Fricker'
Success: opportunity 'Opp-IBM ITD HW/SW C-POOL    551057-2013 Q2-2' successfully updated with salesRep 'Ruedi Fricker'
Success: opportunity 'Opp-IBM ITD HW/SW C-POOL    524040-2013 Q2-1' successfully updated with salesRep 'Ruedi Fricker'
Success: opportunity 'Opp-IBM SOD HW C-POOL SSO   524202-2013 Q4-1' successfully updated with salesRep 'Ruedi Fricker'
Success: opportunity 'Opp-EUGSTER/FRISMAG AG-2013 Q2-1' successfully updated with salesRep 'Ruedi Fricker'
Success: opportunity 'Opp-HOLCIM GROUP SUPPORT LTD.-2013 Q3-1' successfully updated with salesRep 'Ruedi Fricker'
Success: opportunity 'Opp-K/CONCORDIA-2013 Q4-2' successfully updated with salesRep 'Ruedi Fricker'
Success: opportunity 'Opp-GALENICARE MANAGEMENT AG-2013 Q3-1' successfully updated with salesRep 'Ruedi Fricker'
Success: opportunity 'Opp-K/SWICA GESUNDHEITSORGANISATIO-2013 Q2-1' successfully updated with salesRep 'Ruedi Fricker'
Success: opportunity 'Opp-K/CONCORDIA-2013 Q4-1' successfully updated with salesRep 'Ruedi Fricker'
Success: opportunity 'Opp-SWICA KRANKENVERSICHERUNG AG-2013 Q3-1' successfully updated with salesRep 'Ruedi Fricker'
Success: opportunity 'Opp-B/ECONIS AG 'SAENTIS BANKEN'-2013 Q3-1' successfully updated with salesRep 'Ruedi Fricker'
Success: opportunity 'Opp-TRU/BELL SA DIRECTION-2013 Q2-1' successfully updated with salesRep 'Ruedi Fricker'
Success: opportunity 'Opp-UBS AG SAP BWA-2013 Q3-1' successfully updated with salesRep 'Ruedi Fricker'
Success: opportunity 'Opp-ETH ZUERICH DEPARTEMENT BAU-2013 Q3-1' successfully updated with salesRep 'Ruedi Fricker'
Success: opportunity 'Opp-PLANZER TRANSPORT AG-2013 Q2-1' successfully updated with salesRep 'Ruedi Fricker'
Success: opportunity 'Opp-B/COUTTS & CO AG-2013 Q2-1' successfully updated with salesRep 'Ruedi Fricker'
Success: opportunity 'Opp-B/ECONIS AG 'SAENTIS BANKEN'-2013 Q3-2' successfully updated with salesRep 'Ruedi Fricker'
Success: opportunity 'Opp-B/LGT FINANCIAL SERVICES-2013 Q3-1' successfully updated with salesRep 'Ruedi Fricker'
Success: opportunity 'Opp-B-SOURCE SA-2013 Q2-1' successfully updated with salesRep 'Ruedi Fricker'
Success: opportunity 'Opp-MARKANT FINANZ AG-2013 Q2-1' successfully updated with salesRep 'Ruedi Fricker'
Success: opportunity 'Opp-B/BS/KANTONALBANK-2013 Q3-1' successfully updated with salesRep 'Ruedi Fricker'
Success: opportunity 'Opp-B-SOURCE SA-2013 Q3-4' successfully updated with salesRep 'Ruedi Fricker'
Success: opportunity 'Opp-V/RAIFFEISEN SCHWEIZ-2013 Q4-1' successfully updated with salesRep 'Ruedi Fricker'
Success: opportunity 'Opp-MUNDIPHARMA IT SERVICES GMBH-2013 Q3-1' successfully updated with salesRep 'Ruedi Fricker'
Success: opportunity 'Opp-B/ZKB-2013 Q2-4' successfully updated with salesRep 'Ruedi Fricker'
Success: opportunity 'Opp-B/ZKB-2013 Q2-2' successfully updated with salesRep 'Ruedi Fricker'
Success: opportunity 'Opp-B/ZKB-2013 Q2-1' successfully updated with salesRep 'Ruedi Fricker'
Success: opportunity 'Opp-ALSTOM (SCHWEIZ) AG-2013 Q3-2' successfully updated with salesRep 'Ruedi Fricker'
Success: opportunity 'Opp-B/DZ PRIVATBANK (SCHWEIZ) AG-2013 Q3-1' successfully updated with salesRep 'Ruedi Fricker'
Success: opportunity 'Opp-PLANZER TRANSPORT AG-2013 Q3-1' successfully updated with salesRep 'Ruedi Fricker'
Success: opportunity 'Opp-IBM ITD HW/SW C-POOL    524040-2013 Q3-2' successfully updated with salesRep 'Ruedi Fricker'
DONE
