Success: opportunity 'APOS-Bachowski, Jaroslaw_PL2570276-FY14Q3-1' successfully updated with 'Ewa Bona' Sales Rep
Success: opportunity 'APOS-GLINKA_PL2572421-FY14Q3-1' successfully updated with 'Ewa Bona' Sales Rep
Success: opportunity 'APOS-WACHOWICZ, MALGORZATA_PL2572668-FY14Q3-1' successfully updated with 'Ewa Bona' Sales Rep
Success: opportunity 'APOS-LEWANDOWSKI, EPPP_War/Michal_PL2574299-FY14Q4-1' successfully updated with 'Ewa Bona' Sales Rep
Success: opportunity 'APOS-SOBUL, EPPP_War/ILONA_PL2574505-FY14Q4-1' successfully updated with 'Ewa Bona' Sales Rep
Success: opportunity 'APOS-DZIEGIELEWSKI, EPPP_War/PIOTR_PL2574671-FY14Q4-1' successfully updated with 'Ewa Bona' Sales Rep
Success: opportunity 'APOS-DZIEGIELEWSKI, EPPP_War/PIOTR_PL2574671-FY14Q3-1' successfully updated with 'Ewa Bona' Sales Rep
Success: opportunity 'APOS-BYCZEK, EPPP_WAR/GRZEGORZ_PL2575525-FY14Q4-1' successfully updated with 'Ewa Bona' Sales Rep
Success: opportunity 'APOS-BOBINSKI, EPPP_War/MIKOLAJ_PL2575659-FY14Q4-1' successfully updated with 'Ewa Bona' Sales Rep
Success: opportunity 'APOS-STASIAK, EPPP_War/LUKASZ_PL2575741-FY14Q3-1' successfully updated with 'Ewa Bona' Sales Rep
Success: opportunity 'APOS-ZADROZNY, EPPP_War/JACEK_PL2576011-FY14Q3-1' successfully updated with 'Ewa Bona' Sales Rep
Success: opportunity 'APOS-LISIECKI, EPPP_WAR/MARCIN_PL2576124-FY14Q4-1' successfully updated with 'Ewa Bona' Sales Rep
Success: opportunity 'APOS-ASLAN, EPPP_WAR/DOMINIK_PL2576496-FY14Q3-1' successfully updated with 'Ewa Bona' Sales Rep
Success: opportunity 'APOS-TYS, GRZEGORZ_PL2576505-FY14Q4-1' successfully updated with 'Ewa Bona' Sales Rep
Success: opportunity 'APOS-EPPP_War/Karaszewski, Adam_PL2578204-FY14Q4-1' successfully updated with 'Ewa Bona' Sales Rep
Success: opportunity 'APOS-SMOLKA, EPPP_War/WOJCIECH_PL2578696-FY14Q4-1' successfully updated with 'Ewa Bona' Sales Rep
Success: opportunity 'APOS-WIERZBICKA, EPPP_WAR/BARBARA_PL2578726-FY14Q4-1' successfully updated with 'Ewa Bona' Sales Rep
Success: opportunity 'APOS-PANUFNIK, EPPP_WAR/TOMASZ_PL2581600-FY14Q3-1' successfully updated with 'Ewa Bona' Sales Rep
Success: opportunity 'APOS-Nestle EPP_PL2583027-FY14Q4-1' successfully updated with 'Ewa Bona' Sales Rep
Success: opportunity 'APOS-Nestle EPP_PL2583027-FY14Q3-1' successfully updated with 'Ewa Bona' Sales Rep
Success: opportunity 'APOS-BOMBARDIER EPP_PL2583048-FY14Q4-1' successfully updated with 'Ewa Bona' Sales Rep
Success: opportunity 'APOS-BOMBARDIER EPP_PL2583048-FY14Q3-1' successfully updated with 'Ewa Bona' Sales Rep
Success: opportunity 'APOS-PUH PROF US EPP_PL2583050-FY14Q4-1' successfully updated with 'Ewa Bona' Sales Rep
Success: opportunity 'APOS-Provident Polska EPP_PL2583063-FY14Q4-1' successfully updated with 'Ewa Bona' Sales Rep
Success: opportunity 'APOS-Provident Polska EPP_PL2583063-FY14Q3-1' successfully updated with 'Ewa Bona' Sales Rep
Success: opportunity 'APOS-Volkswagen Bank Polska EPP_PL2583086-FY14Q4-1' successfully updated with 'Ewa Bona' Sales Rep
Success: opportunity 'APOS-Budimex EPP_PL2583407-FY14Q3-1' successfully updated with 'Ewa Bona' Sales Rep
Success: opportunity 'APOS-KRONOSPAN EPP_PL2583408-FY14Q4-1' successfully updated with 'Ewa Bona' Sales Rep
Success: opportunity 'APOS-Barlinek EPP_PL2583413-FY14Q4-1' successfully updated with 'Ewa Bona' Sales Rep
Success: opportunity 'APOS-Federal Mogul EPP_PL2583416-FY14Q4-1' successfully updated with 'Ewa Bona' Sales Rep
Success: opportunity 'APOS-Grupa PZU EPP_PL2583418-FY14Q4-1' successfully updated with 'Ewa Bona' Sales Rep
Success: opportunity 'APOS-Polska Telefonia EPP_PL2583424-FY14Q4-1' successfully updated with 'Ewa Bona' Sales Rep
Success: opportunity 'APOS-Zakłady Mięsne Lmeat-Łuków Epp_PL2583676-FY14Q4-1' successfully updated with 'Ewa Bona' Sales Rep
Success: opportunity 'APOS-KPMG EPP_PL2583728-FY14Q4-1' successfully updated with 'Ewa Bona' Sales Rep
Success: opportunity 'APOS-KPMG EPP_PL2583728-FY14Q3-1' successfully updated with 'Ewa Bona' Sales Rep
Success: opportunity 'APOS-Tetra Pak EPP_PL2583733-FY14Q3-1' successfully updated with 'Ewa Bona' Sales Rep
Success: opportunity 'APOS-Wasilewski, Jerzy_PL2584075-FY14Q3-1' successfully updated with 'Ewa Bona' Sales Rep
Success: opportunity 'APOS-EURO Bank EPP_PL2584150-FY14Q3-1' successfully updated with 'Ewa Bona' Sales Rep
Success: opportunity 'APOS-Bank Gospodarki Zywnosciowej EPP_PL2584171-FY14Q3-1' successfully updated with 'Ewa Bona' Sales Rep
Success: opportunity 'APOS-PKN ORLEN EPP_PL2584173-FY14Q3-1' successfully updated with 'Ewa Bona' Sales Rep
Success: opportunity 'APOS-Jeronimo Martins Dystrybucja EPP_PL2584208-FY14Q4-1' successfully updated with 'Ewa Bona' Sales Rep
Success: opportunity 'APOS-Jeronimo Martins Dystrybucja EPP_PL2584208-FY14Q3-1' successfully updated with 'Ewa Bona' Sales Rep
Success: opportunity 'APOS-Deloitte EPP_PL2584413-FY14Q4-1' successfully updated with 'Ewa Bona' Sales Rep
Success: opportunity 'APOS-TP EPP_PL2584416-FY14Q3-1' successfully updated with 'Ewa Bona' Sales Rep
Success: opportunity 'APOS-Sodexo EPP_PL2584573-FY14Q3-1' successfully updated with 'Ewa Bona' Sales Rep
Success: opportunity 'APOS-Rockwell EPP_PL2584592-FY14Q3-1' successfully updated with 'Ewa Bona' Sales Rep
Success: opportunity 'APOS-BIALYNICKI-BIRULA, IWO_PL2584761-FY14Q4-1' successfully updated with 'Ewa Bona' Sales Rep
Success: opportunity 'APOS-exEPP/ACCCORD FINANCE S.A._PL2584884-FY14Q3-1' successfully updated with 'Ewa Bona' Sales Rep
Success: opportunity 'APOS-PIWOWARCZYK, EPPP_WAR/MAGDALENA_PL2585233-FY14Q4-1' successfully updated with 'Ewa Bona' Sales Rep
Success: opportunity 'APOS-BLASZKIEWICZ, EPPP_War/MAGDALENA_PL2585359-FY14Q4-1' successfully updated with 'Ewa Bona' Sales Rep
Success: opportunity 'APOS-Philip Morris Polska EPP_PL2585463-FY14Q3-1' successfully updated with 'Ewa Bona' Sales Rep
Success: opportunity 'APOS-Chelchowski, Janusz_PL2585510-FY14Q3-1' successfully updated with 'Ewa Bona' Sales Rep
Success: opportunity 'APOS-VOLVO EPP_PL2585548-FY14Q4-1' successfully updated with 'Ewa Bona' Sales Rep
Success: opportunity 'APOS-KRAJOWY DEPOZYT PAPIEROW WART EPP_PL2585552-FY14Q3-1' successfully updated with 'Ewa Bona' Sales Rep
Success: opportunity 'APOS-Agata Bala Gromada_PL2585644-FY14Q3-1' successfully updated with 'Ewa Bona' Sales Rep
Success: opportunity 'APOS-Compagnie de Saint-Gobain G Rep EPP_PL2585735-FY14Q3-1' successfully updated with 'Ewa Bona' Sales Rep
Success: opportunity 'APOS-Skanska EPP_PL2585743-FY14Q3-1' successfully updated with 'Ewa Bona' Sales Rep
Success: opportunity 'APOS-Accenture EPP_PL2585882-FY14Q4-1' successfully updated with 'Ewa Bona' Sales Rep
Success: opportunity 'APOS-Honeywell EPP_PL2585905-FY14Q3-1' successfully updated with 'Ewa Bona' Sales Rep
Success: opportunity 'APOS-AXA POLSKA EPP_PL2585952-FY14Q3-1' successfully updated with 'Ewa Bona' Sales Rep
Success: opportunity 'APOS-Noble Bank EPP_PL2586064-FY14Q4-1' successfully updated with 'Ewa Bona' Sales Rep
Success: opportunity 'APOS-Tebodin SAP - Projekt EPP_PL2586411-FY14Q4-1' successfully updated with 'Ewa Bona' Sales Rep
Success: opportunity 'APOS-EPP_War/Stasik, Waldemar_PL2586601-FY14Q3-1' successfully updated with 'Ewa Bona' Sales Rep
Success: opportunity 'APOS-Jonata, Bertrand_PL2586609-FY14Q4-1' successfully updated with 'Ewa Bona' Sales Rep
Success: opportunity 'APOS-SC Johnson sp z o.o. EPP_PL2586764-FY14Q3-1' successfully updated with 'Ewa Bona' Sales Rep
Success: opportunity 'APOS-„ESA” Jacek Gutowski_PL2586915-FY14Q3-1' successfully updated with 'Ewa Bona' Sales Rep
Success: opportunity 'APOS-Philips Polska Sp. z o.o. EPP_PL2586946-FY14Q4-1' successfully updated with 'Ewa Bona' Sales Rep
Success: opportunity 'APOS-CitiBank (Poland) S.A._PL2586998-FY14Q4-1' successfully updated with 'Ewa Bona' Sales Rep
Success: opportunity 'APOS-Philip Morris EPP_PL2587211-FY14Q3-1' successfully updated with 'Ewa Bona' Sales Rep
Success: opportunity 'APOS-EPPP_War/KRZYSZTOF, WILK_PL2587386-FY14Q4-1' successfully updated with 'Ewa Bona' Sales Rep
Success: opportunity 'APOS-ZIOLKOWSKI, EPPP_WAR/MICHAL_PL2587442-FY14Q4-1' successfully updated with 'Ewa Bona' Sales Rep
Success: opportunity 'APOS-Kowalski, Mariusz_PL2587879-FY14Q4-1' successfully updated with 'Ewa Bona' Sales Rep
Success: opportunity 'APOS-BZDAK, JACEK_PL2588117-FY14Q4-1' successfully updated with 'Ewa Bona' Sales Rep
Success: opportunity 'APOS-Dudzinski, EPPP_War/Dariusz_PL2588136-FY14Q4-1' successfully updated with 'Ewa Bona' Sales Rep
Success: opportunity 'APOS-Pachnicki, Adam_PL2588198-FY14Q4-1' successfully updated with 'Ewa Bona' Sales Rep
Success: opportunity 'APOS-CitiBank (Poland) S.A.EPP_PL2588414-FY14Q3-1' successfully updated with 'Ewa Bona' Sales Rep
Success: opportunity 'APOS-EPPP_War/MACISZEWSKI, RADOSLAW_PL2588688-FY14Q4-1' successfully updated with 'Ewa Bona' Sales Rep
Success: opportunity 'APOS-PTE Allianz Polska S.A EPP_PL2588722-FY14Q4-1' successfully updated with 'Ewa Bona' Sales Rep
Success: opportunity 'APOS-PTE Allianz Polska S.A EPP_PL2588722-FY14Q3-1' successfully updated with 'Ewa Bona' Sales Rep
Success: opportunity 'APOS-ZABICKI, PIOTR_PL2588770-FY14Q4-1' successfully updated with 'Ewa Bona' Sales Rep
Success: opportunity 'APOS-NORDEA Bank Polska S.A EPP_PL2588882-FY14Q4-1' successfully updated with 'Ewa Bona' Sales Rep
Success: opportunity 'APOS-Kierzkowska, Sylwia_PL2589081-FY14Q4-1' successfully updated with 'Ewa Bona' Sales Rep
Success: opportunity 'APOS-Glowacka, Anita_PL2589276-FY14Q4-1' successfully updated with 'Ewa Bona' Sales Rep
Success: opportunity 'APOS-EMIL, ADAMCZYK_PL2589297-FY14Q4-1' successfully updated with 'Ewa Bona' Sales Rep
Success: opportunity 'APOS-EMIL, ADAMCZYK_PL2589297-FY14Q3-1' successfully updated with 'Ewa Bona' Sales Rep
Success: opportunity 'APOS-EPPP_War/KUNYSZ, KRZYSZTOF_PL2589356-FY14Q4-1' successfully updated with 'Ewa Bona' Sales Rep
Success: opportunity 'APOS-LONGER, Daniel Wardecki_PL2589369-FY14Q4-1' successfully updated with 'Ewa Bona' Sales Rep
Success: opportunity 'APOS-Kostka, Joanna_PL2589383-FY14Q4-1' successfully updated with 'Ewa Bona' Sales Rep
Success: opportunity 'APOS-Kuzycz-Berezowski, Pawel_PL2589393-FY14Q4-1' successfully updated with 'Ewa Bona' Sales Rep
Success: opportunity 'APOS-Arcelor Mittal EPP_PL2589510-FY14Q4-1' successfully updated with 'Ewa Bona' Sales Rep
Success: opportunity 'APOS-SIG GROUP WKT Polska EPP_PL2589799-FY14Q3-1' successfully updated with 'Ewa Bona' Sales Rep
Success: opportunity 'APOS-Koch, Teresa_PL2589869-FY14Q4-1' successfully updated with 'Ewa Bona' Sales Rep
Success: opportunity 'APOS-Swiat, Agnieszka_PL2590112-FY14Q3-1' successfully updated with 'Ewa Bona' Sales Rep
Success: opportunity 'APOS-GE (General Electric) EPP_PL2590903-FY14Q3-1' successfully updated with 'Ewa Bona' Sales Rep
Success: opportunity 'APOS-KUCZMARSKA, EPP_WAR/IZABELA_PL2591382-FY14Q4-1' successfully updated with 'Ewa Bona' Sales Rep
Success: opportunity 'APOS-Greda, Tomasz_PL2591603-FY14Q4-1' successfully updated with 'Ewa Bona' Sales Rep
Success: opportunity 'APOS-ZOZ MSWiA w Poznaniu_PL2592433-FY14Q4-1' successfully updated with 'Ewa Bona' Sales Rep
Success: opportunity 'APOS-LASZCZYK, EPPP_WAR/MICHAL_PL2592538-FY14Q4-1' successfully updated with 'Ewa Bona' Sales Rep
Success: opportunity 'APOS-TMS Brokers EPP_PL2592585-FY14Q4-1' successfully updated with 'Ewa Bona' Sales Rep
Success: opportunity 'APOS-TMS Brokers EPP_PL2592585-FY14Q3-1' successfully updated with 'Ewa Bona' Sales Rep
Success: opportunity 'APOS-Bystrzycki, Orestes_PL2594944-FY14Q3-1' successfully updated with 'Ewa Bona' Sales Rep
Success: opportunity 'APOS-Kawczynska, Grazyna_PL2595223-FY14Q3-1' successfully updated with 'Ewa Bona' Sales Rep
Success: opportunity 'APOS-Myslinski, Michal_PL2595466-FY14Q3-1' successfully updated with 'Ewa Bona' Sales Rep
Success: opportunity 'APOS-BIS IZOMAR SP. Z O.O._PL2595501-FY14Q3-1' successfully updated with 'Ewa Bona' Sales Rep
Success: opportunity 'APOS-Kamis Przyprawy EPP_PL2595906-FY14Q3-1' successfully updated with 'Ewa Bona' Sales Rep
Success: opportunity 'APOS-Gamrat, Adam_PL2596362-FY14Q3-1' successfully updated with 'Ewa Bona' Sales Rep
Success: opportunity 'APOS-Tatomir, Janusz_PL2596377-FY14Q3-1' successfully updated with 'Ewa Bona' Sales Rep
Success: opportunity 'APOS-Matuszek, Halina_PL2596482-FY14Q3-1' successfully updated with 'Ewa Bona' Sales Rep
Success: opportunity 'APOS-Steinbrich-Zollner, Marta_PL2596511-FY14Q3-1' successfully updated with 'Ewa Bona' Sales Rep
Success: opportunity 'APOS-Bzdak, Jacek_PL2596528-FY14Q4-1' successfully updated with 'Ewa Bona' Sales Rep
Success: opportunity 'APOS-Pietrzyk, Katarzyna_PL2596543-FY14Q3-1' successfully updated with 'Ewa Bona' Sales Rep
Success: opportunity 'APOS-Rostkowski, Jacek_PL2596665-FY14Q3-1' successfully updated with 'Ewa Bona' Sales Rep
Success: opportunity 'APOS-Romanowska, Marta_PL2596709-FY14Q3-1' successfully updated with 'Ewa Bona' Sales Rep
Success: opportunity 'APOS-Ryk, Lukasz_PL2596748-FY14Q3-1' successfully updated with 'Ewa Bona' Sales Rep
Success: opportunity 'APOS-Lukaszuk, Magdalena_PL2596775-FY14Q3-1' successfully updated with 'Ewa Bona' Sales Rep
Success: opportunity 'APOS-Madeksza, Maciej_PL2596816-FY14Q3-1' successfully updated with 'Ewa Bona' Sales Rep
Success: opportunity 'APOS-Zalasa, Marek_PL2596854-FY14Q4-1' successfully updated with 'Ewa Bona' Sales Rep
Success: opportunity 'APOS-Bulawa, EPPP_WAR/Joanna_PL2597560-FY14Q4-1' successfully updated with 'Ewa Bona' Sales Rep
Success: opportunity 'APOS-MIELICKI, EPPP_WAR/STANISLAW_PL2597595-FY14Q4-1' successfully updated with 'Ewa Bona' Sales Rep
Success: opportunity 'APOS-Kozera-Oratowska, Patrycja_PL2597938-FY14Q4-1' successfully updated with 'Ewa Bona' Sales Rep
Success: opportunity 'APOS-Murawski, Mariusz_PL2597995-FY14Q4-1' successfully updated with 'Ewa Bona' Sales Rep
Success: opportunity 'APOS-Andrachiewicz, Pawel_PL2598131-FY14Q4-1' successfully updated with 'Ewa Bona' Sales Rep
Success: opportunity 'APOS-Warylewski, Jaroslaw_PL2598136-FY14Q4-1' successfully updated with 'Ewa Bona' Sales Rep
Success: opportunity 'APOS-PZU Agenci SA EPP_PL2598159-FY14Q4-1' successfully updated with 'Ewa Bona' Sales Rep
Success: opportunity 'APOS-PZU Agenci SA EPP_PL2598159-FY14Q3-1' successfully updated with 'Ewa Bona' Sales Rep
Success: opportunity 'APOS-HEBA, KATARZYNA_PL2598197-FY14Q4-1' successfully updated with 'Ewa Bona' Sales Rep
Success: opportunity 'APOS-Zagala, Barbara_PL2598241-FY14Q4-1' successfully updated with 'Ewa Bona' Sales Rep
Success: opportunity 'APOS-Maczynski, Piotr_PL2598390-FY14Q4-1' successfully updated with 'Ewa Bona' Sales Rep
Success: opportunity 'APOS-Banaszek, Marek_PL2598420-FY14Q4-1' successfully updated with 'Ewa Bona' Sales Rep
Success: opportunity 'APOS-Buczek, Stanislaw_PL2598424-FY14Q4-1' successfully updated with 'Ewa Bona' Sales Rep
Success: opportunity 'APOS-Piszczek, Tomasz_PL2598479-FY14Q4-1' successfully updated with 'Ewa Bona' Sales Rep
Success: opportunity 'APOS-Lesiak, Krzysztof_PL2598482-FY14Q4-1' successfully updated with 'Ewa Bona' Sales Rep
Success: opportunity 'APOS-Bednarski, Roman_PL2598541-FY14Q4-1' successfully updated with 'Ewa Bona' Sales Rep
Success: opportunity 'APOS-Baran, Marek_PL2598548-FY14Q4-1' successfully updated with 'Ewa Bona' Sales Rep
Success: opportunity 'APOS-Stachurski, Grzegorz_PL2598550-FY14Q4-1' successfully updated with 'Ewa Bona' Sales Rep
Success: opportunity 'APOS-Cywinski, Jedrzej_PL2598557-FY14Q4-1' successfully updated with 'Ewa Bona' Sales Rep
Success: opportunity 'APOS-Hofman, Marek_PL2598576-FY14Q4-1' successfully updated with 'Ewa Bona' Sales Rep
Success: opportunity 'APOS-Kubik, Robert_PL2598659-FY14Q4-1' successfully updated with 'Ewa Bona' Sales Rep
Success: opportunity 'APOS-Szczygielek, Magdalena_PL2598664-FY14Q4-1' successfully updated with 'Ewa Bona' Sales Rep
Success: opportunity 'APOS-Druzynska, Joanna_PL2598686-FY14Q4-1' successfully updated with 'Ewa Bona' Sales Rep
Success: opportunity 'APOS-Zelek, Jaroslaw_PL2598748-FY14Q4-1' successfully updated with 'Ewa Bona' Sales Rep
Success: opportunity 'APOS-Goszyc, Anna_PL2598767-FY14Q4-1' successfully updated with 'Ewa Bona' Sales Rep
Success: opportunity 'APOS-Kaczmarczyk, Agnieszka_PL2598769-FY14Q4-1' successfully updated with 'Ewa Bona' Sales Rep
Success: opportunity 'APOS-Dziewiecki, Michal_PL2598779-FY14Q4-1' successfully updated with 'Ewa Bona' Sales Rep
Success: opportunity 'APOS-Krzaczkowski, Jacek_PL2598842-FY14Q4-1' successfully updated with 'Ewa Bona' Sales Rep
Success: opportunity 'APOS-Leoniak, Ryszard_PL2598954-FY14Q4-1' successfully updated with 'Ewa Bona' Sales Rep
Success: opportunity 'APOS-Wisniewska, Anna_PL2599119-FY14Q4-1' successfully updated with 'Ewa Bona' Sales Rep
Success: opportunity 'APOS-Wojciechowski, Krzysztof_PL2599130-FY14Q4-1' successfully updated with 'Ewa Bona' Sales Rep
Success: opportunity 'APOS-Duda, Marcin_PL2599141-FY14Q4-1' successfully updated with 'Ewa Bona' Sales Rep
Success: opportunity 'APOS-Bialczyk, Robert_PL2599148-FY14Q4-1' successfully updated with 'Ewa Bona' Sales Rep
Success: opportunity 'APOS-Deutsche Bank EPP_PL2599460-FY14Q3-1' successfully updated with 'Ewa Bona' Sales Rep
Success: opportunity 'APOS-Juhas, Pawel_PL2599763-FY14Q4-1' successfully updated with 'Ewa Bona' Sales Rep
Success: opportunity 'APOS-Cholda, Piotr_PL2602570-FY14Q4-1' successfully updated with 'Ewa Bona' Sales Rep
Success: opportunity 'APOS-Brzostek, Jerzy_PL2603810-FY14Q4-1' successfully updated with 'Ewa Bona' Sales Rep
Success: opportunity 'APOS-EPPP_WAR/Safandowski, PIOTR_PL2604358-FY14Q3-1' successfully updated with 'Ewa Bona' Sales Rep
Success: opportunity 'APOS-Van Thielen, Remi_PL2606925-FY14Q3-1' successfully updated with 'Ewa Bona' Sales Rep
Success: opportunity 'APOS-Lukasiewicz, Tomasz_PL2607337-FY14Q3-1' successfully updated with 'Ewa Bona' Sales Rep
Success: opportunity 'APOS-Zemla, Przemyslaw_PL2607789-FY14Q3-1' successfully updated with 'Ewa Bona' Sales Rep
Success: opportunity 'APOS-Wnuk, Alicja_PL2607865-FY14Q3-1' successfully updated with 'Ewa Bona' Sales Rep
Success: opportunity 'APOS-Szemelak, Iwona_PL2609320-FY14Q3-1' successfully updated with 'Ewa Bona' Sales Rep
Success: opportunity 'APOS-Kaszubski, Marcin_PL2609725-FY14Q3-1' successfully updated with 'Ewa Bona' Sales Rep
Success: opportunity 'APOS-Redzinski, Jacek_PL2611152-FY14Q4-1' successfully updated with 'Ewa Bona' Sales Rep
Success: opportunity 'APOS-Rosinski, Szymon_PL2611353-FY14Q4-1' successfully updated with 'Ewa Bona' Sales Rep
Success: opportunity 'APOS-Obodzinski, Krzysztof_PL2611818-FY14Q4-1' successfully updated with 'Ewa Bona' Sales Rep
Success: opportunity 'APOS-EPPP_WAR/WACHOWICZ, Przemyslaw_PL2612314-FY14Q4-1' successfully updated with 'Ewa Bona' Sales Rep
Success: opportunity 'APOS-Lukiewski, Wojciech_PL2612322-FY14Q4-1' successfully updated with 'Ewa Bona' Sales Rep
Success: opportunity 'APOS-Król, Mateusz_PL2613049-FY14Q4-1' successfully updated with 'Ewa Bona' Sales Rep
Success: opportunity 'APOS-Sp. ZOO, Zext_PL2613069-FY14Q4-1' successfully updated with 'Ewa Bona' Sales Rep
Success: opportunity 'APOS-Backtrog, Bozena_PL2613557-FY14Q3-1' successfully updated with 'Ewa Bona' Sales Rep
Success: opportunity 'APOS-Storm International Ltd Sp. z o.o._PL2634418-FY14Q4-1' successfully updated with 'Ewa Bona' Sales Rep
Success: opportunity 'APOS-Dzikowski, Robert_PL2643217-FY14Q4-1' successfully updated with 'Ewa Bona' Sales Rep
Success: opportunity 'APOS-Dzikowski, Robert_PL2643217-FY14Q3-1' successfully updated with 'Ewa Bona' Sales Rep
Success: opportunity 'APOS-Eldarcode Wojciech Kulis_PL2648597-FY14Q3-1' successfully updated with 'Ewa Bona' Sales Rep
Success: opportunity 'APOS-Borucki, Wojtek_PL2656177-FY14Q3-1' successfully updated with 'Ewa Bona' Sales Rep
Success: opportunity 'APOS-Jamski, Szymon_PL2657757-FY14Q3-1' successfully updated with 'Ewa Bona' Sales Rep
Success: opportunity 'APOS-JACEK GZOWSKI, AGENCJA DART_PL2658099-FY14Q3-1' successfully updated with 'Ewa Bona' Sales Rep
Success: opportunity 'APOS-Nowosad, Lukasz_PL2658117-FY14Q3-1' successfully updated with 'Ewa Bona' Sales Rep
Success: opportunity 'APOS-Frackowiak, Elzbieta_PL2658397-FY14Q3-1' successfully updated with 'Ewa Bona' Sales Rep
Success: opportunity 'APOS-Arcipowska, Anna_PL2658637-FY14Q3-1' successfully updated with 'Ewa Bona' Sales Rep
Success: opportunity 'APOS-Porowski, Marek_PL2659917-FY14Q3-1' successfully updated with 'Ewa Bona' Sales Rep
Success: opportunity 'APOS-GRZES, BARTLOMIEJ_PL2659957-FY14Q3-1' successfully updated with 'Ewa Bona' Sales Rep
Success: opportunity 'APOS-BAKLAZEC, JAROSLAW_PL2661057-FY14Q3-1' successfully updated with 'Ewa Bona' Sales Rep
Success: opportunity 'APOS-Iwan, Andrzej_PL2661077-FY14Q3-1' successfully updated with 'Ewa Bona' Sales Rep
Success: opportunity 'APOS-Litwin, Agnieszka_PL2662497-FY14Q3-1' successfully updated with 'Ewa Bona' Sales Rep
Success: opportunity 'APOS-Kurpanik, Michal_PL2662517-FY14Q3-1' successfully updated with 'Ewa Bona' Sales Rep
Success: opportunity 'APOS-Bialy, Barbara_PL2662537-FY14Q3-1' successfully updated with 'Ewa Bona' Sales Rep
Success: opportunity 'APOS-Prus, Grzegorz_PL2662697-FY14Q3-1' successfully updated with 'Ewa Bona' Sales Rep
Success: opportunity 'APOS-Modes, Jacek_PL2662997-FY14Q3-1' successfully updated with 'Ewa Bona' Sales Rep
Success: opportunity 'APOS-Karas, Piotr_PL2663597-FY14Q3-1' successfully updated with 'Ewa Bona' Sales Rep
Success: opportunity 'APOS-Sergiel, Pawel_PL2663637-FY14Q3-1' successfully updated with 'Ewa Bona' Sales Rep
Success: opportunity 'APOS-Wichtowski, Mariusz_PL2664197-FY14Q3-1' successfully updated with 'Ewa Bona' Sales Rep
Success: opportunity 'APOS-Rys, Janusz_PL2664397-FY14Q3-1' successfully updated with 'Ewa Bona' Sales Rep
Success: opportunity 'APOS-Myszczyszyn, Anna_PL2664757-FY14Q3-1' successfully updated with 'Ewa Bona' Sales Rep
Success: opportunity 'APOS-Gasiorek, Marek_PL2664797-FY14Q3-1' successfully updated with 'Ewa Bona' Sales Rep
Success: opportunity 'APOS-Plouffe, Alexandre_PL2664817-FY14Q3-1' successfully updated with 'Ewa Bona' Sales Rep
Success: opportunity 'APOS-FIRMA BALTIC GLASS MONIKA ANTOSZEWS_PL2665157-FY14Q3-1' successfully updated with 'Ewa Bona' Sales Rep
Success: opportunity 'APOS-Wisniewski, Miroslaw_PL2665277-FY14Q3-1' successfully updated with 'Ewa Bona' Sales Rep
Success: opportunity 'APOS-Wnuk, Malgorzata_PL2665577-FY14Q3-1' successfully updated with 'Ewa Bona' Sales Rep
Success: opportunity 'APOS-Poniewaz, Szymon_PL2665597-FY14Q3-1' successfully updated with 'Ewa Bona' Sales Rep
Success: opportunity 'APOS-Wlodarczyk, Bartlomiej_PL2666277-FY14Q3-1' successfully updated with 'Ewa Bona' Sales Rep
Success: opportunity 'APOS-Kozinski, Marek_PL2666297-FY14Q3-1' successfully updated with 'Ewa Bona' Sales Rep
Success: opportunity 'APOS-Fraczek, Maria_PL2667817-FY14Q3-1' successfully updated with 'Ewa Bona' Sales Rep
Success: opportunity 'APOS-Rachwalska, Weronika_PL2668578-FY14Q3-1' successfully updated with 'Ewa Bona' Sales Rep
Success: opportunity 'APOS-ROSŁON EKIPY MONTAŻOWE_PL2668877-FY14Q3-1' successfully updated with 'Ewa Bona' Sales Rep
Success: opportunity 'APOS-Debiec, Aleksander_PL2669457-FY14Q3-1' successfully updated with 'Ewa Bona' Sales Rep
Success: opportunity 'APOS-Salamonik, Janusz_PL2670477-FY14Q3-1' successfully updated with 'Ewa Bona' Sales Rep
Success: opportunity 'APOS-Wlodarczak, Piotr_PL2670778-FY14Q3-1' successfully updated with 'Ewa Bona' Sales Rep
Success: opportunity 'APOS-Slowinski, Zbigniew_PL2672337-FY14Q3-1' successfully updated with 'Ewa Bona' Sales Rep
Success: opportunity 'APOS-Drabik, Monika_PL2672537-FY14Q3-1' successfully updated with 'Ewa Bona' Sales Rep
Success: opportunity 'APOS-Waszyrowski, Jerzy_PL2673117-FY14Q3-1' successfully updated with 'Ewa Bona' Sales Rep
Success: opportunity 'APOS-Gutowski, Jacek_PL2673137-FY14Q3-1' successfully updated with 'Ewa Bona' Sales Rep
Success: opportunity 'APOS-BRAK_PL2673159-FY14Q3-1' successfully updated with 'Ewa Bona' Sales Rep
Success: opportunity 'APOS-Pikula, Elzbieta_PL2673160-FY14Q3-1' successfully updated with 'Ewa Bona' Sales Rep
Success: opportunity 'APOS-Pazio, Marcin_PL2673224-FY14Q3-1' successfully updated with 'Ewa Bona' Sales Rep
Success: opportunity 'APOS-Czyz, Andrzej_PL2673226-FY14Q3-1' successfully updated with 'Ewa Bona' Sales Rep
Success: opportunity 'APOS-Andrzejewski, Wojciech_PL2673318-FY14Q3-1' successfully updated with 'Ewa Bona' Sales Rep
Success: opportunity 'APOS-Matuszewska, Magdalena_PL2674337-FY14Q3-1' successfully updated with 'Ewa Bona' Sales Rep
Success: opportunity 'APOS-Turek, Marian_PL2674958-FY14Q3-1' successfully updated with 'Ewa Bona' Sales Rep
Success: opportunity 'APOS-Zientek, Pawel_PL2675038-FY14Q3-1' successfully updated with 'Ewa Bona' Sales Rep
Success: opportunity 'APOS-Wisniewski, Marek_PL2675257-FY14Q3-1' successfully updated with 'Ewa Bona' Sales Rep
Success: opportunity 'APOS-Plewka, Kamila_PL2675337-FY14Q3-1' successfully updated with 'Ewa Bona' Sales Rep
Success: opportunity 'APOS-Baranska, Lilla_PL2675877-FY14Q3-1' successfully updated with 'Ewa Bona' Sales Rep
Success: opportunity 'APOS-Sadkowska, Kaarzyna_PL2675999-FY14Q3-1' successfully updated with 'Ewa Bona' Sales Rep
Success: opportunity 'APOS-Zajfert, Bogdan_PL2676317-FY14Q3-1' successfully updated with 'Ewa Bona' Sales Rep
Success: opportunity 'APOS-Siudek, Natalia_PL2676477-FY14Q3-1' successfully updated with 'Ewa Bona' Sales Rep
Success: opportunity 'APOS-Plachta, Jerzy_PL2677437-FY14Q3-1' successfully updated with 'Ewa Bona' Sales Rep
Success: opportunity 'APOS-Moryl, Krzysztof_PL2677527-FY14Q3-1' successfully updated with 'Ewa Bona' Sales Rep
Success: opportunity 'APOS-NIP6452494179, SzkolaJezAngEnglishTO GO_PL2677569-FY14Q3-1' successfully updated with 'Ewa Bona' Sales Rep
Success: opportunity 'APOS-Makowska-Socha, Anna_PL2677618-FY14Q3-1' successfully updated with 'Ewa Bona' Sales Rep
Success: opportunity 'APOS-Kozakiewicz, Andrzej_PL2677680-FY14Q3-1' successfully updated with 'Ewa Bona' Sales Rep
Success: opportunity 'APOS-Kaim, Marzenna_PL2677782-FY14Q3-1' successfully updated with 'Ewa Bona' Sales Rep
Success: opportunity 'APOS-Horon, Mariusz_PL2677844-FY14Q3-1' successfully updated with 'Ewa Bona' Sales Rep
Success: opportunity 'APOS-Markiewicz, Maciej_PL2677857-FY14Q3-1' successfully updated with 'Ewa Bona' Sales Rep
Success: opportunity 'APOS-Dakovic, Marko_PL2678098-FY14Q3-1' successfully updated with 'Ewa Bona' Sales Rep
Success: opportunity 'APOS-Opielinski, Przemyslaw_PL2678099-FY14Q3-1' successfully updated with 'Ewa Bona' Sales Rep
Success: opportunity 'APOS-Yifan, Lu_PL2678137-FY14Q3-1' successfully updated with 'Ewa Bona' Sales Rep
Success: opportunity 'APOS-Majczyna, Andrzej_PL2678977-FY14Q3-1' successfully updated with 'Ewa Bona' Sales Rep
Success: opportunity 'APOS-Róg, Jarosław_PL2679004-FY14Q3-1' successfully updated with 'Ewa Bona' Sales Rep
Success: opportunity 'APOS-Mróz, Tomasz_PL2679139-FY14Q3-1' successfully updated with 'Ewa Bona' Sales Rep
Success: opportunity 'APOS-Goraj, Romuald_PL2679179-FY14Q3-1' successfully updated with 'Ewa Bona' Sales Rep
Success: opportunity 'APOS-Kozdras, Michal_PL2679437-FY14Q3-1' successfully updated with 'Ewa Bona' Sales Rep
Success: opportunity 'APOS-Bartos, Andrzej_PL2679477-FY14Q3-1' successfully updated with 'Ewa Bona' Sales Rep
Success: opportunity 'APOS-Szalla, Wojciech_PL2679560-FY14Q3-1' successfully updated with 'Ewa Bona' Sales Rep
Success: opportunity 'APOS-Cao, Jiahe_PL2679922-FY14Q3-1' successfully updated with 'Ewa Bona' Sales Rep
Success: opportunity 'APOS-Prokopowicz, Agata_PL2679947-FY14Q3-1' successfully updated with 'Ewa Bona' Sales Rep
Success: opportunity 'APOS-Wisniewska, Magdalena_PL2679957-FY14Q3-1' successfully updated with 'Ewa Bona' Sales Rep
Success: opportunity 'APOS-Bialas, Janusz_PL2679998-FY14Q3-1' successfully updated with 'Ewa Bona' Sales Rep
Success: opportunity 'APOS-Cygan, Anna_PL2680080-FY14Q3-1' successfully updated with 'Ewa Bona' Sales Rep
Success: opportunity 'APOS-Serafinski, Jerzy_PL2680121-FY14Q3-1' successfully updated with 'Ewa Bona' Sales Rep
Success: opportunity 'APOS-Safiak, Marek_PL2680539-FY14Q3-1' successfully updated with 'Ewa Bona' Sales Rep
Success: opportunity 'APOS-SZUREK, BOGDAN_PL2680577-FY14Q3-1' successfully updated with 'Ewa Bona' Sales Rep
Success: opportunity 'APOS-Szostak, Sebastian_PL2680617-FY14Q3-1' successfully updated with 'Ewa Bona' Sales Rep
Success: opportunity 'APOS-Fukacz-Oleksiak, Karolina_PL2680620-FY14Q3-1' successfully updated with 'Ewa Bona' Sales Rep
Success: opportunity 'APOS-Szczepanska, Ludwika_PL2680621-FY14Q3-1' successfully updated with 'Ewa Bona' Sales Rep
Success: opportunity 'APOS-Piotrowska-Swiderska, Beata_PL2680779-FY14Q3-1' successfully updated with 'Ewa Bona' Sales Rep
Success: opportunity 'APOS-Pilot, Tomasz_PL2681237-FY14Q4-1' successfully updated with 'Ewa Bona' Sales Rep
Success: opportunity 'APOS-Kaniewska, Alina_PL2681437-FY14Q3-1' successfully updated with 'Ewa Bona' Sales Rep
Success: opportunity 'APOS-Ewertowski, Piotr_PL2681543-FY14Q3-1' successfully updated with 'Ewa Bona' Sales Rep
Success: opportunity 'APOS-Lenarczyk, Jan_PL2681777-FY14Q4-1' successfully updated with 'Ewa Bona' Sales Rep
Success: opportunity 'APOS-Owsinski, Tadeusz_PL2681797_PL2681797-FY14Q3-1' successfully updated with 'Ewa Bona' Sales Rep
Success: opportunity 'APOS-J.C. Jaroslaw Cholodowski_PL2681883-FY14Q4-1' successfully updated with 'Ewa Bona' Sales Rep
Success: opportunity 'APOS-Grzelak, Szymon_PL2681899_PL2681899-FY14Q4-1' successfully updated with 'Ewa Bona' Sales Rep
Success: opportunity 'APOS-Wawrzyniak, Miroslawa_PL2681978_PL2681978-FY14Q3-1' successfully updated with 'Ewa Bona' Sales Rep
Success: opportunity 'APOS-Furmankiewicz, Krzysztof_PL2682017-FY14Q4-1' successfully updated with 'Ewa Bona' Sales Rep
Success: opportunity 'APOS-Ziemba, Wojciech_PL2682217-FY14Q4-1' successfully updated with 'Ewa Bona' Sales Rep
Success: opportunity 'APOS-Lewandowski, Jacek_PL2682483-FY14Q4-1' successfully updated with 'Ewa Bona' Sales Rep
Success: opportunity 'APOS-Bieganska, Katarzyna_PL2682544-FY14Q4-1' successfully updated with 'Ewa Bona' Sales Rep
Success: opportunity 'APOS-Dbrowski, Jerzy_PL2682567_PL2682567-FY14Q4-1' successfully updated with 'Ewa Bona' Sales Rep
Success: opportunity 'APOS-Kaczorowski, Grzegorz_PL2682797-FY14Q4-1' successfully updated with 'Ewa Bona' Sales Rep
Success: opportunity 'APOS-Gil, Przemyslaw_PL2682817-FY14Q4-1' successfully updated with 'Ewa Bona' Sales Rep
Success: opportunity 'APOS-Sapula, Andrzej_PL2682917-FY14Q4-1' successfully updated with 'Ewa Bona' Sales Rep
Success: opportunity 'APOS-Pyszkowski, Cezary_PL2683181-FY14Q4-1' successfully updated with 'Ewa Bona' Sales Rep
Success: opportunity 'APOS-Drózdz, Piotr_PL2683197-FY14Q4-1' successfully updated with 'Ewa Bona' Sales Rep
Success: opportunity 'APOS-Demków, Przemyslaw_PL2683657-FY14Q4-1' successfully updated with 'Ewa Bona' Sales Rep
Success: opportunity 'APOS-Kwiatkowski, Janusz_PL2683904-FY14Q4-1' successfully updated with 'Ewa Bona' Sales Rep
Success: opportunity 'APOS-Zalewski, Jerzy_PL2683924-FY14Q4-1' successfully updated with 'Ewa Bona' Sales Rep
Success: opportunity 'APOS-Falkowska, Karolina_PL2683951-FY14Q4-1' successfully updated with 'Ewa Bona' Sales Rep
Success: opportunity 'APOS-Przymusiak, Zenon_PL2683952-FY14Q4-1' successfully updated with 'Ewa Bona' Sales Rep
Success: opportunity 'APOS-Wesolowski, Grzegorz_PL2683969-FY14Q4-1' successfully updated with 'Ewa Bona' Sales Rep
Success: opportunity 'APOS-Stalewski, Wieńczysław_PL2683972-FY14Q4-1' successfully updated with 'Ewa Bona' Sales Rep
Success: opportunity 'APOS-Durczok, Wojtek_PL2683988-FY14Q4-1' successfully updated with 'Ewa Bona' Sales Rep
Success: opportunity 'APOS-Ringwelski, Witold_PL2684016-FY14Q4-1' successfully updated with 'Ewa Bona' Sales Rep
Success: opportunity 'APOS-Mijal, Krzysztof_PL2684056-FY14Q4-1' successfully updated with 'Ewa Bona' Sales Rep
Success: opportunity 'APOS-Horowicz, Bogusław_PL2684101-FY14Q4-1' successfully updated with 'Ewa Bona' Sales Rep
Success: opportunity 'APOS-Kosowski, Mariusz_PL2684117-FY14Q4-1' successfully updated with 'Ewa Bona' Sales Rep
Success: opportunity 'APOS-Nowakowski, Marek_PL2684125-FY14Q4-1' successfully updated with 'Ewa Bona' Sales Rep
Success: opportunity 'APOS-Stolarski, Bartlomiej_PL2684127-FY14Q4-1' successfully updated with 'Ewa Bona' Sales Rep
Success: opportunity 'APOS-Opas, Dawid_PL2684141-FY14Q4-1' successfully updated with 'Ewa Bona' Sales Rep
Success: opportunity 'APOS-Fortuna, Władysław_PL2684169-FY14Q4-1' successfully updated with 'Ewa Bona' Sales Rep
Success: opportunity 'APOS-Siergiejko, Zenon_PL2684176-FY14Q4-1' successfully updated with 'Ewa Bona' Sales Rep
Success: opportunity 'APOS-Jozefiak, Tadeusz_PL2684177-FY14Q4-1' successfully updated with 'Ewa Bona' Sales Rep
Success: opportunity 'APOS-Wawryniuk, Franciszek_PL2684223-FY14Q4-1' successfully updated with 'Ewa Bona' Sales Rep
Success: opportunity 'APOS-KOMP, HOST_PL2684273-FY14Q4-1' successfully updated with 'Ewa Bona' Sales Rep
Success: opportunity 'APOS-Zrebiec, Aleksandra_PL2684303-FY14Q4-1' successfully updated with 'Ewa Bona' Sales Rep
Success: opportunity 'APOS-Moszura, Andrzej_PL2684305-FY14Q4-1' successfully updated with 'Ewa Bona' Sales Rep
Success: opportunity 'APOS-Chmielińska, Danuta_PL2684332-FY14Q4-1' successfully updated with 'Ewa Bona' Sales Rep
Success: opportunity 'APOS-Alina Horyd-Kowlaska, Indywid.Prakt.Położnicza_PL2684358-FY14Q4-1' successfully updated with 'Ewa Bona' Sales Rep
Success: opportunity 'APOS-Kwiatkowska, Paulina_PL2684378-FY14Q4-1' successfully updated with 'Ewa Bona' Sales Rep
Success: opportunity 'APOS-Dynarzewski, Tomasz_PL2684380-FY14Q4-1' successfully updated with 'Ewa Bona' Sales Rep
Success: opportunity 'APOS-Wika, Tomasz_PL2684383-FY14Q4-1' successfully updated with 'Ewa Bona' Sales Rep
Success: opportunity 'APOS-Grabowska, Maja_PL2684432-FY14Q4-1' successfully updated with 'Ewa Bona' Sales Rep
Success: opportunity 'APOS-Dynarzewski, Tomasz_PL2684434-FY14Q4-1' successfully updated with 'Ewa Bona' Sales Rep
Success: opportunity 'APOS-Wiśniewski, Gabriel_PL2684460-FY14Q4-1' successfully updated with 'Ewa Bona' Sales Rep
Success: opportunity 'APOS-Hałucha, Paweł_PL2684477-FY14Q4-1' successfully updated with 'Ewa Bona' Sales Rep
Success: opportunity 'APOS-Flisak, Urszula_PL2684525-FY14Q4-1' successfully updated with 'Ewa Bona' Sales Rep
Success: opportunity 'APOS-BORKOWSKA, MAGDA_PL2684527-FY14Q4-1' successfully updated with 'Ewa Bona' Sales Rep
Success: opportunity 'APOS-Jezewska, Inga_PL2684577-FY14Q4-1' successfully updated with 'Ewa Bona' Sales Rep
Success: opportunity 'APOS-PIETRZAK, CEZARY_PL2684598-FY14Q4-1' successfully updated with 'Ewa Bona' Sales Rep
Success: opportunity 'APOS-Kosuniak, Lukasz_PL2684614-FY14Q4-1' successfully updated with 'Ewa Bona' Sales Rep
Success: opportunity 'APOS-Klimek, Bronislaw_PL2684620-FY14Q4-1' successfully updated with 'Ewa Bona' Sales Rep
Success: opportunity 'APOS-Mataj, Kamil_PL2684627-FY14Q4-1' successfully updated with 'Ewa Bona' Sales Rep
Success: opportunity 'APOS-Fundacja Centrum Analiz Ekonomiczny_PL2684674-FY14Q4-1' successfully updated with 'Ewa Bona' Sales Rep
Success: opportunity 'APOS-Góra, Marek_PL2684678-FY14Q4-1' successfully updated with 'Ewa Bona' Sales Rep
Success: opportunity 'APOS-Bienioszek, Wiktor_PL2684679-FY14Q4-1' successfully updated with 'Ewa Bona' Sales Rep
Success: opportunity 'APOS-Taylor, Chris_PL2684700-FY14Q4-1' successfully updated with 'Ewa Bona' Sales Rep
Success: opportunity 'APOS-Balcerek, Robert_PL2684728-FY14Q4-1' successfully updated with 'Ewa Bona' Sales Rep
Success: opportunity 'APOS-Zientarski, Włodzimierz_PL2684729-FY14Q4-1' successfully updated with 'Ewa Bona' Sales Rep
Success: opportunity 'APOS-Maciejski, Slawomir_PL2684755-FY14Q4-1' successfully updated with 'Ewa Bona' Sales Rep
Success: opportunity 'APOS-Pietrzyk, Kazimierz_PL2684776-FY14Q4-1' successfully updated with 'Ewa Bona' Sales Rep
Success: opportunity 'APOS-Dabrzalski, Lukasz_PL2684777-FY14Q4-1' successfully updated with 'Ewa Bona' Sales Rep
Success: opportunity 'APOS-Gasztych, Maria_PL2684792-FY14Q4-1' successfully updated with 'Ewa Bona' Sales Rep
Success: opportunity 'APOS-Wilk, Mariusz_PL2684793-FY14Q4-1' successfully updated with 'Ewa Bona' Sales Rep
Success: opportunity 'APOS-Szatan, Daniel_PL2684794-FY14Q4-1' successfully updated with 'Ewa Bona' Sales Rep
Success: opportunity 'APOS-Kepinski, Marek_PL2684795-FY14Q4-1' successfully updated with 'Ewa Bona' Sales Rep
Success: opportunity 'APOS-Tokarz, Grzegorz_PL2684852-FY14Q4-1' successfully updated with 'Ewa Bona' Sales Rep
Success: opportunity 'APOS-Jurgielaniec, Ewelina_PL2684854-FY14Q4-1' successfully updated with 'Ewa Bona' Sales Rep
Success: opportunity 'APOS-Ostapiuk, Janusz_PL2684883-FY14Q4-1' successfully updated with 'Ewa Bona' Sales Rep
Success: opportunity 'APOS-Wereminska PROEKO, Paulina_PL2684886-FY14Q4-1' successfully updated with 'Ewa Bona' Sales Rep
Success: opportunity 'APOS-Grodzinski, Andrzej_PL2684892-FY14Q4-1' successfully updated with 'Ewa Bona' Sales Rep
Success: opportunity 'APOS-Borecki, Jan_PL2684897-FY14Q4-1' successfully updated with 'Ewa Bona' Sales Rep
Success: opportunity 'APOS-Skorupka, Michal_PL2684910-FY14Q4-1' successfully updated with 'Ewa Bona' Sales Rep
Success: opportunity 'APOS-GOEBEL, IZABELA_PL2684929-FY14Q4-1' successfully updated with 'Ewa Bona' Sales Rep
Success: opportunity 'APOS-Barbuletis, Jakub_PL2685002-FY14Q4-1' successfully updated with 'Ewa Bona' Sales Rep
Success: opportunity 'APOS-Rupinski, Maciej_PL2685077-FY14Q4-1' successfully updated with 'Ewa Bona' Sales Rep
Success: opportunity 'APOS-Wawryniuk, Franciszek_PL2685102-FY14Q4-1' successfully updated with 'Ewa Bona' Sales Rep
Success: opportunity 'APOS-Molenda, Anna_PL2685103-FY14Q4-1' successfully updated with 'Ewa Bona' Sales Rep
Success: opportunity 'APOS-MERIDIAN Konsorcjum Doradcze_PL2685130-FY14Q4-1' successfully updated with 'Ewa Bona' Sales Rep
Success: opportunity 'APOS-Kalinowski, Jerzy_PL2685158-FY14Q4-1' successfully updated with 'Ewa Bona' Sales Rep
Success: opportunity 'APOS-Sp. Z O.O., Sonia_PL2685228-FY14Q4-1' successfully updated with 'Ewa Bona' Sales Rep
Success: opportunity 'APOS-LEDATEL Sp. z o.o. i Wspólnicy spół_PL2685237-FY14Q4-1' successfully updated with 'Ewa Bona' Sales Rep
Success: opportunity 'APOS-Mrzyglód, Katarzyna_PL2685285-FY14Q4-1' successfully updated with 'Ewa Bona' Sales Rep
Success: opportunity 'APOS-Wdzieczna, Danuta_PL2685332-FY14Q4-1' successfully updated with 'Ewa Bona' Sales Rep
Success: opportunity 'APOS-SZCZOTKA, MAREK_PL2685370-FY14Q4-1' successfully updated with 'Ewa Bona' Sales Rep
Success: opportunity 'APOS-Latka, Waclaw_PL2685411-FY14Q4-1' successfully updated with 'Ewa Bona' Sales Rep
Success: opportunity 'APOS-Pasternak, Michal_PL2685412-FY14Q4-1' successfully updated with 'Ewa Bona' Sales Rep
Success: opportunity 'APOS-Ciesla, Rafal_PL2685463-FY14Q4-1' successfully updated with 'Ewa Bona' Sales Rep
Success: opportunity 'APOS-Ryan, Anna_PL2685496-FY14Q4-1' successfully updated with 'Ewa Bona' Sales Rep
Success: opportunity 'APOS-Gajda, Pawel_PL2685499-FY14Q4-1' successfully updated with 'Ewa Bona' Sales Rep
Success: opportunity 'APOS-Nowak, Daniel_PL2685505-FY14Q4-1' successfully updated with 'Ewa Bona' Sales Rep
Success: opportunity 'APOS-Blad, Henryk_PL2685533-FY14Q4-1' successfully updated with 'Ewa Bona' Sales Rep
Success: opportunity 'APOS-Hinz, Maria_PL2685603-FY14Q4-1' successfully updated with 'Ewa Bona' Sales Rep
Success: opportunity 'APOS-Celinski, Adam_PL2685864-FY14Q4-1' successfully updated with 'Ewa Bona' Sales Rep
Success: opportunity 'APOS-Skawinski, Mateusz_PL2685898-FY14Q4-1' successfully updated with 'Ewa Bona' Sales Rep
Success: opportunity 'APOS-Ziemianska, Jolanta_PL2685919-FY14Q4-1' successfully updated with 'Ewa Bona' Sales Rep
Success: opportunity 'APOS-Chylinski, Piotr_PL2686001-FY14Q4-1' successfully updated with 'Ewa Bona' Sales Rep
Success: opportunity 'APOS-Krzeminska, Malgorzata_PL2686022-FY14Q4-1' successfully updated with 'Ewa Bona' Sales Rep
Success: opportunity 'APOS-Kolczynski, Krzysztof_PL2686047-FY14Q4-1' successfully updated with 'Ewa Bona' Sales Rep
Success: opportunity 'APOS-Podsiadlo, Waldemar_PL2686338-FY14Q4-1' successfully updated with 'Ewa Bona' Sales Rep
Success: opportunity 'APOS-Wizner, Tomasz_PL2686757-FY14Q4-1' successfully updated with 'Ewa Bona' Sales Rep
Success: opportunity 'APOS-Wang, Jinjiang_PL2686758-FY14Q4-1' successfully updated with 'Ewa Bona' Sales Rep
Success: opportunity 'APOS-Prawda, Jacek_PL2686977-FY14Q4-1' successfully updated with 'Ewa Bona' Sales Rep
Success: opportunity 'APOS-Witowska, Irena_PL2687167-FY14Q4-1' successfully updated with 'Ewa Bona' Sales Rep
Success: opportunity 'APOS-Figórski, Arkadiusz_PL2687217-FY14Q4-1' successfully updated with 'Ewa Bona' Sales Rep
Success: opportunity 'APOS-Bartela, Grzegorz_PL2687263-FY14Q4-1' successfully updated with 'Ewa Bona' Sales Rep
Success: opportunity 'APOS-Mordzinska, Izabela_PL2687417-FY14Q4-1' successfully updated with 'Ewa Bona' Sales Rep
Success: opportunity 'APOS-Kilichowski, Przemyslaw_PL2687897-FY14Q4-1' successfully updated with 'Ewa Bona' Sales Rep
Success: opportunity 'APOS-Oleksy, Rafal_PL2687899-FY14Q4-1' successfully updated with 'Ewa Bona' Sales Rep
Success: opportunity 'APOS-Kropiewnicki, Rafal_PL2688377-FY15Q1-1' successfully updated with 'Ewa Bona' Sales Rep
Success: opportunity 'APOS-Stecyk, Tomasz_PL2688737-FY15Q1-1' successfully updated with 'Ewa Bona' Sales Rep
Success: opportunity 'APOS-Kucharska, Marzena_PL2688778-FY15Q1-1' successfully updated with 'Ewa Bona' Sales Rep
Success: opportunity 'APOS-GIELDA PAPIEROW WARTOSCIOWYCH_PL2007221-NotDetermined' successfully updated with 'Ewa Bona' Sales Rep
Success: opportunity 'APOS-SKANSKA S.A._PL2000006-NotDetermined' successfully updated with 'Ewa Bona' Sales Rep
Success: opportunity 'APOS-GIELDA PAPIEROW WARTOSCIOWYCH_PL2007221-NotDetermined' successfully updated with 'Ewa Bona' Sales Rep
Success: opportunity 'APOS-GIELDA PAPIEROW WARTOSCIOWYCH_PL2007221-NotDetermined' successfully updated with 'Ewa Bona' Sales Rep
Success: opportunity 'APOS-DELL SP. Z O.O. T&B PAD_PL2007223-FY14Q4-1' successfully updated with 'Ewa Bona' Sales Rep
Success: opportunity 'APOS-PRM MOSTY LODZ S.A._PL2560222-FY14Q3-1' successfully updated with 'Ewa Bona' Sales Rep
Success: opportunity 'APOS-NAVO POLSKA GRUPA DYSTRYBUCYJNA_PL2001515_PL2001515-FY14Q3-1' successfully updated with 'Ewa Bona' Sales Rep
Success: opportunity 'APOS-ROHLIG SUUS LOGISTIC SA_PL2578507_PL2578507-FY14Q3-1' successfully updated with 'Ewa Bona' Sales Rep
Success: opportunity 'APOS-KIRCHHOFF POLSKA SP. Z O.O._PL2000908_PL2000908-FY14Q3-2' successfully updated with 'Ewa Bona' Sales Rep
Success: opportunity 'APOS-CT CREATIVE TEAM  S.A.._PL2001444-FY14Q3-1' successfully updated with 'Ewa Bona' Sales Rep
Success: opportunity 'APOS-ZAKLAD FARMACEUTYCZNY ADAMED_PL2562666_PL2562666-FY14Q3-2' successfully updated with 'Ewa Bona' Sales Rep
Success: opportunity 'APOS-DELL POLAND T&B PUBLIC_PL2002060_PL2002060-FY14Q3-1' successfully updated with 'Ewa Bona' Sales Rep
Success: opportunity 'APOS-ROBOPROJEKT SP. Z O.O._PL2592198_PL2592198-FY14Q3-1' successfully updated with 'Ewa Bona' Sales Rep
Success: opportunity 'APOS-JAS-FBG S.A._PL2001965_PL2001965-FY14Q3-1' successfully updated with 'Ewa Bona' Sales Rep
Success: opportunity 'APOS-CHATA POLSKA S.A_PL2063221_PL2063221-FY14Q3-1' successfully updated with 'Ewa Bona' Sales Rep
Success: opportunity 'APOS-PUH "CHEMIROL" SP. Z O.O._PL2001272-FY14Q3-1' successfully updated with 'Ewa Bona' Sales Rep
Success: opportunity 'APOS-MOBITEL SP. Z O.O._PL2571832_PL2571832-FY14Q3-1' successfully updated with 'Ewa Bona' Sales Rep
Success: opportunity 'APOS-POLBITA SP. Z O.O._PL2056543_PL2056543-FY14Q3-1' successfully updated with 'Ewa Bona' Sales Rep
Success: opportunity 'APOS-EU PHARMACIA SP. Z O.O._PL2002408_PL2002408-FY14Q3-1' successfully updated with 'Ewa Bona' Sales Rep
Success: opportunity 'APOS-EKO Holding S.A._PL2595526_PL2595526-FY14Q3-1' successfully updated with 'Ewa Bona' Sales Rep
Success: opportunity 'APOS-KIRCHHOFF POLSKA SP. Z O.O._PL2000908_PL2000908-FY14Q3-1' successfully updated with 'Ewa Bona' Sales Rep
Success: opportunity 'APOS-US PHARMACIA SP. Z O.O._PL2042161_PL2042161-FY14Q3-1' successfully updated with 'Ewa Bona' Sales Rep
Success: opportunity 'APOS-Dell (Shared Services Internal Ord)_PL2012540_PL2012540-FY14Q3-1' successfully updated with 'Ewa Bona' Sales Rep
Success: opportunity 'APOS-PRM MOSTY LODZ S.A._PL2560222-FY14Q4-1' successfully updated with 'Ewa Bona' Sales Rep
Success: opportunity 'APOS-Dell (Shared Services Internal Ord)_PL2012540_PL2012540-FY14Q4-1' successfully updated with 'Ewa Bona' Sales Rep
Success: opportunity 'APOS-ROBOPROJEKT SP. Z O.O._PL2592198_PL2592198-FY14Q4-1' successfully updated with 'Ewa Bona' Sales Rep
Success: opportunity 'APOS-CT CREATIVE TEAM  S.A.._PL2001444-FY14Q4-1' successfully updated with 'Ewa Bona' Sales Rep
Success: opportunity 'APOS-FOODCARE SP. Z O.O._PL2568147_PL2568147-FY14Q4-1' successfully updated with 'Ewa Bona' Sales Rep
Success: opportunity 'APOS-ADAMED SP. Z O.O._PL2058520-FY14Q4-1' successfully updated with 'Ewa Bona' Sales Rep
Success: opportunity 'APOS-POLONTEX S.A._PL2004220-FY14Q4-1' successfully updated with 'Ewa Bona' Sales Rep
Success: opportunity 'APOS-ERGIS S.A_PL2563639_PL2563639-FY14Q4-1' successfully updated with 'Ewa Bona' Sales Rep
Success: opportunity 'APOS-SYNTHOS DWORY SP. Z O.O._PL2567266_PL2567266-FY14Q4-1' successfully updated with 'Ewa Bona' Sales Rep
Success: opportunity 'APOS-ZAKLAD FARMACEUTYCZNY ADAMED_PL2562666_PL2562666-FY14Q4-1' successfully updated with 'Ewa Bona' Sales Rep
Success: opportunity 'APOS-US PHARMACIA SP. Z O.O._PL2042161_PL2042161-FY14Q4-1' successfully updated with 'Ewa Bona' Sales Rep
Success: opportunity 'APOS-LABORATORIUM KOSMETYCZNE_PL2001589-FY14Q4-1' successfully updated with 'Ewa Bona' Sales Rep
Success: opportunity 'APOS-ADAMED SP. Z O.O._PL2058520-FY14Q3-1' successfully updated with 'Ewa Bona' Sales Rep
Success: opportunity 'APOS-PUH "CHEMIROL" SP. Z O.O._PL2001272-FY14Q4-1' successfully updated with 'Ewa Bona' Sales Rep
Success: opportunity 'APOS-ROHLIG SUUS LOGISTIC SA_PL2578507_PL2578507-FY14Q4-1' successfully updated with 'Ewa Bona' Sales Rep
Success: opportunity 'APOS-NAVO POLSKA GRUPA DYSTRYBUCYJNA_PL2001515_PL2001515-FY14Q4-1' successfully updated with 'Ewa Bona' Sales Rep

/Users/alex/Github/SSI/Implementations/scrubs/lib/helpers/RelationshipHelper.js:32
                    key: target._id,
                               ^
TypeError: Cannot read property '_id' of null
    at Object.buildRelationship (/Users/alex/Github/SSI/Implementations/scrubs/lib/helpers/RelationshipHelper.js:32:32)
    at run (/Users/alex/Github/SSI/Implementations/scrubs/BF-237/scrub.js:129:77)
    at async.series (/Users/alex/Github/SSI/Implementations/scrubs/node_modules/async/lib/async.js:564:17)
    at async.eachSeries.sync (/Users/alex/Github/SSI/Implementations/scrubs/node_modules/async/lib/async.js:131:25)
    at async.series (/Users/alex/Github/SSI/Implementations/scrubs/node_modules/async/lib/async.js:561:21)
    at OppRegistry.getOpp (/Users/alex/Github/SSI/Implementations/scrubs/BF-237/scrub.js:79:21)
    at Collection.me.find (/Users/alex/Github/SSI/Implementations/scrubs/lib/helpers/Collection.js:12:17)
    at api_request.req (/Users/alex/Github/SSI/Implementations/scrubs/lib/helpers/api.js:18:21)
    at api_request.EventEmitter.emit (events.js:91:17)
    at api_request.process_data (/Users/alex/Github/SSI/Implementations/scrubs/node_modules/api_request/lib/api_request.js:290:8)
