Error: Opp APOS-___ ____ _________ ________RU4001279-FY14Q2-2 could not be updated as opportunity could not be found
Error: Opp APOS-___ ____ _________ ________RU4001278-FY14Q2-2 could not be updated as opportunity could not be found
Error: Opp APOS-___ ___ ______RU4001342-FY14Q2-2 could not be updated as opportunity could not be found
Error: Opp APOS-___ ______________RU4001361-FY14Q2-2 could not be updated as opportunity could not be found
Error: Opp APOS-___ ____ ______________RU4001002-FY14Q2-2 could not be updated as opportunity could not be found
Error: Opp APOS-___ ___ ______RU4001248-FY14Q2-2 could not be updated as opportunity could not be found
Error: Opp APOS-FUNDAÇÃO PÃO DE AÇÚCAR  AUCHAN_PT1009019-FY14Q2-2 could not be updated as opportunity could not be found
Error: Opp APOS-GLINTT  TECHNOLOGY ENABLED SERVICE_PT1007669-FY14Q2-2 could not be updated as opportunity could not be found
Error: Opp APOS-OVARPACK  EMBALAGENS, SA_PT1006495-FY14Q2-2 could not be updated as opportunity could not be found
Error: Opp APOS-Sygma Banque S.A. Oddzia_ w Polsce_PL2592462-FY14Q2-2 could not be updated as opportunity could not be found
Error: Opp APOS-Grupa RMF SP. Z O.O. SP. K._PL2586359-FY14Q2-2 could not be updated as opportunity could not be found
Error: Opp APOS-PGE ELEKTROWNIA BE_CHATÓW S.A._PL2584277-FY14Q2-2 could not be updated as opportunity could not be found
Error: Opp APOS-INFONET PROJEKT SPÓ_KA AKCYJNA_PL2584627-FY14Q2-2 could not be updated as opportunity could not be found
Error: Opp APOS-PBB SPÓ_KA Z OGRANICZON__PL2585666-FY14Q2-2 could not be updated as opportunity could not be found
---------------------------------------
Missed Sales Reps:
None
---------------------------------------
Missed Opportunities:
APOS-___ ____ _________ ________RU4001279-FY14Q2-2
APOS-___ ____ _________ ________RU4001278-FY14Q2-2
APOS-___ ___ ______RU4001342-FY14Q2-2
APOS-___ ______________RU4001361-FY14Q2-2
APOS-___ ____ ______________RU4001002-FY14Q2-2
APOS-___ ___ ______RU4001248-FY14Q2-2
APOS-FUNDAÇÃO PÃO DE AÇÚCAR  AUCHAN_PT1009019-FY14Q2-2
APOS-GLINTT  TECHNOLOGY ENABLED SERVICE_PT1007669-FY14Q2-2
APOS-OVARPACK  EMBALAGENS, SA_PT1006495-FY14Q2-2
APOS-Sygma Banque S.A. Oddzia_ w Polsce_PL2592462-FY14Q2-2
APOS-Grupa RMF SP. Z O.O. SP. K._PL2586359-FY14Q2-2
APOS-PGE ELEKTROWNIA BE_CHATÓW S.A._PL2584277-FY14Q2-2
APOS-INFONET PROJEKT SPÓ_KA AKCYJNA_PL2584627-FY14Q2-2
APOS-PBB SPÓ_KA Z OGRANICZON__PL2585666-FY14Q2-2
---------------------------------------
Server Errors:
None
