Success: Opportunity 'Opp-Panta Rhei Information-Q2 2013-2' successfully updated with 'Q2 2013' quarter
Success: Opportunity 'Opp-DISTI/LAKE SOLUTIONS AG-2013 Q2-1' successfully updated with 'Q2 2013' quarter
Success: Opportunity 'Opp-VNSP/COLUMBA INFORMATIK AG-2013 Q2-1' successfully updated with 'Q2 2013' quarter
Success: Opportunity 'Opp-Bachmann electronic-Q2 2013-2' successfully updated with 'Q2 2013' quarter
Success: Opportunity 'Opp-BDS Gunz & Co-Q2 2013-4' successfully updated with 'Q2 2013' quarter
Success: Opportunity 'Opp-UNIVERSITT INNSBRUCK-Q2 2013-3' successfully updated with 'Q2 2013' quarter
Success: Opportunity 'Opp-POLLMANN INTERNATIONAL-Q2 2013-2' successfully updated with 'Q2 2013' quarter
Success: Opportunity 'Opp-MUNDO AG FRUCHTIMPORT-2013 Q2-1' successfully updated with 'Q2 2013' quarter
Success: Opportunity 'Opp-LGV-Frischgemüse Wien-Q2 2013-2' successfully updated with 'Q2 2013' quarter
Success: Opportunity 'Opp-EIDG.OBERZOLLDIREKTION-2013 Q2-1' successfully updated with 'Q2 2013' quarter
Success: Opportunity 'Opp-Zirovnik Daniel    TRU-Q2 2013-1' successfully updated with 'Q2 2013' quarter
Success: Opportunity 'Opp-ZINGG TRANSPORTE AG-Q2 2013-1' successfully updated with 'Q2 2013' quarter
Success: Opportunity 'Opp-MIKRON SA BOUDRY-Q2 2013-2' successfully updated with 'Q2 2013' quarter
Success: Opportunity 'Opp-Wrndle Thomas, Ge TRU-Q2 2013-1' successfully updated with 'Q2 2013' quarter
Success: Opportunity 'Opp-VERISIGN SWITZERLAND SA-Q2 2013-1' successfully updated with 'Q2 2013' quarter
Success: Opportunity 'Opp-VERISIGN SARL-Q2 2013-1' successfully updated with 'Q2 2013' quarter
Success: Opportunity 'Opp-ADEG Pennerstorfer TRU-Q2 2013-1' successfully updated with 'Q2 2013' quarter
Success: Opportunity 'Opp-UC4 Software GmbH-Q2 2013-1' successfully updated with 'Q2 2013' quarter
Success: Opportunity 'Opp-Taschner Hans      TRU-Q2 2013-1' successfully updated with 'Q2 2013' quarter
Success: Opportunity 'Opp-TRU/ORSAY-Q2 2013-1' successfully updated with 'Q2 2013' quarter
Success: Opportunity 'Opp-TRU/ORSAY S.A.R.L.-Q2 2013-9' successfully updated with 'Q2 2013' quarter
Success: Opportunity 'Opp-TRU/ORSAY S.A.R.L.-Q2 2013-8' successfully updated with 'Q2 2013' quarter
Success: Opportunity 'Opp-TRU/ORSAY S.A.R.L.-Q2 2013-6' successfully updated with 'Q2 2013' quarter
Success: Opportunity 'Opp-TRU/ORSAY S.A.R.L.-Q2 2013-5' successfully updated with 'Q2 2013' quarter
Success: Opportunity 'Opp-TRU/ORSAY S.A.R.L.-Q2 2013-5' successfully updated with 'Q2 2013' quarter
Success: Opportunity 'Opp-TRU/ORSAY S.A.R.L.-Q2 2013-4' successfully updated with 'Q2 2013' quarter
Success: Opportunity 'Opp-TRU/ORSAY S.A.R.L.-Q2 2013-3' successfully updated with 'Q2 2013' quarter
Success: Opportunity 'Opp-TRU/ORSAY S.A.R.L.-Q2 2013-2' successfully updated with 'Q2 2013' quarter
Success: Opportunity 'Opp-TRU/ORSAY S.A.R.L.-Q2 2013-10' successfully updated with 'Q2 2013' quarter
Success: Opportunity 'Opp-AKROS AG-Q2 2013-1' successfully updated with 'Q2 2013' quarter
Success: Opportunity 'Opp-TRU/ORSAY S.A.R.L.-Q2 2013-1' successfully updated with 'Q2 2013' quarter
Success: Opportunity 'Opp-TEPPICHFABRIK DURA-MALANS AG-Q2 2013-1' successfully updated with 'Q2 2013' quarter
Success: Opportunity 'Opp-TBG                TRU-Q2 2013-1' successfully updated with 'Q2 2013' quarter
Success: Opportunity 'Opp-HAAKON AG-Q2 2013-1' successfully updated with 'Q2 2013' quarter
Success: Opportunity 'Opp-PB Fein + Frisch2  TRU-Q2 2013-1' successfully updated with 'Q2 2013' quarter
Success: Opportunity 'Opp-ARS Software GmbH,-Q2 2013-1' successfully updated with 'Q2 2013' quarter
Success: Opportunity 'Opp-SWISSLOG AG             CLIENT-Q2 2013-1' successfully updated with 'Q2 2013' quarter
Success: Opportunity 'Opp-Maier B & E KG     TRU-Q2 2013-1' successfully updated with 'Q2 2013' quarter
Success: Opportunity 'Opp-Stork Prints Austria-Q2 2013-1' successfully updated with 'Q2 2013' quarter
Success: Opportunity 'Opp-SIX SIS AG-Q2 2013-1' successfully updated with 'Q2 2013' quarter
Success: Opportunity 'Opp-SIX S A G AG-Q2 2013-1' successfully updated with 'Q2 2013' quarter
Success: Opportunity 'Opp-SIG Combibloc GmbH-Q2 2013-1' successfully updated with 'Q2 2013' quarter
Success: Opportunity 'Opp-Adeg - Meisterfros TRU-Q2 2013-1' successfully updated with 'Q2 2013' quarter
Success: Opportunity 'Opp-Aichner Michael    TRU-Q2 2013-1' successfully updated with 'Q2 2013' quarter
Success: Opportunity 'Opp-ROHNER AG CHEM.FABRIK-Q2 2013-1' successfully updated with 'Q2 2013' quarter
Success: Opportunity 'Opp-Amari Austria GmbH-Q2 2013-1' successfully updated with 'Q2 2013' quarter
Success: Opportunity 'Opp-Anton  Kovsca      TRU-Q2 2013-1' successfully updated with 'Q2 2013' quarter
Success: Opportunity 'Opp-Artegra Werkstaett TRU-Q2 2013-1' successfully updated with 'Q2 2013' quarter
Success: Opportunity 'Opp-Pichler Hans Gmbh& TRU-Q2 2013-1' successfully updated with 'Q2 2013' quarter
Success: Opportunity 'Opp-ODLO INTERNATIONAL AG-Q2 2013-1' successfully updated with 'Q2 2013' quarter
Success: Opportunity 'Opp-NESTLE NESPRESSO SA-Q2 2013-1' successfully updated with 'Q2 2013' quarter
Success: Opportunity 'Opp-Mag Pichler Ernst  TRU-Q2 2013-1' successfully updated with 'Q2 2013' quarter
Success: Opportunity 'Opp-MIKRON SA BOUDRY-Q2 2013-1' successfully updated with 'Q2 2013' quarter
Success: Opportunity 'Opp-BBP AG-Q2 2013-1' successfully updated with 'Q2 2013' quarter
Success: Opportunity 'Opp-LAUDER ESTEE GMBH-Q2 2013-1' successfully updated with 'Q2 2013' quarter
Success: Opportunity 'Opp-LAEDERACH AG / TRANSPORTE-Q2 2013-1' successfully updated with 'Q2 2013' quarter
Success: Opportunity 'Opp-Kaufhaus Thomas H TRU-Q2 2013-1' successfully updated with 'Q2 2013' quarter
Success: Opportunity 'Opp-Kaufhaus - Caterin TRU-Q2 2013-1' successfully updated with 'Q2 2013' quarter
Success: Opportunity 'Opp-Karl Egger OG-Q2 2013-1' successfully updated with 'Q2 2013' quarter
Success: Opportunity 'Opp-KARL MEYER & CO AG-Q2 2013-1' successfully updated with 'Q2 2013' quarter
Success: Opportunity 'Opp-Birnbauer OG       TRU-Q2 2013-1' successfully updated with 'Q2 2013' quarter
Success: Opportunity 'Opp-Bsendorfer-Q2 2013-1' successfully updated with 'Q2 2013' quarter
Success: Opportunity 'Opp-Hans Peter Kurzman TRU-Q2 2013-1' successfully updated with 'Q2 2013' quarter
Success: Opportunity 'Opp-Hagleitner Hygiene-Q2 2013-1' successfully updated with 'Q2 2013' quarter
Success: Opportunity 'Opp-Gerda Brigitte St TRU-Q2 2013-1' successfully updated with 'Q2 2013' quarter
Success: Opportunity 'Opp-Gerauer Ingeburg   TRU-Q2 2013-1' successfully updated with 'Q2 2013' quarter
Success: Opportunity 'Opp-GUESS EUROPE SAGL-Q2 2013-1' successfully updated with 'Q2 2013' quarter
Success: Opportunity 'Opp-Fuchs Helmut       TRU-Q2 2013-1' successfully updated with 'Q2 2013' quarter
Success: Opportunity 'Opp-Friedrich Oberreit TRU-Q2 2013-1' successfully updated with 'Q2 2013' quarter
Success: Opportunity 'Opp-Ferdinand Fuhrmann TRU-Q2 2013-1' successfully updated with 'Q2 2013' quarter
Success: Opportunity 'Opp-FREUDENBERG SPEZIALDIC-Q2 2013-1' successfully updated with 'Q2 2013' quarter
Success: Opportunity 'Opp-FILATURES DE LAINES-Q2 2013-1' successfully updated with 'Q2 2013' quarter
Success: Opportunity 'Opp-Maschinenfabrik Laska-Q2 2013-2' successfully updated with 'Q2 2013' quarter
Success: Opportunity 'Opp-Joka Werke-Q2 2013-3' successfully updated with 'Q2 2013' quarter
Success: Opportunity 'Opp-Traunfellner Anton-Q2 2013-2' successfully updated with 'Q2 2013' quarter
Success: Opportunity 'Opp-Jäger Bau GesmbH-Q2 2013-3' successfully updated with 'Q2 2013' quarter
Success: Opportunity 'Opp-Color Drack-Q2 2013-2' successfully updated with 'Q2 2013' quarter
Success: Opportunity 'Opp-Ehrlich Baustoffhandel-Q2 2013-2' successfully updated with 'Q2 2013' quarter
Success: Opportunity 'Opp-LEYRER + GRAF BAUUNTER-Q2 2013-2' successfully updated with 'Q2 2013' quarter
Success: Opportunity 'Opp-Grabher Karl-Q2 2013-2' successfully updated with 'Q2 2013' quarter
Success: Opportunity 'Opp-Trepka Alfred-Q2 2013-2' successfully updated with 'Q2 2013' quarter
Success: Opportunity 'Opp-BA/APC-PRO SA-2013 Q2-1' successfully updated with 'Q2 2013' quarter
Success: Opportunity 'Opp-ERZINGER AG BUERSTENFABRIK-2013 Q2-2' successfully updated with 'Q2 2013' quarter
Success: Opportunity 'Opp-ERZINGER AG BUERSTENFABRIK-2013 Q2-1' successfully updated with 'Q2 2013' quarter
Success: Opportunity 'Opp-LIBRO Handels GmbH TRU-Q2 2013-2' successfully updated with 'Q2 2013' quarter
Success: Opportunity 'Opp-Litzlbauer N.Kfz-Q2 2013-2' successfully updated with 'Q2 2013' quarter
Success: Opportunity 'Opp-ZWISSIG TRANSPORTS-Q2 2013-1' successfully updated with 'Q2 2013' quarter
Success: Opportunity 'Opp-Valartis Bank-Q2 2013-1' successfully updated with 'Q2 2013' quarter
Success: Opportunity 'Opp-VNSP/PIT INFORMATIONSSYSTEME-2013 Q2-1' successfully updated with 'Q2 2013' quarter
Success: Opportunity 'Opp-V/SMP DEPT.FINANZEN UND EDV-Q2 2013-1' successfully updated with 'Q2 2013' quarter
Success: Opportunity 'Opp-Team 7-Q2 2013-2' successfully updated with 'Q2 2013' quarter
Success: Opportunity 'Opp-VNSP/THETAZ INFORMATIK AG-2013 Q2-1' successfully updated with 'Q2 2013' quarter
Success: Opportunity 'Opp-ALTERSZENTRUM LINDENHOF-Q2 2013-1' successfully updated with 'Q2 2013' quarter
Success: Opportunity 'Opp-ANDRITZ HYDRO GMBH-Q2 2013-3' successfully updated with 'Q2 2013' quarter
Success: Opportunity 'Opp-Sab-Tours-Q2 2013-2' successfully updated with 'Q2 2013' quarter
Success: Opportunity 'Opp-AstraZeneca Österreich-Q2 2013-2' successfully updated with 'Q2 2013' quarter
Success: Opportunity 'Opp-SSI Schäfer Peem GmbH-Q2 2013-3' successfully updated with 'Q2 2013' quarter
Success: Opportunity 'Opp-ATOS IT-Q2 2013-2' successfully updated with 'Q2 2013' quarter
Success: Opportunity 'Opp-ROBERT RIEFFEL AG-2013 Q2-1' successfully updated with 'Q2 2013' quarter
Success: Opportunity 'Opp-Astrid Bernhuber e TRU-Q2 2013-1' successfully updated with 'Q2 2013' quarter
Success: Opportunity 'Opp-PESTALOZZI RECHTSANWAELTE AG-Q2 2013-1' successfully updated with 'Q2 2013' quarter
Success: Opportunity 'Opp-BAWAG P.S.K. GRUPPE-Q2 2013-1' successfully updated with 'Q2 2013' quarter
Success: Opportunity 'Opp-BERTSCHI ZUM BROTKORB AG-Q2 2013-1' successfully updated with 'Q2 2013' quarter
Success: Opportunity 'Opp-BEZEMA AG-Q2 2013-1' successfully updated with 'Q2 2013' quarter
Success: Opportunity 'Opp-JALLUT SA           73-Q2 2013-1' successfully updated with 'Q2 2013' quarter
Success: Opportunity 'Opp-Filterbau Ges.m.b.H.-Q2 2013-2' successfully updated with 'Q2 2013' quarter
Success: Opportunity 'Opp-Elektro Schwarzmann-Q2 2013-2' successfully updated with 'Q2 2013' quarter
Success: Opportunity 'Opp-ZUECO BUEROSITZMOEBEL AG-Q3 2013-1' successfully updated with 'Q3 2013' quarter
Success: Opportunity 'Opp-ZARA SEIERSBERG    TRU-Q3 2013-1' successfully updated with 'Q3 2013' quarter
Success: Opportunity 'Opp-ZARA SCS           TRU-Q3 2013-1' successfully updated with 'Q3 2013' quarter
Success: Opportunity 'Opp-ZARA SBG GETREIDEG TRU-Q3 2013-1' successfully updated with 'Q3 2013' quarter
Success: Opportunity 'Opp-ZARA SBG EUROPAPAR TRU-Q3 2013-1' successfully updated with 'Q3 2013' quarter
Success: Opportunity 'Opp-ZARA Oesterreich   TRU-Q3 2013-1' successfully updated with 'Q3 2013' quarter
Success: Opportunity 'Opp-ZARA MARIAHILFER S TRU-Q3 2013-1' successfully updated with 'Q3 2013' quarter
Success: Opportunity 'Opp-ZARA Linz          TRU-Q3 2013-1' successfully updated with 'Q3 2013' quarter
Success: Opportunity 'Opp-ZARA Kärntner Stra TRU-Q3 2013-1' successfully updated with 'Q3 2013' quarter
Success: Opportunity 'Opp-ZARA Klagenfurt    TRU-Q3 2013-1' successfully updated with 'Q3 2013' quarter
Success: Opportunity 'Opp-ZARA Innsbruck     TRU-Q3 2013-1' successfully updated with 'Q3 2013' quarter
Success: Opportunity 'Opp-ZARA Haas Haus     TRU-Q3 2013-1' successfully updated with 'Q3 2013' quarter
Success: Opportunity 'Opp-ZARA Graz          TRU-Q3 2013-1' successfully updated with 'Q3 2013' quarter
Success: Opportunity 'Opp-ZARA Donauzentrum  TRU-Q3 2013-1' successfully updated with 'Q3 2013' quarter
Success: Opportunity 'Opp-A1 TELEKOM AUSTRIA AG-Q3 2013-1' successfully updated with 'Q3 2013' quarter
Success: Opportunity 'Opp-Weiss Harald       TRU-Q3 2013-1' successfully updated with 'Q3 2013' quarter
Success: Opportunity 'Opp-ABB SCHWEIZ AG-Q3 2013-1' successfully updated with 'Q3 2013' quarter
Success: Opportunity 'Opp-ADEG Schwabl Manue TRU-Q3 2013-1' successfully updated with 'Q3 2013' quarter
Success: Opportunity 'Opp-Umdasch Aktiengesellsc-Q3 2013-1' successfully updated with 'Q3 2013' quarter
Success: Opportunity 'Opp-UNICREDIT BUSINESS INT-Q3 2013-1' successfully updated with 'Q3 2013' quarter
Success: Opportunity 'Opp-UMDASCH AG-Q3 2013-1' successfully updated with 'Q3 2013' quarter
Success: Opportunity 'Opp-AG BUERO 70-Q3 2013-1' successfully updated with 'Q3 2013' quarter
Success: Opportunity 'Opp-Technoglas-Q3 2013-1' successfully updated with 'Q3 2013' quarter
Success: Opportunity 'Opp-Stadtwerke Bruck-Q3 2013-1' successfully updated with 'Q3 2013' quarter
Success: Opportunity 'Opp-STVAR/SISA STUDIO INFORMATICA-Q3 2013-1' successfully updated with 'Q3 2013' quarter
Success: Opportunity 'Opp-PAYLIFE BANK GMBH-Q3 2013-1' successfully updated with 'Q3 2013' quarter
Success: Opportunity 'Opp-SUPSI-DTI-Q3 2013-1' successfully updated with 'Q3 2013' quarter
Success: Opportunity 'Opp-SPERRHOLZ-PLATTEN AG-Q3 2013-1' successfully updated with 'Q3 2013' quarter
Success: Opportunity 'Opp-SMC PNEUMATIK AG-Q3 2013-1' successfully updated with 'Q3 2013' quarter
Success: Opportunity 'Opp-SAFIN REVISIONI E FIDUCIARIA S-Q3 2013-1' successfully updated with 'Q3 2013' quarter
Success: Opportunity 'Opp-Robert Bosch AG-Q3 2013-1' successfully updated with 'Q3 2013' quarter
Success: Opportunity 'Opp-Rail Cargo Austria-Q3 2013-1' successfully updated with 'Q3 2013' quarter
Success: Opportunity 'Opp-Allianz Elementar Wien-Q3 2013-2' successfully updated with 'Q3 2013' quarter
Success: Opportunity 'Opp-RENTES GENEVOISES-Q3 2013-1' successfully updated with 'Q3 2013' quarter
Success: Opportunity 'Opp-Praher Beteiligung-Q3 2013-1' successfully updated with 'Q3 2013' quarter
Success: Opportunity 'Opp-PX SERVICES SA-Q3 2013-1' successfully updated with 'Q3 2013' quarter
Success: Opportunity 'Opp-PROLOGIST AG-Q3 2013-1' successfully updated with 'Q3 2013' quarter
Success: Opportunity 'Opp-PIAGET-Q3 2013-1' successfully updated with 'Q3 2013' quarter
Success: Opportunity 'Opp-PANGAS AG-Q3 2013-1' successfully updated with 'Q3 2013' quarter
Success: Opportunity 'Opp-OÖ.Gebietskrankenkasse-Q3 2013-1' successfully updated with 'Q3 2013' quarter
Success: Opportunity 'Opp-OEM/NAGRAVISION S.A.-Q3 2013-1' successfully updated with 'Q3 2013' quarter
Success: Opportunity 'Opp-Nahversorgung Gams TRU-Q3 2013-1' successfully updated with 'Q3 2013' quarter
Success: Opportunity 'Opp-B/INTESA SANPAOLO PRIVATE BANK-Q3 2013-1' successfully updated with 'Q3 2013' quarter
Success: Opportunity 'Opp-NE/S.TRAIT.INFORMATION-Q3 2013-1' successfully updated with 'Q3 2013' quarter
Success: Opportunity 'Opp-NAGRAVISION S.A.    SYSTEM X-Q3 2013-1' successfully updated with 'Q3 2013' quarter
Success: Opportunity 'Opp-Maria Kienberger   TRU-Q3 2013-1' successfully updated with 'Q3 2013' quarter
Success: Opportunity 'Opp-MEDIAPRESSE - PUB SA-Q3 2013-1' successfully updated with 'Q3 2013' quarter
Success: Opportunity 'Opp-MAGNA STEYR FUEL SYSTE-Q3 2013-1' successfully updated with 'Q3 2013' quarter
Success: Opportunity 'Opp-Landeshypo.N-Q3 2013-1' successfully updated with 'Q3 2013' quarter
Success: Opportunity 'Opp-Lam Research AG-Q3 2013-1' successfully updated with 'Q3 2013' quarter
Success: Opportunity 'Opp-BATA SCHUH AG-Q3 2013-1' successfully updated with 'Q3 2013' quarter
Success: Opportunity 'Opp-LAUFEN BATHROOMS AG-Q3 2013-1' successfully updated with 'Q3 2013' quarter
Success: Opportunity 'Opp-LANXESS INTERNATIONAL SA-Q3 2013-1' successfully updated with 'Q3 2013' quarter
Success: Opportunity 'Opp-Konsumverein Schni TRU-Q3 2013-1' successfully updated with 'Q3 2013' quarter
Success: Opportunity 'Opp-Konsumverein Hchs TRU-Q3 2013-1' successfully updated with 'Q3 2013' quarter
Success: Opportunity 'Opp-BOLTON SWISS SA-Q3 2013-1' successfully updated with 'Q3 2013' quarter
Success: Opportunity 'Opp-KERAMIK LAUFEN AG-Q3 2013-1' successfully updated with 'Q3 2013' quarter
Success: Opportunity 'Opp-KARE Wr. Neudorf-Q3 2013-1' successfully updated with 'Q3 2013' quarter
Success: Opportunity 'Opp-BUERGI AG BRENN- + TREIBSTOFFE-Q3 2013-1' successfully updated with 'Q3 2013' quarter
Success: Opportunity 'Opp-BauWelt Sochor-Q3 2013-1' successfully updated with 'Q3 2013' quarter
Success: Opportunity 'Opp-ISV/AG BUERO 70-Q3 2013-1' successfully updated with 'Q3 2013' quarter
Success: Opportunity 'Opp-IBS Inst.f.Brandschutz-Q3 2013-1' successfully updated with 'Q3 2013' quarter
Success: Opportunity 'Opp-Hydro Alum. Nenzing-Q3 2013-1' successfully updated with 'Q3 2013' quarter
Success: Opportunity 'Opp-HONDA MOTOR EUROPE LIMITED-Q3 2013-1' successfully updated with 'Q3 2013' quarter
Success: Opportunity 'Opp-HOERMANN (SCHWEIZ) AG-Q3 2013-1' successfully updated with 'Q3 2013' quarter
Success: Opportunity 'Opp-HERMES TRANSPORT AG-Q3 2013-1' successfully updated with 'Q3 2013' quarter
Success: Opportunity 'Opp-COFES SA-Q3 2013-1' successfully updated with 'Q3 2013' quarter
Success: Opportunity 'Opp-Containex-Q3 2013-1' successfully updated with 'Q3 2013' quarter
Success: Opportunity 'Opp-GRUNDFOS PUMPEN AG-Q3 2013-1' successfully updated with 'Q3 2013' quarter
Success: Opportunity 'Opp-GIGA SERVICES SA-Q3 2013-1' successfully updated with 'Q3 2013' quarter
Success: Opportunity 'Opp-DELAVAL AG-Q3 2013-1' successfully updated with 'Q3 2013' quarter
Success: Opportunity 'Opp-DELTA STAHLROEHRE BV-Q3 2013-1' successfully updated with 'Q3 2013' quarter
Success: Opportunity 'Opp-FL/LANDESVERWALTUNG-Q3 2013-1' successfully updated with 'Q3 2013' quarter
Success: Opportunity 'Opp-DUENKI A. TRANSPORTUNTERNEHMEN-Q3 2013-1' successfully updated with 'Q3 2013' quarter
Success: Opportunity 'Opp-Erzdizese Wien-Q3 2013-1' successfully updated with 'Q3 2013' quarter
Success: Opportunity 'Opp-EVOLUTIS SARL-Q3 2013-1' successfully updated with 'Q3 2013' quarter
Success: Opportunity 'Opp-ESH MANAGEMENT SA-Q3 2013-1' successfully updated with 'Q3 2013' quarter
Success: Opportunity 'Opp-SCHNABL ANDREAS, ING-Q3 2013-2' successfully updated with 'Q3 2013' quarter
Success: Opportunity 'Opp-REWE INTERNATIONAL TRU-Q3 2013-2' successfully updated with 'Q3 2013' quarter
Success: Opportunity 'Opp-FTAGN/OSYS AG-2013 Q3-1' successfully updated with 'Q3 2013' quarter
Success: Opportunity 'Opp-Geb Krankenk NÖ-Q3 2013-2' successfully updated with 'Q3 2013' quarter
Success: Opportunity 'Opp-WSK BANK AG-Q3 2013-2' successfully updated with 'Q3 2013' quarter
Success: Opportunity 'Opp-AT&S Hinterberg-Q3 2013-2' successfully updated with 'Q3 2013' quarter
Success: Opportunity 'Opp-GALEXIS AG-Q3 2013-1' successfully updated with 'Q3 2013' quarter
Success: Opportunity 'Opp-GEOLOGISCHE BUNDESANST-Q3 2013-1' successfully updated with 'Q3 2013' quarter
Success: Opportunity 'Opp-BA/APC-PRO SA-2013 Q3-1' successfully updated with 'Q3 2013' quarter
Success: Opportunity 'Opp-Englmayer Sped-Q3 2013-3' successfully updated with 'Q3 2013' quarter
Success: Opportunity 'Opp-VNSP/BASE AG SW-ENGINEERING-2013 Q3-1' successfully updated with 'Q3 2013' quarter
Success: Opportunity 'Opp-KCS.net Österreich Gmb-Q3 2013-2' successfully updated with 'Q3 2013' quarter
Success: Opportunity 'Opp-Akras Flavours-Q3 2013-2' successfully updated with 'Q3 2013' quarter
Success: Opportunity 'Opp-Scientific Games Int-Q3 2013-2' successfully updated with 'Q3 2013' quarter
Success: Opportunity 'Opp-FTVAR/OSYS AG-2013 Q3-1' successfully updated with 'Q3 2013' quarter
Success: Opportunity 'Opp-XXXLUTZ KG         TRU-Q3 2013-2' successfully updated with 'Q3 2013' quarter
Success: Opportunity 'Opp-UBIS AUSTRIA-Q3 2013-3' successfully updated with 'Q3 2013' quarter
Success: Opportunity 'Opp-KAV ADV (IMC)-Q3 2013-2' successfully updated with 'Q3 2013' quarter
Success: Opportunity 'Opp-MAGNA STEYR Fahrzeug-Q3 2013-2' successfully updated with 'Q3 2013' quarter
Success: Opportunity 'Opp-STVAR/ACOMMIT AG-2013 Q3-1' successfully updated with 'Q3 2013' quarter
Success: Opportunity 'Opp-DADC Austria-Q3 2013-4' successfully updated with 'Q3 2013' quarter
Success: Opportunity 'Opp-Kraftwerke VKW Vbg-Q3 2013-2' successfully updated with 'Q3 2013' quarter
Success: Opportunity 'Opp-PwC Österreich GmbH-Q3 2013-2' successfully updated with 'Q3 2013' quarter
Success: Opportunity 'Opp-Messner GmbH-Q3 2013-2' successfully updated with 'Q3 2013' quarter
Success: Opportunity 'Opp-B/UNITED MIZRAHI BANK-Q3 2013-1' successfully updated with 'Q3 2013' quarter
Success: Opportunity 'Opp-BAER RENE AG ANTRIEBSTECHNIK-2013 Q3-1' successfully updated with 'Q3 2013' quarter
Success: Opportunity 'Opp-Landesklinikum Melk-Q3 2013-3' successfully updated with 'Q3 2013' quarter
Success: Opportunity 'Opp-Wr. Neustädt Wäschere-Q3 2013-1' successfully updated with 'Q3 2013' quarter
Success: Opportunity 'Opp-Wimmer Medien-Q3 2013-1' successfully updated with 'Q3 2013' quarter
Success: Opportunity 'Opp-Weitzer-Parkett-Q3 2013-1' successfully updated with 'Q3 2013' quarter
Success: Opportunity 'Opp-ADAMER&KNEISSL-Q3 2013-2' successfully updated with 'Q3 2013' quarter
Success: Opportunity 'Opp-ADEG Ruhdorfer Chr TRU-Q3 2013-1' successfully updated with 'Q3 2013' quarter
Success: Opportunity 'Opp-ADEG Österreich-Q3 2013-1' successfully updated with 'Q3 2013' quarter
Success: Opportunity 'Opp-ADNOVUM INFORMATIK AG-Q3 2013-1' successfully updated with 'Q3 2013' quarter
Success: Opportunity 'Opp-UBIS AUSTRIA-Q3 2013-2' successfully updated with 'Q3 2013' quarter
Success: Opportunity 'Opp-AIR-COLOR SA-Q3 2013-1' successfully updated with 'Q3 2013' quarter
Success: Opportunity 'Opp-TRU/CHAUSSURES AESCHBACH-Q3 2013-1' successfully updated with 'Q3 2013' quarter
Success: Opportunity 'Opp-TRANS FIDUCIAIRE SA-Q3 2013-1' successfully updated with 'Q3 2013' quarter
Success: Opportunity 'Opp-TAAGN/TECHNOLOGIES INFORMATIQU-Q3 2013-1' successfully updated with 'Q3 2013' quarter
Success: Opportunity 'Opp-Svoboda & Co Mbelwerk-Q3 2013-2' successfully updated with 'Q3 2013' quarter
Success: Opportunity 'Opp-Spielo International-Q3 2013-2' successfully updated with 'Q3 2013' quarter
Success: Opportunity 'Opp-Skidata-Q3 2013-1' successfully updated with 'Q3 2013' quarter
Success: Opportunity 'Opp-Skidata Solution Servi-Q3 2013-1' successfully updated with 'Q3 2013' quarter
Success: Opportunity 'Opp-Skidata AG interne IT-Q3 2013-1' successfully updated with 'Q3 2013' quarter
Success: Opportunity 'Opp-SkiData AG-Q3 2013-2' successfully updated with 'Q3 2013' quarter
Success: Opportunity 'Opp-Schlo~hotel Freisitz R-Q3 2013-1' successfully updated with 'Q3 2013' quarter
Success: Opportunity 'Opp-LANDESKLINIKUM HOLLABR-Q3 2013-1' successfully updated with 'Q3 2013' quarter
Success: Opportunity 'Opp-Salesianer Miettex-Q3 2013-1' successfully updated with 'Q3 2013' quarter
Success: Opportunity 'Opp-UNICREDIT LEASING-Q3 2013-1' successfully updated with 'Q3 2013' quarter
Success: Opportunity 'Opp-Landesklinikum Melk-Q3 2013-2' successfully updated with 'Q3 2013' quarter
Success: Opportunity 'Opp-Rist Theodor R.-Q3 2013-1' successfully updated with 'Q3 2013' quarter
Success: Opportunity 'Opp-SERGE FERRARI AG-Q3 2013-1' successfully updated with 'Q3 2013' quarter
Success: Opportunity 'Opp-Adeg Othmar Ratzin TRU-Q3 2013-1' successfully updated with 'Q3 2013' quarter
Success: Opportunity 'Opp-PREMEC SA-Q3 2013-1' successfully updated with 'Q3 2013' quarter
Success: Opportunity 'Opp-PICCADILLY SA-Q3 2013-1' successfully updated with 'Q3 2013' quarter
Success: Opportunity 'Opp-B/BORDIER & CIE BANQUIERS-Q3 2013-1' successfully updated with 'Q3 2013' quarter
Success: Opportunity 'Opp-NEWEDGE GROUP-Q3 2013-1' successfully updated with 'Q3 2013' quarter
Success: Opportunity 'Opp-B/SOCIETE GENERALE PRIVATE-Q3 2013-1' successfully updated with 'Q3 2013' quarter
Success: Opportunity 'Opp-Lindt & Sprüngli-Q3 2013-1' successfully updated with 'Q3 2013' quarter
Success: Opportunity 'Opp-BARRACUDA NETWORKS AG-Q3 2013-1' successfully updated with 'Q3 2013' quarter
Success: Opportunity 'Opp-Klacska P.GmbH + Co KG-Q3 2013-1' successfully updated with 'Q3 2013' quarter
Success: Opportunity 'Opp-BIELLA SCHWEIZ AG-Q3 2013-1' successfully updated with 'Q3 2013' quarter
Success: Opportunity 'Opp-KISLING AG-Q3 2013-1' successfully updated with 'Q3 2013' quarter
Success: Opportunity 'Opp-BOI GesmbH-Q3 2013-1' successfully updated with 'Q3 2013' quarter
Success: Opportunity 'Opp-KELLER & GLASER-Q3 2013-1' successfully updated with 'Q3 2013' quarter
Success: Opportunity 'Opp-KAUFHAUS FIDLER IN TRU-Q3 2013-1' successfully updated with 'Q3 2013' quarter
Success: Opportunity 'Opp-KAO SWITZERLAND AG-Q3 2013-1' successfully updated with 'Q3 2013' quarter
Success: Opportunity 'Opp-JCL LOGISTICS SWITZERLAND AG-Q3 2013-1' successfully updated with 'Q3 2013' quarter
Success: Opportunity 'Opp-Industrie-Logistik-Lin-Q3 2013-1' successfully updated with 'Q3 2013' quarter
Success: Opportunity 'Opp-ISV/COMARCH SWISS AG-Q3 2013-1' successfully updated with 'Q3 2013' quarter
Success: Opportunity 'Opp-ISV/ADNOVUM INFORMATIK AG-Q3 2013-1' successfully updated with 'Q3 2013' quarter
Success: Opportunity 'Opp-INTERCITY VERWALTUNGS-AG-Q3 2013-1' successfully updated with 'Q3 2013' quarter
Success: Opportunity 'Opp-IMAFID SA-Q3 2013-1' successfully updated with 'Q3 2013' quarter
Success: Opportunity 'Opp-Buresch Karin      TRU-Q3 2013-1' successfully updated with 'Q3 2013' quarter
Success: Opportunity 'Opp-IEC-INTERNAT.ELECTROTECH.COMM.-Q3 2013-1' successfully updated with 'Q3 2013' quarter
Success: Opportunity 'Opp-C & C ABHOLGROMÄRKTE-Q3 2013-1' successfully updated with 'Q3 2013' quarter
Success: Opportunity 'Opp-Hilti AG Thüringen-Q3 2013-1' successfully updated with 'Q3 2013' quarter
Success: Opportunity 'Opp-HOROVITZ ET TOTAH SA-Q3 2013-1' successfully updated with 'Q3 2013' quarter
Success: Opportunity 'Opp-HALLTEX-Q3 2013-1' successfully updated with 'Q3 2013' quarter
Success: Opportunity 'Opp-CLARIANT (SCHWEIZ) AG-Q3 2013-1' successfully updated with 'Q3 2013' quarter
Success: Opportunity 'Opp-COMARCH SWISS AG-Q3 2013-1' successfully updated with 'Q3 2013' quarter
Success: Opportunity 'Opp-Connex Verkehr-Q3 2013-1' successfully updated with 'Q3 2013' quarter
Success: Opportunity 'Opp-GRANGE & CIE SA-Q3 2013-1' successfully updated with 'Q3 2013' quarter
Success: Opportunity 'Opp-DBS Schachner-Q3 2013-1' successfully updated with 'Q3 2013' quarter
Success: Opportunity 'Opp-G/REN ZIL-GARAGE ST.GALLEN AG-Q3 2013-1' successfully updated with 'Q3 2013' quarter
Success: Opportunity 'Opp-G/GARAGE FOITEK AG-Q3 2013-1' successfully updated with 'Q3 2013' quarter
Success: Opportunity 'Opp-G/AUTOCENTRO CARLO STEGER SA-Q3 2013-1' successfully updated with 'Q3 2013' quarter
Success: Opportunity 'Opp-FRAMA AG-Q3 2013-1' successfully updated with 'Q3 2013' quarter
Success: Opportunity 'Opp-FIRST ADVISORY GROUP-Q3 2013-1' successfully updated with 'Q3 2013' quarter
Success: Opportunity 'Opp-Demner & Merlicek-Q3 2013-1' successfully updated with 'Q3 2013' quarter
Success: Opportunity 'Opp-Erne & Co Rohrbogenw-Q3 2013-2' successfully updated with 'Q3 2013' quarter
Success: Opportunity 'Opp-QUADRANTI B. E FIGLIO-Q3 2013-1' successfully updated with 'Q3 2013' quarter
Success: Opportunity 'Opp-GRAEUB AUTO CENTER AG-2013 Q3-1' successfully updated with 'Q3 2013' quarter
Success: Opportunity 'Opp-IMTECH ICT AUSTRIA GMB-Q3 2013-3' successfully updated with 'Q3 2013' quarter
Success: Opportunity 'Opp-ZH/DIREKTION DER JUSTIZ D.KT.Z-Q3 2013-1' successfully updated with 'Q3 2013' quarter
Success: Opportunity 'Opp-PROZ FRERES SA-Q3 2013-1' successfully updated with 'Q3 2013' quarter
Success: Opportunity 'Opp-Pfeiffer Handelsgm TRU-Q3 2013-2' successfully updated with 'Q3 2013' quarter
Success: Opportunity 'Opp-MULTIVAC EXPORT AG-Q3 2013-1' successfully updated with 'Q3 2013' quarter
Success: Opportunity 'Opp-Systema-Q3 2013-2' successfully updated with 'Q3 2013' quarter
Success: Opportunity 'Opp-INOTEX BERN AG-Q3 2013-1' successfully updated with 'Q3 2013' quarter
Success: Opportunity 'Opp-A1 TELEKOM AUSTRIA  AG-Q3 2013-2' successfully updated with 'Q3 2013' quarter
Success: Opportunity 'Opp-Vers.f.Eisenbahnen-Q3 2013-2' successfully updated with 'Q3 2013' quarter
Success: Opportunity 'Opp-Vers.Anst.f.Eisenbah-Q3 2013-1' successfully updated with 'Q3 2013' quarter
Success: Opportunity 'Opp-ISV/ERGON INFORMATIK AG-2013 Q3-1' successfully updated with 'Q3 2013' quarter
Success: Opportunity 'Opp-STVAR/FLEXSYSTEMS AG-2013 Q3-1' successfully updated with 'Q3 2013' quarter
Success: Opportunity 'Opp-SWISSLOG AG-2013 Q3-1' successfully updated with 'Q3 2013' quarter
Success: Opportunity 'Opp-STVAR/UMB AG-2013 Q3-1' successfully updated with 'Q3 2013' quarter
Success: Opportunity 'Opp-STVAR/BECHTLE REGENSDORF AG-2013 Q3-1' successfully updated with 'Q3 2013' quarter
Success: Opportunity 'Opp-SAG MOTION GMBH-Q3 2013-2' successfully updated with 'Q3 2013' quarter
Success: Opportunity 'Opp-NORD-TRANSPORT AG-2013 Q3-1' successfully updated with 'Q3 2013' quarter
Success: Opportunity 'Opp-BERNHARD BAUMSCHULEN AG-2013 Q3-1' successfully updated with 'Q3 2013' quarter
Success: Opportunity 'Opp-KWIZDA HOLDING GMBH-Q3 2013-2' successfully updated with 'Q3 2013' quarter
Success: Opportunity 'Opp-KOENIG FEINSTAHL AG-2013 Q3-1' successfully updated with 'Q3 2013' quarter
Success: Opportunity 'Opp-ITPEARLS AG-2013 Q3-1' successfully updated with 'Q3 2013' quarter
Success: Opportunity 'Opp-GASCOGNE LAMINATES SWITZERLAND-Q3 2013-1' successfully updated with 'Q3 2013' quarter
Success: Opportunity 'Opp-FRANZ AG-2013 Q3-1' successfully updated with 'Q3 2013' quarter
Success: Opportunity 'Opp-Ä rztek. Salzburg-Q3 2013-1' successfully updated with 'Q3 2013' quarter
Success: Opportunity 'Opp-ACUTRONIC SCHWEIZ AG-Q3 2013-1' successfully updated with 'Q3 2013' quarter
Success: Opportunity 'Opp-VAUDOISE ASSURANCES-Q3 2013-1' successfully updated with 'Q3 2013' quarter
Success: Opportunity 'Opp-V/SMP DEPT.FINANZEN UND EDV-2013 Q3-1' successfully updated with 'Q3 2013' quarter
Success: Opportunity 'Opp-AHV/SVA SG-Q3 2013-1' successfully updated with 'Q3 2013' quarter
Success: Opportunity 'Opp-ALPINE BAU GMBH-Q3 2013-1' successfully updated with 'Q3 2013' quarter
Success: Opportunity 'Opp-TA TRIUMPH-ADLER VISINFO AG-Q3 2013-1' successfully updated with 'Q3 2013' quarter
Success: Opportunity 'Opp-TI/CASSA PENSIONI CITTA LUGANO-Q3 2013-1' successfully updated with 'Q3 2013' quarter
Success: Opportunity 'Opp-Sparda Villach/Innsbr-Q3 2013-1' successfully updated with 'Q3 2013' quarter
Success: Opportunity 'Opp-Socit Gnrale-Q3 2013-1' successfully updated with 'Q3 2013' quarter
Success: Opportunity 'Opp-Theresienhof KH-Q3 2013-1' successfully updated with 'Q3 2013' quarter
Success: Opportunity 'Opp-SIKA INFORMATIONSSYSTEME AG-Q3 2013-1' successfully updated with 'Q3 2013' quarter
Success: Opportunity 'Opp-SABO OLEIFICIO-Q3 2013-1' successfully updated with 'Q3 2013' quarter
Success: Opportunity 'Opp-RRG ZUERICH SA-2013 Q3-1' successfully updated with 'Q3 2013' quarter
Success: Opportunity 'Opp-Pfanner-Q3 2013-2' successfully updated with 'Q3 2013' quarter
Success: Opportunity 'Opp-Peneder Service-Q3 2013-1' successfully updated with 'Q3 2013' quarter
Success: Opportunity 'Opp-B/BANCA ALETTI & C. (SUISSE)-Q3 2013-1' successfully updated with 'Q3 2013' quarter
Success: Opportunity 'Opp-PAISTE AG-Q3 2013-1' successfully updated with 'Q3 2013' quarter
Success: Opportunity 'Opp-Montanwerke Brixlegg-Q3 2013-1' successfully updated with 'Q3 2013' quarter
Success: Opportunity 'Opp-Med. Zentrallabor-Q3 2013-2' successfully updated with 'Q3 2013' quarter
Success: Opportunity 'Opp-MORAND FRERES VINS-Q3 2013-1' successfully updated with 'Q3 2013' quarter
Success: Opportunity 'Opp-KEBA AG-Q3 2013-1' successfully updated with 'Q3 2013' quarter
Success: Opportunity 'Opp-K E B A-Q3 2013-1' successfully updated with 'Q3 2013' quarter
Success: Opportunity 'Opp-ISV/ES CONCEPT SA-Q3 2013-1' successfully updated with 'Q3 2013' quarter
Success: Opportunity 'Opp-CARROSSERIE HESS AG-Q3 2013-1' successfully updated with 'Q3 2013' quarter
Success: Opportunity 'Opp-HAKAMA AG-Q3 2013-1' successfully updated with 'Q3 2013' quarter
Success: Opportunity 'Opp-GIEZENDANNER TRANSPORT AG-Q3 2013-1' successfully updated with 'Q3 2013' quarter
Success: Opportunity 'Opp-Frischeis J. & A.-Q3 2013-1' successfully updated with 'Q3 2013' quarter
Success: Opportunity 'Opp-FR. SAUTER AG-Q3 2013-1' successfully updated with 'Q3 2013' quarter
Success: Opportunity 'Opp-FERRECCHI FIDUCIARIA SA-Q3 2013-1' successfully updated with 'Q3 2013' quarter
Success: Opportunity 'Opp-Digital Elektronik-Q3 2013-2' successfully updated with 'Q3 2013' quarter
Success: Opportunity 'Opp-FACONA Fashion     TRU-Q3 2013-1' successfully updated with 'Q3 2013' quarter
Success: Opportunity 'Opp-E.Bernhard GmbH & CoKG-Q3 2013-1' successfully updated with 'Q3 2013' quarter
Success: Opportunity 'Opp-EAO AG-Q3 2013-1' successfully updated with 'Q3 2013' quarter
Success: Opportunity 'Opp-Fiegl & Spielberger-Q3 2013-2' successfully updated with 'Q3 2013' quarter
Success: Opportunity 'Opp-TRECOR SA-Q3 2013-1' successfully updated with 'Q3 2013' quarter
Success: Opportunity 'Opp-Brvz GesmbH-Q3 2013-2' successfully updated with 'Q3 2013' quarter
Success: Opportunity 'Opp-ARZ Allgemeines Rechen-Q3 2013-2' successfully updated with 'Q3 2013' quarter
Success: Opportunity 'Opp-FARDAFID SA-Q3 2013-1' successfully updated with 'Q3 2013' quarter
Success: Opportunity 'Opp-DIGITEC AG-Q3 2013-1' successfully updated with 'Q3 2013' quarter
Success: Opportunity 'Opp-I/AO FOUNDATION-2013 Q3-1' successfully updated with 'Q3 2013' quarter
Success: Opportunity 'Opp-Sport Eybl & Sport TRU-Q3 2013-3' successfully updated with 'Q3 2013' quarter
Success: Opportunity 'Opp-B/LLOYDS TSB BANK PLC,LONDRES-Q3 2013-1' successfully updated with 'Q3 2013' quarter
Success: Opportunity 'Opp-TYCO FIRE-Q3 2013-1' successfully updated with 'Q3 2013' quarter
Success: Opportunity 'Opp-STVAR/PRISME SOLUTIONS INF.-2013 Q3-1' successfully updated with 'Q3 2013' quarter
Success: Opportunity 'Opp-GP/GATE INFORMATIC SA-2013 Q3-1' successfully updated with 'Q3 2013' quarter
Success: Opportunity 'Opp-Josef Brtzner GesmbH-Q3 2013-2' successfully updated with 'Q3 2013' quarter
Success: Opportunity 'Opp-WU-Q3 2013-1' successfully updated with 'Q3 2013' quarter
Success: Opportunity 'Opp-WALTER BÖSCH GMBH&CO K-Q3 2013-2' successfully updated with 'Q3 2013' quarter
Success: Opportunity 'Opp-Visa Austria-Q3 2013-2' successfully updated with 'Q3 2013' quarter
Success: Opportunity 'Opp-Viking GmbH-Q3 2013-2' successfully updated with 'Q3 2013' quarter
Success: Opportunity 'Opp-TAAGN/SIRIUS ITC AG-2013 Q3-1' successfully updated with 'Q3 2013' quarter
Success: Opportunity 'Opp-Adria Bank-Q3 2013-2' successfully updated with 'Q3 2013' quarter
Success: Opportunity 'Opp-Pfanner-Q3 2013-3' successfully updated with 'Q3 2013' quarter
Success: Opportunity 'Opp-BAHAG Baus-Q3 2013-3' successfully updated with 'Q3 2013' quarter
Success: Opportunity 'Opp-FRANKE INDUSTRIE AG-2013 Q3-1' successfully updated with 'Q3 2013' quarter
Success: Opportunity 'Opp-iT-AUSTRIA RS/6000-Q4 2013-1' successfully updated with 'Q4 2013' quarter
Success: Opportunity 'Opp-Wien IT-Q4 2013-1' successfully updated with 'Q4 2013' quarter
Success: Opportunity 'Opp-VOEGTLIN-MEYER AG-Q4 2013-1' successfully updated with 'Q4 2013' quarter
Success: Opportunity 'Opp-VNSP/THETAZ INFORMATIK AG-Q4 2013-1' successfully updated with 'Q4 2013' quarter
Success: Opportunity 'Opp-Trust Steiner-Q4 2013-1' successfully updated with 'Q4 2013' quarter
Success: Opportunity 'Opp-Sutterlüty Handel GmbH-Q4 2013-1' successfully updated with 'Q4 2013' quarter
Success: Opportunity 'Opp-TAAGN/ECONIS AG-Q4 2013-1' successfully updated with 'Q4 2013' quarter
Success: Opportunity 'Opp-iT-AUSTRIA AS/400-Q4 2013-1' successfully updated with 'Q4 2013' quarter
Success: Opportunity 'Opp-Geb Krankenk NÖ-Q4 2013-1' successfully updated with 'Q4 2013' quarter
Success: Opportunity 'Opp-SWISSCOM AG-Q4 2013-1' successfully updated with 'Q4 2013' quarter
Success: Opportunity 'Opp-doppler E. Doppler-Q4 2013-1' successfully updated with 'Q4 2013' quarter
Success: Opportunity 'Opp-SGG WASER AG-Q4 2013-1' successfully updated with 'Q4 2013' quarter
Success: Opportunity 'Opp-SCA Graphic Laakirchen-Q4 2013-1' successfully updated with 'Q4 2013' quarter
Success: Opportunity 'Opp-RUAG SPACE AG         ICN ONLY-Q4 2013-1' successfully updated with 'Q4 2013' quarter
Success: Opportunity 'Opp-Ambos EDV Beratung-Q4 2013-1' successfully updated with 'Q4 2013' quarter
Success: Opportunity 'Opp-RIBASTOREN AG-Q4 2013-1' successfully updated with 'Q4 2013' quarter
Success: Opportunity 'Opp-REWE International-Q4 2013-1' successfully updated with 'Q4 2013' quarter
Success: Opportunity 'Opp-PROMENA HOLDING AG-Q4 2013-1' successfully updated with 'Q4 2013' quarter
Success: Opportunity 'Opp-PFS PENSION FUND SERVICES AG-Q4 2013-1' successfully updated with 'Q4 2013' quarter
Success: Opportunity 'Opp-OPTISWISS AG-Q4 2013-1' successfully updated with 'Q4 2013' quarter
Success: Opportunity 'Opp-NYCO FLEXIBLE PACKAGING GMBH-Q4 2013-1' successfully updated with 'Q4 2013' quarter
Success: Opportunity 'Opp-MULLER FRANCK WATCHLAND SA-Q4 2013-1' successfully updated with 'Q4 2013' quarter
Success: Opportunity 'Opp-MCDONALD'S SUISSE MANAGEMENT-Q4 2013-1' successfully updated with 'Q4 2013' quarter
Success: Opportunity 'Opp-LYRECO SWITZERLAND AG-Q4 2013-2' successfully updated with 'Q4 2013' quarter
Success: Opportunity 'Opp-LYRECO SWITZERLAND AG-Q4 2013-1' successfully updated with 'Q4 2013' quarter
Success: Opportunity 'Opp-LOUIS DREYFUS COMMODITIES-Q4 2013-1' successfully updated with 'Q4 2013' quarter
Success: Opportunity 'Opp-BE/WIRTSCHAFTS- UND KADERSCHUL-Q4 2013-1' successfully updated with 'Q4 2013' quarter
Success: Opportunity 'Opp-Kargl Josef        TRU-Q4 2013-1' successfully updated with 'Q4 2013' quarter
Success: Opportunity 'Opp-KRONOSPAN SCHWEIZ AG-Q4 2013-1' successfully updated with 'Q4 2013' quarter
Success: Opportunity 'Opp-BOSE AG-Q4 2013-1' successfully updated with 'Q4 2013' quarter
Success: Opportunity 'Opp-JUKI AUTOMATION SYSTEMS AG-Q4 2013-1' successfully updated with 'Q4 2013' quarter
Success: Opportunity 'Opp-ISV/ECOMEDIA AG-Q4 2013-1' successfully updated with 'Q4 2013' quarter
Success: Opportunity 'Opp-Biergasthof Otto   TRU-Q4 2013-1' successfully updated with 'Q4 2013' quarter
Success: Opportunity 'Opp-INTERNATIONAL SCHOOL ZH AND LU-Q4 2013-1' successfully updated with 'Q4 2013' quarter
Success: Opportunity 'Opp-Bose GesmbH-Q4 2013-1' successfully updated with 'Q4 2013' quarter
Success: Opportunity 'Opp-Henelit-Q4 2013-1' successfully updated with 'Q4 2013' quarter
Success: Opportunity 'Opp-HUCO AG LEUCHTENFABRIK-Q4 2013-1' successfully updated with 'Q4 2013' quarter
Success: Opportunity 'Opp-CITROEN (SUISSE) SA-Q4 2013-1' successfully updated with 'Q4 2013' quarter
Success: Opportunity 'Opp-CREATIVE FACTORY-Q4 2013-1' successfully updated with 'Q4 2013' quarter
Success: Opportunity 'Opp-GSMN VAUD SA-Q4 2013-1' successfully updated with 'Q4 2013' quarter
Success: Opportunity 'Opp-GKK STMK-Q4 2013-1' successfully updated with 'Q4 2013' quarter
Success: Opportunity 'Opp-GE/DIRECTION DES SYSTEMES-Q4 2013-1' successfully updated with 'Q4 2013' quarter
Success: Opportunity 'Opp-GASSMANN OTTO JACQUES AG-Q4 2013-1' successfully updated with 'Q4 2013' quarter
Success: Opportunity 'Opp-G/SEEGARAGE MUELLER AG-Q4 2013-1' successfully updated with 'Q4 2013' quarter
Success: Opportunity 'Opp-FTVAR/ECONIS AG-Q4 2013-1' successfully updated with 'Q4 2013' quarter
Success: Opportunity 'Opp-FRAMSOHN Frottier-Q4 2013-1' successfully updated with 'Q4 2013' quarter
Success: Opportunity 'Opp-FIDEWO AG-Q4 2013-1' successfully updated with 'Q4 2013' quarter
Success: Opportunity 'Opp-E+H SERVICES AG-Q4 2013-1' successfully updated with 'Q4 2013' quarter
Success: Opportunity 'Opp-MUSIK-MEYER AG-Q4 2013-1' successfully updated with 'Q4 2013' quarter
Success: Opportunity 'Opp-EDV-Design Information-Q4 2013-2' successfully updated with 'Q4 2013' quarter
Success: Opportunity 'Opp-STVAR/SISA STUDIO INFORMATICA-2013 Q4-1' successfully updated with 'Q4 2013' quarter
Success: Opportunity 'Opp-SANDER ERNST AG-Q4 2013-1' successfully updated with 'Q4 2013' quarter
Success: Opportunity 'Opp-BRUNO ROELLIN AG-2013 Q4-1' successfully updated with 'Q4 2013' quarter
Success: Opportunity 'Opp-DUFRY MANAGEMENT LTD-Q4 2013-1' successfully updated with 'Q4 2013' quarter
Success: Opportunity 'Opp-Scheuch GmbH-Q4 2013-3' successfully updated with 'Q4 2013' quarter
Success: Opportunity 'Opp-Tyrolit Schleifmittel-Q4 2013-2' successfully updated with 'Q4 2013' quarter
Success: Opportunity 'Opp-OM PHARMA-Q4 2013-1' successfully updated with 'Q4 2013' quarter
Success: Opportunity 'Opp-CENTONZE S.A-Q4 2013-1' successfully updated with 'Q4 2013' quarter
Success: Opportunity 'Opp-WIBERG AG-2013 Q4-1' successfully updated with 'Q4 2013' quarter
Success: Opportunity 'Opp-STVAR/ACOMMIT AG-2013 Q4-1' successfully updated with 'Q4 2013' quarter
Success: Opportunity 'Opp-MGP METRO GROUP ACCOUNT-2013 Q4-1' successfully updated with 'Q4 2013' quarter
Success: Opportunity 'Opp-Autohaus Pfaller-Q4 2013-1' successfully updated with 'Q4 2013' quarter
Success: Opportunity 'Opp-OSTERWALDER ZUERICH AG-2013 Q4-1' successfully updated with 'Q4 2013' quarter
Success: Opportunity 'Opp-Nutzfahrzeuge Haubner-Q4 2013-2' successfully updated with 'Q4 2013' quarter
Success: Opportunity 'Opp-Kärntner Milch Reg gen-Q4 2013-2' successfully updated with 'Q4 2013' quarter
Success: Opportunity 'Opp-BPIBM/KYBERNA AG-2013 Q4-1' successfully updated with 'Q4 2013' quarter
Success: Opportunity 'Opp-Daily Service GmbH-Q4 2013-2' successfully updated with 'Q4 2013' quarter
Success: Opportunity 'Opp-Zobl/Bauer Wirt.Treuh-Q4 2013-1' successfully updated with 'Q4 2013' quarter
Success: Opportunity 'Opp-ZLM ZENTRUM F LABORMEDIZIN-Q4 2013-1' successfully updated with 'Q4 2013' quarter
Success: Opportunity 'Opp-VON ROLL ITEC AG-Q4 2013-1' successfully updated with 'Q4 2013' quarter
Success: Opportunity 'Opp-ADEG Stadlmann     TRU-Q4 2013-1' successfully updated with 'Q4 2013' quarter
Success: Opportunity 'Opp-TRU/H/PARK-HOTEL BAD ZURZACH-Q4 2013-1' successfully updated with 'Q4 2013' quarter
Success: Opportunity 'Opp-THALES RAIL SIGNALLING-Q4 2013-1' successfully updated with 'Q4 2013' quarter
Success: Opportunity 'Opp-ANGST & PFISTER-Q4 2013-1' successfully updated with 'Q4 2013' quarter
Success: Opportunity 'Opp-Wohnbauverein Privatan-Q4 2013-1' successfully updated with 'Q4 2013' quarter
Success: Opportunity 'Opp-STERN CREATIONS, BRANCH OF-Q4 2013-1' successfully updated with 'Q4 2013' quarter
Success: Opportunity 'Opp-SR OPERATIONS SA-Q4 2013-1' successfully updated with 'Q4 2013' quarter
Success: Opportunity 'Opp-SH/KSD VERWALTUNGSGEBAEUDE-Q4 2013-1' successfully updated with 'Q4 2013' quarter
Success: Opportunity 'Opp-Adeg Standlmann Wo TRU-Q4 2013-1' successfully updated with 'Q4 2013' quarter
Success: Opportunity 'Opp-Richter u Co Schuhfabr-Q4 2013-1' successfully updated with 'Q4 2013' quarter
Success: Opportunity 'Opp-PFISTER MOEBEL AG-Q4 2013-1' successfully updated with 'Q4 2013' quarter
Success: Opportunity 'Opp-ORF-Q4 2013-1' successfully updated with 'Q4 2013' quarter
Success: Opportunity 'Opp-ORF-ENTERPRISE GMBH &-Q4 2013-1' successfully updated with 'Q4 2013' quarter
Success: Opportunity 'Opp-ORF Vorarlberg-Q4 2013-1' successfully updated with 'Q4 2013' quarter
Success: Opportunity 'Opp-ORF Steiermark-Q4 2013-1' successfully updated with 'Q4 2013' quarter
Success: Opportunity 'Opp-ORF STUDIO INNSBRUCK-Q4 2013-1' successfully updated with 'Q4 2013' quarter
Success: Opportunity 'Opp-ORF Obersterreich-Q4 2013-1' successfully updated with 'Q4 2013' quarter
Success: Opportunity 'Opp-ORF Niedersterreich-Q4 2013-1' successfully updated with 'Q4 2013' quarter
Success: Opportunity 'Opp-ORF Kärnten-Q4 2013-1' successfully updated with 'Q4 2013' quarter
Success: Opportunity 'Opp-ORF Burgenland-Q4 2013-1' successfully updated with 'Q4 2013' quarter
Success: Opportunity 'Opp-ORF  SALZBURG-Q4 2013-1' successfully updated with 'Q4 2013' quarter
Success: Opportunity 'Opp-NEO TECHNOLOGIES SA-Q4 2013-1' successfully updated with 'Q4 2013' quarter
Success: Opportunity 'Opp-BA/VON ROLL ITEC AG-Q4 2013-1' successfully updated with 'Q4 2013' quarter
Success: Opportunity 'Opp-Landeshauptstadt-Q4 2013-1' successfully updated with 'Q4 2013' quarter
Success: Opportunity 'Opp-BAYER (SCHWEIZ) AG-Q4 2013-1' successfully updated with 'Q4 2013' quarter
Success: Opportunity 'Opp-BEDAG INFORMATIK AG-Q4 2013-1' successfully updated with 'Q4 2013' quarter
Success: Opportunity 'Opp-Koller + Koller GmbH-Q4 2013-1' successfully updated with 'Q4 2013' quarter
Success: Opportunity 'Opp-KRUEGER & CO AG-Q4 2013-1' successfully updated with 'Q4 2013' quarter
Success: Opportunity 'Opp-BULK TRADING SA-Q4 2013-1' successfully updated with 'Q4 2013' quarter
Success: Opportunity 'Opp-Inführ Ingrid Getränke-Q4 2013-1' successfully updated with 'Q4 2013' quarter
Success: Opportunity 'Opp-INTERNATIONAL PAPER-Q4 2013-1' successfully updated with 'Q4 2013' quarter
Success: Opportunity 'Opp-ING. KOTZIAN-Q4 2013-1' successfully updated with 'Q4 2013' quarter
Success: Opportunity 'Opp-CAISSE DE COMPENSATION TRAVAUX-Q4 2013-1' successfully updated with 'Q4 2013' quarter
Success: Opportunity 'Opp-HAFINA-Q4 2013-1' successfully updated with 'Q4 2013' quarter
Success: Opportunity 'Opp-HAFINA - HANDELS- UND-Q4 2013-1' successfully updated with 'Q4 2013' quarter
Success: Opportunity 'Opp-GÖSSL GRETE OHG-Q4 2013-1' successfully updated with 'Q4 2013' quarter
Success: Opportunity 'Opp-GERAMA S.A.-Q4 2013-1' successfully updated with 'Q4 2013' quarter
Success: Opportunity 'Opp-GEP SA PLACEMENT COLLECTIFS-Q4 2013-1' successfully updated with 'Q4 2013' quarter
Success: Opportunity 'Opp-GE Jenbacher-Q4 2013-2' successfully updated with 'Q4 2013' quarter
Success: Opportunity 'Opp-DISTRIBA AG-Q4 2013-1' successfully updated with 'Q4 2013' quarter
Success: Opportunity 'Opp-G/CITROEN SUISSE SA FR-Q4 2013-1' successfully updated with 'Q4 2013' quarter
Success: Opportunity 'Opp-DUFRY TRAVEL RETAIL AG-Q4 2013-1' successfully updated with 'Q4 2013' quarter
Success: Opportunity 'Opp-FERRING INTERNATIONAL-Q4 2013-1' successfully updated with 'Q4 2013' quarter
Success: Opportunity 'Opp-ISV/REHM INFORMATIC AG-Q4 2013-1' successfully updated with 'Q4 2013' quarter
Success: Opportunity 'Opp-ATM AIR TERRE MER-Q4 2013-1' successfully updated with 'Q4 2013' quarter
Success: Opportunity 'Opp-UNISTO AG-Q4 2013-1' successfully updated with 'Q4 2013' quarter
Success: Opportunity 'Opp-ALPI SUISSE SA-Q4 2013-1' successfully updated with 'Q4 2013' quarter
Success: Opportunity 'Opp-ESCO SA FABRIQUE DE MACHINES-Q4 2013-1' successfully updated with 'Q4 2013' quarter
Success: Opportunity 'Opp-WOLFFGRAMM HEINZ AG-Q4 2013-1' successfully updated with 'Q4 2013' quarter
Success: Opportunity 'Opp-LU/HOCHSCHULE LUZERN-Q4 2013-1' successfully updated with 'Q4 2013' quarter
Success: Opportunity 'Opp-VON ROLL SCHWEIZ AG-Q4 2013-1' successfully updated with 'Q4 2013' quarter
Success: Opportunity 'Opp-TECHNO SUPPORT AND SERVICE SA-Q4 2013-1' successfully updated with 'Q4 2013' quarter
Success: Opportunity 'Opp-AVESTRA CHEMICAL (SUISEE) SA-Q4 2013-1' successfully updated with 'Q4 2013' quarter
Success: Opportunity 'Opp-FIFA FED.INT. DE FOOTBALL ASS.-Q4 2013-1' successfully updated with 'Q4 2013' quarter
Success: Opportunity 'Opp-GALEXIS AG-Q4 2013-1' successfully updated with 'Q4 2013' quarter
Success: Opportunity 'Opp-STVAR/BECHTLE REGENSDORF AG-Q4 2013-1' successfully updated with 'Q4 2013' quarter
Success: Opportunity 'Opp-FEDERATION DES ENTREPRISES-Q4 2013-1' successfully updated with 'Q4 2013' quarter
Success: Opportunity 'Opp-B/BAER JULIUS & CO. AG-Q4 2013-1' successfully updated with 'Q4 2013' quarter
Success: Opportunity 'Opp-VNSP/STERCI SA-Q4 2013-1' successfully updated with 'Q4 2013' quarter
Success: Opportunity 'Opp-B/TG/KANTONALBANK ABT. EDV-Q4 2013-1' successfully updated with 'Q4 2013' quarter
Success: Opportunity 'Opp-TAAGN/ECONIS AG-Q4 2013-3' successfully updated with 'Q4 2013' quarter
Success: Opportunity 'Opp-AUDATEX (SCHWEIZ) GMBH-Q4 2013-1' successfully updated with 'Q4 2013' quarter
Success: Opportunity 'Opp-LINDT & SPRUENGLI-Q4 2013-1' successfully updated with 'Q4 2013' quarter
Success: Opportunity 'Opp-ISYS SOFTWARE SA-Q4 2013-1' successfully updated with 'Q4 2013' quarter
Success: Opportunity 'Opp-ADUNO SA-Q4 2013-1' successfully updated with 'Q4 2013' quarter
Success: Opportunity 'Opp-ASSISTENT + PARTNER AG-Q4 2013-1' successfully updated with 'Q4 2013' quarter
Success: Opportunity 'Opp-B/AP ANLAGE & PRIVATBANK AG-Q4 2013-1' successfully updated with 'Q4 2013' quarter
Success: Opportunity 'Opp-HESS METALLE AG-Q4 2013-1' successfully updated with 'Q4 2013' quarter
Success: Opportunity 'Opp-RICHEMONT INTERNATIONAL CLIENT-Q4 2013-1' successfully updated with 'Q4 2013' quarter
Success: Opportunity 'Opp-BIEN-AIR DENTAL SA-Q4 2013-1' successfully updated with 'Q4 2013' quarter
Success: Opportunity 'Opp-VAC RENE JUNOD SA-Q4 2013-1' successfully updated with 'Q4 2013' quarter
Success: Opportunity 'Opp-HUELSENFABRIK LENZHARD-Q4 2013-1' successfully updated with 'Q4 2013' quarter
Success: Opportunity 'Opp-CAISSE DE COMPENSATION TRAVAUX-Q4 2013-3' successfully updated with 'Q4 2013' quarter
Success: Opportunity 'Opp-DUFERCO SA-Q4 2013-1' successfully updated with 'Q4 2013' quarter
Success: Opportunity 'Opp-SAINT-GOBAIN ISOVER S.A.-Q4 2013-1' successfully updated with 'Q4 2013' quarter
Success: Opportunity 'Opp-K/CONCORDIA-Q4 2013-1' successfully updated with 'Q4 2013' quarter
Success: Opportunity 'Opp-B/FALCON PRIVATE BANK-Q4 2013-1' successfully updated with 'Q4 2013' quarter
Success: Opportunity 'Opp-HAUG KOMPRESSOREN AG-Q4 2013-1' successfully updated with 'Q4 2013' quarter
Success: Opportunity 'Opp-SUNGARD (SWITZERLAND) SA ZH-Q4 2013-1' successfully updated with 'Q4 2013' quarter
Success: Opportunity 'Opp-VARGUS WERKZEUGTECHNIK SNEL AG-Q4 2013-1' successfully updated with 'Q4 2013' quarter
Success: Opportunity 'Opp-STVAR/UMB AG-Q4 2013-1' successfully updated with 'Q4 2013' quarter
Success: Opportunity 'Opp-SCHERRER ZEMENTW. AG-Q4 2013-1' successfully updated with 'Q4 2013' quarter
Success: Opportunity 'Opp-B/INTESA SANPAOLO-Q4 2013-1' successfully updated with 'Q4 2013' quarter
Success: Opportunity 'Opp-LUXURY GOODS INTERN (EX GUCCI)-Q4 2013-1' successfully updated with 'Q4 2013' quarter
Success: Opportunity 'Opp-DC SWISS S.A.-Q4 2013-1' successfully updated with 'Q4 2013' quarter
Success: Opportunity 'Opp-SUVA-Q4 2013-1' successfully updated with 'Q4 2013' quarter
Success: Opportunity 'Opp-SUVA ROESSLIMATT-Q4 2013-1' successfully updated with 'Q4 2013' quarter
Success: Opportunity 'Opp-BOXAL (SUISSE) SA-Q4 2013-1' successfully updated with 'Q4 2013' quarter
Success: Opportunity 'Opp-EMBRU-WERKE AG-Q4 2013-1' successfully updated with 'Q4 2013' quarter
Success: Opportunity 'Opp-NOVARTIS CONSUMER HEALTH SA-Q4 2013-1' successfully updated with 'Q4 2013' quarter
Success: Opportunity 'Opp-IGEFI SA-Q4 2013-1' successfully updated with 'Q4 2013' quarter
Success: Opportunity 'Opp-HAUETER FRITZ AG-Q4 2013-1' successfully updated with 'Q4 2013' quarter
Success: Opportunity 'Opp-VAC RENE JUNOD SA-Q4 2013-1' successfully updated with 'Q4 2013' quarter
Success: Opportunity 'Opp-STVAR/SEDNA INFORMATIK AG-Q4 2013-1' successfully updated with 'Q4 2013' quarter
Success: Opportunity 'Opp-STOERI AG-Q4 2013-1' successfully updated with 'Q4 2013' quarter
Success: Opportunity 'Opp-AVADIS VORSORGE AG-Q4 2013-1' successfully updated with 'Q4 2013' quarter
Success: Opportunity 'Opp-B+R LOGISTIK AG-Q4 2013-1' successfully updated with 'Q4 2013' quarter
Success: Opportunity 'Opp-HOLCIM GROUP SUPPORT LTD.-Q4 2013-1' successfully updated with 'Q4 2013' quarter
Success: Opportunity 'Opp-FED VAUDOISE ENTREPRENEURS-Q4 2013-1' successfully updated with 'Q4 2013' quarter
Success: Opportunity 'Opp-ELEVITE AG-Q4 2013-1' successfully updated with 'Q4 2013' quarter
Success: Opportunity 'Opp-CONSITEX SA-Q1 2014-1' successfully updated with 'Q1 2014' quarter
DONE
