Found opportunities: 521
Success: opportunity 'Opp-ARTWEGER GMBH & CO KG-Q3 2013-1' successfully updated with 'Q3 2013'
Success: opportunity 'Opp-#VALUE!-Q2 2013-1' successfully updated with 'Q2 2013'
Success: opportunity 'Opp-B/BANQUE INTERN. A LUXEMBOURG-Q2 2013-1' successfully updated with 'Q2 2013'
Success: opportunity 'Opp-BOBST MEX SA-Q2 2013-1' successfully updated with 'Q2 2013'
Error: Can't find offer for opportunity 'Opp-+330.01 DIREKTION INFORMATIKD.-Q1 2014-1'
Success: opportunity 'Opp-FER GENEVE INTEROUTE-Q3 2013-1' successfully updated with 'Q3 2013'
Success: opportunity 'Opp-+340.00 ECOLE POLYTECHNIQUE-Q2 2013-1' successfully updated with 'Q2 2013'
Success: opportunity 'Opp-+340.00 EPFL P DIT-GE-Q4 2013-1' successfully updated with 'Q4 2013'
Success: opportunity 'Opp-+609.000 BIT-Q2 2013-1' successfully updated with 'Q2 2013'
Success: opportunity 'Opp-3M Österreich G.m.b.H.-Q2 2013-1' successfully updated with 'Q2 2013'
Success: opportunity 'Opp-A1 TELEKOM AUSTRIA  AG-Q2 2013-1' successfully updated with 'Q2 2013'
Success: opportunity 'Opp-A1 TELEKOM AUSTRIA  AG-Q3 2013-1' successfully updated with 'Q3 2013'
Success: opportunity 'Opp-ABRAXAS INFORMATIK AG-Q2 2013-1' successfully updated with 'Q2 2013'
Success: opportunity 'Opp-ABRAXAS INFORMATIK AG-Q2 2013-2' successfully updated with 'Q2 2013'
Success: opportunity 'Opp-Trau~ner Hans-Q2 2013-1' successfully updated with 'Q2 2013'
Success: opportunity 'Opp-ABRAXAS JURIS AG-Q2 2013-1' successfully updated with 'Q2 2013'
Success: opportunity 'Opp-ADAMER&KNEISSL-Q3 2013-1' successfully updated with 'Q3 2013'
Success: opportunity 'Opp-AGEMAR SA-Q2 2013-1' successfully updated with 'Q2 2013'
Success: opportunity 'Opp-AIS ADV INFORM-Q2 2013-1' successfully updated with 'Q2 2013'
Success: opportunity 'Opp-AKH ARZ-Q3 2013-1' successfully updated with 'Q3 2013'
Success: opportunity 'Opp-ALSTOM (SCHWEIZ) AG-Q2 2013-1' successfully updated with 'Q2 2013'
Success: opportunity 'Opp-ANDRITZ HYDRO GMBH-Q2 2013-1' successfully updated with 'Q2 2013'
Success: opportunity 'Opp-ANDRITZ HYDRO GMBH-Q2 2013-2' successfully updated with 'Q2 2013'
Success: opportunity 'Opp-ANDRITZ HYDRO GmbH-Q2 2013-1' successfully updated with 'Q2 2013'
Success: opportunity 'Opp-ANGERMAYR GES.M.B.H.-Q2 2013-1' successfully updated with 'Q2 2013'
Success: opportunity 'Opp-APA-IT-Q3 2013-1' successfully updated with 'Q3 2013'
Success: opportunity 'Opp-ARS Software GmbH,-Q3 2013-1' successfully updated with 'Q3 2013'
Success: opportunity 'Opp-ARZ Allgemeines Rechen-Q3 2013-1' successfully updated with 'Q3 2013'
Success: opportunity 'Opp-ARZ Allgemeines Rechen-Q4 2013-1' successfully updated with 'Q4 2013'
Success: opportunity 'Opp-AT&S Hinterberg-Q2 2013-1' successfully updated with 'Q2 2013'
Success: opportunity 'Opp-AT&S Hinterberg-Q3 2013-1' successfully updated with 'Q3 2013'
Success: opportunity 'Opp-ATOS IT-Q2 2013-1' successfully updated with 'Q2 2013'
Success: opportunity 'Opp-ATOS IT-Q3 2013-1' successfully updated with 'Q3 2013'
Success: opportunity 'Opp-AUGUSTIN Network GmbH-Q3 2013-1' successfully updated with 'Q3 2013'
Success: opportunity 'Opp-AUTOHAUS-Q3 2013-1' successfully updated with 'Q3 2013'
Success: opportunity 'Opp-Adria Bank-Q3 2013-1' successfully updated with 'Q3 2013'
Success: opportunity 'Opp-Aerztekammer Vorarlb-Q3 2013-1' successfully updated with 'Q3 2013'
Success: opportunity 'Opp-Akras Flavours-Q3 2013-1' successfully updated with 'Q3 2013'
Success: opportunity 'Opp-Algorithmics-Q2 2013-1' successfully updated with 'Q2 2013'
Success: opportunity 'Opp-Alian Tour-Q3 2013-1' successfully updated with 'Q3 2013'
Success: opportunity 'Opp-Allianz Elementar Wien-Q3 2013-1' successfully updated with 'Q3 2013'
Success: opportunity 'Opp-Alois Dallmayr-Q2 2013-1' successfully updated with 'Q2 2013'
Success: opportunity 'Opp-Alu Knig Stahl-Q3 2013-1' successfully updated with 'Q3 2013'
Success: opportunity 'Opp-Amt Stmk Lds.EDV-Q2 2013-1' successfully updated with 'Q2 2013'
Success: opportunity 'Opp-Amt Stmk Lds.EDV-Q2 2013-2' successfully updated with 'Q3 2013'
Success: opportunity 'Opp-Amt. d. Kärntner-Q2 2013-1' successfully updated with 'Q2 2013'
Success: opportunity 'Opp-AstraZeneca Österreich-Q2 2013-1' successfully updated with 'Q2 2013'
Success: opportunity 'Opp-AstraZeneca Österreich-Q3 2013-1' successfully updated with 'Q3 2013'
Success: opportunity 'Opp-Athesia-Tyrolia-Q3 2013-1' successfully updated with 'Q3 2013'
Success: opportunity 'Opp-Atos integration-Q2 2013-1' successfully updated with 'Q2 2013'
Success: opportunity 'Opp-Atronic International-Q2 2013-1' successfully updated with 'Q2 2013'
Success: opportunity 'Opp-Auto Wechtitsch GmbH-Q3 2013-1' successfully updated with 'Q3 2013'
Success: opportunity 'Opp-Autohaus Pfaller-Q3 2013-1' successfully updated with 'Q4 2013'
Success: opportunity 'Opp-Autohaus Vogl        G-Q2 2013-1' successfully updated with 'Q2 2013'
Success: opportunity 'Opp-Autovertriebsges.m.b.H-Q3 2013-1' successfully updated with 'Q3 2013'
Success: opportunity 'Opp-Avus-Q3 2013-1' successfully updated with 'Q3 2013'
Success: opportunity 'Opp-Avus-Q4 2013-1' successfully updated with 'Q4 2013'
Success: opportunity 'Opp-Vogel & Noot-Q4 2013-1' successfully updated with 'Q4 2013'
Success: opportunity 'Opp-B/FRANKFURTER BANKGESELLSCHAFT-Q2 2013-1' successfully updated with 'Q2 2013'
Success: opportunity 'Opp-B/LGT BANK (SCHWEIZ) AG-Q2 2013-1' successfully updated with 'Q2 2013'
Success: opportunity 'Opp-B/LGT FINANCIAL SERVICES-Q2 2013-1' successfully updated with 'Q2 2013'
Success: opportunity 'Opp-B/UBS AG-Q4 2013-1' successfully updated with 'Q4 2013'
Success: opportunity 'Opp-C & N Gro~handel-Q2 2013-1' successfully updated with 'Q2 2013'
Success: opportunity 'Opp-Gie~wein Walkwaren-Q3 2013-1' successfully updated with 'Q3 2013'
Success: opportunity 'Opp-BAHAG Baus-Q3 2013-1' successfully updated with 'Q3 2013'
Success: opportunity 'Opp-BAHAG Baus-Q3 2013-2' successfully updated with 'Q4 2013'
Success: opportunity 'Opp-BARRACUDA NETWORKS AG-Q4 2013-1' successfully updated with 'Q4 2013'
Success: opportunity 'Opp-BBG BAUGERÄTE GMBH-Q3 2013-1' successfully updated with 'Q3 2013'
Success: opportunity 'Opp-BDS Gunz & Co-Q2 2013-1' successfully updated with 'Q2 2013'
Success: opportunity 'Opp-BDS Gunz & Co-Q2 2013-1' successfully updated with 'Q2 2013'
Success: opportunity 'Opp-BDS Gunz & Co-Q2 2013-1' successfully updated with 'Q2 2013'
Success: opportunity 'Opp-BEST HIGH PRESSURE & D-Q3 2013-1' successfully updated with 'Q3 2013'
Success: opportunity 'Opp-BEVA Ges.m.b.H-Q3 2013-1' successfully updated with 'Q3 2013'
Success: opportunity 'Opp-BM Inneres EDV-Zentral-Q4 2013-1' successfully updated with 'Q4 2013'
Success: opportunity 'Opp-BORY ET CIE SA-Q2 2013-1' successfully updated with 'Q2 2013'
Success: opportunity 'Opp-BSW Machinery Handels-Q4 2013-1' successfully updated with 'Q4 2013'
Success: opportunity 'Opp-BT-Anlagenbau-Q3 2013-1' successfully updated with 'Q3 2013'
Success: opportunity 'Opp-Bachmann electronic-Q2 2013-1' successfully updated with 'Q2 2013'
Success: opportunity 'Opp-Barracuda Networks AG-Q2 2013-1' successfully updated with 'Q2 2013'
Success: opportunity 'Opp-Bauer Rudolf Rhren-Q2 2013-1' successfully updated with 'Q2 2013'
Success: opportunity 'Opp-Berglandmilch-Q2 2013-1' successfully updated with 'Q2 2013'
Success: opportunity 'Opp-Bernard Ingenieure-Q3 2013-1' successfully updated with 'Q3 2013'
Success: opportunity 'Opp-Bernard Ingenieure-Q3 2013-2' successfully updated with 'Q3 2013'
Success: opportunity 'Opp-Bez Krankenhs Kufstein-Q4 2013-1' successfully updated with 'Q4 2013'
Success: opportunity 'Opp-Bgld Landesregierung-Q3 2013-1' successfully updated with 'Q3 2013'
Success: opportunity 'Opp-Birner Ges.m.b.H.-Q3 2013-1' successfully updated with 'Q3 2013'
Success: opportunity 'Opp-Blaha Franz Bürombel-Q2 2013-1' successfully updated with 'Q2 2013'
Success: opportunity 'Opp-Bleckmann GmbH & Co KG-Q2 2013-1' successfully updated with 'Q2 2013'
Success: opportunity 'Opp-Bleckmann GmbH & Co KG-Q3 2013-1' successfully updated with 'Q3 2013'
Success: opportunity 'Opp-Bodner Hans BaugmbH-Q3 2013-1' successfully updated with 'Q3 2013'
Success: opportunity 'Opp-Braun Spedition-Q2 2013-1' successfully updated with 'Q2 2013'
Success: opportunity 'Opp-Brvz GesmbH-Q3 2013-1' successfully updated with 'Q3 2013'
Success: opportunity 'Opp-Bundesrechenzentrum-Q2 2013-1' successfully updated with 'Q2 2013'
Success: opportunity 'Opp-Busreisen Tirol-Q3 2013-1' successfully updated with 'Q3 2013'
Success: opportunity 'Opp-BÖHLER EDELSTAHL-Q3 2013-1' successfully updated with 'Q3 2013'
Success: opportunity 'Opp-CLAN INFORMATIK AG-Q2 2013-1' successfully updated with 'Q2 2013'
Success: opportunity 'Opp-Caritas Linz EDV-Q3 2013-1' successfully updated with 'Q3 2013'
Success: opportunity 'Opp-Citroen Vertrieb-Q3 2013-1' successfully updated with 'Q3 2013'
Success: opportunity 'Opp-Color Drack-Q2 2013-1' successfully updated with 'Q2 2013'
Success: opportunity 'Opp-Conova-Q2 2013-1' successfully updated with 'Q2 2013'
Success: opportunity 'Opp-Creditreform-Q3 2013-1' successfully updated with 'Q3 2013'
Success: opportunity 'Opp-D-Q3 2013-1' successfully updated with 'Q3 2013'
Success: opportunity 'Opp-DADC Austria-Q3 2013-1' successfully updated with 'Q3 2013'
Success: opportunity 'Opp-DADC Austria-Q3 2013-2' successfully updated with 'Q3 2013'
Success: opportunity 'Opp-DADC Austria-Q3 2013-3' successfully updated with 'Q3 2013'
Success: opportunity 'Opp-DAN-Küchen-Q2 2013-1' successfully updated with 'Q2 2013'
Success: opportunity 'Opp-DAN-Küchen-Q2 2013-2' successfully updated with 'Q2 2013'
Success: opportunity 'Opp-DCC ENERGY GMBH-Q2 2013-1' successfully updated with 'Q2 2013'
Success: opportunity 'Opp-DHL LOGISTIK SERVICE G-Q2 2013-1' successfully updated with 'Q2 2013'
Success: opportunity 'Opp-DM GUV-Q2 2013-1' successfully updated with 'Q2 2013'
Success: opportunity 'Opp-DOMO SANIFER-Q2 2013-1' successfully updated with 'Q2 2013'
Success: opportunity 'Opp-DUKTUS TIROLER ROHRSYS-Q2 2013-1' successfully updated with 'Q2 2013'
Success: opportunity 'Opp-Daily Service GmbH-Q4 2013-1' successfully updated with 'Q4 2013'
Success: opportunity 'Opp-Dan-Küchen,J.Danzer-Q2 2013-1' successfully updated with 'Q2 2013'
Success: opportunity 'Opp-Delphi Packard Austria-Q3 2013-1' successfully updated with 'Q3 2013'
Success: opportunity 'Opp-Delphi Packard Austria-Q3 2013-2' successfully updated with 'Q3 2013'
Success: opportunity 'Opp-Digital Elektronik-Q3 2013-1' successfully updated with 'Q3 2013'
Success: opportunity 'Opp-Dipl. BW Jrg Übelher-Q3 2013-1' successfully updated with 'Q3 2013'
Success: opportunity 'Opp-Dyckerhoff & Widmann-Q3 2013-1' successfully updated with 'Q3 2013'
Success: opportunity 'Opp-EBEWE Pharma-Q3 2013-1' successfully updated with 'Q3 2013'
Success: opportunity 'Opp-EDITEL-Q2 2013-1' successfully updated with 'Q2 2013'
Success: opportunity 'Opp-EDV-Design Information-Q4 2013-1' successfully updated with 'Q4 2013'
Success: opportunity 'Opp-ESPRIT HANDELSGESE TRU-Q2 2013-1' successfully updated with 'Q2 2013'
Success: opportunity 'Opp-ESPRIT HANDELSGESELL-Q2 2013-1' successfully updated with 'Q2 2013'
Success: opportunity 'Opp-ESSENCIA AETHERISCHE OELE AG-Q2 2013-1' successfully updated with 'Q2 2013'
Success: opportunity 'Opp-ETS GmbH-Q4 2013-1' successfully updated with 'Q4 2013'
Success: opportunity 'Opp-EUROGAST-Q3 2013-1' successfully updated with 'Q3 2013'
Success: opportunity 'Opp-EUROJOBS GmbH-Q3 2013-1' successfully updated with 'Q3 2013'
Success: opportunity 'Opp-Edelsbrunner Ges.m.b.H-Q4 2013-1' successfully updated with 'Q4 2013'
Success: opportunity 'Opp-Ehrlich Baustoffhandel-Q2 2013-1' successfully updated with 'Q2 2013'
Success: opportunity 'Opp-Elektro Schwarzmann-Q2 2013-1' successfully updated with 'Q2 2013'
Success: opportunity 'Opp-Englmayer Sped-Q3 2013-1' successfully updated with 'Q3 2013'
Success: opportunity 'Opp-Englmayer Sped-Q3 2013-1' successfully updated with 'Q3 2013'
Success: opportunity 'Opp-Ennstaler Wohnung-Q2 2013-1' successfully updated with 'Q2 2013'
Success: opportunity 'Opp-Erne & Co Rohrbogenw-Q2 2013-1' successfully updated with 'Q2 2013'
Success: opportunity 'Opp-Erne & Co Rohrbogenw-Q3 2013-1' successfully updated with 'Q3 2013'
Success: opportunity 'Opp-Erzdizese Wien-Q2 2013-1' successfully updated with 'Q2 2013'
Success: opportunity 'Opp-Esprit             TRU-Q2 2013-1' successfully updated with 'Q2 2013'
Success: opportunity 'Opp-Esprit Handelsgese TRU-Q2 2013-1' successfully updated with 'Q2 2013'
Success: opportunity 'Opp-Esprit Handelsgese TRU-Q2 2013-2' successfully updated with 'Q2 2013'
Success: opportunity 'Opp-Esprit Handelsgesellsc-Q2 2013-1' successfully updated with 'Q2 2013'
Success: opportunity 'Opp-Esprit Handelsgesellsc-Q2 2013-2' successfully updated with 'Q2 2013'
Success: opportunity 'Opp-Esprit Store       TRU-Q2 2013-1' successfully updated with 'Q2 2013'
Success: opportunity 'Opp-Esprit Store       TRU-Q2 2013-2' successfully updated with 'Q2 2013'
Success: opportunity 'Opp-Esprit Store 901   TRU-Q2 2013-1' successfully updated with 'Q2 2013'
Success: opportunity 'Opp-Esprit Store 901-Q2 2013-1' successfully updated with 'Q2 2013'
Success: opportunity 'Opp-Esprit Store 903   TRU-Q2 2013-1' successfully updated with 'Q2 2013'
Success: opportunity 'Opp-Esprit Store 903-Q2 2013-1' successfully updated with 'Q2 2013'
Success: opportunity 'Opp-Esprit Store 904   TRU-Q2 2013-1' successfully updated with 'Q2 2013'
Success: opportunity 'Opp-Esprit Store 904-Q2 2013-1' successfully updated with 'Q2 2013'
Success: opportunity 'Opp-Esprit Store 914   TRU-Q2 2013-1' successfully updated with 'Q2 2013'
Success: opportunity 'Opp-Esprit Store 914-Q2 2013-1' successfully updated with 'Q2 2013'
Success: opportunity 'Opp-Esprit Store 916   TRU-Q2 2013-1' successfully updated with 'Q2 2013'
Success: opportunity 'Opp-Esprit Store 916-Q2 2013-1' successfully updated with 'Q2 2013'
Success: opportunity 'Opp-Esprit Store 917   TRU-Q2 2013-1' successfully updated with 'Q2 2013'
Success: opportunity 'Opp-Esprit Store 917-Q2 2013-1' successfully updated with 'Q2 2013'
Success: opportunity 'Opp-Esprit Store 919   TRU-Q2 2013-1' successfully updated with 'Q2 2013'
Success: opportunity 'Opp-Esprit Store 919-Q2 2013-1' successfully updated with 'Q2 2013'
Success: opportunity 'Opp-Esprit Store 920   TRU-Q2 2013-1' successfully updated with 'Q2 2013'
Success: opportunity 'Opp-Esprit Store 920-Q2 2013-1' successfully updated with 'Q2 2013'
Success: opportunity 'Opp-Esprit Store 921-Q2 2013-1' successfully updated with 'Q2 2013'
Success: opportunity 'Opp-Esprit Store-Q2 2013-1' successfully updated with 'Q2 2013'
Success: opportunity 'Opp-Esprit Store-Q2 2013-1' successfully updated with 'Q2 2013'
Success: opportunity 'Opp-Esprit Villach     TRU-Q2 2013-1' successfully updated with 'Q2 2013'
Success: opportunity 'Opp-Esprit Villach-Q2 2013-1' successfully updated with 'Q2 2013'
Success: opportunity 'Opp-Esprit store 902   TRU-Q2 2013-1' successfully updated with 'Q2 2013'
Success: opportunity 'Opp-Esprit store 902-Q2 2013-1' successfully updated with 'Q2 2013'
Success: opportunity 'Opp-Esprit-Q2 2013-1' successfully updated with 'Q2 2013'
Success: opportunity 'Opp-Esprit-Q2 2013-2' successfully updated with 'Q2 2013'
Success: opportunity 'Opp-FCP Fritsch, Chiari-Q3 2013-1' successfully updated with 'Q3 2013'
Error: can't update opportunity 'Opp-FER GENEVE INTEROUTE-Q3 2013-1' due error: [{"message":"Record got updated in the system, your version of data is out-of-date. Please do your modification again.","type":"ConcurrencyError","target":{"_id":"519b80fc2024f4fb6000228d","displayName":"Opp-FER GENEVE INTEROUTE-Q3 2013-1","dq":[],"externalIds":[],"flows":{"salesStages":{"target":{"type":"core.flow/assignment","name":"salesStages","displayName":"Sales Stages","key":"513f3dbe6f46d5aead000e50"},"transitions":[{"timeGap":0,"changeDate":"2013-05-21T14:13:16.179Z","toState":"notContacted","fromState":"-"}],"state":{"displayName":"Not Contacted","name":"notContacted"}}},"keywords":["opp-fer geneve interoute-notdetermined","opp-fer geneve interoute-q3 2013-1"],"quotesReady":"false","relationships":[{"_id":"51a89ab38af741146f00d4c1","relationships":[],"relation":{"type":"core.lookup","key":"513f3db36f46d5aead000773","displayName":"Assigned Team","name":"assignedTeam"},"target":{"revisionId":121,"key":"517edfe4c8fdeb5c4c006635","name":"ibmVienna","displayName":"IBM Vienna","type":"core.team"},"type":"core.relationship"},{"_id":"51a89ab38af741146f00d4c0","relationships":[],"relation":{"type":"core.lookup","key":"513f3db36f46d5aead000773","displayName":"Assigned Team","name":"assignedTeam"},"target":{"revisionId":115,"key":"517ed71ad30113594f005482","name":"ibmDublin","displayName":"IBM Dublin","type":"core.team"},"type":"core.relationship"},{"_id":"51a89ab48af741146f00d4c3","relationships":[],"relation":{"type":"core.lookup","key":"513f3db36f46d5aead000773","displayName":"Assigned Team","name":"assignedTeam"},"target":{"revisionId":128,"key":"517ed735fb972b584c0067e0","name":"ibmZurichOps","displayName":"IBM Zurich Ops","type":"core.team"},"type":"core.relationship"},{"_id":"51a89ab38af741146f00d4bf","relationships":[],"relation":{"type":"core.lookup","key":"513f3db36f46d5aead00077b","displayName":"Customer","name":"customer"},"target":{"revisionId":6,"key":"51635aaad3ae0dbf4601052c","displayName":"FER GENEVE INTEROUTE","type":"core.contact/organization"},"type":"core.relationship"},{"_id":"51a89ab38af741146f00d4be","relationships":[],"relation":{"type":"core.lookup","key":"513f3db36f46d5aead0007a0","displayName":"Incumbent Distributor","name":"incumbentDistributor"},"target":{"revisionId":7,"key":"51635b47d3ae0dbf460147da","displayName":"GP/AVNET AG","type":"core.contact/organization"},"type":"core.relationship"},{"_id":"51a89ab38af741146f00d4bd","relationships":[],"relation":{"type":"core.lookup","key":"513f3db36f46d5aead0007a1","displayName":"Incumbent Reseller","name":"incumbentReseller"},"target":{"revisionId":7,"key":"51635bbd94d0bbbd46012f89","displayName":"IGS/FRITZ & MACZIOL (SCHWEIZ)","type":"core.contact/organization"},"type":"core.relationship"},{"_id":"51a89ab38af741146f00d4bc","relationships":[],"relation":{"type":"core.lookup","key":"513f3db36f46d5aead0007a8","displayName":"Sales Rep","name":"salesRep"},"target":{"revisionId":2,"key":"5162db501f74006422029610","displayName":"Flavio Dudli","type":"core.contact/person"},"type":"core.relationship"}],"tags":["zyfktyFV"],"targetDate":"2013-07-20T08:00:00.000Z","weightedAmount":{"amount":1718,"code":{"name":"usd","type":"core.lookup","displayName":"USD","key":"513f3db36f46d5aead00080c"},"type":"core.currency"},"type":"app.opportunity","systemProperties":{"tenant":"ibm","revisionId":5,"qRank":4,"lastModifiedOn":"2013-06-04T20:16:44.707Z","lastModifiedBy":"bill.moor@ibm.com","expiredOn":"9999-01-01T00:00:00.000Z","createdOn":"2013-05-21T14:13:22.596Z","createdBy":"bill.moor@ibm.com"},"commitLevel":{"name":"yellow","type":"app.lookup","value":{"color":"#fbe703","value":0.6},"displayName":"Stretch","key":"513f3db76f46d5aead000b7e"},"amount":{"amount":2861.74,"type":"core.currency","code":{"name":"usd","type":"core.lookup","displayName":"USD","key":"513f3db36f46d5aead00080c"},"normalizedAmount":{"amount":2861.74,"convertedOn":"2013-05-21T14:13:29.984Z","code":{"key":"513f3db36f46d5aead00080c","displayName":"USD","type":"core.lookup","name":"usd"}}},"targetAmount":{"amount":2861.74,"code":{"name":"usd","type":"core.lookup","displayName":"USD","key":"513f3db36f46d5aead00080c"},"normalizedAmount":{"amount":2861.74,"convertedOn":"2013-05-21T14:13:25.932Z","code":{"key":"513f3db36f46d5aead00080c","displayName":"USD","type":"core.lookup","name":"usd"}}},"upsellAmount":{"type":"core.currency","amount":0,"code":{"key":"513f3db36f46d5aead00080c","displayName":"USD","type":"core.lookup","name":"usd"},"normalizedAmount":{"amount":0,"convertedOn":"2013-05-21T14:13:16.253Z","code":{"key":"513f3db36f46d5aead00080c","displayName":"USD","type":"core.lookup","name":"usd"}}},"extensions":{"master":{"targetPeriod":{"value":{"key":"513f3db76f46d5aead000b87","displayName":"FY13Q2","value":{"end":"2013-07-01T12:00:00.000Z","start":"2013-04-01T12:00:00.000Z"},"type":"app.lookup","name":"fy13q2"},"type":"lookup"},"directChannel":{"value":{"name":"channelTier1","type":"app.lookup","displayName":"Channel Tier 1","key":"513f3db76f46d5aead000bd9"},"type":"lookup"},"country":{"value":{"name":"CH","type":"core.lookup","displayName":"Switzerland","key":"513f3db46f46d5aead0009dc"},"type":"lookup"},"clientTheatre":{"value":{"name":"emea","type":"app.lookup","displayName":"EMEA","key":"513f3db76f46d5aead000bdd"},"type":"lookup"},"clientTerritory":{"value":{"name":"europeIOT","type":"app.lookup","displayName":"Europe IOT","key":"513f3db76f46d5aead000bde"},"type":"lookup"},"clientRegion":{"value":{"name":"DACH","type":"app.lookup","displayName":"D/A/CH","key":"513f3db76f46d5aead000bc5"},"type":"lookup"},"clientBatchQuarter":{"value":"Q3 2013"},"businessLine":{"value":{"name":"core","type":"app.lookup","displayName":"CORE","key":"519aee38c43b7aae0c00221d"},"type":"lookup"},"batchQuarter":{"value":"Q3 2013","type":"string"}}}}}]
Success: opportunity 'Opp-FISCHER SPORTS GMBH-Q2 2013-1' successfully updated with 'Q2 2013'
Success: opportunity 'Opp-FRANZ TOLLINGER-Q2 2013-1' successfully updated with 'Q2 2013'
Success: opportunity 'Opp-FRANZ TOLLINGER-Q2 2013-2' successfully updated with 'Q2 2013'
Success: opportunity 'Opp-Fachhochschule Vorarlb-Q3 2013-1' successfully updated with 'Q3 2013'
Success: opportunity 'Opp-Faie Handelsges.m.b.H.-Q2 2013-1' successfully updated with 'Q2 2013'
Success: opportunity 'Opp-Feratel AG-Q3 2013-1' successfully updated with 'Q3 2013'
Success: opportunity 'Opp-Ferro Montagetechnik-Q2 2013-1' successfully updated with 'Q3 2013'
Success: opportunity 'Opp-Fger-Wohnen Ges.m.b.H-Q4 2013-1' successfully updated with 'Q4 2013'
Success: opportunity 'Opp-Fiegl & Spielberger-Q3 2013-1' successfully updated with 'Q3 2013'
Success: opportunity 'Opp-Filterbau Ges.m.b.H.-Q2 2013-1' successfully updated with 'Q2 2013'
Success: opportunity 'Opp-Flughafen Betriebsges-Q2 2013-1' successfully updated with 'Q2 2013'
Success: opportunity 'Opp-Fresenius Hemocare-Q2 2013-1' successfully updated with 'Q2 2013'
Success: opportunity 'Opp-FunderMax-Q3 2013-1' successfully updated with 'Q3 2013'
Success: opportunity 'Opp-G4S Secure Solutions A-Q2 2013-1' successfully updated with 'Q2 2013'
Success: opportunity 'Opp-GE Jenbacher-Q2 2013-1' successfully updated with 'Q2 2013'
Success: opportunity 'Opp-GE Jenbacher-Q4 2013-1' successfully updated with 'Q4 2013'
Success: opportunity 'Opp-GEOLOGISCHE BUNDESANST-Q2 2013-1' successfully updated with 'Q3 2013'
Success: opportunity 'Opp-GEWA-Austria Musikinst-Q3 2013-1' successfully updated with 'Q3 2013'
Success: opportunity 'Opp-GILGEN DOOR SYSTEMS AG-Q2 2013-1' successfully updated with 'Q2 2013'
Success: opportunity 'Opp-GKK Kärnten-Q2 2013-1' successfully updated with 'Q2 2013'
Success: opportunity 'Opp-GM PHARMA GMBH-Q4 2013-1' successfully updated with 'Q4 2013'
Success: opportunity 'Opp-GRZ IT GRUPPE-Q4 2013-1' successfully updated with 'Q4 2013'
Success: opportunity 'Opp-Gartner KG-Q4 2013-1' successfully updated with 'Q4 2013'
Success: opportunity 'Opp-Geb Krankenk NÖ-Q3 2013-1' successfully updated with 'Q3 2013'
Success: opportunity 'Opp-Gebauer & Griller-Q4 2013-1' successfully updated with 'Q4 2013'
Success: opportunity 'Opp-Gebro G. Broschek KG-Q3 2013-1' successfully updated with 'Q3 2013'
Success: opportunity 'Opp-Gerhard Holub eing TRU-Q2 2013-1' successfully updated with 'Q2 2013'
Success: opportunity 'Opp-Gerlinde Binderlehner-Q2 2013-1' successfully updated with 'Q2 2013'
Error: can't update opportunity 'Opp-Gie~wein Walkwaren-Q3 2013-1' due error: [{"message":"Record got updated in the system, your version of data is out-of-date. Please do your modification again.","type":"ConcurrencyError","target":{"_id":"519b7d79a5e53537610001e6","displayName":"Opp-Gie~wein Walkwaren-Q3 2013-1","dq":[],"externalIds":[],"flows":{"salesStages":{"target":{"type":"core.flow/assignment","name":"salesStages","displayName":"Sales Stages","key":"513f3dbe6f46d5aead000e50"},"transitions":[{"timeGap":0,"changeDate":"2013-05-21T13:58:17.927Z","toState":"notContacted","fromState":"-"}],"state":{"displayName":"Not Contacted","name":"notContacted"}}},"keywords":["opp-gie~wein walkwaren-notdetermined","opp-gie~wein walkwaren-q3 2013-1"],"quotesReady":"false","relationships":[{"_id":"51a8a4edc863dd126f007577","relationships":[],"relation":{"type":"core.lookup","key":"513f3db36f46d5aead000773","displayName":"Assigned Team","name":"assignedTeam"},"target":{"revisionId":121,"key":"517edfe4c8fdeb5c4c006635","name":"ibmVienna","displayName":"IBM Vienna","type":"core.team"},"type":"core.relationship"},{"_id":"51a8a4edc863dd126f007576","relationships":[],"relation":{"type":"core.lookup","key":"513f3db36f46d5aead000773","displayName":"Assigned Team","name":"assignedTeam"},"target":{"revisionId":128,"key":"517ed735fb972b584c0067e0","name":"ibmZurichOps","displayName":"IBM Zurich Ops","type":"core.team"},"type":"core.relationship"},{"_id":"51a8a4edc863dd126f007575","relationships":[],"relation":{"type":"core.lookup","key":"513f3db36f46d5aead00077b","displayName":"Customer","name":"customer"},"target":{"revisionId":6,"key":"516341fb334166d71e0068b2","displayName":"Gie~wein Walkwaren","type":"core.contact/organization"},"type":"core.relationship"},{"_id":"51a8a4edc863dd126f007574","relationships":[],"relation":{"type":"core.lookup","key":"513f3db36f46d5aead0007a0","displayName":"Incumbent Distributor","name":"incumbentDistributor"},"target":{"revisionId":6,"key":"51718327588a62033a043fe3","displayName":"GOLDPLAN - AVNET","type":"core.contact/organization"},"type":"core.relationship"},{"_id":"51a8a4edc863dd126f007573","relationships":[],"relation":{"type":"core.lookup","key":"513f3db36f46d5aead0007a8","displayName":"Sales Rep","name":"salesRep"},"target":{"revisionId":2,"key":"5162e5a0bd1850e32406ff61","displayName":"Robert Michl","type":"core.contact/person"},"type":"core.relationship"}],"tags":["CCCuFgyK"],"targetDate":"2013-07-08T08:00:00.000Z","weightedAmount":{"amount":1640,"code":{"name":"usd","type":"core.lookup","displayName":"USD","key":"513f3db36f46d5aead00080c"},"type":"core.currency"},"type":"app.opportunity","systemProperties":{"tenant":"ibm","revisionId":5,"qRank":4,"lastModifiedOn":"2013-06-04T20:21:00.241Z","lastModifiedBy":"bill.moor@ibm.com","expiredOn":"9999-01-01T00:00:00.000Z","createdOn":"2013-05-21T13:58:41.559Z","createdBy":"bill.moor@ibm.com"},"commitLevel":{"name":"yellow","type":"app.lookup","value":{"color":"#fbe703","value":0.6},"displayName":"Stretch","key":"513f3db76f46d5aead000b7e"},"amount":{"amount":2731.96,"type":"core.currency","code":{"name":"usd","type":"core.lookup","displayName":"USD","key":"513f3db36f46d5aead00080c"},"normalizedAmount":{"amount":2731.96,"convertedOn":"2013-05-21T14:01:16.758Z","code":{"key":"513f3db36f46d5aead00080c","displayName":"USD","type":"core.lookup","name":"usd"}}},"targetAmount":{"amount":2731.96,"code":{"name":"usd","type":"core.lookup","displayName":"USD","key":"513f3db36f46d5aead00080c"},"normalizedAmount":{"amount":2731.96,"convertedOn":"2013-05-21T14:00:32.168Z","code":{"key":"513f3db36f46d5aead00080c","displayName":"USD","type":"core.lookup","name":"usd"}}},"upsellAmount":{"type":"core.currency","amount":0,"code":{"key":"513f3db36f46d5aead00080c","displayName":"USD","type":"core.lookup","name":"usd"},"normalizedAmount":{"amount":0,"convertedOn":"2013-05-21T13:58:19.132Z","code":{"key":"513f3db36f46d5aead00080c","displayName":"USD","type":"core.lookup","name":"usd"}}},"extensions":{"master":{"targetPeriod":{"value":{"key":"513f3db76f46d5aead000b87","displayName":"FY13Q2","value":{"end":"2013-07-01T12:00:00.000Z","start":"2013-04-01T12:00:00.000Z"},"type":"app.lookup","name":"fy13q2"},"type":"lookup"},"directChannel":{"value":{"name":"channelTier1","type":"app.lookup","displayName":"Channel Tier 1","key":"513f3db76f46d5aead000bd9"},"type":"lookup"},"country":{"value":{"name":"AT","type":"core.lookup","displayName":"Austria","key":"513f3db36f46d5aead000913"},"type":"lookup"},"clientTheatre":{"value":{"name":"emea","type":"app.lookup","displayName":"EMEA","key":"513f3db76f46d5aead000bdd"},"type":"lookup"},"clientTerritory":{"value":{"name":"europeIOT","type":"app.lookup","displayName":"Europe IOT","key":"513f3db76f46d5aead000bde"},"type":"lookup"},"clientRegion":{"value":{"name":"DACH","type":"app.lookup","displayName":"D/A/CH","key":"513f3db76f46d5aead000bc5"},"type":"lookup"},"clientBatchQuarter":{"value":"Q3 2013"},"businessLine":{"value":{"name":"core","type":"app.lookup","displayName":"CORE","key":"519aee38c43b7aae0c00221d"},"type":"lookup"},"batchQuarter":{"value":"Q3 2013","type":"string"}}}}}]
Success: opportunity 'Opp-GrECo Direct Holding-Q4 2013-1' successfully updated with 'Q4 2013'
Success: opportunity 'Opp-Grabher Karl-Q2 2013-1' successfully updated with 'Q2 2013'
Success: opportunity 'Opp-Grenzkraftwerke GmbH-Q2 2013-1' successfully updated with 'Q2 2013'
Success: opportunity 'Opp-Gruber Software-Q3 2013-1' successfully updated with 'Q4 2013'
Success: opportunity 'Opp-Gruber Vieh Fleisch-Q3 2013-1' successfully updated with 'Q3 2013'
Success: opportunity 'Opp-Gymnasium Sillgasse-Q4 2013-1' successfully updated with 'Q4 2013'
Success: opportunity 'Opp-HAFINA - HANDELS- UND-Q3 2013-1' successfully updated with 'Q3 2013'
Success: opportunity 'Opp-HAPIMAG / HAVAG-Q2 2013-1' successfully updated with 'Q2 2013'
Success: opportunity 'Opp-HARIBO Lakritzen   TRU-Q4 2013-1' successfully updated with 'Q4 2013'
Success: opportunity 'Opp-HARIBO Lakritzen-Q3 2013-1' successfully updated with 'Q3 2013'
Success: opportunity 'Opp-HARTTER Softwarehaus-Q3 2013-1' successfully updated with 'Q3 2013'
Success: opportunity 'Opp-HERMES Pharma GesmbH-Q3 2013-1' successfully updated with 'Q4 2013'
Success: opportunity 'Opp-HIEDEN SOFTWARE GmbH-Q3 2013-1' successfully updated with 'Q3 2013'
Success: opportunity 'Opp-Haimo Kofler-Q3 2013-1' successfully updated with 'Q3 2013'
Success: opportunity 'Opp-Hannover Int-Q3 2013-1' successfully updated with 'Q3 2013'
Success: opportunity 'Opp-Hasslacher Holzindustr-Q3 2013-1' successfully updated with 'Q3 2013'
Success: opportunity 'Opp-Havelka Honda-Q3 2013-1' successfully updated with 'Q3 2013'
Success: opportunity 'Opp-Hinteregger Bau GmbH-Q2 2013-1' successfully updated with 'Q2 2013'
Success: opportunity 'Opp-Hirsch Armbänder AG-Q2 2013-1' successfully updated with 'Q2 2013'
Success: opportunity 'Opp-Hochreiter - Meidinger-Q2 2013-1' successfully updated with 'Q2 2013'
Success: opportunity 'Opp-Holter Verwaltungsges-Q2 2013-1' successfully updated with 'Q2 2013'
Success: opportunity 'Opp-Holz Wastl-Q3 2013-1' successfully updated with 'Q3 2013'
Success: opportunity 'Opp-Honda Motor-Q3 2013-1' successfully updated with 'Q3 2013'
Success: opportunity 'Opp-HÖHNEL BESICHTIGUNGSTE-Q2 2013-1' successfully updated with 'Q2 2013'
Success: opportunity 'Opp-I/FUER BETRIEBSOEKONOMIE SIB-Q2 2013-1' successfully updated with 'Q2 2013'
Success: opportunity 'Opp-IGF/CISEL INFORMATIQUE SA-Q2 2013-1' successfully updated with 'Q2 2013'
Success: opportunity 'Opp-IKT Infrastruktur-Q3 2013-1' successfully updated with 'Q3 2013'
Success: opportunity 'Opp-IKT Infrastruktur-Q3 2013-2' successfully updated with 'Q3 2013'
Success: opportunity 'Opp-IMTECH ICT AUSTRIA GMB-Q2 2013-1' successfully updated with 'Q3 2013'
Success: opportunity 'Opp-IMTECH ICT AUSTRIA GMB-Q3 2013-1' successfully updated with 'Q3 2013'
Success: opportunity 'Opp-IMTECH ICT AUSTRIA GMB-Q3 2013-2' successfully updated with 'Q3 2013'
Success: opportunity 'Opp-IMTECH ICT Austria-Q2 2013-1' successfully updated with 'Q2 2013'
Success: opportunity 'Opp-IMTECH ICT Austria-Q3 2013-1' successfully updated with 'Q3 2013'
Success: opportunity 'Opp-INFONIQA Informationst-Q3 2013-1' successfully updated with 'Q3 2013'
Success: opportunity 'Opp-ISIS Papyrus Europe AG-Q2 2013-1' successfully updated with 'Q2 2013'
Success: opportunity 'Opp-ISOVOLTA AG-Q2 2013-1' successfully updated with 'Q2 2013'
Success: opportunity 'Opp-ISV/AG BUERO 70-Q2 2013-1' successfully updated with 'Q2 2013'
Success: opportunity 'Opp-ITSV-Q3 2013-1' successfully updated with 'Q3 2013'
Success: opportunity 'Opp-ITSV-Q3 2013-1' successfully updated with 'Q3 2013'
Success: opportunity 'Opp-Infonova GmbH-Q2 2013-1' successfully updated with 'Q3 2013'
Success: opportunity 'Opp-Infoscreen Austria-Q3 2013-1' successfully updated with 'Q3 2013'
Success: opportunity 'Opp-Infoscreen Austria-Q3 2013-1' successfully updated with 'Q3 2013'
Success: opportunity 'Opp-Inführ KG-Q2 2013-1' successfully updated with 'Q2 2013'
Success: opportunity 'Opp-Ing. Wondrak GmbH-Q2 2013-1' successfully updated with 'Q2 2013'
Success: opportunity 'Opp-Intersport Austria Ges-Q4 2013-1' successfully updated with 'Q4 2013'
Success: opportunity 'Opp-J. MONFERINI SA-Q2 2013-1' successfully updated with 'Q2 2013'
Success: opportunity 'Opp-JOSKO-Q3 2013-1' successfully updated with 'Q3 2013'
Success: opportunity 'Opp-JULIUS BLUM GMBH-Q2 2013-1' successfully updated with 'Q2 2013'
Success: opportunity 'Opp-JULIUS BLUM GMBH-Q2 2013-2' successfully updated with 'Q2 2013'
Success: opportunity 'Opp-Jeckel  &  CO-Q4 2013-1' successfully updated with 'Q4 2013'
Success: opportunity 'Opp-Joka Werke-Q2 2013-1' successfully updated with 'Q2 2013'
Success: opportunity 'Opp-Joka Werke-Q2 2013-2' successfully updated with 'Q2 2013'
Success: opportunity 'Opp-Josef Brtzner GesmbH-Q3 2013-1' successfully updated with 'Q3 2013'
Success: opportunity 'Opp-Jäger Bau GesmbH-Q2 2013-1' successfully updated with 'Q2 2013'
Success: opportunity 'Opp-Jäger Bau GesmbH-Q2 2013-2' successfully updated with 'Q2 2013'
Success: opportunity 'Opp-Jäger Bau GesmbH-Q3 2013-1' successfully updated with 'Q3 2013'
Success: opportunity 'Opp-KAMMER ARB/ANG STMK-Q2 2013-1' successfully updated with 'Q2 2013'
Success: opportunity 'Opp-KAV - IT-Q2 2013-1' successfully updated with 'Q2 2013'
Success: opportunity 'Opp-KAV ADV (IMC)-Q3 2013-1' successfully updated with 'Q3 2013'
Success: opportunity 'Opp-KBS Kleider Bauer-Q3 2013-1' successfully updated with 'Q3 2013'
Success: opportunity 'Opp-KCS.net Österreich Gmb-Q3 2013-1' successfully updated with 'Q3 2013'
Success: opportunity 'Opp-KEPLINGER GMBH-Q3 2013-1' successfully updated with 'Q3 2013'
Success: opportunity 'Opp-KH Melk Vwltg.-Q2 2013-1' successfully updated with 'Q2 2013'
Success: opportunity 'Opp-KNAUF INSULATION TECHN-Q4 2013-1' successfully updated with 'Q4 2013'
Success: opportunity 'Opp-KNAUF INSULATION-Q4 2013-1' successfully updated with 'Q4 2013'
Success: opportunity 'Opp-KROMAG METALLINDUSTRIE-Q2 2013-1' successfully updated with 'Q2 2013'
Success: opportunity 'Opp-KWIZDA HOLDING GMBH-Q3 2013-1' successfully updated with 'Q3 2013'
Success: opportunity 'Opp-Karl Franzens Uni-Q2 2013-1' successfully updated with 'Q2 2013'
Success: opportunity 'Opp-Karl Franzens Uni-Q4 2013-1' successfully updated with 'Q4 2013'
Success: opportunity 'Opp-Karl Skala GmbH-Q3 2013-1' successfully updated with 'Q3 2013'
Success: opportunity 'Opp-Katzinger-Q4 2013-1' successfully updated with 'Q4 2013'
Success: opportunity 'Opp-Kiennast Jul.-Q3 2013-1' successfully updated with 'Q3 2013'
Success: opportunity 'Opp-Klenk & Meder-Q2 2013-1' successfully updated with 'Q2 2013'
Success: opportunity 'Opp-Knoch, Kern-Q2 2013-1' successfully updated with 'Q2 2013'
Success: opportunity 'Opp-Kommunalkredit Austria-Q3 2013-1' successfully updated with 'Q3 2013'
Success: opportunity 'Opp-Kraftwerke VKW Vbg-Q3 2013-1' successfully updated with 'Q3 2013'
Success: opportunity 'Opp-Krassler GmbH-Q3 2013-1' successfully updated with 'Q3 2013'
Success: opportunity 'Opp-Kälabrand-Q3 2013-1' successfully updated with 'Q3 2013'
Success: opportunity 'Opp-Kärntner Milch Reg gen-Q4 2013-1' successfully updated with 'Q4 2013'
Success: opportunity 'Opp-L. Baar Otrhopädietech-Q3 2013-1' successfully updated with 'Q3 2013'
Success: opportunity 'Opp-LAFARGE ZEMENTWERKE-Q4 2013-1' successfully updated with 'Q4 2013'
Success: opportunity 'Opp-LAND VORARLBERG-Q3 2013-1' successfully updated with 'Q3 2013'
Success: opportunity 'Opp-LANDESKLINIKUM  WAIDHO-Q3 2013-1' successfully updated with 'Q3 2013'
Success: opportunity 'Opp-LANDESKLINIKUM AMSTETT-Q3 2013-1' successfully updated with 'Q3 2013'
Success: opportunity 'Opp-LANDESKLINIKUM GMÜND-W-Q2 2013-1' successfully updated with 'Q2 2013'
Success: opportunity 'Opp-LANDESKLINIKUM TULLN-Q4 2013-1' successfully updated with 'Q4 2013'
Success: opportunity 'Opp-LANDESREG KTN-Q2 2013-1' successfully updated with 'Q2 2013'
Success: opportunity 'Opp-LAUBSCHER PRAEZISION AG-Q2 2013-1' successfully updated with 'Q2 2013'
Success: opportunity 'Opp-LDV Systema SW GmbH-Q2 2013-1' successfully updated with 'Q2 2013'
Success: opportunity 'Opp-LEYRER + GRAF BAUUNTER-Q2 2013-1' successfully updated with 'Q2 2013'
Success: opportunity 'Opp-LEZ Universität Wien-Q3 2013-1' successfully updated with 'Q3 2013'
Success: opportunity 'Opp-LGT BANK (SCHWEIZ) AG-Q2 2013-1' successfully updated with 'Q2 2013'
Success: opportunity 'Opp-LGT CAPITAL PARTNERS AG-Q2 2013-1' successfully updated with 'Q2 2013'
Success: opportunity 'Opp-LGV-Frischgemüse Wien-Q2 2013-1' successfully updated with 'Q2 2013'
Success: opportunity 'Opp-LIBRO Handels GmbH TRU-Q2 2013-1' successfully updated with 'Q2 2013'
Success: opportunity 'Opp-LINDE FÖRDERTECHNIK-Q2 2013-1' successfully updated with 'Q2 2013'
Success: opportunity 'Opp-LM2 Consulting GmbH-Q3 2013-1' successfully updated with 'Q3 2013'
Success: opportunity 'Opp-LOGIN EDV-Software-Q3 2013-1' successfully updated with 'Q4 2013'
Success: opportunity 'Opp-LOGWIN SERVICE-Q4 2013-1' successfully updated with 'Q4 2013'
Success: opportunity 'Opp-LORENZ Shoe Group  TRU-Q3 2013-1' successfully updated with 'Q3 2013'
Success: opportunity 'Opp-Land Tirol - DVT-Q2 2013-1' successfully updated with 'Q4 2013'
Success: opportunity 'Opp-Landesklinikum Melk-Q3 2013-1' successfully updated with 'Q3 2013'
Success: opportunity 'Opp-Landesklinikum St.Plt-Q3 2013-1' successfully updated with 'Q3 2013'
Success: opportunity 'Opp-Landeskrankenhaus Vill-Q2 2013-1' successfully updated with 'Q2 2013'
Success: opportunity 'Opp-Landesschulrat für NÖ-Q3 2013-1' successfully updated with 'Q3 2013'
Success: opportunity 'Opp-Lang Ing.H. GmbH-Q4 2013-1' successfully updated with 'Q4 2013'
Success: opportunity 'Opp-Lawog-Q3 2013-1' successfully updated with 'Q3 2013'
Success: opportunity 'Opp-Ldsreg Stmk Automation-Q2 2013-1' successfully updated with 'Q2 2013'
Success: opportunity 'Opp-Lenhardt Ges.m.b.H-Q2 2013-1' successfully updated with 'Q2 2013'
Success: opportunity 'Opp-Lindt & Sprüngli-Q2 2013-1' successfully updated with 'Q2 2013'
Success: opportunity 'Opp-Litzlbauer N.Kfz-Q2 2013-1' successfully updated with 'Q2 2013'
Success: opportunity 'Opp-Loser BaugesmbH&Co KG-Q3 2013-1' successfully updated with 'Q3 2013'
Success: opportunity 'Opp-M.F.Perutz Laboratorie-Q2 2013-1' successfully updated with 'Q2 2013'
Success: opportunity 'Opp-MAGNA STEYR Fahrzeug-Q3 2013-1' successfully updated with 'Q3 2013'
Success: opportunity 'Opp-MAK Museum für Kunst-Q4 2013-1' successfully updated with 'Q4 2013'
Success: opportunity 'Opp-MAN IT SERVICES-Q2 2013-1' successfully updated with 'Q2 2013'
Success: opportunity 'Opp-MAN IT SERVICES-Q2 2013-2' successfully updated with 'Q2 2013'
Success: opportunity 'Opp-MAN IT SERVICES-Q2 2013-3' successfully updated with 'Q2 2013'
Success: opportunity 'Opp-MANPOWERGROUP GMBH-Q3 2013-1' successfully updated with 'Q3 2013'
Success: opportunity 'Opp-MBI Niederwimmer-Q3 2013-1' successfully updated with 'Q3 2013'
Success: opportunity 'Opp-MBI Niederwimmer-Q3 2013-2' successfully updated with 'Q3 2013'
Success: opportunity 'Opp-MC-Management-Consulti-Q4 2013-1' successfully updated with 'Q4 2013'
Success: opportunity 'Opp-MEDIZINISCHE UNIVERSIT-Q3 2013-1' successfully updated with 'Q3 2013'
Success: opportunity 'Opp-MOEBEL HUBACHER AG-Q2 2013-1' successfully updated with 'Q2 2013'
Success: opportunity 'Opp-MOTIONDATA SOFTWARE-Q2 2013-1' successfully updated with 'Q2 2013'
Success: opportunity 'Opp-MOTIONDATA SOFTWARE-Q3 2013-1' successfully updated with 'Q3 2013'
Success: opportunity 'Opp-MS Design-Q2 2013-1' successfully updated with 'Q2 2013'
Success: opportunity 'Opp-Magistrat Wien-Q2 2013-1' successfully updated with 'Q2 2013'
Success: opportunity 'Opp-Malin Walter-Q2 2013-1' successfully updated with 'Q2 2013'
Success: opportunity 'Opp-Marzek Etiketten-Q4 2013-1' successfully updated with 'Q4 2013'
Success: opportunity 'Opp-Maschinenfabrik Laska-Q2 2013-1' successfully updated with 'Q2 2013'
Success: opportunity 'Opp-Mayr Bauges-Q2 2013-1' successfully updated with 'Q2 2013'
Success: opportunity 'Opp-Med. Zentrallabor-Q3 2013-1' successfully updated with 'Q3 2013'
Success: opportunity 'Opp-Messner GmbH-Q3 2013-1' successfully updated with 'Q3 2013'
Success: opportunity 'Opp-Miele GmbH Haushaltsma-Q2 2013-1' successfully updated with 'Q2 2013'
Success: opportunity 'Opp-Montan Terminal GmbH-Q2 2013-1' successfully updated with 'Q2 2013'
Success: opportunity 'Opp-Mürztaler Verkehrsges-Q2 2013-1' successfully updated with 'Q2 2013'
Success: opportunity 'Opp-NESTLE INSTITUTE OF HEALTH-Q4 2013-1' successfully updated with 'Q4 2013'
Success: opportunity 'Opp-NESTLE NESPRESSO SA-Q4 2013-1' successfully updated with 'Q4 2013'
Success: opportunity 'Opp-NESTLE OPERATIONAL SERVICES-Q4 2013-1' successfully updated with 'Q4 2013'
Success: opportunity 'Opp-NETWORK WORLD ALLIANCE GMBH-Q2 2013-1' successfully updated with 'Q2 2013'
Success: opportunity 'Opp-Nannerl Ges.m.b.H.-Q3 2013-1' successfully updated with 'Q3 2013'
Success: opportunity 'Opp-Netzer Werner-Q3 2013-1' successfully updated with 'Q3 2013'
Success: opportunity 'Opp-Nutzfahrzeuge Haubner-Q4 2013-1' successfully updated with 'Q4 2013'
Success: opportunity 'Opp-Nägelebau GmbH-Q3 2013-1' successfully updated with 'Q3 2013'
Success: opportunity 'Opp-OMYA-Q3 2013-1' successfully updated with 'Q3 2013'
Success: opportunity 'Opp-Oberhauser & Schedler-Q2 2013-1' successfully updated with 'Q2 2013'
Success: opportunity 'Opp-Octapharma-Q2 2013-1' successfully updated with 'Q2 2013'
Success: opportunity 'Opp-Offner Joh-Q2 2013-1' successfully updated with 'Q2 2013'
Success: opportunity 'Opp-OÖ LAVU-Q2 2013-1' successfully updated with 'Q2 2013'
Success: opportunity 'Opp-OÖ LAVU-Q3 2013-1' successfully updated with 'Q3 2013'
Success: opportunity 'Opp-PBS-AUSTRIA-Q3 2013-1' successfully updated with 'Q3 2013'
Success: opportunity 'Opp-PCL Pauritsch GmbH-Q2 2013-1' successfully updated with 'Q2 2013'
Success: opportunity 'Opp-PIPELIFE INTERNATIONAL-Q3 2013-1' successfully updated with 'Q3 2013'
Success: opportunity 'Opp-PLANSEE SE-Q3 2013-1' successfully updated with 'Q3 2013'
Success: opportunity 'Opp-POLLMANN INTERNATIONAL-Q2 2013-1' successfully updated with 'Q2 2013'
Success: opportunity 'Opp-PSA FINANCE SUISSE SA-Q2 2013-1' successfully updated with 'Q2 2013'
Success: opportunity 'Opp-PTTINGER MASCHINENFAB-Q2 2013-1' successfully updated with 'Q2 2013'
Success: opportunity 'Opp-Palmers Textil AG-Q3 2013-1' successfully updated with 'Q3 2013'
Success: opportunity 'Opp-Panta Rhei Information-Q2 2013-1' successfully updated with 'Q2 2013'
Success: opportunity 'Opp-Pfanner-Q3 2013-1' successfully updated with 'Q3 2013'
Success: opportunity 'Opp-Pfeiffer Handelsgm TRU-Q3 2013-1' successfully updated with 'Q3 2013'
Success: opportunity 'Opp-Pitagora-Q2 2013-1' successfully updated with 'Q2 2013'
Success: opportunity 'Opp-Polleres Hans-Q2 2013-1' successfully updated with 'Q2 2013'
Success: opportunity 'Opp-Porr AG Allgemeine-Q2 2013-1' successfully updated with 'Q2 2013'
Success: opportunity 'Opp-Porr AG Allgemeine-Q3 2013-1' successfully updated with 'Q3 2013'
Success: opportunity 'Opp-Profi Reifen-Q3 2013-1' successfully updated with 'Q3 2013'
Success: opportunity 'Opp-Propangas AG-Q4 2013-1' successfully updated with 'Q4 2013'
Success: opportunity 'Opp-PwC Österreich Gmb TRU-Q2 2013-1' successfully updated with 'Q2 2013'
Success: opportunity 'Opp-PwC Österreich GmbH-Q3 2013-1' successfully updated with 'Q3 2013'
Success: opportunity 'Opp-QUEHENBERGER ROAD & RA-Q3 2013-1' successfully updated with 'Q3 2013'
Success: opportunity 'Opp-R & S Gourmet Express-Q2 2013-1' successfully updated with 'Q2 2013'
Success: opportunity 'Opp-R. Klinger Dichtungen-Q3 2013-1' successfully updated with 'Q3 2013'
Success: opportunity 'Opp-RAIFFEISEN BANK INT. A-Q3 2013-1' successfully updated with 'Q3 2013'
Success: opportunity 'Opp-RAUCH FRUCHTSÄFTE GMBH-Q2 2013-1' successfully updated with 'Q2 2013'
Success: opportunity 'Opp-RETTIG AUSTRIA GMBH-Q3 2013-1' successfully updated with 'Q3 2013'
Success: opportunity 'Opp-REWE INTERNATIONAL TRU-Q3 2013-1' successfully updated with 'Q3 2013'
Success: opportunity 'Opp-RMMV-Q4 2013-1' successfully updated with 'Q4 2013'
Success: opportunity 'Opp-Raiffeisen Centrobank-Q3 2013-1' successfully updated with 'Q3 2013'
Success: opportunity 'Opp-Raiffeisen Informatik-Q3 2013-1' successfully updated with 'Q3 2013'
Success: opportunity 'Opp-Raiffeisen RZ Tirol-Q3 2013-1' successfully updated with 'Q3 2013'
Success: opportunity 'Opp-Raiffeisenlandesbank-Q2 2013-1' successfully updated with 'Q2 2013'
Success: opportunity 'Opp-Rehamed-Rehabilitation-Q2 2013-1' successfully updated with 'Q2 2013'
Success: opportunity 'Opp-Reiter Fleischwaren-Q4 2013-1' successfully updated with 'Q4 2013'
Success: opportunity 'Opp-Rheinmetall MAN-Q2 2013-1' successfully updated with 'Q2 2013'
Success: opportunity 'Opp-Rheinmetall MAN-Q4 2013-1' successfully updated with 'Q4 2013'
Success: opportunity 'Opp-Rote Kreuz Blutspended-Q3 2013-1' successfully updated with 'Q3 2013'
Success: opportunity 'Opp-Roth Hans-Q2 2013-1' successfully updated with 'Q2 2013'
Success: opportunity 'Opp-Roth-Technik Austria-Q2 2013-1' successfully updated with 'Q2 2013'
Success: opportunity 'Opp-Rothmund Friedrich-Q2 2013-1' successfully updated with 'Q2 2013'
Success: opportunity 'Opp-Roto Frank Austria-Q4 2013-1' successfully updated with 'Q4 2013'
Success: opportunity 'Opp-SAG MOTION GMBH-Q3 2013-1' successfully updated with 'Q3 2013'
Success: opportunity 'Opp-SALINEN AUSTRIA AG-Q2 2013-1' successfully updated with 'Q2 2013'
Success: opportunity 'Opp-SALINEN AUSTRIA AG-Q3 2013-1' successfully updated with 'Q3 2013'
Success: opportunity 'Opp-SANITR H. BCRS PROJEC-Q2 2013-1' successfully updated with 'Q2 2013'
Success: opportunity 'Opp-SBM Mineral Processing-Q2 2013-1' successfully updated with 'Q2 2013'
Success: opportunity 'Opp-SCHENKER-BTL AG-Q3 2013-1' successfully updated with 'Q3 2013'
Success: opportunity 'Opp-SCHLÜSSELVERLAG-Q3 2013-1' successfully updated with 'Q3 2013'
Success: opportunity 'Opp-SCHNABL ANDREAS, ING-Q3 2013-1' successfully updated with 'Q3 2013'
Success: opportunity 'Opp-SIEMENS AG ÖSTERREICH-Q2 2013-1' successfully updated with 'Q2 2013'
Success: opportunity 'Opp-SIEMENS ENTERPRISE-Q2 2013-1' successfully updated with 'Q2 2013'
Success: opportunity 'Opp-SSI Schäfer Peem GmbH-Q2 2013-1' successfully updated with 'Q2 2013'
Success: opportunity 'Opp-SSI Schäfer Peem GmbH-Q2 2013-2' successfully updated with 'Q2 2013'
Success: opportunity 'Opp-SSI Schäfer Peem-Q3 2013-1' successfully updated with 'Q3 2013'
Success: opportunity 'Opp-SSI Schäfer Peem-Q4 2013-1' successfully updated with 'Q4 2013'
Success: opportunity 'Opp-STARLIM Spritzguss-Q3 2013-1' successfully updated with 'Q3 2013'
Success: opportunity 'Opp-STMICROELECTRONICS NV-Q2 2013-1' successfully updated with 'Q2 2013'
Success: opportunity 'Opp-STMICROELECTRONICS SA-Q3 2013-1' successfully updated with 'Q3 2013'
Success: opportunity 'Opp-STRAKA GMBH-Q3 2013-1' successfully updated with 'Q3 2013'
Success: opportunity 'Opp-STROH AUSTRIA-Q3 2013-1' successfully updated with 'Q3 2013'
Success: opportunity 'Opp-STUBAI WERKZEUGINDUSTR-Q2 2013-1' successfully updated with 'Q2 2013'
Success: opportunity 'Opp-SVA d.Gew.Wirtschaft-Q3 2013-1' successfully updated with 'Q3 2013'
Success: opportunity 'Opp-SVD Büromanagement-Q3 2013-1' successfully updated with 'Q3 2013'
Success: opportunity 'Opp-SYNAXA GMBH-Q3 2013-1' successfully updated with 'Q3 2013'
Success: opportunity 'Opp-Sab-Tours-Q2 2013-1' successfully updated with 'Q2 2013'
Success: opportunity 'Opp-Salomon-Q4 2013-1' successfully updated with 'Q4 2013'
Success: opportunity 'Opp-Salzburg Research GmbH-Q3 2013-1' successfully updated with 'Q3 2013'
Success: opportunity 'Opp-Sanitär-Heinze-Q2 2013-1' successfully updated with 'Q2 2013'
Success: opportunity 'Opp-Sarstedt-Q2 2013-1' successfully updated with 'Q2 2013'
Success: opportunity 'Opp-Scheuch GmbH-Q4 2013-1' successfully updated with 'Q4 2013'
Success: opportunity 'Opp-Scheuch GmbH-Q4 2013-2' successfully updated with 'Q4 2013'
Success: opportunity 'Opp-Schnberg Label Ges.m.-Q2 2013-1' successfully updated with 'Q2 2013'
Success: opportunity 'Opp-Schott Wirtschaftstreu-Q3 2013-1' successfully updated with 'Q3 2013'
Success: opportunity 'Opp-Schukra Berndorf GmbH-Q2 2013-1' successfully updated with 'Q2 2013'
Success: opportunity 'Opp-Scientific Games Int-Q3 2013-1' successfully updated with 'Q3 2013'
Success: opportunity 'Opp-Sieghartsleitner-Q3 2013-1' successfully updated with 'Q3 2013'
Success: opportunity 'Opp-Simacek Facility Group-Q3 2013-1' successfully updated with 'Q3 2013'
Success: opportunity 'Opp-Sinnesberger-Q3 2013-1' successfully updated with 'Q3 2013'
Success: opportunity 'Opp-Sintschnig-Q3 2013-1' successfully updated with 'Q3 2013'
Success: opportunity 'Opp-SkiData AG-Q3 2013-1' successfully updated with 'Q3 2013'
Success: opportunity 'Opp-Socit Gnrale-Q2 2013-1' successfully updated with 'Q2 2013'
Success: opportunity 'Opp-Sonderkrankenanstalt-Q2 2013-1' successfully updated with 'Q2 2013'
Success: opportunity 'Opp-Spielo International-Q2 2013-1' successfully updated with 'Q2 2013'
Success: opportunity 'Opp-Spielo International-Q3 2013-1' successfully updated with 'Q3 2013'
Success: opportunity 'Opp-Sport Eybl & Sport TRU-Q3 2013-1' successfully updated with 'Q3 2013'
Success: opportunity 'Opp-Sport Eybl & Sport TRU-Q3 2013-2' successfully updated with 'Q3 2013'
Success: opportunity 'Opp-Sportalm Ges.m.b.H-Q4 2013-1' successfully updated with 'Q4 2013'
Success: opportunity 'Opp-Stamag Malzfabr.GesmbH-Q2 2013-1' successfully updated with 'Q2 2013'
Success: opportunity 'Opp-Steiermärkische Ankünd-Q2 2013-1' successfully updated with 'Q2 2013'
Success: opportunity 'Opp-Steka-Werke Rojkowski-Q3 2013-1' successfully updated with 'Q3 2013'
Success: opportunity 'Opp-Svoboda & Co Mbelwerk-Q2 2013-1' successfully updated with 'Q2 2013'
Success: opportunity 'Opp-Svoboda & Co Mbelwerk-Q3 2013-1' successfully updated with 'Q3 2013'
Success: opportunity 'Opp-Systema-Q3 2013-1' successfully updated with 'Q3 2013'
Success: opportunity 'Opp-T-Systems Austria GmbH-Q4 2013-1' successfully updated with 'Q4 2013'
Success: opportunity 'Opp-TQS EDV-Ges.m.b.H-Q3 2013-1' successfully updated with 'Q3 2013'
Success: opportunity 'Opp-TRU/MOEBEL HUBACHER AG-Q2 2013-1' successfully updated with 'Q2 2013'
Success: opportunity 'Opp-Team 7-Q2 2013-1' successfully updated with 'Q2 2013'
Success: opportunity 'Opp-Technikum Fachhochsch-Q2 2013-1' successfully updated with 'Q2 2013'
Success: opportunity 'Opp-Therapiezentrum-Q2 2013-1' successfully updated with 'Q2 2013'
Success: opportunity 'Opp-Tilly Holzindustrie-Q4 2013-1' successfully updated with 'Q4 2013'
Success: opportunity 'Opp-Traunfellner Anton-Q2 2013-1' successfully updated with 'Q2 2013'
Error: can't update opportunity 'Opp-Trau~ner Hans-Q2 2013-1' due error: [{"message":"Record got updated in the system, your version of data is out-of-date. Please do your modification again.","type":"ConcurrencyError","target":{"_id":"519b7d7a2024f4fb60000209","displayName":"Opp-Trau~ner Hans-Q2 2013-1","dq":[],"externalIds":[],"flows":{"salesStages":{"target":{"type":"core.flow/assignment","name":"salesStages","displayName":"Sales Stages","key":"513f3dbe6f46d5aead000e50"},"transitions":[{"timeGap":0,"changeDate":"2013-05-21T13:58:20.644Z","toState":"notContacted","fromState":"-"}],"state":{"displayName":"Not Contacted","name":"notContacted"}}},"keywords":["opp-trau~ner hans-notdetermined","opp-trau~ner hans-q2 2013-1"],"quotesReady":"false","relationships":[{"_id":"51a89c6b8af741146f01104a","relationships":[],"relation":{"type":"core.lookup","key":"513f3db36f46d5aead000773","displayName":"Assigned Team","name":"assignedTeam"},"target":{"revisionId":128,"key":"517ed735fb972b584c0067e0","name":"ibmZurichOps","displayName":"IBM Zurich Ops","type":"core.team"},"type":"core.relationship"},{"_id":"51962a6282e0b9f317049e38","relationships":[],"relation":{"type":"core.lookup","key":"513f3db36f46d5aead00077b","displayName":"Customer","name":"customer"},"target":{"type":"core.contact/organization","displayName":"Trau~ner Hans","key":"5163511a73e53cbb46001ccc","revisionId":6},"type":"core.relationship"},{"_id":"519b7d7a2024f4fb6000020b","relationships":[],"relation":{"type":"core.lookup","key":"513f3db36f46d5aead0007a0","displayName":"Incumbent Distributor","name":"incumbentDistributor"},"target":{"type":"core.contact/organization","displayName":"GOLDPLAN - AVNET","key":"51718327588a62033a043fe3","revisionId":6},"type":"core.relationship"},{"_id":"519b7d7a2024f4fb6000020a","relationships":[],"relation":{"type":"core.lookup","key":"513f3db36f46d5aead0007a1","displayName":"Incumbent Reseller","name":"incumbentReseller"},"target":{"type":"core.contact/organization","displayName":"ILS Consult GmbH","key":"5163421a334166d71e009d4a","revisionId":6},"type":"core.relationship"},{"_id":"51a89c6b8af741146f011049","relationships":[],"relation":{"type":"core.lookup","key":"513f3db36f46d5aead0007a8","displayName":"Sales Rep","name":"salesRep"},"target":{"revisionId":2,"key":"5162db501f74006422029610","displayName":"Flavio Dudli","type":"core.contact/person"},"type":"core.relationship"}],"tags":["CCCuFgyK"],"targetDate":"2013-06-10T08:00:00.000Z","weightedAmount":{"amount":0,"code":{"name":"usd","type":"core.lookup","displayName":"USD","key":"513f3db36f46d5aead00080c"},"type":"core.currency"},"type":"app.opportunity","systemProperties":{"tenant":"ibm","revisionId":3,"qRank":4,"lastModifiedOn":"2013-06-04T20:17:24.011Z","lastModifiedBy":"bill.moor@ibm.com","expiredOn":"9999-01-01T00:00:00.000Z","createdOn":"2013-05-21T13:58:36.633Z","createdBy":"bill.moor@ibm.com"},"amount":{"amount":1657.31,"type":"core.currency","code":{"name":"usd","type":"core.lookup","displayName":"USD","key":"513f3db36f46d5aead00080c"},"normalizedAmount":{"amount":1657.31,"convertedOn":"2013-05-21T14:01:10.837Z","code":{"key":"513f3db36f46d5aead00080c","displayName":"USD","type":"core.lookup","name":"usd"}}},"targetAmount":{"amount":1657.31,"code":{"name":"usd","type":"core.lookup","displayName":"USD","key":"513f3db36f46d5aead00080c"},"normalizedAmount":{"amount":1657.31,"convertedOn":"2013-05-21T14:00:31.987Z","code":{"key":"513f3db36f46d5aead00080c","displayName":"USD","type":"core.lookup","name":"usd"}}},"upsellAmount":{"type":"core.currency","amount":0,"code":{"key":"513f3db36f46d5aead00080c","displayName":"USD","type":"core.lookup","name":"usd"},"normalizedAmount":{"amount":0,"convertedOn":"2013-05-21T13:58:20.791Z","code":{"key":"513f3db36f46d5aead00080c","displayName":"USD","type":"core.lookup","name":"usd"}}},"extensions":{"master":{"targetPeriod":{"value":{"key":"513f3db76f46d5aead000b87","displayName":"FY13Q2","value":{"end":"2013-07-01T12:00:00.000Z","start":"2013-04-01T12:00:00.000Z"},"type":"app.lookup","name":"fy13q2"},"type":"lookup"},"directChannel":{"value":{"name":"channelTier1","type":"app.lookup","displayName":"Channel Tier 1","key":"513f3db76f46d5aead000bd9"},"type":"lookup"},"country":{"value":{"name":"AT","type":"core.lookup","displayName":"Austria","key":"513f3db36f46d5aead000913"},"type":"lookup"},"clientTheatre":{"value":{"name":"emea","type":"app.lookup","displayName":"EMEA","key":"513f3db76f46d5aead000bdd"},"type":"lookup"},"clientTerritory":{"value":{"name":"europeIOT","type":"app.lookup","displayName":"Europe IOT","key":"513f3db76f46d5aead000bde"},"type":"lookup"},"clientRegion":{"value":{"name":"DACH","type":"app.lookup","displayName":"D/A/CH","key":"513f3db76f46d5aead000bc5"},"type":"lookup"},"clientBatchQuarter":{"value":"Q2 2013"},"businessLine":{"value":{"name":"core","type":"app.lookup","displayName":"CORE","key":"519aee38c43b7aae0c00221d"},"type":"lookup"},"batchQuarter":{"value":"Q2 2013","type":"string"}}}}}]
Success: opportunity 'Opp-Trepka Alfred-Q2 2013-1' successfully updated with 'Q3 2013'
Success: opportunity 'Opp-Tyrolit Schleifmittel-Q4 2013-1' successfully updated with 'Q4 2013'
Success: opportunity 'Opp-UBIS AUSTRIA-Q3 2013-1' successfully updated with 'Q3 2013'
Success: opportunity 'Opp-UNIVERSITT INNSBRUCK-Q2 2013-1' successfully updated with 'Q2 2013'
Success: opportunity 'Opp-UNIVERSITT INNSBRUCK-Q2 2013-2' successfully updated with 'Q2 2013'
Success: opportunity 'Opp-VA Eisenbahn u Bergbau-Q3 2013-1' successfully updated with 'Q3 2013'
Success: opportunity 'Opp-VAMED-Q3 2013-1' successfully updated with 'Q3 2013'
Success: opportunity 'Opp-VB Factoring Bank-Q3 2013-1' successfully updated with 'Q3 2013'
Success: opportunity 'Opp-VITA+NATURPRODUKTE-Q3 2013-1' successfully updated with 'Q3 2013'
Success: opportunity 'Opp-VNSP/PRESIDA TREUHAND AG-Q2 2013-1' successfully updated with 'Q2 2013'
Success: opportunity 'Opp-VNSP/PRISMA INFORMATIK AG-Q2 2013-1' successfully updated with 'Q2 2013'
Success: opportunity 'Opp-VOG Aktiengesellschaft-Q2 2013-1' successfully updated with 'Q2 2013'
Success: opportunity 'Opp-Verein Jugend am Werk-Q3 2013-1' successfully updated with 'Q3 2013'
Success: opportunity 'Opp-Verein.Fettw.Industrie-Q3 2013-1' successfully updated with 'Q3 2013'
Success: opportunity 'Opp-Verkehrsbüro Österr.-Q2 2013-1' successfully updated with 'Q2 2013'
Success: opportunity 'Opp-Verkehrskreditb.Öst.-Q2 2013-1' successfully updated with 'Q2 2013'
Success: opportunity 'Opp-Vers.Anst.f.Eisenbah-Q2 2013-1' successfully updated with 'Q3 2013'
Success: opportunity 'Opp-Vers.f.Eisenbahnen-Q3 2013-1' successfully updated with 'Q3 2013'
Success: opportunity 'Opp-Viking GmbH-Q2 2013-1' successfully updated with 'Q2 2013'
Success: opportunity 'Opp-Viking GmbH-Q3 2013-1' successfully updated with 'Q3 2013'
Success: opportunity 'Opp-Visa Austria-Q3 2013-1' successfully updated with 'Q3 2013'
Error: can't update opportunity 'Opp-Vogel & Noot-Q4 2013-1' due error: [{"message":"Record got updated in the system, your version of data is out-of-date. Please do your modification again.","type":"ConcurrencyError","target":{"_id":"519b7d795b17edfd6000018b","displayName":"Opp-Vogel & Noot-Q4 2013-1","dq":[],"externalIds":[],"flows":{"salesStages":{"target":{"type":"core.flow/assignment","name":"salesStages","displayName":"Sales Stages","key":"513f3dbe6f46d5aead000e50"},"transitions":[{"timeGap":0,"changeDate":"2013-05-21T13:58:17.742Z","toState":"notContacted","fromState":"-"}],"state":{"displayName":"Not Contacted","name":"notContacted"}}},"keywords":["opp-vogel & noot-notdetermined","opp-vogel & noot-q4 2013-1"],"quotesReady":"false","relationships":[{"_id":"51a89c938af741146f0115c9","relationships":[],"relation":{"type":"core.lookup","key":"513f3db36f46d5aead000773","displayName":"Assigned Team","name":"assignedTeam"},"target":{"revisionId":128,"key":"517ed735fb972b584c0067e0","name":"ibmZurichOps","displayName":"IBM Zurich Ops","type":"core.team"},"type":"core.relationship"},{"_id":"51962a6ccfee5aca550535aa","relationships":[],"relation":{"type":"core.lookup","key":"513f3db36f46d5aead00077b","displayName":"Customer","name":"customer"},"target":{"type":"core.contact/organization","displayName":"Vogel & Noot","key":"5163512bffd255f3460038dc","revisionId":6},"type":"core.relationship"},{"_id":"519b7d795b17edfd6000018d","relationships":[],"relation":{"type":"core.lookup","key":"513f3db36f46d5aead0007a0","displayName":"Incumbent Distributor","name":"incumbentDistributor"},"target":{"type":"core.contact/organization","displayName":"GOLDPLAN - AVNET","key":"51718327588a62033a043fe3","revisionId":6},"type":"core.relationship"},{"_id":"519b7d795b17edfd6000018c","relationships":[],"relation":{"type":"core.lookup","key":"513f3db36f46d5aead0007a1","displayName":"Incumbent Reseller","name":"incumbentReseller"},"target":{"type":"core.contact/organization","displayName":"Kapsch BusinessCom AG","key":"5163420767a6e5231f013186","revisionId":6},"type":"core.relationship"},{"_id":"51a89c938af741146f0115c5","relationships":[],"relation":{"type":"core.lookup","key":"513f3db36f46d5aead0007a8","displayName":"Sales Rep","name":"salesRep"},"target":{"revisionId":2,"key":"5162db501f74006422029610","displayName":"Flavio Dudli","type":"core.contact/person"},"type":"core.relationship"}],"tags":["CCCuFgyK"],"targetDate":"2013-10-07T08:00:00.000Z","weightedAmount":{"amount":0,"code":{"name":"usd","type":"core.lookup","displayName":"USD","key":"513f3db36f46d5aead00080c"},"type":"core.currency"},"type":"app.opportunity","systemProperties":{"tenant":"ibm","revisionId":4,"qRank":4,"lastModifiedOn":"2013-06-04T20:20:33.115Z","lastModifiedBy":"bill.moor@ibm.com","expiredOn":"9999-01-01T00:00:00.000Z","createdOn":"2013-05-21T13:58:28.357Z","createdBy":"bill.moor@ibm.com"},"amount":{"amount":171.27,"type":"core.currency","code":{"name":"usd","type":"core.lookup","displayName":"USD","key":"513f3db36f46d5aead00080c"},"normalizedAmount":{"amount":171.27,"convertedOn":"2013-05-21T13:58:41.230Z","code":{"key":"513f3db36f46d5aead00080c","displayName":"USD","type":"core.lookup","name":"usd"}}},"targetAmount":{"amount":171.27,"code":{"name":"usd","type":"core.lookup","displayName":"USD","key":"513f3db36f46d5aead00080c"},"normalizedAmount":{"amount":171.27,"convertedOn":"2013-05-21T13:58:38.507Z","code":{"key":"513f3db36f46d5aead00080c","displayName":"USD","type":"core.lookup","name":"usd"}}},"upsellAmount":{"type":"core.currency","amount":0,"code":{"key":"513f3db36f46d5aead00080c","displayName":"USD","type":"core.lookup","name":"usd"},"normalizedAmount":{"amount":0,"convertedOn":"2013-05-21T13:58:18.620Z","code":{"key":"513f3db36f46d5aead00080c","displayName":"USD","type":"core.lookup","name":"usd"}}},"extensions":{"master":{"targetPeriod":{"type":"lookup","value":{"name":"fy13q2","type":"app.lookup","value":{"end":"2013-07-01T12:00:00.000Z","start":"2013-04-01T12:00:00.000Z"},"displayName":"FY13Q2","key":"513f3db76f46d5aead000b87"}},"directChannel":{"value":{"name":"channelTier1","type":"app.lookup","displayName":"Channel Tier 1","key":"513f3db76f46d5aead000bd9"},"type":"lookup"},"country":{"value":{"name":"AT","type":"core.lookup","displayName":"Austria","key":"513f3db36f46d5aead000913"},"type":"lookup"},"clientTheatre":{"value":{"name":"emea","type":"app.lookup","displayName":"EMEA","key":"513f3db76f46d5aead000bdd"},"type":"lookup"},"clientTerritory":{"value":{"name":"europeIOT","type":"app.lookup","displayName":"Europe IOT","key":"513f3db76f46d5aead000bde"},"type":"lookup"},"clientRegion":{"value":{"name":"DACH","type":"app.lookup","displayName":"D/A/CH","key":"513f3db76f46d5aead000bc5"},"type":"lookup"},"clientBatchQuarter":{"value":"Q4 2013"},"businessLine":{"value":{"name":"core","type":"app.lookup","displayName":"CORE","key":"519aee38c43b7aae0c00221d"},"type":"lookup"},"batchQuarter":{"value":"Q4 2013","type":"string"}}}}}]
Success: opportunity 'Opp-Voglauer Mbelwerk-Q3 2013-1' successfully updated with 'Q3 2013'
Success: opportunity 'Opp-Vorderegger-Q2 2013-1' successfully updated with 'Q2 2013'
Success: opportunity 'Opp-Votteler Lacktechnik-Q2 2013-1' successfully updated with 'Q2 2013'
Success: opportunity 'Opp-WALTER BÖSCH GMBH&CO K-Q3 2013-1' successfully updated with 'Q3 2013'
Success: opportunity 'Opp-WEIDMANN INFRA AG-Q2 2013-1' successfully updated with 'Q2 2013'
Success: opportunity 'Opp-WEKA-Verlag GmbH-Q3 2013-1' successfully updated with 'Q3 2013'
Success: opportunity 'Opp-WHO OMS-Q2 2013-1' successfully updated with 'Q2 2013'
Success: opportunity 'Opp-WIPARK-Q2 2013-1' successfully updated with 'Q2 2013'
Success: opportunity 'Opp-WITTUR GmbH-Q2 2013-1' successfully updated with 'Q2 2013'
Success: opportunity 'Opp-WOHNPLUS AG-Q2 2013-1' successfully updated with 'Q2 2013'
Success: opportunity 'Opp-WSK BANK AG-Q3 2013-1' successfully updated with 'Q3 2013'
Success: opportunity 'Opp-WU-Q2 2013-1' successfully updated with 'Q3 2013'
Success: opportunity 'Opp-WYSS AG PRIVATKLINIK-Q2 2013-1' successfully updated with 'Q2 2013'
Success: opportunity 'Opp-Wallak Informatics-Q2 2013-1' successfully updated with 'Q2 2013'
Success: opportunity 'Opp-Walter Moser GmbH-Q4 2013-1' successfully updated with 'Q4 2013'
Success: opportunity 'Opp-Walzwaren-Q3 2013-1' successfully updated with 'Q3 2013'
Success: opportunity 'Opp-Weber-Hydraulik GmbH-Q2 2013-1' successfully updated with 'Q2 2013'
Success: opportunity 'Opp-Wedl Handels-Q2 2013-1' successfully updated with 'Q2 2013'
Success: opportunity 'Opp-Wedl Handels-Q2 2013-2' successfully updated with 'Q2 2013'
Success: opportunity 'Opp-Weichberger-Q3 2013-1' successfully updated with 'Q3 2013'
Success: opportunity 'Opp-Whirlpool Austria GmbH-Q2 2013-1' successfully updated with 'Q2 2013'
Success: opportunity 'Opp-Wien IT-Q2 2013-1' successfully updated with 'Q2 2013'
Success: opportunity 'Opp-Wimmer Medien-Q2 2013-1' successfully updated with 'Q2 2013'
Success: opportunity 'Opp-Winterthur Rappold-Q2 2013-1' successfully updated with 'Q3 2013'
Success: opportunity 'Opp-XXXLUTZ KG         TRU-Q3 2013-1' successfully updated with 'Q3 2013'
Success: opportunity 'Opp-XXXLUTZ KG-Q3 2013-1' successfully updated with 'Q3 2013'
Success: opportunity 'Opp-ZH/HWZ-Q2 2013-1' successfully updated with 'Q2 2013'
Success: opportunity 'Opp-ZID UNI WIEN-Q3 2013-1' successfully updated with 'Q3 2013'
Success: opportunity 'Opp-ZIEGLER (SCHWEIZ) AG-Q2 2013-1' successfully updated with 'Q2 2013'
Success: opportunity 'Opp-ZIEHL-ABEGG, MOTOREN +-Q3 2013-1' successfully updated with 'Q3 2013'
Success: opportunity 'Opp-Zeppelin Österreich-Q2 2013-1' successfully updated with 'Q2 2013'
Success: opportunity 'Opp-Zultner W. & Co-Q2 2013-1' successfully updated with 'Q2 2013'
Success: opportunity 'Opp-e. rainalter Ges.m.b.H-Q2 2013-1' successfully updated with 'Q2 2013'
Success: opportunity 'Opp-ebm-papst Motoren-Q3 2013-1' successfully updated with 'Q3 2013'
Success: opportunity 'Opp-fischer Edelstahlrohre-Q2 2013-1' successfully updated with 'Q2 2013'
Success: opportunity 'Opp-gbv services u.beratun-Q2 2013-1' successfully updated with 'Q2 2013'
Success: opportunity 'Opp-iT-AUSTRIA RS/6000-Q2 2013-1' successfully updated with 'Q2 2013'
Success: opportunity 'Opp-itgs it solutions-Q3 2013-1' successfully updated with 'Q3 2013'
Success: opportunity 'Opp-oxaion gmbh-Q4 2013-1' successfully updated with 'Q4 2013'
Success: opportunity 'Opp-unit-IT Dienstleistung-Q2 2013-1' successfully updated with 'Q2 2013'
Success: opportunity 'Opp-unit-IT Dienstleistung-Q2 2013-2' successfully updated with 'Q2 2013'
Success: opportunity 'Opp-unit-IT Dienstleistung-Q4 2013-1' successfully updated with 'Q4 2013'
Success: opportunity 'Opp-Ä rztek. OÖ-Q3 2013-1' successfully updated with 'Q3 2013'
Success: opportunity 'Opp-ÖBB-IKT GMBH-Q2 2013-1' successfully updated with 'Q2 2013'
Success: opportunity 'Opp-ÖGB-Q2 2013-1' successfully updated with 'Q2 2013'
Success: opportunity 'Opp-ÖRK BLUTZENTRALE LINZ-Q3 2013-1' successfully updated with 'Q3 2013'
Success: opportunity 'Opp-ÖSTERREICHISCHES VERKE-Q2 2013-1' successfully updated with 'Q2 2013'
Updated Opportunities: 516
