APOS-ООО Опен Компьютер Солюшнз_RU4001279-FY14Q2-2: []
APOS-ООО Опен Компьютер Солюшнз_RU4001278-FY14Q2-2: [
    {
        "type": "core.relationship",
        "_id": "512f2e867a7f1b571c027d0b",
        "relation": {
            "name": "salesRep",
            "displayName": "Sales Rep",
            "key": "50ac01a21f9c0c000000073f",
            "type": "core.lookup"
        },
        "target": {
            "type": "core.contact/person",
            "displayName": "Ina Sartatovic",
            "extensions": {
                "tenant": {
                    "clientTerritory": {
                        "type": "lookup"
                    },
                    "country": {
                        "type": "lookup"
                    },
                    "segment": {
                        "type": "lookup"
                    },
                    "affinityId": {
                        "type": "string",
                        "value": {}
                    },
                    "customerNumber": {
                        "type": "string",
                        "value": {}
                    },
                    "customerId": {
                        "type": "string",
                        "value": {}
                    },
                    "buId": {
                        "type": "string",
                        "value": {}
                    },
                    "affinityLevel": {
                        "type": "string",
                        "value": {}
                    },
                    "l0AffinityId": {
                        "type": "string",
                        "value": {}
                    },
                    "affinityPath": {
                        "type": "string",
                        "value": {}
                    },
                    "exceptionType": {
                        "type": "lookup"
                    }
                }
            },
            "key": "50c9394b53083c2e0c00014e",
            "relContext": null
        },
        "relContext": null
    }
]
APOS-ООО Пик Формы_RU4001342-FY14Q2-2: []
APOS-ООО ИМПОРТТЕЛЕКОМ_RU4001361-FY14Q2-2: []
APOS-ЗАО КРОК инкорпорейтед_RU4001002-FY14Q2-2: []
APOS-ООО Пик Формы_RU4001248-FY14Q2-2: [
    {
        "type": "core.relationship",
        "_id": "512f2e867a7f1b571c027d0f",
        "relation": {
            "name": "salesRep",
            "displayName": "Sales Rep",
            "key": "50ac01a21f9c0c000000073f",
            "type": "core.lookup"
        },
        "target": {
            "type": "core.contact/person",
            "displayName": "Ina Sartatovic",
            "extensions": {
                "tenant": {
                    "clientTerritory": {
                        "type": "lookup"
                    },
                    "country": {
                        "type": "lookup"
                    },
                    "segment": {
                        "type": "lookup"
                    },
                    "affinityId": {
                        "type": "string",
                        "value": {}
                    },
                    "customerNumber": {
                        "type": "string",
                        "value": {}
                    },
                    "customerId": {
                        "type": "string",
                        "value": {}
                    },
                    "buId": {
                        "type": "string",
                        "value": {}
                    },
                    "affinityLevel": {
                        "type": "string",
                        "value": {}
                    },
                    "l0AffinityId": {
                        "type": "string",
                        "value": {}
                    },
                    "affinityPath": {
                        "type": "string",
                        "value": {}
                    },
                    "exceptionType": {
                        "type": "lookup"
                    }
                }
            },
            "key": "50c9394b53083c2e0c00014e",
            "relContext": null
        },
        "relContext": null
    }
]
APOS-FUNDAÇÃO PÃO DE AÇÚCAR – AUCHAN_PT1009019-FY14Q2-2: [
    {
        "type": "core.relationship",
        "_id": "512f2dca0c53792e1a00ff68",
        "relation": {
            "name": "salesRep",
            "displayName": "Sales Rep",
            "key": "50ac01a21f9c0c000000073f",
            "type": "core.lookup"
        },
        "target": {
            "type": "core.contact/person",
            "displayName": "Liliana Taveira",
            "extensions": {
                "tenant": {
                    "clientTerritory": {
                        "type": "lookup"
                    },
                    "country": {
                        "type": "lookup"
                    },
                    "segment": {
                        "type": "lookup"
                    },
                    "affinityId": {
                        "type": "string",
                        "value": {}
                    },
                    "customerNumber": {
                        "type": "string",
                        "value": {}
                    },
                    "customerId": {
                        "type": "string",
                        "value": {}
                    },
                    "buId": {
                        "type": "string",
                        "value": {}
                    },
                    "affinityLevel": {
                        "type": "string",
                        "value": {}
                    },
                    "l0AffinityId": {
                        "type": "string",
                        "value": {}
                    },
                    "affinityPath": {
                        "type": "string",
                        "value": {}
                    },
                    "exceptionType": {
                        "type": "lookup"
                    }
                }
            },
            "key": "50c939eb87809a240c0005fb",
            "relContext": null
        },
        "relContext": null
    }
]
APOS-GLINTT – TECHNOLOGY ENABLED SERVICE_PT1007669-FY14Q2-2: [
    {
        "type": "core.relationship",
        "_id": "512f2dd00c53792e1a00ffc4",
        "relation": {
            "name": "salesRep",
            "displayName": "Sales Rep",
            "key": "50ac01a21f9c0c000000073f",
            "type": "core.lookup"
        },
        "target": {
            "type": "core.contact/person",
            "displayName": "Liliana Taveira",
            "extensions": {
                "tenant": {
                    "clientTerritory": {
                        "type": "lookup"
                    },
                    "country": {
                        "type": "lookup"
                    },
                    "segment": {
                        "type": "lookup"
                    },
                    "affinityId": {
                        "type": "string",
                        "value": {}
                    },
                    "customerNumber": {
                        "type": "string",
                        "value": {}
                    },
                    "customerId": {
                        "type": "string",
                        "value": {}
                    },
                    "buId": {
                        "type": "string",
                        "value": {}
                    },
                    "affinityLevel": {
                        "type": "string",
                        "value": {}
                    },
                    "l0AffinityId": {
                        "type": "string",
                        "value": {}
                    },
                    "affinityPath": {
                        "type": "string",
                        "value": {}
                    },
                    "exceptionType": {
                        "type": "lookup"
                    }
                }
            },
            "key": "50c939eb87809a240c0005fb",
            "relContext": null
        },
        "relContext": null
    }
]
APOS-OVARPACK – EMBALAGENS, SA_PT1006495-FY14Q2-2: [
    {
        "type": "core.relationship",
        "_id": "512f2df80c53792e1a01030f",
        "relation": {
            "name": "salesRep",
            "displayName": "Sales Rep",
            "key": "50ac01a21f9c0c000000073f",
            "type": "core.lookup"
        },
        "target": {
            "type": "core.contact/person",
            "displayName": "Liliana Taveira",
            "extensions": {
                "tenant": {
                    "clientTerritory": {
                        "type": "lookup"
                    },
                    "country": {
                        "type": "lookup"
                    },
                    "segment": {
                        "type": "lookup"
                    },
                    "affinityId": {
                        "type": "string",
                        "value": {}
                    },
                    "customerNumber": {
                        "type": "string",
                        "value": {}
                    },
                    "customerId": {
                        "type": "string",
                        "value": {}
                    },
                    "buId": {
                        "type": "string",
                        "value": {}
                    },
                    "affinityLevel": {
                        "type": "string",
                        "value": {}
                    },
                    "l0AffinityId": {
                        "type": "string",
                        "value": {}
                    },
                    "affinityPath": {
                        "type": "string",
                        "value": {}
                    },
                    "exceptionType": {
                        "type": "lookup"
                    }
                }
            },
            "key": "50c939eb87809a240c0005fb",
            "relContext": null
        },
        "relContext": null
    }
]
APOS-Sygma Banque S.A. Oddział w Polsce_PL2592462-FY14Q2-2: []
APOS-„Grupa RMF SP. Z O.O.” SP. K._PL2586359-FY14Q2-2: []
APOS-PGE ELEKTROWNIA BEŁCHATÓW S.A._PL2584277-FY14Q2-2: []
APOS-INFONET PROJEKT SPÓŁKA AKCYJNA_PL2584627-FY14Q2-2: []
APOS-PBB SPÓŁKA Z OGRANICZONĄ_PL2585666-FY14Q2-2: []
