Preparing the file... 
Preparing the file... 
Preparing the file... 
Preparing the file... 
Preparing the file... 
Preparing the file... 
Preparing the file... 
Preparing the file... 
Preparing the file... 
Preparing the file... 
Preparing the file... 
Preparing the file... 
Preparing the file... 
Preparing the file... 
Preparing the file... 
Preparing the file... 
Preparing the file... 
Preparing the file... 
Preparing the file... 
Preparing the file... 
Preparing the file... 
Preparing the file... 
Preparing the file... 
Preparing the file... 
Preparing the file... 
Preparing the file... 
Preparing the file... 
Preparing the file... 
Preparing the file... 
Preparing the file... 
Preparing the file... 
Preparing the file... 
Usage: ./updateClientTerritory.sh <file> <coll> 
Preparing the file... 
Preparing the file... 
Preparing the file... 
Preparing the file... 
Preparing the file... 
Preparing the file... 
Preparing the file... 
Mon Sep 16 03:18:38 2013 Processed 394225 records. Skipped 0 empty lines.
Mon Sep 16 03:18:38 2013 Processed 463664 records. Skipped 0 empty lines.
Mon Sep 16 03:18:39 2013 Processed 485207 records. Skipped 0 empty lines.
Mon Sep 16 03:18:39 2013 Processed 610470 records. Skipped 0 empty lines.
Usage: ./updateTargetAmounts.sh <file> <coll> 
Preparing the file... 
Mon Sep 16 03:31:57 2013 Processed 1175219 records. Skipped 0 empty lines.
Preparing the file... 
Mon Sep 16 03:32:36 2013 Processed 1175217 records. Skipped 0 empty lines.
Preparing the file... 
Preparing the file... 
Preparing the file... 
Preparing the file... 
Preparing the file... 
Wed Sep 18 04:53:46 2013 Processed 32 records. Skipped 0 empty lines.
Wed Sep 18 04:53:46 2013 Processed 6 records. Skipped 0 empty lines.
Wed Sep 18 04:53:47 2013 Processed 120152 records. Skipped 0 empty lines.
Wed Sep 18 04:53:47 2013 Processed 224329 records. Skipped 0 empty lines.
Wed Sep 18 04:53:52 2013 Processed 1175217 records. Skipped 0 empty lines.
Preparing the file... 
Preparing the file... 
Preparing the file... 
Preparing the file... 
Preparing the file... 
Preparing the file... 
Preparing the file... 
Preparing the file... 
Preparing the file... 
Preparing the file... 
Wed Sep 18 04:53:54 2013 Processed 26 records. Skipped 0 empty lines.
Wed Sep 18 04:53:54 2013 Processed 1143 records. Skipped 0 empty lines.
Wed Sep 18 04:53:54 2013 Processed 5 records. Skipped 0 empty lines.
Wed Sep 18 04:53:54 2013 Processed 3846 records. Skipped 0 empty lines.
Wed Sep 18 04:53:54 2013 Processed 44 records. Skipped 0 empty lines.
Wed Sep 18 04:53:54 2013 Processed 6107 records. Skipped 0 empty lines.
Wed Sep 18 04:53:54 2013 Processed 8391 records. Skipped 0 empty lines.
Wed Sep 18 04:53:54 2013 Processed 21081 records. Skipped 0 empty lines.
Wed Sep 18 04:53:55 2013 Processed 24754 records. Skipped 0 empty lines.
Wed Sep 18 04:53:55 2013 Processed 26013 records. Skipped 0 empty lines.
./updatePrimaryFlag.sh: line 11:  7003 Killed                  mongo --quiet testdata --eval "var file='${file}.js'; " updatePrimaryFlag.js > ${file}.out
Preparing the file... 
Preparing the file... 
Preparing the file... 
Preparing the file... 
Preparing the file... 
Preparing the file... 
Preparing the file... 
Preparing the file... 
Preparing the file... 
Preparing the file... 
Preparing the file... 
Preparing the file... 
Wed Sep 18 05:03:54 2013 Processed 7 records. Skipped 0 empty lines.
Wed Sep 18 05:03:54 2013 Processed 2121 records. Skipped 0 empty lines.
Wed Sep 18 05:03:54 2013 Processed 44 records. Skipped 0 empty lines.
Wed Sep 18 05:03:54 2013 Processed 215 records. Skipped 0 empty lines.
Wed Sep 18 05:03:54 2013 Processed 4 records. Skipped 0 empty lines.
Wed Sep 18 05:03:54 2013 Processed 1349 records. Skipped 0 empty lines.
Wed Sep 18 05:03:54 2013 Processed 306 records. Skipped 0 empty lines.
Wed Sep 18 05:03:54 2013 Processed 1135 records. Skipped 0 empty lines.
Wed Sep 18 05:03:54 2013 Processed 2858 records. Skipped 0 empty lines.
Wed Sep 18 05:03:54 2013 Processed 400 records. Skipped 0 empty lines.
Wed Sep 18 05:03:54 2013 Processed 4592 records. Skipped 0 empty lines.
Wed Sep 18 05:03:54 2013 Processed 20077 records. Skipped 0 empty lines.
Extracting offers to ../../reports ...
Extracting offers to ../../reports ...
Extracting offers to ../../reports ...
Extracting opportunities to ../../reports ...
Preparing the file... 
Wed Sep 18 05:59:53 2013 Processed 3264069 records. Skipped 0 empty lines.
Preparing the file... 
Wed Sep 18 06:03:06 2013 Processed 3959049 records. Skipped 0 empty lines.

#
# Fatal error in CALL_AND_RETRY_2
# Allocation failed - process out of memory
#

./updatePrimaryFlag.sh: line 11: 30919 Trace/breakpoint trap   mongo --quiet testdata --eval "var file='${file}.js'; " updatePrimaryFlag.js > ${file}.out
Extracting offers to ../../reports ...
Extracting offers to ../../reports ...
Extracting offers to ../../reports ...
Extracting offers to ../../reports ...
Extracting offers to ../../reports ...
Extracting offers to ../../reports ...
Extracting offers to ../../reports ...
Extracting offers to ../../reports ...
Extracting offers to ../../reports ...
Extracting offers to ../../reports ...
Extracting offers to ../../reports ...
Extracting offers to ../../reports ...
Extracting offers to ../../reports ...
Extracting offers to ../../reports ...
Extracting offers to ../../reports ...
Extracting offers to ../../reports ...
Extracting offers to ../../reports ...
Extracting offers to ../../reports ...
Extracting opportunities to ../../reports ...
Extracting opportunities to ../../reports ...
Extracting opportunities to ../../reports ...
Extracting opportunities to ../../reports ...
Extracting opportunities to ../../reports ...
Extracting opportunities to ../../reports ...
Extracting opportunities to ../../reports ...
Extracting opportunities to ../../reports ...
Extracting opportunities to ../../reports ...
Extracting opportunities to ../../reports ...
Extracting opportunities to ../../reports ...
Extracting opportunities to ../../reports ...
Extracting opportunities to ../../reports ...
Extracting opportunities to ../../reports ...
Extracting opportunities to ../../reports ...
Extracting opportunities to ../../reports ...
Extracting opportunities to ../../reports ...
Extracting opportunities to ../../reports ...
Extracting opportunities to ../../reports ...
Extracting offers to ../../reports ...
Extracting opportunities to ../../reports ...
Extracting offers to ../../reports ...
Extracting opportunities to ../../reports ...
Extracting offers to ../../reports ...
Preparing the file... 
Preparing the file... 
Wed Sep 18 17:49:19 2013 Processed 134127 records. Skipped 0 empty lines.
Wed Sep 18 17:49:19 2013 Processed 162566 records. Skipped 0 empty lines.
Extracting offers to ../../reports ...
Extracting offers to ../../reports ...
Extracting offers to ../../reports ...
Extracting offers to ../../reports ...
Extracting offers to ../../reports ...
Extracting opportunities to ../../reports ...
Extracting opportunities to ../../reports ...
Extracting opportunities to ../../reports ...
Extracting opportunities to ../../reports ...
Extracting opportunities to ../../reports ...
Extracting opportunities to ../../reports ...
Extracting opportunities to ../../reports ...
Extracting opportunities to ../../reports ...
Extracting opportunities to ../../reports ...
Extracting opportunities to ../../reports ...
Extracting opportunities to ../../reports ...
Extracting opportunities to ../../reports ...
Extracting offers to ../../reports ...
Extracting offers to ../../reports ...
Extracting offers to ../../reports ...
Extracting offers to ../../reports ...
Extracting offers to ../../reports ...
Extracting offers to ../../reports ...
Extracting offers to ../../reports ...
Extracting offers to ../../reports ...
Extracting offers to ../../reports ...
Extracting offers to ../../reports ...
Extracting offers to ../../reports ...
Extracting offers to ../../reports ...
Preparing the file... 
Thu Sep 19 23:58:28 2013 Processed 134127 records. Skipped 0 empty lines.
Preparing the file... 
Thu Sep 19 23:58:29 2013 Processed 162566 records. Skipped 0 empty lines.
Extracting opportunities to ../../reports ...
Extracting opportunities to ../../reports ...
Extracting opportunities to ../../reports ...
Extracting opportunities to ../../reports ...
Extracting opportunities to ../../reports ...
Extracting opportunities to ../../reports ...
Extracting opportunities to ../../reports ...
Extracting opportunities to ../../reports ...
Extracting opportunities to ../../reports ...
Extracting opportunities to ../../reports ...
Extracting opportunities to ../../reports ...
Extracting opportunities to ../../reports ...
Extracting opportunities to ../../reports ...
Extracting opportunities to ../../reports ...
Extracting opportunities to ../../reports ...
Extracting opportunities to ../../reports ...
Extracting opportunities to ../../reports ...
Extracting opportunities to ../../reports ...
Extracting opportunities to ../../reports ...
Extracting opportunities to ../../reports ...
Extracting opportunities to ../../reports ...
Extracting opportunities to ../../reports ...
Extracting opportunities to ../../reports ...
Extracting opportunities to ../../reports ...
Extracting opportunities to ../../reports ...
Extracting opportunities to ../../reports ...
Extracting opportunities to ../../reports ...
Extracting opportunities to ../../reports ...
Extracting opportunities to ../../reports ...
Extracting opportunities to ../../reports ...
Extracting opportunities to ../../reports ...
Extracting opportunities to ../../reports ...
Extracting opportunities to ../../reports ...
Extracting opportunities to ../../reports ...
Extracting offers to ../../reports ...
Extracting offers to ../../reports ...
Extracting offers to ../../reports ...
Extracting offers to ../../reports ...
Extracting offers to ../../reports ...
Extracting offers to ../../reports ...
Extracting offers to ../../reports ...
Extracting offers to ../../reports ...
Extracting offers to ../../reports ...
Extracting offers to ../../reports ...
Extracting offers to ../../reports ...
Extracting offers to ../../reports ...
Extracting offers to ../../reports ...
Extracting offers to ../../reports ...
Extracting offers to ../../reports ...
Extracting offers to ../../reports ...
Extracting offers to ../../reports ...
Extracting offers to ../../reports ...
Extracting offers to ../../reports ...
Extracting offers to ../../reports ...
Extracting offers to ../../reports ...
Extracting offers to ../../reports ...
Extracting offers to ../../reports ...
Extracting offers to ../../reports ...
Extracting offers to ../../reports ...
Extracting offers to ../../reports ...
Extracting offers to ../../reports ...
Extracting offers to ../../reports ...
Extracting offers to ../../reports ...
Extracting offers to ../../reports ...
Extracting offers to ../../reports ...
Extracting offers to ../../reports ...
Extracting offers to ../../reports ...
Extracting offers to ../../reports ...
Extracting opportunities to ../../reports ...
Extracting opportunities to ../../reports ...
Extracting opportunities to ../../reports ...
Extracting opportunities to ../../reports ...
Extracting opportunities to ../../reports ...
Extracting opportunities to ../../reports ...
Extracting opportunities to ../../reports ...
Extracting opportunities to ../../reports ...
Extracting opportunities to ../../reports ...
Extracting opportunities to ../../reports ...
Extracting opportunities to ../../reports ...
Extracting opportunities to ../../reports ...
Extracting opportunities to ../../reports ...
Extracting opportunities to ../../reports ...
Extracting opportunities to ../../reports ...
Extracting opportunities to ../../reports ...
Extracting opportunities to ../../reports ...
Extracting opportunities to ../../reports ...
Extracting opportunities to ../../reports ...
Extracting opportunities to ../../reports ...
Extracting opportunities to ../../reports ...
Extracting opportunities to ../../reports ...
Extracting opportunities to ../../reports ...
Extracting opportunities to ../../reports ...
Extracting opportunities to ../../reports ...
Extracting opportunities to ../../reports ...
Extracting opportunities to ../../reports ...
Extracting opportunities to ../../reports ...
Extracting opportunities to ../../reports ...
Extracting opportunities to ../../reports ...
Extracting offers to ../../reports ...
Extracting offers to ../../reports ...
Extracting offers to ../../reports ...
Extracting offers to ../../reports ...
Extracting offers to ../../reports ...
Extracting offers to ../../reports ...
Extracting offers to ../../reports ...
Extracting offers to ../../reports ...
Extracting offers to ../../reports ...
Extracting offers to ../../reports ...
Extracting offers to ../../reports ...
Extracting offers to ../../reports ...
Extracting offers to ../../reports ...
Extracting offers to ../../reports ...
Extracting offers to ../../reports ...
Extracting offers to ../../reports ...
Extracting offers to ../../reports ...
Extracting offers to ../../reports ...
Extracting offers to ../../reports ...
Extracting offers to ../../reports ...
Extracting offers to ../../reports ...
Extracting offers to ../../reports ...
Extracting offers to ../../reports ...
Extracting offers to ../../reports ...
Extracting offers to ../../reports ...
Extracting offers to ../../reports ...
Extracting offers to ../../reports ...
Extracting offers to ../../reports ...
Extracting offers to ../../reports ...
Extracting offers to ../../reports ...
Preparing the file... 
Preparing the file... 
Preparing the file... 
Preparing the file... 
Fri Sep 20 16:33:31 2013 Processed 2433 records. Skipped 0 empty lines.
Fri Sep 20 16:33:31 2013 Processed 12658 records. Skipped 0 empty lines.
Fri Sep 20 16:33:31 2013 Processed 34797 records. Skipped 0 empty lines.
Fri Sep 20 16:33:31 2013 Processed 39388 records. Skipped 0 empty lines.
Preparing the file... 
Preparing the file... 
Preparing the file... 
Preparing the file... 
Fri Sep 20 16:34:00 2013 Processed 7914 records. Skipped 0 empty lines.
Fri Sep 20 16:34:00 2013 Processed 68169 records. Skipped 0 empty lines.
Fri Sep 20 16:34:00 2013 Processed 135972 records. Skipped 0 empty lines.
Fri Sep 20 16:34:02 2013 Processed 522885 records. Skipped 0 empty lines.
Preparing the file... 
Preparing the file... 
Fri Sep 20 16:34:24 2013 Processed 1143 records. Skipped 0 empty lines.
Fri Sep 20 16:34:24 2013 Processed 39388 records. Skipped 0 empty lines.
Preparing the file... 
Fri Sep 20 17:52:54 2013 Processed 1139 records. Skipped 0 empty lines.
Preparing the file... 
Preparing the file... 
Mon Sep 23 16:56:29 2013 Processed 989451 records. Skipped 0 empty lines.
Mon Sep 23 16:56:30 2013 Processed 1038525 records. Skipped 0 empty lines.
Preparing the file... 
Preparing the file... 
Mon Sep 23 17:03:04 2013 Processed 741124 records. Skipped 0 empty lines.
Mon Sep 23 17:03:05 2013 Processed 1130826 records. Skipped 0 empty lines.
Preparing the file... 
Preparing the file... 
Mon Sep 23 22:42:56 2013 Processed 780944 records. Skipped 0 empty lines.
Mon Sep 23 22:42:57 2013 Processed 885463 records. Skipped 0 empty lines.
Preparing the file... 
Preparing the file... 
Mon Sep 23 22:43:41 2013 Processed 882831 records. Skipped 0 empty lines.
Mon Sep 23 22:43:42 2013 Processed 1182150 records. Skipped 0 empty lines.
Preparing the file... 
Error: Cannot open ../../temp/dell/Scrub_Opp_BusinessLine_*txt for processing! at /home/ec2-user/scripts/common/convertToJSON.pl line 33.
rm: cannot remove `../../temp/dell/Scrub_Opp_BusinessLine_*txt.js': No such file or directory
Preparing the file... 
Error: Cannot open ../../temp/dell/Scrub_Offer_TargetAmount_*txt for processing! at /home/ec2-user/scripts/common/convertToJSON.pl line 33.
rm: cannot remove `../../temp/dell/Scrub_Offer_TargetAmount_*txt.js': No such file or directory
Preparing the file... 
Tue Sep 24 00:35:21 2013 Processed 135972 records. Skipped 0 empty lines.
Preparing the file... 
Preparing the file... 
Preparing the file... 
Preparing the file... 
Preparing the file... 
Preparing the file... 
Preparing the file... 
Preparing the file... 
Preparing the file... 
Preparing the file... 
Preparing the file... 
Preparing the file... 
Preparing the file... 
Preparing the file... 
Tue Sep 24 00:51:01 2013 Processed 490 records. Skipped 0 empty lines.
Tue Sep 24 00:51:01 2013 Processed 130 records. Skipped 0 empty lines.
Tue Sep 24 00:51:01 2013 Processed 10147 records. Skipped 0 empty lines.
Tue Sep 24 00:51:01 2013 Processed 12658 records. Skipped 0 empty lines.
Tue Sep 24 00:51:01 2013 Processed 2586 records. Skipped 0 empty lines.
Tue Sep 24 00:51:01 2013 Processed 2001 records. Skipped 0 empty lines.
Tue Sep 24 00:51:01 2013 Processed 2433 records. Skipped 0 empty lines.
Tue Sep 24 00:51:01 2013 Processed 8391 records. Skipped 0 empty lines.
Tue Sep 24 00:51:01 2013 Processed 6107 records. Skipped 0 empty lines.
Tue Sep 24 00:51:01 2013 Processed 6735 records. Skipped 0 empty lines.
Tue Sep 24 00:51:01 2013 Processed 8974 records. Skipped 0 empty lines.
Tue Sep 24 00:51:01 2013 Processed 21081 records. Skipped 0 empty lines.
Tue Sep 24 00:51:01 2013 Processed 26013 records. Skipped 0 empty lines.
Tue Sep 24 00:51:01 2013 Processed 34817 records. Skipped 0 empty lines.
Preparing the file... 
Tue Sep 24 00:55:56 2013 Processed 12658 records. Skipped 0 empty lines.
rm: cannot remove `../../temp/dell/nonPrimary_Flag_2727_201309170343.txt.js': No such file or directory
rm: cannot remove `../../temp/dell/Primary_Flag_2727_201309170343.txt.js': No such file or directory
rm: cannot remove `../../temp/dell/nonPrimary_Flag_6161_201309170437.txt.js': No such file or directory
Preparing the file... 
Preparing the file... 
Tue Sep 24 04:18:46 2013 Processed 780944 records. Skipped 0 empty lines.
Tue Sep 24 04:18:46 2013 Processed 885463 records. Skipped 0 empty lines.
./updatePrimaryFlag.sh: line 11: 10745 Killed                  mongo --quiet testdata --eval "var file='${file}.js'; " updatePrimaryFlag.js > ${file}.out
rm: cannot remove `../../temp/dell/Primary_Flag_6161_201309170437.txt.js': No such file or directory
Preparing the file... 
Preparing the file... 
Tue Sep 24 04:26:59 2013 Processed 882831 records. Skipped 0 empty lines.
Tue Sep 24 04:27:00 2013 Processed 1182150 records. Skipped 0 empty lines.
./updatePrimaryFlag.sh: line 11: 13880 Killed                  mongo --quiet testdata --eval "var file='${file}.js'; " updatePrimaryFlag.js > ${file}.out
./updatePrimaryFlag.sh: line 11: 13875 Killed                  mongo --quiet testdata --eval "var file='${file}.js'; " updatePrimaryFlag.js > ${file}.out
Preparing the file... 
Preparing the file... 
Tue Sep 24 04:40:33 2013 Processed 780944 records. Skipped 0 empty lines.
Tue Sep 24 04:40:34 2013 Processed 885463 records. Skipped 0 empty lines.
Preparing the file... 
Preparing the file... 
Tue Sep 24 04:40:40 2013 Processed 780944 records. Skipped 0 empty lines.
Tue Sep 24 04:40:40 2013 Processed 885463 records. Skipped 0 empty lines.
Preparing the file... 
Preparing the file... 
Preparing the file... 
Preparing the file... 
Preparing the file... 
Preparing the file... 
Tue Sep 24 04:42:30 2013 Processed 780944 records. Skipped 0 empty lines.
Tue Sep 24 04:42:31 2013 Processed 780944 records. Skipped 0 empty lines.
Tue Sep 24 04:42:31 2013 Processed 885463 records. Skipped 0 empty lines.
./updatePrimaryFlag.sh: line 11: 14677 Killed                  mongo --quiet testdata --eval "var file='${file}.js'; " updatePrimaryFlag.js > ${file}.out
rm: cannot remove `../../temp/dell/nonPrimary_Flag_2727_201309170343.txt.js': No such file or directory
Tue Sep 24 04:42:35 2013 Processed 885463 records. Skipped 0 empty lines.
Tue Sep 24 04:42:36 2013 Processed 780944 records. Skipped 0 empty lines.
rm: cannot remove `../../temp/dell/nonPrimary_Flag_2727_201309170343.txt.js': No such file or directory
Tue Sep 24 04:42:37 2013 Processed 885463 records. Skipped 0 empty lines.
rm: cannot remove `../../temp/dell/Primary_Flag_2727_201309170343.txt.js': No such file or directory
Preparing the file... 
Preparing the file... 
Tue Sep 24 04:43:06 2013 Processed 780944 records. Skipped 0 empty lines.
Tue Sep 24 04:43:07 2013 Processed 885463 records. Skipped 0 empty lines.
./updatePrimaryFlag.sh: line 11: 14672 Killed                  mongo --quiet testdata --eval "var file='${file}.js'; " updatePrimaryFlag.js > ${file}.out
./updatePrimaryFlag.sh: line 11: 16176 Killed                  mongo --quiet testdata --eval "var file='${file}.js'; " updatePrimaryFlag.js > ${file}.out
./updatePrimaryFlag.sh: line 11: 16181 Killed                  mongo --quiet testdata --eval "var file='${file}.js'; " updatePrimaryFlag.js > ${file}.out
./updatePrimaryFlag.sh: line 11: 16192 Killed                  mongo --quiet testdata --eval "var file='${file}.js'; " updatePrimaryFlag.js > ${file}.out
rm: cannot remove `../../temp/dell/nonPrimary_Flag_2727_201309170343.txt.js': No such file or directory
./updatePrimaryFlag.sh: line 11: 16197 Killed                  mongo --quiet testdata --eval "var file='${file}.js'; " updatePrimaryFlag.js > ${file}.out
rm: cannot remove `../../temp/dell/Primary_Flag_2727_201309170343.txt.js': No such file or directory
./updatePrimaryFlag.sh: line 11: 16478 Killed                  mongo --quiet testdata --eval "var file='${file}.js'; " updatePrimaryFlag.js > ${file}.out
rm: cannot remove `../../temp/dell/Primary_Flag_2727_201309170343.txt.js': No such file or directory
./updatePrimaryFlag.sh: line 11: 16549 Killed                  mongo --quiet testdata --eval "var file='${file}.js'; " updatePrimaryFlag.js > ${file}.out
rm: cannot remove `../../temp/dell/nonPrimary_Flag_2727_201309170343.txt.js': No such file or directory
./updatePrimaryFlag.sh: line 11: 16554 Killed                  mongo --quiet testdata --eval "var file='${file}.js'; " updatePrimaryFlag.js > ${file}.out
rm: cannot remove `../../temp/dell/Primary_Flag_2727_201309170343.txt.js': No such file or directory
Preparing the file... 
Preparing the file... 
Preparing the file... 
Preparing the file... 
Tue Sep 24 04:49:15 2013 Processed 780944 records. Skipped 0 empty lines.
Tue Sep 24 04:49:15 2013 Processed 882831 records. Skipped 0 empty lines.
Tue Sep 24 04:49:15 2013 Processed 885463 records. Skipped 0 empty lines.
Tue Sep 24 04:49:18 2013 Processed 1182150 records. Skipped 0 empty lines.
Preparing the file... 
Preparing the file... 
Tue Sep 24 17:23:07 2013 Processed 1219059 records. Skipped 0 empty lines.
Tue Sep 24 17:23:07 2013 Processed 1108978 records. Skipped 0 empty lines.
Preparing the file... 
Preparing the file... 
Tue Sep 24 17:26:29 2013 Processed 522724 records. Skipped 0 empty lines.
Tue Sep 24 17:26:30 2013 Processed 702119 records. Skipped 0 empty lines.
Preparing the file... 
Preparing the file... 
Preparing the file... 
Preparing the file... 
Preparing the file... 
Preparing the file... 
Preparing the file... 
Preparing the file... 
Preparing the file... 
Preparing the file... 
Preparing the file... 
Preparing the file... 
Preparing the file... 
Preparing the file... 
Preparing the file... 
Preparing the file... 
Preparing the file... 
Preparing the file... 
Wed Sep 25 05:49:11 2013 Processed 130 records. Skipped 0 empty lines.
Wed Sep 25 05:49:11 2013 Processed 10520 records. Skipped 0 empty lines.
Wed Sep 25 05:49:11 2013 Processed 6107 records. Skipped 0 empty lines.
Wed Sep 25 05:49:11 2013 Processed 490 records. Skipped 0 empty lines.
Wed Sep 25 05:49:11 2013 Processed 2001 records. Skipped 0 empty lines.
Wed Sep 25 05:49:11 2013 Processed 12658 records. Skipped 0 empty lines.
Wed Sep 25 05:49:11 2013 Processed 2586 records. Skipped 0 empty lines.
Wed Sep 25 05:49:11 2013 Processed 6735 records. Skipped 0 empty lines.
Wed Sep 25 05:49:11 2013 Processed 8974 records. Skipped 0 empty lines.
Wed Sep 25 05:49:11 2013 Processed 10147 records. Skipped 0 empty lines.
Wed Sep 25 05:49:11 2013 Processed 10520 records. Skipped 0 empty lines.
Wed Sep 25 05:49:11 2013 Processed 12658 records. Skipped 0 empty lines.
Wed Sep 25 05:49:11 2013 Processed 8391 records. Skipped 0 empty lines.
Wed Sep 25 05:49:11 2013 Processed 21081 records. Skipped 0 empty lines.
Wed Sep 25 05:49:12 2013 Processed 35090 records. Skipped 0 empty lines.
Wed Sep 25 05:49:12 2013 Processed 34817 records. Skipped 0 empty lines.
Wed Sep 25 05:49:12 2013 Processed 26013 records. Skipped 0 empty lines.
Wed Sep 25 05:49:12 2013 Processed 135972 records. Skipped 0 empty lines.
Preparing the file... 
Preparing the file... 
Preparing the file... 
Preparing the file... 
Preparing the file... 
Preparing the file... 
Preparing the file... 
Preparing the file... 
Preparing the file... 
Preparing the file... 
Preparing the file... 
Preparing the file... 
Preparing the file... 
Preparing the file... 
Wed Sep 25 05:58:12 2013 Processed 130 records. Skipped 0 empty lines.
Wed Sep 25 05:58:12 2013 Processed 2586 records. Skipped 0 empty lines.
Wed Sep 25 05:58:12 2013 Processed 2001 records. Skipped 0 empty lines.
Wed Sep 25 05:58:12 2013 Processed 8974 records. Skipped 0 empty lines.
Wed Sep 25 05:58:12 2013 Processed 490 records. Skipped 0 empty lines.
Wed Sep 25 05:58:12 2013 Processed 6735 records. Skipped 0 empty lines.
Wed Sep 25 05:58:12 2013 Processed 6107 records. Skipped 0 empty lines.
Wed Sep 25 05:58:12 2013 Processed 8391 records. Skipped 0 empty lines.
Wed Sep 25 05:58:12 2013 Processed 21081 records. Skipped 0 empty lines.
Wed Sep 25 05:58:12 2013 Processed 10147 records. Skipped 0 empty lines.
Wed Sep 25 05:58:12 2013 Processed 10520 records. Skipped 0 empty lines.
Wed Sep 25 05:58:12 2013 Processed 12658 records. Skipped 0 empty lines.
Wed Sep 25 05:58:12 2013 Processed 26013 records. Skipped 0 empty lines.
Wed Sep 25 05:58:12 2013 Processed 34817 records. Skipped 0 empty lines.
Preparing the file... 
Preparing the file... 
Preparing the file... 
Preparing the file... 
Wed Sep 25 06:25:56 2013 Processed 374230 records. Skipped 0 empty lines.
Wed Sep 25 06:25:56 2013 Processed 433380 records. Skipped 0 empty lines.
Wed Sep 25 06:25:57 2013 Processed 610419 records. Skipped 0 empty lines.
Wed Sep 25 06:25:57 2013 Processed 485194 records. Skipped 0 empty lines.
Preparing the file... 
Preparing the file... 
Wed Sep 25 15:57:41 2013 Processed 1488843 records. Skipped 0 empty lines.
Wed Sep 25 15:57:43 2013 Processed 2054184 records. Skipped 0 empty lines.
Preparing the file... 
Wed Sep 25 15:58:53 2013 Processed 37999 records. Skipped 0 empty lines.
Preparing the file... 
Wed Sep 25 15:58:55 2013 Processed 41734 records. Skipped 0 empty lines.
Preparing the file... 
Fri Oct 11 21:33:53 2013 Processed 10777769 records. Skipped 0 empty lines.
./updatePrimaryFlag.sh: line 11:  6682 Killed                  mongo --quiet testdata --eval "var file='${file}.js'; " updatePrimaryFlag.js > ${file}.out
Preparing the file... 
Fri Oct 11 21:43:50 2013 Processed 10777769 records. Skipped 0 empty lines.
./updatePrimaryFlag.sh: line 11:  7687 Killed                  mongo --quiet testdata --eval "var file='${file}.js'; " updatePrimaryFlag.js > ${file}.out
Preparing the file... 
Sat Oct 12 03:24:14 2013 Processed 10777769 records. Skipped 0 empty lines.

#
# Fatal error in Malloced operator new
# Allocation failed - process out of memory
#

./updatePrimaryFlag.sh: line 11: 11767 Trace/breakpoint trap   mongo --quiet testdata --eval "var file='${file}.js'; " updatePrimaryFlag.js > ${file}.out
Preparing the file... 
Preparing the file... 
Sat Oct 12 05:43:21 2013 Processed 72 records. Skipped 0 empty lines.
Sat Oct 12 05:43:21 2013 Processed 105 records. Skipped 0 empty lines.
Preparing the file... 
Preparing the file... 
Sat Oct 12 05:45:42 2013 Processed 81067 records. Skipped 0 empty lines.
Sat Oct 12 05:45:42 2013 Processed 87510 records. Skipped 0 empty lines.
Preparing the file... 
Sat Oct 12 05:48:05 2013 Processed 4244531 records. Skipped 0 empty lines.
Preparing the file... 
Sat Oct 12 05:50:29 2013 Processed 10777769 records. Skipped 0 empty lines.
./updatePrimaryFlag.sh: line 11: 28030 Killed                  mongo --quiet testdata --eval "var file='${file}.js'; " updatePrimaryFlag.js > ${file}.out
Preparing the file... 
Error: Cannot open ../../temp/dell/nonPrimary_Flag_7460_201309270513txt.00.txt for processing! at /home/ec2-user/scripts/common/convertToJSON.pl line 33.
rm: cannot remove `../../temp/dell/nonPrimary_Flag_7460_201309270513txt.00.txt.js': No such file or directory
Preparing the file... 
Sat Oct 12 06:02:40 2013 Processed 5000000 records. Skipped 0 empty lines.
Preparing the file... 
Sat Oct 12 06:13:02 2013 Processed 5000000 records. Skipped 0 empty lines.
Preparing the file... 
Sat Oct 12 06:21:48 2013 Processed 777769 records. Skipped 0 empty lines.
Preparing the file... 
Preparing the file... 
Sat Oct 12 06:29:46 2013 Processed 1190326 records. Skipped 0 empty lines.
Sat Oct 12 06:29:56 2013 Processed 3337274 records. Skipped 0 empty lines.
Preparing the file... 
Preparing the file... 
Sat Oct 12 15:29:16 2013 Processed 944341 records. Skipped 0 empty lines.
Sat Oct 12 15:29:16 2013 Processed 944341 records. Skipped 0 empty lines.
rm: cannot remove `../../temp/dell/nonPrimary_Flag_4065_201310120607.txt.js': No such file or directory
Extracting opportunities to ../../reports ...
Extracting opportunities to ../../reports ...
Extracting offers to ../../reports ...
Preparing the file... 
Sat Oct 12 15:33:59 2013 Processed 316816 records. Skipped 0 empty lines.
Preparing the file... 
Preparing the file... 
Sat Oct 12 15:39:08 2013 Processed 287 records. Skipped 0 empty lines.
Sat Oct 12 15:39:08 2013 Processed 361 records. Skipped 0 empty lines.
Extracting opportunities to ../../reports ...
Extracting offers to ../../reports ...
Extracting data for 3535 with 2013-11-02T00:00:00Z and 2014-01-31T00:00:00Z and dumping files into ../../reports
Extracting customers for 3535
cut: ../../reports/3535.service_asset_extract.out: No such file or directory
cut: ../../reports/3535.service_asset_extract.out: No such file or directory
cut: ../../reports/3535.service_asset_extract.out: No such file or directory
Extracting covered assets for 3535
cut: ../../reports/3535.service_asset_extract.out: No such file or directory
cut: ../../reports/3535.service_asset_extract.out: No such file or directory
cut: ../../reports/3535.service_asset_extract.out: No such file or directory
Extracting data for 3535 with 2013-11-02T00:00:00Z and 2014-01-31T00:00:00Z and dumping files into ../../reports
Extracting customers for 3535
Extracting data for 2828 with 2013-11-02T00:00:00Z and 2014-01-31T00:00:00Z and dumping files into ../../reports
Extracting service assets ...
Extracting data for 1919 with 2013-11-02T00:00:00Z and 2014-01-31T00:00:00Z and dumping files into ../../reports
Extracting service assets ...
Extracting data for 6161 with 2013-11-02T00:00:00Z and 2014-01-31T00:00:00Z and dumping files into ../../reports
Extracting service assets ...
Extracting data for 2727 with 2013-11-02T00:00:00Z and 2014-01-31T00:00:00Z and dumping files into ../../reports
Extracting service assets ...
Extracting data for 5102 with 2013-11-02T00:00:00Z and 2014-01-31T00:00:00Z and dumping files into ../../reports
Extracting service assets ...
Extracting data for 6969 with 2013-11-02T00:00:00Z and 2014-01-31T00:00:00Z and dumping files into ../../reports
Extracting service assets ...
Extracting data for 3838 with 2013-11-02T00:00:00Z and 2014-01-31T00:00:00Z and dumping files into ../../reports
Extracting service assets ...
Extracting data for 539 with 2013-11-02T00:00:00Z and 2014-01-31T00:00:00Z and dumping files into ../../reports
Extracting service assets ...
Extracting customers for 539
Extracting covered assets for 539
Extracting data for 909 with 2013-11-02T00:00:00Z and 2014-01-31T00:00:00Z and dumping files into ../../reports
Extracting service assets ...
Extracting customers for 3838
Extracting customers for 5102
Extracting covered assets for 3838
Extracting customers for 2727
Extracting covered assets for 5102
Extracting covered assets for 2727
Extracting customers for 6161
Extracting customers for 2828
Extracting customers for 1919
Extracting covered assets for 2828
Extracting covered assets for 1919
Extracting covered assets for 6161
Extracting customers for 6969
Extracting covered assets for 6969
Extracting covered assets for 3535
Extracting customers for 909
Extracting covered assets for 909
Preparing the file... 
Preparing the file... 
Sat Oct 12 21:15:56 2013 Processed 2 records. Skipped 0 empty lines.
Sat Oct 12 21:15:56 2013 Processed 36 records. Skipped 0 empty lines.
Preparing the file... 
Preparing the file... 
Sat Oct 12 21:35:27 2013 Processed 634 records. Skipped 0 empty lines.
Sat Oct 12 21:35:27 2013 Processed 677 records. Skipped 0 empty lines.
Preparing the file... 
Preparing the file... 
Sat Oct 12 21:38:11 2013 Processed 624 records. Skipped 0 empty lines.
Sat Oct 12 21:38:11 2013 Processed 515 records. Skipped 0 empty lines.
Preparing the file... 
Preparing the file... 
Preparing the file... 
Sat Oct 12 21:38:11 2013 Processed 386 records. Skipped 0 empty lines.
Sat Oct 12 21:38:11 2013 Processed 359 records. Skipped 0 empty lines.
Sat Oct 12 21:38:11 2013 Processed 460 records. Skipped 0 empty lines.
Preparing the file... 
Sat Oct 12 21:38:12 2013 Processed 446 records. Skipped 0 empty lines.
Preparing the file... 
Preparing the file... 
Preparing the file... 
Preparing the file... 
Sat Oct 12 22:27:15 2013 Processed 1343393 records. Skipped 0 empty lines.
Sat Oct 12 22:27:16 2013 Processed 1454240 records. Skipped 0 empty lines.
Sat Oct 12 22:27:56 2013 Processed 9976986 records. Skipped 0 empty lines.
Sat Oct 12 22:28:01 2013 Processed 11146009 records. Skipped 0 empty lines.
Preparing the file... 
Preparing the file... 
Preparing the file... 
Preparing the file... 
Preparing the file... 
Preparing the file... 
Sat Oct 12 22:42:40 2013 Processed 450494 records. Skipped 0 empty lines.
Sat Oct 12 22:42:40 2013 Processed 543693 records. Skipped 0 empty lines.
Sat Oct 12 22:42:41 2013 Processed 761069 records. Skipped 0 empty lines.
Sat Oct 12 22:42:41 2013 Processed 809066 records. Skipped 0 empty lines.
Sat Oct 12 22:42:44 2013 Processed 1324313 records. Skipped 0 empty lines.
Sat Oct 12 22:42:44 2013 Processed 1432497 records. Skipped 0 empty lines.
Preparing the file... 
Sat Oct 12 22:50:38 2013 Processed 1000000 records. Skipped 0 empty lines.
Preparing the file... 
Sun Oct 13 00:02:48 2013 Processed 500000 records. Skipped 0 empty lines.
Preparing the file... 
Sun Oct 13 00:04:19 2013 Processed 500000 records. Skipped 0 empty lines.
Extracting opportunities to ../../reports ...
Extracting offers to ../../reports ...
Extracting opportunities to ../../reports ...
Extracting opportunities to ../../reports ...
Extracting opportunities to ../../reports ...
Extracting opportunities to ../../reports ...
Extracting offers to ../../reports ...
Extracting offers to ../../reports ...
Extracting offers to ../../reports ...
Extracting offers to ../../reports ...
Extracting opportunities to ../../reports ...
Extracting offers to ../../reports ...
Preparing the file... 
Sun Oct 13 03:36:01 2013 Processed 500000 records. Skipped 0 empty lines.
Preparing the file... 
Sun Oct 13 03:51:48 2013 Processed 500000 records. Skipped 0 empty lines.
Preparing the file... 
Sun Oct 13 03:54:49 2013 Processed 500000 records. Skipped 0 empty lines.
Preparing the file... 
Sun Oct 13 03:55:41 2013 Processed 500000 records. Skipped 0 empty lines.
Preparing the file... 
Sun Oct 13 03:55:56 2013 Processed 500000 records. Skipped 0 empty lines.
Preparing the file... 
Sun Oct 13 03:56:02 2013 Processed 500000 records. Skipped 0 empty lines.
Preparing the file... 
Sun Oct 13 03:57:17 2013 Processed 500000 records. Skipped 0 empty lines.
Preparing the file... 
Sun Oct 13 03:57:33 2013 Processed 500000 records. Skipped 0 empty lines.
Preparing the file... 
Sun Oct 13 03:57:39 2013 Processed 500000 records. Skipped 0 empty lines.
Preparing the file... 
Sun Oct 13 03:57:57 2013 Processed 500000 records. Skipped 0 empty lines.
Preparing the file... 
Sun Oct 13 03:58:01 2013 Processed 500000 records. Skipped 0 empty lines.
Preparing the file... 
Sun Oct 13 03:58:09 2013 Processed 500000 records. Skipped 0 empty lines.
Preparing the file... 
Sun Oct 13 03:58:13 2013 Processed 500000 records. Skipped 0 empty lines.
Preparing the file... 
Sun Oct 13 03:58:22 2013 Processed 500000 records. Skipped 0 empty lines.
Preparing the file... 
Sun Oct 13 03:58:25 2013 Processed 500000 records. Skipped 0 empty lines.
Preparing the file... 
Sun Oct 13 03:58:28 2013 Processed 500000 records. Skipped 0 empty lines.
Preparing the file... 
Sun Oct 13 03:58:31 2013 Processed 500000 records. Skipped 0 empty lines.
Preparing the file... 
Sun Oct 13 03:58:34 2013 Processed 500000 records. Skipped 0 empty lines.
Preparing the file... 
Sun Oct 13 03:58:37 2013 Processed 500000 records. Skipped 0 empty lines.
Preparing the file... 
Sun Oct 13 03:58:40 2013 Processed 500000 records. Skipped 0 empty lines.
Preparing the file... 
Sun Oct 13 03:58:43 2013 Processed 476986 records. Skipped 0 empty lines.
Preparing the file... 
Sun Oct 13 04:06:43 2013 Processed 499999 records. Skipped 0 empty lines.
Preparing the file... 
Sun Oct 13 04:11:00 2013 Processed 1000000 records. Skipped 0 empty lines.
Preparing the file... 
Sun Oct 13 04:13:57 2013 Processed 1000000 records. Skipped 0 empty lines.
Preparing the file... 
Sun Oct 13 04:15:12 2013 Processed 999998 records. Skipped 0 empty lines.
Preparing the file... 
Preparing the file... 
Sun Oct 13 04:15:19 2013 Processed 1000000 records. Skipped 0 empty lines.
Preparing the file... 
Sun Oct 13 04:15:23 2013 Processed 1000000 records. Skipped 0 empty lines.
Preparing the file... 
Sun Oct 13 04:15:26 2013 Processed 1000000 records. Skipped 0 empty lines.
Sun Oct 13 04:15:29 2013 Processed 1000000 records. Skipped 0 empty lines.
Preparing the file... 
Preparing the file... 
Sun Oct 13 04:15:36 2013 Processed 1000000 records. Skipped 0 empty lines.
Preparing the file... 
Sun Oct 13 04:15:41 2013 Processed 1000000 records. Skipped 0 empty lines.
Sun Oct 13 04:15:45 2013 Processed 1000000 records. Skipped 0 empty lines.
Preparing the file... 
Preparing the file... 
Sun Oct 13 04:16:10 2013 Processed 1000000 records. Skipped 0 empty lines.
Preparing the file... 
Sun Oct 13 04:16:12 2013 Processed 146009 records. Skipped 0 empty lines.
Sun Oct 13 04:16:13 2013 Processed 1000000 records. Skipped 0 empty lines.
Preparing the file... 
Preparing the file... 
Preparing the file... 
Preparing the file... 
Preparing the file... 
Preparing the file... 
Preparing the file... 
Preparing the file... 
Preparing the file... 
Preparing the file... 
Preparing the file... 
Preparing the file... 
Preparing the file... 
Sun Oct 13 04:54:23 2013 Processed 106338 records. Skipped 0 empty lines.
Sun Oct 13 04:54:23 2013 Processed 120166 records. Skipped 0 empty lines.
Sun Oct 13 04:54:23 2013 Processed 146253 records. Skipped 0 empty lines.
Sun Oct 13 04:54:24 2013 Processed 181261 records. Skipped 0 empty lines.
Preparing the file... 
Sun Oct 13 04:54:24 2013 Processed 223399 records. Skipped 0 empty lines.
Sun Oct 13 04:54:25 2013 Processed 313545 records. Skipped 0 empty lines.
Sun Oct 13 04:54:26 2013 Processed 452996 records. Skipped 0 empty lines.
Sun Oct 13 04:54:26 2013 Processed 508971 records. Skipped 0 empty lines.
Sun Oct 13 04:54:26 2013 Processed 462505 records. Skipped 0 empty lines.
Sun Oct 13 04:54:27 2013 Processed 533704 records. Skipped 0 empty lines.
Sun Oct 13 04:54:26 2013 Processed 533704 records. Skipped 0 empty lines.
Sun Oct 13 04:54:27 2013 Processed 621518 records. Skipped 0 empty lines.
Sun Oct 13 04:54:27 2013 Processed 594529 records. Skipped 0 empty lines.
Sun Oct 13 04:54:28 2013 Processed 594529 records. Skipped 0 empty lines.
rm: cannot remove `../../temp/dell/nonPrimary_Flag_3434_201310130347.txt.js': No such file or directory
rm: cannot remove `../../temp/dell/Primary_Flag_3434_201310130347.txt.js': No such file or directory
Preparing the file... 
Mon Oct 14 14:36:05 2013 Processed 5000000 records. Skipped 0 empty lines.
./updatePrimaryFlag.sh: line 11: 30046 Killed                  mongo --quiet testdata --eval "var file='${file}.js'; " updatePrimaryFlag.js > ${file}.out
Preparing the file... 
Mon Oct 14 14:36:52 2013 Processed 5000000 records. Skipped 0 empty lines.

#
# Fatal error in CALL_AND_RETRY_2
# Allocation failed - process out of memory
#

./updatePrimaryFlag.sh: line 11: 30132 Trace/breakpoint trap   mongo --quiet testdata --eval "var file='${file}.js'; " updatePrimaryFlag.js > ${file}.out
Preparing the file... 
Mon Oct 14 15:52:04 2013 Processed 5000000 records. Skipped 0 empty lines.
./updatePrimaryFlag.sh: line 11:  5472 Killed                  mongo --quiet testdata --eval "var file='${file}.js'; " updatePrimaryFlag.js > ${file}.out
Preparing the file... 
Mon Oct 14 16:15:46 2013 Processed 461 records. Skipped 0 empty lines.
Preparing the file... 
Mon Oct 14 16:15:48 2013 Processed 459 records. Skipped 0 empty lines.
Preparing the file... 
Preparing the file... 
Error: Cannot open ../../temp/dell/Primary_Flag_4065_201310141757.txt for processing! at /home/ec2-user/scripts/common/convertToJSON.pl line 33.
Error: Cannot open ../../temp/dell/nonPrimary_Flag_4065_201310141757.txt for processing! at /home/ec2-user/scripts/common/convertToJSON.pl line 33.
rm: cannot remove `../../temp/dell/Primary_Flag_4065_201310141757.txt.js': No such file or directory
rm: cannot remove `../../temp/dell/nonPrimary_Flag_4065_201310141757.txt.js': No such file or directory
Preparing the file... 
Preparing the file... 
Mon Oct 14 19:28:06 2013 Processed 317276 records. Skipped 0 empty lines.
Mon Oct 14 19:28:09 2013 Processed 945875 records. Skipped 0 empty lines.
Preparing the file... 
Preparing the file... 
Mon Oct 14 19:33:39 2013 Processed 1196368 records. Skipped 0 empty lines.
Mon Oct 14 19:33:49 2013 Processed 3355622 records. Skipped 0 empty lines.
Preparing the file... 
Mon Oct 14 19:45:14 2013 Processed 4293103 records. Skipped 0 empty lines.
Preparing the file... 
Mon Oct 14 19:47:44 2013 Processed 10923472 records. Skipped 0 empty lines.
./updatePrimaryFlag.sh: line 11: 30435 Killed                  mongo --quiet testdata --eval "var file='${file}.js'; " updatePrimaryFlag.js > ${file}.out
Preparing the file... 
Mon Oct 14 19:52:57 2013 Processed 1000000 records. Skipped 0 empty lines.
Preparing the file... 
Mon Oct 14 19:55:27 2013 Processed 1000000 records. Skipped 0 empty lines.
Preparing the file... 
Mon Oct 14 19:55:32 2013 Processed 1000000 records. Skipped 0 empty lines.
Preparing the file... 
Preparing the file... 
Mon Oct 14 19:56:03 2013 Processed 1000000 records. Skipped 0 empty lines.
Mon Oct 14 19:56:06 2013 Processed 1000000 records. Skipped 0 empty lines.
Preparing the file... 
Preparing the file... 
Mon Oct 14 19:56:39 2013 Processed 1000000 records. Skipped 0 empty lines.
Mon Oct 14 19:56:44 2013 Processed 1000000 records. Skipped 0 empty lines.
Preparing the file... 
Preparing the file... 
Mon Oct 14 19:57:23 2013 Processed 1000000 records. Skipped 0 empty lines.
Preparing the file... 
Mon Oct 14 19:57:27 2013 Processed 1000000 records. Skipped 0 empty lines.
Mon Oct 14 19:57:31 2013 Processed 1000000 records. Skipped 0 empty lines.
Preparing the file... 
Mon Oct 14 19:58:11 2013 Processed 923472 records. Skipped 0 empty lines.
Preparing the file... 
Preparing the file... 
Mon Oct 14 20:58:08 2013 Processed 847939 records. Skipped 0 empty lines.
Mon Oct 14 20:58:08 2013 Processed 890000 records. Skipped 0 empty lines.
Preparing the file... 
Preparing the file... 
Mon Oct 14 21:16:30 2013 Processed 5604505 records. Skipped 0 empty lines.
Mon Oct 14 21:16:47 2013 Processed 8499364 records. Skipped 0 empty lines.
./updatePrimaryFlag.sh: line 11:  7387 Killed                  mongo --quiet testdata --eval "var file='${file}.js'; " updatePrimaryFlag.js > ${file}.out
Preparing the file... 
Mon Oct 14 21:40:13 2013 Processed 1000000 records. Skipped 0 empty lines.
Preparing the file... 
Mon Oct 14 21:43:19 2013 Processed 500000 records. Skipped 0 empty lines.
Preparing the file... 
Mon Oct 14 21:49:09 2013 Processed 500000 records. Skipped 0 empty lines.
Preparing the file... 
Mon Oct 14 21:50:27 2013 Processed 500000 records. Skipped 0 empty lines.
Preparing the file... 
Mon Oct 14 22:13:20 2013 Processed 500000 records. Skipped 0 empty lines.
Preparing the file... 
Mon Oct 14 22:13:23 2013 Processed 500000 records. Skipped 0 empty lines.
Preparing the file... 
rm: cannot remove `../../temp/dell/Primary_Flag_202_201310141910txt.02.js': No such file or directory
Mon Oct 14 22:13:29 2013 Processed 500000 records. Skipped 0 empty lines.
Preparing the file... 
Mon Oct 14 22:13:53 2013 Processed 500000 records. Skipped 0 empty lines.
Preparing the file... 
Mon Oct 14 22:13:57 2013 Processed 500000 records. Skipped 0 empty lines.
Preparing the file... 
Mon Oct 14 22:14:06 2013 Processed 500000 records. Skipped 0 empty lines.
Preparing the file... 
Mon Oct 14 22:14:55 2013 Processed 500000 records. Skipped 0 empty lines.
Preparing the file... 
Mon Oct 14 22:14:59 2013 Processed 500000 records. Skipped 0 empty lines.
Preparing the file... 
Mon Oct 14 22:15:03 2013 Processed 500000 records. Skipped 0 empty lines.
Preparing the file... 
Mon Oct 14 22:15:07 2013 Processed 500000 records. Skipped 0 empty lines.
Preparing the file... 
Mon Oct 14 22:15:21 2013 Processed 500000 records. Skipped 0 empty lines.
Preparing the file... 
Mon Oct 14 22:15:24 2013 Processed 500000 records. Skipped 0 empty lines.
Preparing the file... 
Mon Oct 14 22:15:27 2013 Processed 500000 records. Skipped 0 empty lines.
Preparing the file... 
Mon Oct 14 22:15:36 2013 Processed 500000 records. Skipped 0 empty lines.
Preparing the file... 
Mon Oct 14 22:15:39 2013 Processed 500000 records. Skipped 0 empty lines.
Preparing the file... 
Mon Oct 14 22:15:46 2013 Processed 499364 records. Skipped 0 empty lines.
Preparing the file... 
Mon Oct 14 22:19:50 2013 Processed 500000 records. Skipped 0 empty lines.
Preparing the file... 
Mon Oct 14 22:22:59 2013 Processed 499999 records. Skipped 0 empty lines.
Preparing the file... 
Mon Oct 14 22:23:58 2013 Processed 500000 records. Skipped 0 empty lines.
Preparing the file... 
Mon Oct 14 22:24:14 2013 Processed 500000 records. Skipped 0 empty lines.
Preparing the file... 
Mon Oct 14 22:24:19 2013 Processed 500000 records. Skipped 0 empty lines.
Preparing the file... 
Mon Oct 14 22:26:26 2013 Processed 500000 records. Skipped 0 empty lines.
Preparing the file... 
Mon Oct 14 22:26:30 2013 Processed 500000 records. Skipped 0 empty lines.
Preparing the file... 
Mon Oct 14 22:26:35 2013 Processed 500000 records. Skipped 0 empty lines.
Preparing the file... 
Mon Oct 14 22:27:04 2013 Processed 500000 records. Skipped 0 empty lines.
Preparing the file... 
Mon Oct 14 22:27:07 2013 Processed 500000 records. Skipped 0 empty lines.
Preparing the file... 
Mon Oct 14 22:27:13 2013 Processed 500000 records. Skipped 0 empty lines.
Preparing the file... 
Mon Oct 14 22:27:17 2013 Processed 500000 records. Skipped 0 empty lines.
Preparing the file... 
Mon Oct 14 22:27:18 2013 Processed 104505 records. Skipped 0 empty lines.
Preparing the file... 
Mon Oct 14 22:33:53 2013 Processed 1000000 records. Skipped 0 empty lines.
Preparing the file... 
Mon Oct 14 22:34:02 2013 Processed 1000000 records. Skipped 0 empty lines.
Preparing the file... 
Preparing the file... 
Mon Oct 14 22:34:28 2013 Processed 1000000 records. Skipped 0 empty lines.
Mon Oct 14 22:34:30 2013 Processed 658669 records. Skipped 0 empty lines.
Preparing the file... 
Mon Oct 14 22:35:53 2013 Processed 500000 records. Skipped 0 empty lines.
Preparing the file... 
Mon Oct 14 22:36:06 2013 Processed 500000 records. Skipped 0 empty lines.
Preparing the file... 
Mon Oct 14 22:36:13 2013 Processed 500000 records. Skipped 0 empty lines.
Preparing the file... 
Mon Oct 14 22:36:49 2013 Processed 500000 records. Skipped 0 empty lines.
Preparing the file... 
Mon Oct 14 22:36:52 2013 Processed 500000 records. Skipped 0 empty lines.
Preparing the file... 
Mon Oct 14 22:36:56 2013 Processed 500000 records. Skipped 0 empty lines.
Preparing the file... 
Mon Oct 14 22:37:02 2013 Processed 500000 records. Skipped 0 empty lines.
Preparing the file... 
Mon Oct 14 22:37:08 2013 Processed 500000 records. Skipped 0 empty lines.
Preparing the file... 
Mon Oct 14 22:37:22 2013 Processed 500000 records. Skipped 0 empty lines.
Preparing the file... 
Mon Oct 14 22:37:28 2013 Processed 500000 records. Skipped 0 empty lines.
Preparing the file... 
Mon Oct 14 22:38:54 2013 Processed 500000 records. Skipped 0 empty lines.
Preparing the file... 
Mon Oct 14 22:38:57 2013 Processed 500000 records. Skipped 0 empty lines.
Preparing the file... 
Mon Oct 14 22:38:59 2013 Processed 500000 records. Skipped 0 empty lines.
Preparing the file... 
Mon Oct 14 22:39:02 2013 Processed 500000 records. Skipped 0 empty lines.
Preparing the file... 
Mon Oct 14 22:39:05 2013 Processed 500000 records. Skipped 0 empty lines.
Preparing the file... 
Mon Oct 14 22:39:15 2013 Processed 500000 records. Skipped 0 empty lines.
Preparing the file... 
Mon Oct 14 22:39:19 2013 Processed 500000 records. Skipped 0 empty lines.
Preparing the file... 
Mon Oct 14 22:39:25 2013 Processed 500000 records. Skipped 0 empty lines.
Preparing the file... 
Mon Oct 14 22:39:31 2013 Processed 500000 records. Skipped 0 empty lines.
Preparing the file... 
Mon Oct 14 22:39:33 2013 Processed 500000 records. Skipped 0 empty lines.
Preparing the file... 
Mon Oct 14 22:39:38 2013 Processed 500000 records. Skipped 0 empty lines.
Preparing the file... 
Mon Oct 14 22:39:56 2013 Processed 500000 records. Skipped 0 empty lines.
Preparing the file... 
Mon Oct 14 22:39:59 2013 Processed 500000 records. Skipped 0 empty lines.
Preparing the file... 
Mon Oct 14 22:40:02 2013 Processed 500000 records. Skipped 0 empty lines.
Preparing the file... 
Mon Oct 14 22:40:06 2013 Processed 500000 records. Skipped 0 empty lines.
Preparing the file... 
Mon Oct 14 22:40:13 2013 Processed 4259 records. Skipped 0 empty lines.
Preparing the file... 
Preparing the file... 
Preparing the file... 
Preparing the file... 
Mon Oct 14 23:22:38 2013 Processed 769085 records. Skipped 0 empty lines.
Mon Oct 14 23:22:40 2013 Processed 1136580 records. Skipped 0 empty lines.
Mon Oct 14 23:22:40 2013 Processed 1095675 records. Skipped 0 empty lines.
Mon Oct 14 23:22:40 2013 Processed 1044661 records. Skipped 0 empty lines.
Preparing the file... 
Preparing the file... 
Preparing the file... 
Preparing the file... 
Mon Oct 14 23:28:47 2013 Processed 400075 records. Skipped 0 empty lines.
Mon Oct 14 23:28:48 2013 Processed 615022 records. Skipped 0 empty lines.
Mon Oct 14 23:28:50 2013 Processed 911937 records. Skipped 0 empty lines.
Mon Oct 14 23:28:51 2013 Processed 1191608 records. Skipped 0 empty lines.
Preparing the file... 
Preparing the file... 
Preparing the file... 
Preparing the file... 
Mon Oct 14 23:36:13 2013 Processed 68 records. Skipped 0 empty lines.
Mon Oct 14 23:36:13 2013 Processed 113 records. Skipped 0 empty lines.
Mon Oct 14 23:36:13 2013 Processed 42095 records. Skipped 0 empty lines.
Mon Oct 14 23:36:13 2013 Processed 38815 records. Skipped 0 empty lines.
Preparing the file... 
Preparing the file... 
Preparing the file... 
Preparing the file... 
Preparing the file... 
Preparing the file... 
Mon Oct 14 23:58:32 2013 Processed 467392 records. Skipped 0 empty lines.
Mon Oct 14 23:58:32 2013 Processed 488006 records. Skipped 0 empty lines.
Mon Oct 14 23:58:33 2013 Processed 548460 records. Skipped 0 empty lines.
Mon Oct 14 23:58:34 2013 Processed 706211 records. Skipped 0 empty lines.
Mon Oct 14 23:58:36 2013 Processed 1118559 records. Skipped 0 empty lines.
Mon Oct 14 23:58:37 2013 Processed 1397411 records. Skipped 0 empty lines.
Extracting opportunities to ../../reports ...
Extracting opportunities to ../../reports ...
Extracting offers to ../../reports ...
Extracting offers to ../../reports ...
Extracting opportunities to ../../reports ...
Extracting opportunities to ../../reports ...
Extracting opportunities to ../../reports ...
Extracting opportunities to ../../reports ...
Extracting opportunities to ../../reports ...
Extracting opportunities to ../../reports ...
Extracting opportunities to ../../reports ...
Extracting opportunities to ../../reports ...
Extracting opportunities to ../../reports ...
Extracting offers to ../../reports ...
Extracting offers to ../../reports ...
Extracting offers to ../../reports ...
Preparing the file... 
Tue Oct 15 20:56:43 2013 Processed 1000000 records. Skipped 0 empty lines.
Preparing the file... 
Tue Oct 15 21:01:27 2013 Processed 1000000 records. Skipped 0 empty lines.
Preparing the file... 
Preparing the file... 
Tue Oct 15 21:51:38 2013 Processed 1000000 records. Skipped 0 empty lines.
Preparing the file... 
Tue Oct 15 21:59:12 2013 Processed 1000000 records. Skipped 0 empty lines.
Preparing the file... 
Tue Oct 15 21:59:39 2013 Processed 1000000 records. Skipped 0 empty lines.
Preparing the file... 
Tue Oct 15 22:02:08 2013 Processed 604505 records. Skipped 0 empty lines.
Preparing the file... 
Tue Oct 15 22:05:00 2013 Processed 1000000 records. Skipped 0 empty lines.
Preparing the file... 
Tue Oct 15 22:12:26 2013 Processed 999999 records. Skipped 0 empty lines.
Preparing the file... 
Tue Oct 15 22:13:42 2013 Processed 1000000 records. Skipped 0 empty lines.
Preparing the file... 
Tue Oct 15 22:14:14 2013 Processed 1000000 records. Skipped 0 empty lines.
Preparing the file... 
Tue Oct 15 22:14:32 2013 Processed 1000000 records. Skipped 0 empty lines.
Preparing the file... 
Tue Oct 15 22:15:02 2013 Processed 1000000 records. Skipped 0 empty lines.
Preparing the file... 
Tue Oct 15 22:15:20 2013 Processed 1000000 records. Skipped 0 empty lines.
Preparing the file... 
Tue Oct 15 22:15:45 2013 Processed 1000000 records. Skipped 0 empty lines.
Preparing the file... 
Tue Oct 15 22:15:55 2013 Processed 1000000 records. Skipped 0 empty lines.
Preparing the file... 
Tue Oct 15 22:16:22 2013 Processed 499364 records. Skipped 0 empty lines.
Preparing the file... 
Error: Cannot open ../../temp/dell/Primary_Flag_202_201310141910txt.09 for processing! at /home/ec2-user/scripts/common/convertToJSON.pl line 33.
rm: cannot remove `../../temp/dell/Primary_Flag_202_201310141910txt.09.js': No such file or directory
Preparing the file... 
Tue Oct 15 22:23:55 2013 Processed 66923 records. Skipped 0 empty lines.
Preparing the file... 
Tue Oct 15 22:24:18 2013 Processed 212498 records. Skipped 0 empty lines.
Extracting offers to ../../reports ...
Extracting offers to ../../reports ...
Extracting offers to ../../reports ...
Extracting offers to ../../reports ...
Extracting opportunities to ../../reports ...
Extracting opportunities to ../../reports ...
Preparing the file... 
Wed Oct 16 02:06:13 2013 Processed 1000000 records. Skipped 0 empty lines.
Preparing the file... 
Wed Oct 16 02:15:09 2013 Processed 250000 records. Skipped 0 empty lines.
Preparing the file... 
Wed Oct 16 02:20:39 2013 Processed 250000 records. Skipped 0 empty lines.
Preparing the file... 
Wed Oct 16 02:27:53 2013 Processed 1 records. Skipped 0 empty lines.
Preparing the file... 
Wed Oct 16 03:44:46 2013 Processed 1 records. Skipped 0 empty lines.
Preparing the file... 
Wed Oct 16 03:47:07 2013 Processed 1 records. Skipped 0 empty lines.
Preparing the file... 
Wed Oct 16 03:48:18 2013 Processed 1 records. Skipped 0 empty lines.
Preparing the file... 
Wed Oct 16 03:49:26 2013 Processed 1 records. Skipped 0 empty lines.
Preparing the file... 
Wed Oct 16 03:53:58 2013 Processed 1 records. Skipped 0 empty lines.
Preparing the file... 
Wed Oct 16 03:54:35 2013 Processed 1 records. Skipped 0 empty lines.
Preparing the file... 
Wed Oct 16 03:56:52 2013 Processed 1 records. Skipped 0 empty lines.
Preparing the file... 
Wed Oct 16 03:59:02 2013 Processed 1 records. Skipped 0 empty lines.
Preparing the file... 
Wed Oct 16 04:02:54 2013 Processed 1 records. Skipped 0 empty lines.
Preparing the file... 
Wed Oct 16 04:04:45 2013 Processed 1 records. Skipped 0 empty lines.
Preparing the file... 
Wed Oct 16 04:06:39 2013 Processed 1 records. Skipped 0 empty lines.
Preparing the file... 
Wed Oct 16 04:07:56 2013 Processed 1 records. Skipped 0 empty lines.
Preparing the file... 
Wed Oct 16 04:31:29 2013 Processed 1 records. Skipped 0 empty lines.
Preparing the file... 
Wed Oct 16 04:33:13 2013 Processed 1 records. Skipped 0 empty lines.
Preparing the file... 
Wed Oct 16 04:34:06 2013 Processed 1 records. Skipped 0 empty lines.
Preparing the file... 
Wed Oct 16 05:57:44 2013 Processed 1 records. Skipped 0 empty lines.
Preparing the file... 
Wed Oct 16 05:59:50 2013 Processed 1000000 records. Skipped 0 empty lines.
Preparing the file... 
Wed Oct 16 06:05:30 2013 Processed 1000000 records. Skipped 0 empty lines.
Preparing the file... 
Wed Oct 16 06:05:39 2013 Processed 1000000 records. Skipped 0 empty lines.
Preparing the file... 
Wed Oct 16 06:10:18 2013 Processed 1000000 records. Skipped 0 empty lines.
Preparing the file... 
Preparing the file... 
Wed Oct 16 06:10:32 2013 Processed 1000000 records. Skipped 0 empty lines.
Wed Oct 16 06:10:34 2013 Processed 604505 records. Skipped 0 empty lines.
Preparing the file... 
Wed Oct 16 06:11:34 2013 Processed 999999 records. Skipped 0 empty lines.
Preparing the file... 
Wed Oct 16 06:11:42 2013 Processed 1000000 records. Skipped 0 empty lines.
Preparing the file... 
Wed Oct 16 06:13:18 2013 Processed 1000000 records. Skipped 0 empty lines.
./updatePrimaryFlag.sh: line 11: 17071 Killed                  mongo --quiet testdata --eval "var file='${file}.js'; " updatePrimaryFlag.js > ${file}.out
Preparing the file... 
Preparing the file... 
Wed Oct 16 06:13:32 2013 Processed 1000000 records. Skipped 0 empty lines.
Preparing the file... 
./updatePrimaryFlag.sh: line 11: 17751 Killed                  mongo --quiet testdata --eval "var file='${file}.js'; " updatePrimaryFlag.js > ${file}.out
Wed Oct 16 06:13:42 2013 Processed 1000000 records. Skipped 0 empty lines.
Wed Oct 16 06:13:45 2013 Processed 1000000 records. Skipped 0 empty lines.
./updatePrimaryFlag.sh: line 11: 17759 Killed                  mongo --quiet testdata --eval "var file='${file}.js'; " updatePrimaryFlag.js > ${file}.out
./updatePrimaryFlag.sh: line 11: 18267 Killed                  mongo --quiet testdata --eval "var file='${file}.js'; " updatePrimaryFlag.js > ${file}.out
Preparing the file... 
Preparing the file... 
Wed Oct 16 06:14:49 2013 Processed 1000000 records. Skipped 0 empty lines.
Preparing the file... 
Wed Oct 16 06:14:57 2013 Processed 499364 records. Skipped 0 empty lines.
./updatePrimaryFlag.sh: line 11: 18544 Killed                  mongo --quiet testdata --eval "var file='${file}.js'; " updatePrimaryFlag.js > ${file}.out
./updatePrimaryFlag.sh: line 11: 18340 Killed                  mongo --quiet testdata --eval "var file='${file}.js'; " updatePrimaryFlag.js > ${file}.out
Wed Oct 16 06:14:59 2013 Processed 1000000 records. Skipped 0 empty lines.
Preparing the file... 
Wed Oct 16 15:47:28 2013 Processed 999999 records. Skipped 0 empty lines.
Extracting IB reports to ../../reports ...
[10/16/13T16:17:28] Extracting IB report for 3535
Preparing the file... 
Preparing the file... 
Wed Oct 16 16:34:32 2013 Processed 1044661 records. Skipped 0 empty lines.
Wed Oct 16 16:34:33 2013 Processed 1095675 records. Skipped 0 empty lines.
[10/16/13T16:44:20] Extracting IB report for 2828
[10/16/13T16:59:35] Extracting IB report for 1919
[10/16/13T17:13:59] Extracting IB report for 6161
[10/16/13T17:28:58] Extracting IB report for 1717
[10/16/13T17:37:32] Extracting IB report for 7465
[10/16/13T17:45:24] Extracting IB report for 2727
[10/16/13T17:49:32] Extracting IB report for 4065
[10/16/13T17:52:06] Extracting IB report for 5102
[10/16/13T17:55:23] Extracting IB report for 6969
[10/16/13T17:57:46] Extracting IB report for 3838
[10/16/13T18:00:23] Extracting IB report for 5458
[10/16/13T18:02:33] Extracting IB report for 2121
[10/16/13T18:06:15] Extracting IB report for 1313
[10/16/13T18:08:17] Extracting IB report for 909
[10/16/13T18:13:13] Extracting IB report for 340443
[10/16/13T18:15:00] Extracting IB report for 202
[10/16/13T18:19:31] Extracting IB report for 340442
[10/16/13T18:21:18] Extracting IB report for 808
[10/16/13T18:24:49] Extracting IB report for 4042
[10/16/13T18:26:34] Extracting IB report for 4075
[10/16/13T18:28:30] Extracting IB report for 8242
[10/16/13T18:30:27] Extracting IB report for 348270
[10/16/13T18:32:27] Extracting IB report for 418270
DONE ALL
Preparing the file... 
Wed Oct 16 19:30:49 2013 Processed 1000000 records. Skipped 0 empty lines.
Preparing the file... 
Wed Oct 16 19:42:59 2013 Processed 1000000 records. Skipped 0 empty lines.
Preparing the file... 
Preparing the file... 
Preparing the file... 
Preparing the file... 
Preparing the file... 
Preparing the file... 
Preparing the file... 
Preparing the file... 
Preparing the file... 
Preparing the file... 
Preparing the file... 
Wed Oct 16 20:02:59 2013 Processed 437 records. Skipped 0 empty lines.
Wed Oct 16 20:02:59 2013 Processed 162 records. Skipped 0 empty lines.
Wed Oct 16 20:02:59 2013 Processed 3 records. Skipped 0 empty lines.
Wed Oct 16 20:02:59 2013 Processed 8373 records. Skipped 0 empty lines.
Wed Oct 16 20:02:59 2013 Processed 1183 records. Skipped 0 empty lines.
Wed Oct 16 20:02:59 2013 Processed 2334 records. Skipped 0 empty lines.
Wed Oct 16 20:03:00 2013 Processed 1 records. Skipped 0 empty lines.
Wed Oct 16 20:03:00 2013 Processed 6027 records. Skipped 0 empty lines.
Wed Oct 16 20:03:00 2013 Processed 11206 records. Skipped 0 empty lines.
Wed Oct 16 20:03:00 2013 Processed 10036 records. Skipped 0 empty lines.
Wed Oct 16 20:03:00 2013 Processed 13300 records. Skipped 0 empty lines.
Preparing the file... 
Preparing the file... 
Preparing the file... 
Preparing the file... 
Preparing the file... 
Preparing the file... 
Preparing the file... 
Preparing the file... 
Preparing the file... 
Preparing the file... 
Preparing the file... 
Wed Oct 16 20:03:37 2013 Processed 11 records. Skipped 0 empty lines.
Wed Oct 16 20:03:37 2013 Processed 1999 records. Skipped 0 empty lines.
Wed Oct 16 20:03:37 2013 Processed 19828 records. Skipped 0 empty lines.
Wed Oct 16 20:03:37 2013 Processed 28866 records. Skipped 0 empty lines.
Wed Oct 16 20:03:37 2013 Processed 39303 records. Skipped 0 empty lines.
Wed Oct 16 20:03:37 2013 Processed 42357 records. Skipped 0 empty lines.
Wed Oct 16 20:03:37 2013 Processed 74244 records. Skipped 0 empty lines.
Wed Oct 16 20:03:37 2013 Processed 47130 records. Skipped 0 empty lines.
Wed Oct 16 20:03:37 2013 Processed 70181 records. Skipped 0 empty lines.
Wed Oct 16 20:03:37 2013 Processed 59847 records. Skipped 0 empty lines.
Wed Oct 16 20:03:40 2013 Processed 294117 records. Skipped 0 empty lines.
Preparing the file... 
Preparing the file... 
Wed Oct 16 20:46:51 2013 Processed 769085 records. Skipped 0 empty lines.
Wed Oct 16 20:46:53 2013 Processed 1136580 records. Skipped 0 empty lines.
Preparing the file... 
Preparing the file... 
Wed Oct 16 21:46:00 2013 Processed 1602134 records. Skipped 0 empty lines.
Wed Oct 16 21:46:02 2013 Processed 2068078 records. Skipped 0 empty lines.
Preparing the file... 
Wed Oct 16 22:56:07 2013 Processed 1000000 records. Skipped 0 empty lines.
Preparing the file... 
Thu Oct 17 01:17:15 2013 Processed 1000000 records. Skipped 0 empty lines.
./updatePrimaryFlag.sh: line 11:  6658 Killed                  mongo --quiet testdata --eval "var file='${file}.js'; " updatePrimaryFlag.js > ${file}.out
./updatePrimaryFlag.sh: line 11: 11028 Killed                  mongo --quiet testdata --eval "var file='${file}.js'; " updatePrimaryFlag.js > ${file}.out
./updatePrimaryFlag.sh: line 11: 17163 Killed                  mongo --quiet testdata --eval "var file='${file}.js'; " updatePrimaryFlag.js > ${file}.out
./updatePrimaryFlag.sh: line 11: 17229 Killed                  mongo --quiet testdata --eval "var file='${file}.js'; " updatePrimaryFlag.js > ${file}.out
./updatePrimaryFlag.sh: line 11: 24502 Killed                  mongo --quiet testdata --eval "var file='${file}.js'; " updatePrimaryFlag.js > ${file}.out
Preparing the file... 
Thu Oct 17 15:24:46 2013 Processed 500000 records. Skipped 0 empty lines.
Preparing the file... 
Thu Oct 17 17:50:54 2013 Processed 500000 records. Skipped 0 empty lines.
Preparing the file... 
Thu Oct 17 20:50:33 2013 Processed 500000 records. Skipped 0 empty lines.
Preparing the file... 
Thu Oct 17 20:52:32 2013 Processed 500000 records. Skipped 0 empty lines.
Preparing the file... 
Thu Oct 17 21:09:25 2013 Processed 500000 records. Skipped 0 empty lines.
Preparing the file... 
Thu Oct 17 21:09:57 2013 Processed 102134 records. Skipped 0 empty lines.
Preparing the file... 
Thu Oct 17 21:13:30 2013 Processed 250000 records. Skipped 0 empty lines.
Preparing the file... 
Thu Oct 17 21:23:06 2013 Processed 250000 records. Skipped 0 empty lines.
Preparing the file... 
Thu Oct 17 21:28:14 2013 Processed 1000000 records. Skipped 0 empty lines.
Preparing the file... 
Thu Oct 17 21:36:25 2013 Processed 1000000 records. Skipped 0 empty lines.
Preparing the file... 
Thu Oct 17 21:37:23 2013 Processed 250000 records. Skipped 0 empty lines.
Preparing the file... 
Thu Oct 17 21:38:13 2013 Processed 250000 records. Skipped 0 empty lines.
Preparing the file... 
Thu Oct 17 21:50:31 2013 Processed 102134 records. Skipped 0 empty lines.
Preparing the file... 
Thu Oct 17 21:53:40 2013 Processed 102134 records. Skipped 0 empty lines.
./updatePrimaryFlag.sh: line 11:  2918 Killed                  mongo --quiet testdata --eval "var file='${file}.js'; " updatePrimaryFlag.js > ${file}.out
Preparing the file... 
Thu Oct 17 22:13:29 2013 Processed 1000000 records. Skipped 0 empty lines.
./updatePrimaryFlag.sh: line 11:  3126 Killed                  mongo --quiet testdata --eval "var file='${file}.js'; " updatePrimaryFlag.js > ${file}.out
Preparing the file... 
Thu Oct 17 22:20:04 2013 Processed 250000 records. Skipped 0 empty lines.
./updatePrimaryFlag.sh: line 11:  3026 Killed                  mongo --quiet testdata --eval "var file='${file}.js'; " updatePrimaryFlag.js > ${file}.out
Preparing the file... 
Thu Oct 17 22:20:58 2013 Processed 250000 records. Skipped 0 empty lines.
Preparing the file... 
Fri Oct 18 00:14:08 2013 Processed 2068078 records. Skipped 0 empty lines.
Preparing the file... 
Fri Oct 18 00:16:58 2013 Processed 1136580 records. Skipped 0 empty lines.
Preparing the file... 
Fri Oct 18 03:17:49 2013 Processed 1000000 records. Skipped 0 empty lines.
Preparing the file... 
Fri Oct 18 03:18:00 2013 Processed 1000000 records. Skipped 0 empty lines.
./updatePrimaryFlag2.sh: line 11: 19813 Killed                  mongo --quiet testdata --eval "var file='${file}.js'; " updatePrimaryFlag2.js > ${file}.out
Preparing the file... 
Fri Oct 18 04:39:48 2013 Processed 68078 records. Skipped 0 empty lines.
Preparing the file... 
Fri Oct 18 05:06:28 2013 Processed 200000 records. Skipped 0 empty lines.
