Success: Opportunity 'APOS-Dell (Shared Services, Internal Ord_KZ2519020-FY14Q2-1' updated with displayName 'APOS-Dell (Shared Services, Internal Ord_AE2519020-FY14Q2-1'
Success: Opportunity 'APOS-PolyComp Ltd._KZ2518781-FY14Q1-1' updated with displayName 'APOS-PolyComp Ltd._RO2518781-FY14Q1-1'
Success: Opportunity 'APOS-MUK Ltd_KZ2518764-FY14Q1-1' updated with displayName 'APOS-MUK Ltd_UA2518764-FY14Q1-1'
Success: Opportunity 'APOS-Abu Dhabi Education Council_KZ2519060-FY14Q2-1' updated with displayName 'APOS-Abu Dhabi Education Council_AE2519060-FY14Q2-1'
Success: Opportunity 'APOS-MUK Ltd_KZ2519094-FY14Q1-1' updated with displayName 'APOS-MUK Ltd_UA2519094-FY14Q1-1'
Success: Opportunity 'APOS-Computer C-data Ltd_KZ2519104-FY14Q2-2' updated with displayName 'APOS-Computer C-data Ltd_IL2519104-FY14Q2-2'
Success: Opportunity 'APOS-Supreme Education Council_KZ2519146-FY14Q2-1' updated with displayName 'APOS-Supreme Education Council_QA2519146-FY14Q2-1'
Success: Opportunity 'APOS-Petro Rabigh_KZ2519157-FY14Q1-1' updated with displayName 'APOS-Petro Rabigh_SA2519157-FY14Q1-1'
Success: Opportunity 'APOS-TUQNIA_KZ2519130-FY14Q1-1' updated with displayName 'APOS-TUQNIA_AE2519130-FY14Q1-1'
Success: Opportunity 'APOS-Computer C-data Ltd_KZ2519104-FY14Q2-1' updated with displayName 'APOS-Computer C-data Ltd_IL2519104-FY14Q2-1'
Success: Opportunity 'APOS-E-Enterprises (e2)_KZ2519165-FY14Q1-1' updated with displayName 'APOS-E-Enterprises (e2)_SA2519165-FY14Q1-1'
Success: Opportunity 'APOS-Gestalt Gild Ltd_KZ2519153-FY14Q2-1' updated with displayName 'APOS-Gestalt Gild Ltd_KE2519153-FY14Q2-1'
Success: Opportunity 'APOS-Aptec Distribution FZ LLC_KZ2519110-FY14Q2-1' updated with displayName 'APOS-Aptec Distribution FZ LLC_EG2519110-FY14Q2-1'
Success: Opportunity 'APOS-King Khaled University Hospital_KZ2519103-FY14Q2-1' updated with displayName 'APOS-King Khaled University Hospital_SA2519103-FY14Q2-1'
Success: Opportunity 'APOS-Mitsumi Computer Garage Ltd_KZ2519138-FY14Q1-2' updated with displayName 'APOS-Mitsumi Computer Garage Ltd_KE2519138-FY14Q1-2'
Success: Opportunity 'APOS-Kontrax JSC_KZ2519136-FY14Q1-1' updated with displayName 'APOS-Kontrax JSC_RO2519136-FY14Q1-1'
Success: Opportunity 'APOS-Stone Computers AD_KZ2519152-FY14Q2-1' updated with displayName 'APOS-Stone Computers AD_RO2519152-FY14Q2-1'
Success: Opportunity 'APOS-ISS S.A.S_KZ2519132-FY14Q2-1' updated with displayName 'APOS-ISS S.A.S_MA2519132-FY14Q2-1'
Success: Opportunity 'APOS-Alwateqa_KZ2519145-FY14Q2-1' updated with displayName 'APOS-Alwateqa_MA2519145-FY14Q2-1'
Success: Opportunity 'APOS-Aptec Distribution FZ LLC_KZ2519109-FY14Q2-1' updated with displayName 'APOS-Aptec Distribution FZ LLC_EG2519109-FY14Q2-1'
Success: Opportunity 'APOS-Virt technology Inc._KZ2519119-FY14Q1-1' updated with displayName 'APOS-Virt technology Inc._RU2519119-FY14Q1-1'
Success: Opportunity 'APOS-Department of Finance - Sharjah_KZ2519147-FY14Q1-1' updated with displayName 'APOS-Department of Finance - Sharjah_AE2519147-FY14Q1-1'
Success: Opportunity 'APOS-PolyComp Ltd._KZ2519100-FY14Q2-1' updated with displayName 'APOS-PolyComp Ltd._RO2519100-FY14Q2-1'
Success: Opportunity 'APOS-PolyComp Ltd._KZ2519166-FY14Q2-1' updated with displayName 'APOS-PolyComp Ltd._RO2519166-FY14Q2-1'
Success: Opportunity 'APOS-BMI Bank_KZ2519135-FY14Q1-1' updated with displayName 'APOS-BMI Bank_QA2519135-FY14Q1-1'
Success: Opportunity 'APOS-MTI LLC_KZ2519163-FY14Q1-1' updated with displayName 'APOS-MTI LLC_UA2519163-FY14Q1-1'
Success: Opportunity 'APOS-Saudi Oger LTD_KZ2519142-FY14Q1-1' updated with displayName 'APOS-Saudi Oger LTD_SA2519142-FY14Q1-1'
Success: Opportunity 'APOS-Ajman Police_KZ2519121-FY14Q2-1' updated with displayName 'APOS-Ajman Police_AE2519121-FY14Q2-1'
Success: Opportunity 'APOS-MTI LLC_KZ2519134-FY14Q2-1' updated with displayName 'APOS-MTI LLC_UA2519134-FY14Q2-1'
Success: Opportunity 'APOS-Intelinet Ltd_KZ2519203-FY14Q2-1' updated with displayName 'APOS-Intelinet Ltd_RO2519203-FY14Q2-1'
Success: Opportunity 'APOS-Tarsus Technologies (Pty) Ltd_KZ2519179-FY14Q1-1' updated with displayName 'APOS-Tarsus Technologies (Pty) Ltd_ZA2519179-FY14Q1-1'
Success: Opportunity 'APOS-Drive Control Corporation (PTY) Ltd_KZ2519186-FY14Q2-1' updated with displayName 'APOS-Drive Control Corporation (PTY) Ltd_ZA2519186-FY14Q2-1'
Success: Opportunity 'APOS-ASBISC ENTERPRISES PLC_KZ2519214-FY14Q1-1' updated with displayName 'APOS-ASBISC ENTERPRISES PLC_GR2519214-FY14Q1-1'
Success: Opportunity 'APOS-Technology Distributions Limited_KZ2519175-FY14Q1-1' updated with displayName 'APOS-Technology Distributions Limited_NG2519175-FY14Q1-1'
Success: Opportunity 'APOS-Harel Mallac Technologies Ltd_KZ2519183-FY14Q1-1' updated with displayName 'APOS-Harel Mallac Technologies Ltd_KE2519183-FY14Q1-1'
Success: Opportunity 'APOS-Megatrend Poslovna Rjesenja d.o.o._KZ2519198-FY14Q2-1' updated with displayName 'APOS-Megatrend Poslovna Rjesenja d.o.o._SI2519198-FY14Q2-1'
Success: Opportunity 'APOS-ASBISc Enterprises PLC_KZ2519218-FY14Q1-1' updated with displayName 'APOS-ASBISc Enterprises PLC_UA2519218-FY14Q1-1'
Success: Opportunity 'APOS-S&T Hrvatska d.o.o._KZ2519197-FY14Q2-1' updated with displayName 'APOS-S&T Hrvatska d.o.o._SI2519197-FY14Q2-1'
Success: Opportunity 'APOS-InfoSoft Systems Sh.a_KZ2519222-FY14Q1-1' updated with displayName 'APOS-InfoSoft Systems Sh.a_SI2519222-FY14Q1-1'
Success: Opportunity 'APOS-Asbisc Enterprises PLC_KZ2519194-FY14Q2-2' updated with displayName 'APOS-Asbisc Enterprises PLC_RO2519194-FY14Q2-2'
Success: Opportunity 'APOS-PolyComp Ltd._KZ2519166-FY14Q1-1' updated with displayName 'APOS-PolyComp Ltd._RO2519166-FY14Q1-1'
Success: Opportunity 'APOS-Aptec Distribution FZ LLC_KZ2519234-FY14Q2-1' updated with displayName 'APOS-Aptec Distribution FZ LLC_SA2519234-FY14Q2-1'
Success: Opportunity 'APOS-Disti D.o.o._KZ2519259-FY14Q2-1' updated with displayName 'APOS-Disti D.o.o._SI2519259-FY14Q2-1'
Success: Opportunity 'APOS-Royal Office of Oman_KZ2519245-FY14Q2-1' updated with displayName 'APOS-Royal Office of Oman_QA2519245-FY14Q2-1'
Success: Opportunity 'APOS-Aptec Distribution FZ LLC_KZ2519233-FY14Q2-1' updated with displayName 'APOS-Aptec Distribution FZ LLC_SA2519233-FY14Q2-1'
Success: Opportunity 'APOS-Qatar Foundation_KZ2519231-FY14Q1-1' updated with displayName 'APOS-Qatar Foundation_QA2519231-FY14Q1-1'
Success: Opportunity 'APOS-Royal Oman Police_KZ2519249-FY14Q1-1' updated with displayName 'APOS-Royal Oman Police_QA2519249-FY14Q1-1'
Success: Opportunity 'APOS-HRP Hungary Kft._KZ2519252-FY14Q1-1' updated with displayName 'APOS-HRP Hungary Kft._HU2519252-FY14Q1-1'
Success: Opportunity 'APOS-Emirates Nuclear Energy Corporation_KZ2519241-FY14Q2-1' updated with displayName 'APOS-Emirates Nuclear Energy Corporation_AE2519241-FY14Q2-1'
Success: Opportunity 'APOS-NTPSH Botek_KZ2519349-FY14Q2-1' updated with displayName 'APOS-NTPSH Botek_SI2519349-FY14Q2-1'
Success: Opportunity 'APOS-Servisa ICT_KZ2519360-FY16Q3-2' updated with displayName 'APOS-Servisa ICT_KZ2519360-FY16Q3-2'
Success: Opportunity 'APOS-EWE Comp d.o.o_KZ2519369-FY14Q1-1' updated with displayName 'APOS-EWE Comp d.o.o_SI2519369-FY14Q1-1'
Success: Opportunity 'APOS-Technical & Vocational Training Co_KZ2519325-FY14Q2-1' updated with displayName 'APOS-Technical & Vocational Training Co_SA2519325-FY14Q2-1'
Success: Opportunity 'APOS-EWE Comp d.o.o_KZ2519371-FY14Q2-1' updated with displayName 'APOS-EWE Comp d.o.o_SI2519371-FY14Q2-1'
Success: Opportunity 'APOS-General Directorate of Water in Mad_KZ2519346-FY14Q2-1' updated with displayName 'APOS-General Directorate of Water in Mad_SA2519346-FY14Q2-1'
Success: Opportunity 'APOS-Asbisc Enterprises Plc_KZ2519377-FY14Q2-1' updated with displayName 'APOS-Asbisc Enterprises Plc_RU2519377-FY14Q2-1'
Success: Opportunity 'APOS-EWE Comp d.o.o_KZ2519370-FY14Q2-1' updated with displayName 'APOS-EWE Comp d.o.o_SI2519370-FY14Q2-1'
Success: Opportunity 'APOS-Q-Tel_KZ2519322-FY14Q1-1' updated with displayName 'APOS-Q-Tel_QA2519322-FY14Q1-1'
Success: Opportunity 'APOS-DL Distributors OU_KZ2519432-FY14Q1-1' updated with displayName 'APOS-DL Distributors OU_LT2519432-FY14Q1-1'
Success: Opportunity 'APOS-Dyncorp International_KZ2519470-FY14Q2-1' updated with displayName 'APOS-Dyncorp International_AE2519470-FY14Q2-1'
Success: Opportunity 'APOS-Inspiron Limited_KZ2519406-FY14Q1-2' updated with displayName 'APOS-Inspiron Limited_KE2519406-FY14Q1-2'
Success: Opportunity 'APOS-BULL SAS_KZ2519393-FY14Q1-1' updated with displayName 'APOS-BULL SAS_MA2519393-FY14Q1-1'
Success: Opportunity 'APOS-Ministry of Interior - SSD_KZ2519396-FY14Q1-1' updated with displayName 'APOS-Ministry of Interior - SSD_AE2519396-FY14Q1-1'
Success: Opportunity 'APOS-Mustafa Sultan Office Technology Co_KZ2519458-FY14Q2-1' updated with displayName 'APOS-Mustafa Sultan Office Technology Co_QA2519458-FY14Q2-1'
Success: Opportunity 'APOS-DL Distributors OU_KZ2519431-FY14Q1-1' updated with displayName 'APOS-DL Distributors OU_LT2519431-FY14Q1-1'
Success: Opportunity 'APOS-Zawawi Business Machines LLC_KZ2519407-FY14Q2-1' updated with displayName 'APOS-Zawawi Business Machines LLC_QA2519407-FY14Q2-1'
Success: Opportunity 'APOS-Comtel Corp. d.o.o._KZ2519434-FY14Q2-1' updated with displayName 'APOS-Comtel Corp. d.o.o._SI2519434-FY14Q2-1'
Success: Opportunity 'APOS-BULL SAS_KZ2519394-FY14Q1-1' updated with displayName 'APOS-BULL SAS_MA2519394-FY14Q1-1'
Success: Opportunity 'APOS-General Intelligence Presidency_KZ2519444-FY14Q1-1' updated with displayName 'APOS-General Intelligence Presidency_SA2519444-FY14Q1-1'
Success: Opportunity 'APOS-DL Distributors OU_KZ2519432-FY14Q2-1' updated with displayName 'APOS-DL Distributors OU_LT2519432-FY14Q2-1'
Success: Opportunity 'APOS-Matel PC Market_KZ2519423-FY14Q2-1' updated with displayName 'APOS-Matel PC Market_MA2519423-FY14Q2-1'
Success: Opportunity 'APOS-General Investigation Department_KZ2519443-FY14Q2-1' updated with displayName 'APOS-General Investigation Department_SA2519443-FY14Q2-1'
Success: Opportunity 'APOS-Alessa Industries Co._KZ2519457-FY14Q2-1' updated with displayName 'APOS-Alessa Industries Co._SA2519457-FY14Q2-1'
Success: Opportunity 'APOS-Dubai Natural Gas Company_KZ2519437-FY14Q1-1' updated with displayName 'APOS-Dubai Natural Gas Company_AE2519437-FY14Q1-1'
Success: Opportunity 'APOS-ITD sh.p.k_KZ2519430-FY14Q2-1' updated with displayName 'APOS-ITD sh.p.k_SI2519430-FY14Q2-1'
Success: Opportunity 'APOS-Weill Cornell University_KZ2519424-FY14Q2-1' updated with displayName 'APOS-Weill Cornell University_QA2519424-FY14Q2-1'
Success: Opportunity 'APOS-Qatar University_KZ2519471-FY14Q1-1' updated with displayName 'APOS-Qatar University_QA2519471-FY14Q1-1'
Success: Opportunity 'APOS-Oregon Systems_KZ2519469-FY14Q1-1' updated with displayName 'APOS-Oregon Systems_QA2519469-FY14Q1-1'
Success: Opportunity 'APOS-TwoFour54_KZ2519411-FY14Q2-1' updated with displayName 'APOS-TwoFour54_AE2519411-FY14Q2-1'
Success: Opportunity 'APOS-TUQNIA_KZ2519482-FY14Q2-1' updated with displayName 'APOS-TUQNIA_AE2519482-FY14Q2-1'
Success: Opportunity 'APOS-Mantrac Distribution S.A.E._KZ2519511-FY14Q1-1' updated with displayName 'APOS-Mantrac Distribution S.A.E._EG2519511-FY14Q1-1'
Success: Opportunity 'APOS-Silk Road Group_KZ2519529-FY14Q2-1' updated with displayName 'APOS-Silk Road Group_QA2519529-FY14Q2-1'
Success: Opportunity 'APOS-Onward Technologies Limited_KZ2519533-FY14Q1-1' updated with displayName 'APOS-Onward Technologies Limited_KE2519533-FY14Q1-1'
Success: Opportunity 'APOS-Mantrac Distribution S.A.E._KZ2519510-FY14Q2-1' updated with displayName 'APOS-Mantrac Distribution S.A.E._EG2519510-FY14Q2-1'
Success: Opportunity 'APOS-Qatar Olympic Committee_KZ2519524-FY14Q1-1' updated with displayName 'APOS-Qatar Olympic Committee_QA2519524-FY14Q1-1'
Success: Opportunity 'APOS-Logicom Public Ltd_KZ2519488-FY14Q2-1' updated with displayName 'APOS-Logicom Public Ltd_GR2519488-FY14Q2-1'
Success: Opportunity 'APOS-Dana Gas_KZ2519546-FY14Q1-1' updated with displayName 'APOS-Dana Gas_AE2519546-FY14Q1-1'
Success: Opportunity 'APOS-Stone Computers AD_KZ2519550-FY14Q1-1' updated with displayName 'APOS-Stone Computers AD_RO2519550-FY14Q1-1'
Success: Opportunity 'APOS-RRC d.o.o_KZ2519502-FY14Q2-1' updated with displayName 'APOS-RRC d.o.o_SI2519502-FY14Q2-1'
Success: Opportunity 'APOS-Zak Solutions for Computer Systems_KZ2519522-FY14Q1-1' updated with displayName 'APOS-Zak Solutions for Computer Systems_QA2519522-FY14Q1-1'
Success: Opportunity 'APOS-Stone Computers AD_KZ2519477-FY14Q2-1' updated with displayName 'APOS-Stone Computers AD_RO2519477-FY14Q2-1'
Success: Opportunity 'APOS-Dolphin Energy Limited_KZ2519515-FY14Q1-1' updated with displayName 'APOS-Dolphin Energy Limited_AE2519515-FY14Q1-1'
Success: Opportunity 'APOS-Mubadala Development Company_KZ2519476-FY14Q2-1' updated with displayName 'APOS-Mubadala Development Company_AE2519476-FY14Q2-1'
Success: Opportunity 'APOS-American University in Dubai_KZ2519548-FY14Q1-1' updated with displayName 'APOS-American University in Dubai_AE2519548-FY14Q1-1'
Success: Opportunity 'APOS-Integrated Systems L.L.C._KZ2519521-FY14Q1-1' updated with displayName 'APOS-Integrated Systems L.L.C._QA2519521-FY14Q1-1'
Success: Opportunity 'APOS-UAB ACME kompiuteriu Komponentai_KZ2519534-FY14Q2-1' updated with displayName 'APOS-UAB ACME kompiuteriu Komponentai_RU2519534-FY14Q2-1'
Success: Opportunity 'APOS-Mitsumi Computer Garage Ltd_KZ2519586-FY14Q2-1' updated with displayName 'APOS-Mitsumi Computer Garage Ltd_NG2519586-FY14Q2-1'
Success: Opportunity 'APOS-ICS Technologies_KZ2519559-FY14Q2-1' updated with displayName 'APOS-ICS Technologies_QA2519559-FY14Q2-1'
Success: Opportunity 'APOS-Saudi Arabia Western Region_KZ2519618-FY14Q1-1' updated with displayName 'APOS-Saudi Arabia Western Region_SA2519618-FY14Q1-1'
Success: Opportunity 'APOS-PETRONAS CARIGALI OVERSEAS SDN_KZ2519567-FY14Q2-1' updated with displayName 'APOS-PETRONAS CARIGALI OVERSEAS SDN_AE2519567-FY14Q2-1'
Success: Opportunity 'APOS-Avant Garde Outre Mer_KZ2519565-FY14Q1-1' updated with displayName 'APOS-Avant Garde Outre Mer_MA2519565-FY14Q1-1'
Success: Opportunity 'APOS-Metra Computer Group FZCO_KZ2519584-FY14Q1-1' updated with displayName 'APOS-Metra Computer Group FZCO_EG2519584-FY14Q1-1'
Success: Opportunity 'APOS-Lukoil Mideast Ltd_KZ2519608-FY14Q2-1' updated with displayName 'APOS-Lukoil Mideast Ltd_AE2519608-FY14Q2-1'
Success: Opportunity 'APOS-Metra Computer Group FZCO_KZ2519583-FY14Q1-1' updated with displayName 'APOS-Metra Computer Group FZCO_EG2519583-FY14Q1-1'
Success: Opportunity 'APOS-Integrated Systems L.L.C._KZ2519570-FY14Q2-1' updated with displayName 'APOS-Integrated Systems L.L.C._QA2519570-FY14Q2-1'
Success: Opportunity 'APOS-BDL Co_KZ2519623-FY14Q2-1' updated with displayName 'APOS-BDL Co_AE2519623-FY14Q2-1'
Success: Opportunity 'APOS-Integrated Systems L.L.C._KZ2519571-FY14Q2-1' updated with displayName 'APOS-Integrated Systems L.L.C._QA2519571-FY14Q2-1'
Success: Opportunity 'APOS-UAB ACME kompiuteriu Komponentai_KZ2519534-FY14Q1-1' updated with displayName 'APOS-UAB ACME kompiuteriu Komponentai_RU2519534-FY14Q1-1'
Success: Opportunity 'APOS-State Audit Institution_KZ2519614-FY14Q2-1' updated with displayName 'APOS-State Audit Institution_AE2519614-FY14Q2-1'
Success: Opportunity 'APOS-Key Information Technology_KZ2519576-FY14Q1-1' updated with displayName 'APOS-Key Information Technology_AE2519576-FY14Q1-1'
Success: Opportunity 'APOS-Metra Computer Group FZCO_KZ2519599-FY14Q2-1' updated with displayName 'APOS-Metra Computer Group FZCO_AE2519599-FY14Q2-1'
Success: Opportunity 'APOS-Metra Computer Group FZCO_KZ2519601-FY14Q1-1' updated with displayName 'APOS-Metra Computer Group FZCO_SA2519601-FY14Q1-1'
Success: Opportunity 'APOS-Metra Computer Group FZCO_KZ2519598-FY14Q1-1' updated with displayName 'APOS-Metra Computer Group FZCO_AE2519598-FY14Q1-1'
Success: Opportunity 'APOS-OOO IMPORTTELECOM_KZ2519716-FY14Q2-1' updated with displayName 'APOS-OOO IMPORTTELECOM_RU2519716-FY14Q2-1'
Success: Opportunity 'APOS-Saudi Arabia Eastern Region_KZ2519835-FY14Q1-1' updated with displayName 'APOS-Saudi Arabia Eastern Region_SA2519835-FY14Q1-1'
Success: Opportunity 'APOS-Direct_KZ2519690-FY14Q2-1' updated with displayName 'APOS-Direct_EG2519690-FY14Q2-1'
Success: Opportunity 'APOS-MHD Infotech LLC_KZ2519654-FY14Q1-1' updated with displayName 'APOS-MHD Infotech LLC_QA2519654-FY14Q1-1'
Success: Opportunity 'APOS-Computer C-data Ltd_KZ2519770_KZ2519770-FY17Q1-1' updated with displayName 'APOS-Computer C-data Ltd_IL2519770_IL2519770-FY17Q1-1'
Success: Opportunity 'APOS-ASBISc Enterprises PLC_KZ2519676-FY14Q1-1' updated with displayName 'APOS-ASBISc Enterprises PLC_UA2519676-FY14Q1-1'
Success: Opportunity 'APOS-HDF s.a.s._KZ2519746-FY14Q1-1' updated with displayName 'APOS-HDF s.a.s._MA2519746-FY14Q1-1'
Success: Opportunity 'APOS-Asbisc Enterprises Plc_KZ2519816-FY14Q2-2' updated with displayName 'APOS-Asbisc Enterprises Plc_RU2519816-FY14Q2-2'
Success: Opportunity 'APOS-MHD Infotech LLC_KZ2519655-FY14Q2-1' updated with displayName 'APOS-MHD Infotech LLC_QA2519655-FY14Q2-1'
Success: Opportunity 'APOS-Saudi Arabia Central Region_KZ2519837-FY14Q1-1' updated with displayName 'APOS-Saudi Arabia Central Region_SA2519837-FY14Q1-1'
Success: Opportunity 'APOS-Disway_KZ2519715-FY14Q2-1' updated with displayName 'APOS-Disway_MA2519715-FY14Q2-1'
Success: Opportunity 'APOS-Bahrain Polytechnic_KZ2519665-FY14Q1-1' updated with displayName 'APOS-Bahrain Polytechnic_QA2519665-FY14Q1-1'
Success: Opportunity 'APOS-K & K IT Solutions_KZ2519806-FY14Q2-1' updated with displayName 'APOS-K & K IT Solutions_QA2519806-FY14Q2-1'
Success: Opportunity 'APOS-Seven Seas Computers (L.L.C)_KZ2519854-FY14Q1-1' updated with displayName 'APOS-Seven Seas Computers (L.L.C)_AE2519854-FY14Q1-1'
Success: Opportunity 'APOS-TUQNIA / HONEYWELL OEM_KZ2519780-FY14Q2-1' updated with displayName 'APOS-TUQNIA / HONEYWELL OEM_AE2519780-FY14Q2-1'
Success: Opportunity 'APOS-EWE Comp d.o.o_KZ2519829-FY14Q1-1' updated with displayName 'APOS-EWE Comp d.o.o_SI2519829-FY14Q1-1'
Success: Opportunity 'APOS-Ministry of Education_KZ2519884-FY14Q2-1' updated with displayName 'APOS-Ministry of Education_QA2519884-FY14Q2-1'
Success: Opportunity 'APOS-Company Virt LTD_KZ2519657-FY14Q2-1' updated with displayName 'APOS-Company Virt LTD_RU2519657-FY14Q2-1'
Success: Opportunity 'APOS-Paris Sorbonne University_KZ2519681-FY14Q2-1' updated with displayName 'APOS-Paris Sorbonne University_AE2519681-FY14Q2-1'
Success: Opportunity 'APOS-Getronics Dubai_KZ2519910-FY14Q1-1' updated with displayName 'APOS-Getronics Dubai_AE2519910-FY14Q1-1'
Success: Opportunity 'APOS-ITD Distribucija Doo_KZ2519706-FY14Q2-1' updated with displayName 'APOS-ITD Distribucija Doo_SI2519706-FY14Q2-1'
Success: Opportunity 'APOS-Mitsumi Computer Garage Ltd_KZ2520450-FY14Q1-1' updated with displayName 'APOS-Mitsumi Computer Garage Ltd_KE2520450-FY14Q1-1'
Success: Opportunity 'APOS-Modern Arabian Business Corp._KZ2520301-FY14Q2-1' updated with displayName 'APOS-Modern Arabian Business Corp._QA2520301-FY14Q2-1'
Success: Opportunity 'APOS-Ministry of Labour & Social Affairs_KZ2520066-FY14Q1-1' updated with displayName 'APOS-Ministry of Labour & Social Affairs_QA2520066-FY14Q1-1'
Success: Opportunity 'APOS-SIA ATEA_KZ2520205_KZ2520205-FY18Q4-1' updated with displayName 'APOS-SIA ATEA_LT2520205_LT2520205-FY18Q4-1'
Success: Opportunity 'APOS-Summit Technology Solution S.A.E_KZ2520438-FY14Q2-1' updated with displayName 'APOS-Summit Technology Solution S.A.E_EG2520438-FY14Q2-1'
Success: Opportunity 'APOS-Channel IT (Ghana) Ltd_KZ2520045-FY14Q1-1' updated with displayName 'APOS-Channel IT (Ghana) Ltd_NG2520045-FY14Q1-1'
Success: Opportunity 'APOS-Skyrr ehf_KZ2520154-FY14Q2-1' updated with displayName 'APOS-Skyrr ehf_LT2520154-FY14Q2-1'
Success: Opportunity 'APOS-Exxon Mobil (EGYPT) - Direct_KZ2520364-FY14Q2-1' updated with displayName 'APOS-Exxon Mobil (EGYPT) - Direct_EG2520364-FY14Q2-1'
Success: Opportunity 'APOS-NATIONAL MICROFINANCE BANK_KZ2520073-FY14Q2-1' updated with displayName 'APOS-NATIONAL MICROFINANCE BANK_KE2520073-FY14Q2-1'
Success: Opportunity 'APOS-Bahrain Airport Company_KZ2520390-FY14Q2-1' updated with displayName 'APOS-Bahrain Airport Company_QA2520390-FY14Q2-1'
Success: Opportunity 'APOS-Diaspyros Investments (PVT) Ltd_KZ2520332-FY14Q2-1' updated with displayName 'APOS-Diaspyros Investments (PVT) Ltd_KE2520332-FY14Q2-1'
Success: Opportunity 'APOS-Al Jazeera Channel_KZ2519954-FY14Q2-1' updated with displayName 'APOS-Al Jazeera Channel_QA2519954-FY14Q2-1'
Success: Opportunity 'APOS-Aramex Jordan_KZ2520096-FY14Q1-1' updated with displayName 'APOS-Aramex Jordan_QA2520096-FY14Q1-1'
Success: Opportunity 'APOS-emaratech_KZ2520359-FY14Q1-1' updated with displayName 'APOS-emaratech_AE2520359-FY14Q1-1'
Success: Opportunity 'APOS-Northwestern University_KZ2520290-FY14Q2-1' updated with displayName 'APOS-Northwestern University_QA2520290-FY14Q2-1'
Success: Opportunity 'APOS-Bank Dhofar_KZ2520203-FY14Q2-1' updated with displayName 'APOS-Bank Dhofar_QA2520203-FY14Q2-1'
Success: Opportunity 'APOS-SUN INT - Nigeria_KZ2520242-FY14Q1-1' updated with displayName 'APOS-SUN INT - Nigeria_KE2520242-FY14Q1-1'
Success: Opportunity 'APOS-MUK EXPRESS Ltd._KZ2520375-FY14Q1-1' updated with displayName 'APOS-MUK EXPRESS Ltd._UA2520375-FY14Q1-1'
Success: Opportunity 'APOS-Petrogas_KZ2520124-FY14Q2-1' updated with displayName 'APOS-Petrogas_QA2520124-FY14Q2-1'
Success: Opportunity 'APOS-Avtera D.O.O._KZ2520432-FY14Q2-1' updated with displayName 'APOS-Avtera D.O.O._SI2520432-FY14Q2-1'
Success: Opportunity 'APOS-Smart Tunisie_KZ2520100-FY14Q1-1' updated with displayName 'APOS-Smart Tunisie_MA2520100-FY14Q1-1'
Success: Opportunity 'APOS-ASBISc Enterprises PLC_KZ2520140-FY14Q2-1' updated with displayName 'APOS-ASBISc Enterprises PLC_HU2520140-FY14Q2-1'
Success: Opportunity 'APOS-S.E.T.S._KZ2520287-FY14Q1-1' updated with displayName 'APOS-S.E.T.S._QA2520287-FY14Q1-1'
Success: Opportunity 'APOS-MOE IRAQ_KZ2520775-FY14Q1-1' updated with displayName 'APOS-MOE IRAQ_QA2520775-FY14Q1-1'
Success: Opportunity 'APOS-Redington Gulf_KZ2520668-FY14Q1-1' updated with displayName 'APOS-Redington Gulf_NG2520668-FY14Q1-1'
Success: Opportunity 'APOS-CUSTOMER, TEST_KZ2521207-FY14Q1-1' updated with displayName 'APOS-CUSTOMER, TEST_MA2521207-FY14Q1-1'
Success: Opportunity 'APOS-Asbisc Enterprises Plc_KZ2520742-FY14Q1-1' updated with displayName 'APOS-Asbisc Enterprises Plc_RU2520742-FY14Q1-1'
Success: Opportunity 'APOS-Advania_KZ2521105-FY14Q1-1' updated with displayName 'APOS-Advania_LT2521105-FY14Q1-1'
Success: Opportunity 'APOS-Emirates Steel Industries_KZ2520473-FY14Q2-1' updated with displayName 'APOS-Emirates Steel Industries_AE2520473-FY14Q2-1'
Success: Opportunity 'APOS-Knowledge and Human Development_KZ2520532-FY14Q2-1' updated with displayName 'APOS-Knowledge and Human Development_AE2520532-FY14Q2-1'
Success: Opportunity 'APOS-HRP Hungary Kft._KZ2520764-FY14Q1-1' updated with displayName 'APOS-HRP Hungary Kft._SI2520764-FY14Q1-1'
Success: Opportunity 'APOS-Emirates College of Advanced_KZ2520525-FY14Q2-1' updated with displayName 'APOS-Emirates College of Advanced_AE2520525-FY14Q2-1'
Success: Opportunity 'APOS-Center of Research & Studies Kuwait_KZ2520977-FY14Q1-1' updated with displayName 'APOS-Center of Research & Studies Kuwait_QA2520977-FY14Q1-1'
Success: Opportunity 'APOS-Isolin Trade & Invest Limited_KZ2520914-FY14Q1-1' updated with displayName 'APOS-Isolin Trade & Invest Limited_RU2520914-FY14Q1-1'
Success: Opportunity 'APOS-McDermott Middle East, Inc_KZ2521310-FY14Q1-1' updated with displayName 'APOS-McDermott Middle East, Inc_AE2521310-FY14Q1-1'
Success: Opportunity 'APOS-Al Hamra Trading Est._KZ2521350-FY14Q2-1' updated with displayName 'APOS-Al Hamra Trading Est._AE2521350-FY14Q2-1'
Success: Opportunity 'APOS-UAB ACME kompiuteriu Komponentai_KZ2523655-FY15Q1-1' updated with displayName 'APOS-UAB ACME kompiuteriu Komponentai_LT2523655-FY15Q1-1'
Success: Opportunity 'APOS-The Osteopathic Health Centre_KZ2524295-FY14Q2-1' updated with displayName 'APOS-The Osteopathic Health Centre_AE2524295-FY14Q2-1'
Success: Opportunity 'APOS-Qatif Municipality_KZ2522615-FY14Q2-1' updated with displayName 'APOS-Qatif Municipality_SA2522615-FY14Q2-1'
Success: Opportunity 'APOS-Ministry of Interior-DCMS_KZ2521303-FY14Q2-1' updated with displayName 'APOS-Ministry of Interior-DCMS_AE2521303-FY14Q2-1'
Success: Opportunity 'APOS-Valcon Consultancy_KZ2521795-FY14Q2-1' updated with displayName 'APOS-Valcon Consultancy_AE2521795-FY14Q2-1'
Success: Opportunity 'APOS-BUDAPEST INTERNET EXCHANGE_KZ2529020-FY14Q1-1' updated with displayName 'APOS-BUDAPEST INTERNET EXCHANGE_HU2529020-FY14Q1-1'
